<?xml version="1.0" encoding="UTF-8"?>
<testsuite name="com.smart.dao.BoardDaoTest" tests="2" skipped="0" failures="2" errors="0" timestamp="2019-05-06T03:12:38" hostname="Eugene.lan" time="0.099">
  <properties/>
  <testcase name="addBoard" classname="com.smart.dao.BoardDaoTest" time="0.085">
    <failure message="org.apache.commons.dbcp.SQLNestedException: Cannot create JDBC driver of class 'org.postgresql.Driver' for connect URL 'æ&#x95;°æ&#x8d;®åº&#x93;è¿&#x9e;æ&#x8e;¥'" type="org.apache.commons.dbcp.SQLNestedException">org.apache.commons.dbcp.SQLNestedException: Cannot create JDBC driver of class 'org.postgresql.Driver' for connect URL 'æ&#x95;°æ&#x8d;®åº&#x93;è¿&#x9e;æ&#x8e;¥'
	at org.apache.commons.dbcp.BasicDataSource.createConnectionFactory(BasicDataSource.java:1452)
	at org.apache.commons.dbcp.BasicDataSource.createDataSource(BasicDataSource.java:1371)
	at org.apache.commons.dbcp.BasicDataSource.getConnection(BasicDataSource.java:1044)
	at org.springframework.jdbc.datasource.DataSourceUtils.doGetConnection(DataSourceUtils.java:111)
	at org.springframework.jdbc.datasource.TransactionAwareDataSourceProxy$TransactionAwareInvocationHandler.invoke(TransactionAwareDataSourceProxy.java:225)
	at com.sun.proxy.$Proxy53.createStatement(Unknown Source)
	at org.dbunit.database.statement.AbstractBatchStatement.&lt;init&gt;(AbstractBatchStatement.java:50)
	at org.dbunit.database.statement.SimpleStatement.&lt;init&gt;(SimpleStatement.java:49)
	at org.dbunit.database.statement.PreparedStatementFactory.createBatchStatement(PreparedStatementFactory.java:57)
	at org.dbunit.operation.DeleteAllOperation.execute(DeleteAllOperation.java:85)
	at org.dbunit.operation.CompositeOperation.execute(CompositeOperation.java:79)
	at com.github.springtestdbunit.DbUnitRunner.setupOrTeardown(DbUnitRunner.java:194)
	at com.github.springtestdbunit.DbUnitRunner.beforeTestMethod(DbUnitRunner.java:66)
	at com.github.springtestdbunit.DbUnitTestExecutionListener.beforeTestMethod(DbUnitTestExecutionListener.java:185)
	at com.github.springtestdbunit.TestExecutionListenerChain$3.call(TestExecutionListenerChain.java:94)
	at com.github.springtestdbunit.TestExecutionListenerChain.runChain(TestExecutionListenerChain.java:127)
	at com.github.springtestdbunit.TestExecutionListenerChain.forwards(TestExecutionListenerChain.java:116)
	at com.github.springtestdbunit.TestExecutionListenerChain.beforeTestMethod(TestExecutionListenerChain.java:92)
	at org.springframework.test.context.TestContextManager.beforeTestMethod(TestContextManager.java:265)
	at org.springframework.test.context.junit4.statements.RunBeforeTestMethodCallbacks.evaluate(RunBeforeTestMethodCallbacks.java:74)
	at org.springframework.test.context.junit4.statements.RunAfterTestMethodCallbacks.evaluate(RunAfterTestMethodCallbacks.java:86)
	at org.springframework.test.context.junit4.statements.SpringRepeat.evaluate(SpringRepeat.java:84)
	at org.junit.runners.ParentRunner.runLeaf(ParentRunner.java:325)
	at org.springframework.test.context.junit4.SpringJUnit4ClassRunner.runChild(SpringJUnit4ClassRunner.java:254)
	at org.springframework.test.context.junit4.SpringJUnit4ClassRunner.runChild(SpringJUnit4ClassRunner.java:89)
	at org.junit.runners.ParentRunner$3.run(ParentRunner.java:290)
	at org.junit.runners.ParentRunner$1.schedule(ParentRunner.java:71)
	at org.junit.runners.ParentRunner.runChildren(ParentRunner.java:288)
	at org.junit.runners.ParentRunner.access$000(ParentRunner.java:58)
	at org.junit.runners.ParentRunner$2.evaluate(ParentRunner.java:268)
	at org.springframework.test.context.junit4.statements.RunBeforeTestClassCallbacks.evaluate(RunBeforeTestClassCallbacks.java:61)
	at org.springframework.test.context.junit4.statements.RunAfterTestClassCallbacks.evaluate(RunAfterTestClassCallbacks.java:70)
	at org.junit.runners.ParentRunner.run(ParentRunner.java:363)
	at org.springframework.test.context.junit4.SpringJUnit4ClassRunner.run(SpringJUnit4ClassRunner.java:193)
	at org.gradle.api.internal.tasks.testing.junit.JUnitTestClassExecutor.runTestClass(JUnitTestClassExecutor.java:106)
	at org.gradle.api.internal.tasks.testing.junit.JUnitTestClassExecutor.execute(JUnitTestClassExecutor.java:58)
	at org.gradle.api.internal.tasks.testing.junit.JUnitTestClassExecutor.execute(JUnitTestClassExecutor.java:38)
	at org.gradle.api.internal.tasks.testing.junit.AbstractJUnitTestClassProcessor.processTestClass(AbstractJUnitTestClassProcessor.java:66)
	at org.gradle.api.internal.tasks.testing.SuiteTestClassProcessor.processTestClass(SuiteTestClassProcessor.java:51)
	at sun.reflect.NativeMethodAccessorImpl.invoke0(Native Method)
	at sun.reflect.NativeMethodAccessorImpl.invoke(NativeMethodAccessorImpl.java:62)
	at sun.reflect.DelegatingMethodAccessorImpl.invoke(DelegatingMethodAccessorImpl.java:43)
	at java.lang.reflect.Method.invoke(Method.java:498)
	at org.gradle.internal.dispatch.ReflectionDispatch.dispatch(ReflectionDispatch.java:35)
	at org.gradle.internal.dispatch.ReflectionDispatch.dispatch(ReflectionDispatch.java:24)
	at org.gradle.internal.dispatch.ContextClassLoaderDispatch.dispatch(ContextClassLoaderDispatch.java:32)
	at org.gradle.internal.dispatch.ProxyDispatchAdapter$DispatchingInvocationHandler.invoke(ProxyDispatchAdapter.java:93)
	at com.sun.proxy.$Proxy2.processTestClass(Unknown Source)
	at org.gradle.api.internal.tasks.testing.worker.TestWorker.processTestClass(TestWorker.java:117)
	at sun.reflect.NativeMethodAccessorImpl.invoke0(Native Method)
	at sun.reflect.NativeMethodAccessorImpl.invoke(NativeMethodAccessorImpl.java:62)
	at sun.reflect.DelegatingMethodAccessorImpl.invoke(DelegatingMethodAccessorImpl.java:43)
	at java.lang.reflect.Method.invoke(Method.java:498)
	at org.gradle.internal.dispatch.ReflectionDispatch.dispatch(ReflectionDispatch.java:35)
	at org.gradle.internal.dispatch.ReflectionDispatch.dispatch(ReflectionDispatch.java:24)
	at org.gradle.internal.remote.internal.hub.MessageHubBackedObjectConnection$DispatchWrapper.dispatch(MessageHubBackedObjectConnection.java:155)
	at org.gradle.internal.remote.internal.hub.MessageHubBackedObjectConnection$DispatchWrapper.dispatch(MessageHubBackedObjectConnection.java:137)
	at org.gradle.internal.remote.internal.hub.MessageHub$Handler.run(MessageHub.java:404)
	at org.gradle.internal.concurrent.ExecutorPolicy$CatchAndRecordFailures.onExecute(ExecutorPolicy.java:63)
	at org.gradle.internal.concurrent.ManagedExecutorImpl$1.run(ManagedExecutorImpl.java:46)
	at java.util.concurrent.ThreadPoolExecutor.runWorker(ThreadPoolExecutor.java:1149)
	at java.util.concurrent.ThreadPoolExecutor$Worker.run(ThreadPoolExecutor.java:624)
	at org.gradle.internal.concurrent.ThreadFactoryImpl$ManagedThreadRunnable.run(ThreadFactoryImpl.java:55)
	at java.lang.Thread.run(Thread.java:748)
Caused by: java.sql.SQLException: No suitable driver
	at java.sql.DriverManager.getDriver(DriverManager.java:315)
	at org.apache.commons.dbcp.BasicDataSource.createConnectionFactory(BasicDataSource.java:1437)
	... 63 more
</failure>
  </testcase>
  <testcase name="getBoard" classname="com.smart.dao.BoardDaoTest" time="0.01">
    <failure message="org.apache.commons.dbcp.SQLNestedException: Cannot create JDBC driver of class 'org.postgresql.Driver' for connect URL 'æ&#x95;°æ&#x8d;®åº&#x93;è¿&#x9e;æ&#x8e;¥'" type="org.apache.commons.dbcp.SQLNestedException">org.apache.commons.dbcp.SQLNestedException: Cannot create JDBC driver of class 'org.postgresql.Driver' for connect URL 'æ&#x95;°æ&#x8d;®åº&#x93;è¿&#x9e;æ&#x8e;¥'
	at org.apache.commons.dbcp.BasicDataSource.createConnectionFactory(BasicDataSource.java:1452)
	at org.apache.commons.dbcp.BasicDataSource.createDataSource(BasicDataSource.java:1371)
	at org.apache.commons.dbcp.BasicDataSource.getConnection(BasicDataSource.java:1044)
	at org.springframework.jdbc.datasource.DataSourceUtils.doGetConnection(DataSourceUtils.java:111)
	at org.springframework.jdbc.datasource.TransactionAwareDataSourceProxy$TransactionAwareInvocationHandler.invoke(TransactionAwareDataSourceProxy.java:225)
	at com.sun.proxy.$Proxy53.createStatement(Unknown Source)
	at org.dbunit.database.statement.AbstractBatchStatement.&lt;init&gt;(AbstractBatchStatement.java:50)
	at org.dbunit.database.statement.SimpleStatement.&lt;init&gt;(SimpleStatement.java:49)
	at org.dbunit.database.statement.PreparedStatementFactory.createBatchStatement(PreparedStatementFactory.java:57)
	at org.dbunit.operation.DeleteAllOperation.execute(DeleteAllOperation.java:85)
	at org.dbunit.operation.CompositeOperation.execute(CompositeOperation.java:79)
	at com.github.springtestdbunit.DbUnitRunner.setupOrTeardown(DbUnitRunner.java:194)
	at com.github.springtestdbunit.DbUnitRunner.beforeTestMethod(DbUnitRunner.java:66)
	at com.github.springtestdbunit.DbUnitTestExecutionListener.beforeTestMethod(DbUnitTestExecutionListener.java:185)
	at com.github.springtestdbunit.TestExecutionListenerChain$3.call(TestExecutionListenerChain.java:94)
	at com.github.springtestdbunit.TestExecutionListenerChain.runChain(TestExecutionListenerChain.java:127)
	at com.github.springtestdbunit.TestExecutionListenerChain.forwards(TestExecutionListenerChain.java:116)
	at com.github.springtestdbunit.TestExecutionListenerChain.beforeTestMethod(TestExecutionListenerChain.java:92)
	at org.springframework.test.context.TestContextManager.beforeTestMethod(TestContextManager.java:265)
	at org.springframework.test.context.junit4.statements.RunBeforeTestMethodCallbacks.evaluate(RunBeforeTestMethodCallbacks.java:74)
	at org.springframework.test.context.junit4.statements.RunAfterTestMethodCallbacks.evaluate(RunAfterTestMethodCallbacks.java:86)
	at org.springframework.test.context.junit4.statements.SpringRepeat.evaluate(SpringRepeat.java:84)
	at org.junit.runners.ParentRunner.runLeaf(ParentRunner.java:325)
	at org.springframework.test.context.junit4.SpringJUnit4ClassRunner.runChild(SpringJUnit4ClassRunner.java:254)
	at org.springframework.test.context.junit4.SpringJUnit4ClassRunner.runChild(SpringJUnit4ClassRunner.java:89)
	at org.junit.runners.ParentRunner$3.run(ParentRunner.java:290)
	at org.junit.runners.ParentRunner$1.schedule(ParentRunner.java:71)
	at org.junit.runners.ParentRunner.runChildren(ParentRunner.java:288)
	at org.junit.runners.ParentRunner.access$000(ParentRunner.java:58)
	at org.junit.runners.ParentRunner$2.evaluate(ParentRunner.java:268)
	at org.springframework.test.context.junit4.statements.RunBeforeTestClassCallbacks.evaluate(RunBeforeTestClassCallbacks.java:61)
	at org.springframework.test.context.junit4.statements.RunAfterTestClassCallbacks.evaluate(RunAfterTestClassCallbacks.java:70)
	at org.junit.runners.ParentRunner.run(ParentRunner.java:363)
	at org.springframework.test.context.junit4.SpringJUnit4ClassRunner.run(SpringJUnit4ClassRunner.java:193)
	at org.gradle.api.internal.tasks.testing.junit.JUnitTestClassExecutor.runTestClass(JUnitTestClassExecutor.java:106)
	at org.gradle.api.internal.tasks.testing.junit.JUnitTestClassExecutor.execute(JUnitTestClassExecutor.java:58)
	at org.gradle.api.internal.tasks.testing.junit.JUnitTestClassExecutor.execute(JUnitTestClassExecutor.java:38)
	at org.gradle.api.internal.tasks.testing.junit.AbstractJUnitTestClassProcessor.processTestClass(AbstractJUnitTestClassProcessor.java:66)
	at org.gradle.api.internal.tasks.testing.SuiteTestClassProcessor.processTestClass(SuiteTestClassProcessor.java:51)
	at sun.reflect.NativeMethodAccessorImpl.invoke0(Native Method)
	at sun.reflect.NativeMethodAccessorImpl.invoke(NativeMethodAccessorImpl.java:62)
	at sun.reflect.DelegatingMethodAccessorImpl.invoke(DelegatingMethodAccessorImpl.java:43)
	at java.lang.reflect.Method.invoke(Method.java:498)
	at org.gradle.internal.dispatch.ReflectionDispatch.dispatch(ReflectionDispatch.java:35)
	at org.gradle.internal.dispatch.ReflectionDispatch.dispatch(ReflectionDispatch.java:24)
	at org.gradle.internal.dispatch.ContextClassLoaderDispatch.dispatch(ContextClassLoaderDispatch.java:32)
	at org.gradle.internal.dispatch.ProxyDispatchAdapter$DispatchingInvocationHandler.invoke(ProxyDispatchAdapter.java:93)
	at com.sun.proxy.$Proxy2.processTestClass(Unknown Source)
	at org.gradle.api.internal.tasks.testing.worker.TestWorker.processTestClass(TestWorker.java:117)
	at sun.reflect.NativeMethodAccessorImpl.invoke0(Native Method)
	at sun.reflect.NativeMethodAccessorImpl.invoke(NativeMethodAccessorImpl.java:62)
	at sun.reflect.DelegatingMethodAccessorImpl.invoke(DelegatingMethodAccessorImpl.java:43)
	at java.lang.reflect.Method.invoke(Method.java:498)
	at org.gradle.internal.dispatch.ReflectionDispatch.dispatch(ReflectionDispatch.java:35)
	at org.gradle.internal.dispatch.ReflectionDispatch.dispatch(ReflectionDispatch.java:24)
	at org.gradle.internal.remote.internal.hub.MessageHubBackedObjectConnection$DispatchWrapper.dispatch(MessageHubBackedObjectConnection.java:155)
	at org.gradle.internal.remote.internal.hub.MessageHubBackedObjectConnection$DispatchWrapper.dispatch(MessageHubBackedObjectConnection.java:137)
	at org.gradle.internal.remote.internal.hub.MessageHub$Handler.run(MessageHub.java:404)
	at org.gradle.internal.concurrent.ExecutorPolicy$CatchAndRecordFailures.onExecute(ExecutorPolicy.java:63)
	at org.gradle.internal.concurrent.ManagedExecutorImpl$1.run(ManagedExecutorImpl.java:46)
	at java.util.concurrent.ThreadPoolExecutor.runWorker(ThreadPoolExecutor.java:1149)
	at java.util.concurrent.ThreadPoolExecutor$Worker.run(ThreadPoolExecutor.java:624)
	at org.gradle.internal.concurrent.ThreadFactoryImpl$ManagedThreadRunnable.run(ThreadFactoryImpl.java:55)
	at java.lang.Thread.run(Thread.java:748)
Caused by: java.sql.SQLException: No suitable driver
	at java.sql.DriverManager.getDriver(DriverManager.java:315)
	at org.apache.commons.dbcp.BasicDataSource.createConnectionFactory(BasicDataSource.java:1437)
	... 63 more
</failure>
  </testcase>
  <system-out><![CDATA[2019-05-06 11:12:36,873 DEBUG (org.springframework.test.context.junit4.SpringJUnit4ClassRunner:142) - SpringJUnit4ClassRunner constructor called with [class com.smart.dao.BoardDaoTest]
2019-05-06 11:12:36,873 DEBUG (org.springframework.test.context.junit4.SpringJUnit4ClassRunner:142) - SpringJUnit4ClassRunner constructor called with [class com.smart.dao.BoardDaoTest]
2019-05-06 11:12:36,879 DEBUG (org.springframework.test.context.BootstrapUtils:96) - Instantiating CacheAwareContextLoaderDelegate from class [org.springframework.test.context.cache.DefaultCacheAwareContextLoaderDelegate]
2019-05-06 11:12:36,879 DEBUG (org.springframework.test.context.BootstrapUtils:96) - Instantiating CacheAwareContextLoaderDelegate from class [org.springframework.test.context.cache.DefaultCacheAwareContextLoaderDelegate]
2019-05-06 11:12:36,886 DEBUG (org.springframework.test.context.BootstrapUtils:79) - Instantiating BootstrapContext using constructor [public org.springframework.test.context.support.DefaultBootstrapContext(java.lang.Class,org.springframework.test.context.CacheAwareContextLoaderDelegate)]
2019-05-06 11:12:36,886 DEBUG (org.springframework.test.context.BootstrapUtils:79) - Instantiating BootstrapContext using constructor [public org.springframework.test.context.support.DefaultBootstrapContext(java.lang.Class,org.springframework.test.context.CacheAwareContextLoaderDelegate)]
2019-05-06 11:12:36,895 DEBUG (org.springframework.test.context.BootstrapUtils:146) - Instantiating TestContextBootstrapper for test class [com.smart.dao.BoardDaoTest] from class [org.springframework.test.context.support.DefaultTestContextBootstrapper]
2019-05-06 11:12:36,895 DEBUG (org.springframework.test.context.BootstrapUtils:146) - Instantiating TestContextBootstrapper for test class [com.smart.dao.BoardDaoTest] from class [org.springframework.test.context.support.DefaultTestContextBootstrapper]
2019-05-06 11:12:36,918 DEBUG (org.springframework.test.context.support.AbstractDelegatingSmartContextLoader:97) - Delegating to AnnotationConfigContextLoader to process context configuration [ContextConfigurationAttributes@84496fe declaringClass = 'com.smart.dao.BoardDaoTest', classes = '{class com.smart.config.DaoConfig}', locations = '{}', inheritLocations = true, initializers = '{}', inheritInitializers = true, name = [null], contextLoaderClass = 'org.springframework.test.context.ContextLoader'].
2019-05-06 11:12:36,918 DEBUG (org.springframework.test.context.support.AbstractDelegatingSmartContextLoader:97) - Delegating to AnnotationConfigContextLoader to process context configuration [ContextConfigurationAttributes@84496fe declaringClass = 'com.smart.dao.BoardDaoTest', classes = '{class com.smart.config.DaoConfig}', locations = '{}', inheritLocations = true, initializers = '{}', inheritInitializers = true, name = [null], contextLoaderClass = 'org.springframework.test.context.ContextLoader'].
2019-05-06 11:12:36,920 DEBUG (org.springframework.test.context.support.ActiveProfilesUtils:84) - Could not find an 'annotation declaring class' for annotation type [org.springframework.test.context.ActiveProfiles] and class [com.smart.dao.BoardDaoTest]
2019-05-06 11:12:36,920 DEBUG (org.springframework.test.context.support.ActiveProfilesUtils:84) - Could not find an 'annotation declaring class' for annotation type [org.springframework.test.context.ActiveProfiles] and class [com.smart.dao.BoardDaoTest]
2019-05-06 11:12:36,936  INFO (org.springframework.test.context.support.DefaultTestContextBootstrapper:185) - Using TestExecutionListeners: [com.github.springtestdbunit.TransactionDbUnitTestExecutionListener@370c9af3, org.springframework.test.context.support.DirtiesContextTestExecutionListener@6abb8ebd, org.springframework.test.context.support.DependencyInjectionTestExecutionListener@2abfa8fb]
2019-05-06 11:12:36,936  INFO (org.springframework.test.context.support.DefaultTestContextBootstrapper:185) - Using TestExecutionListeners: [com.github.springtestdbunit.TransactionDbUnitTestExecutionListener@370c9af3, org.springframework.test.context.support.DirtiesContextTestExecutionListener@6abb8ebd, org.springframework.test.context.support.DependencyInjectionTestExecutionListener@2abfa8fb]
2019-05-06 11:12:36,937 DEBUG (org.springframework.test.annotation.ProfileValueUtils:71) - Retrieved @ProfileValueSourceConfiguration [null] for test class [com.smart.dao.BoardDaoTest]
2019-05-06 11:12:36,937 DEBUG (org.springframework.test.annotation.ProfileValueUtils:71) - Retrieved @ProfileValueSourceConfiguration [null] for test class [com.smart.dao.BoardDaoTest]
2019-05-06 11:12:36,938 DEBUG (org.springframework.test.annotation.ProfileValueUtils:83) - Retrieved ProfileValueSource type [class org.springframework.test.annotation.SystemProfileValueSource] for class [com.smart.dao.BoardDaoTest]
2019-05-06 11:12:36,938 DEBUG (org.springframework.test.annotation.ProfileValueUtils:83) - Retrieved ProfileValueSource type [class org.springframework.test.annotation.SystemProfileValueSource] for class [com.smart.dao.BoardDaoTest]
2019-05-06 11:12:36,940 DEBUG (org.springframework.test.annotation.ProfileValueUtils:71) - Retrieved @ProfileValueSourceConfiguration [null] for test class [com.smart.dao.BoardDaoTest]
2019-05-06 11:12:36,940 DEBUG (org.springframework.test.annotation.ProfileValueUtils:71) - Retrieved @ProfileValueSourceConfiguration [null] for test class [com.smart.dao.BoardDaoTest]
2019-05-06 11:12:36,941 DEBUG (org.springframework.test.annotation.ProfileValueUtils:83) - Retrieved ProfileValueSource type [class org.springframework.test.annotation.SystemProfileValueSource] for class [com.smart.dao.BoardDaoTest]
2019-05-06 11:12:36,941 DEBUG (org.springframework.test.annotation.ProfileValueUtils:83) - Retrieved ProfileValueSource type [class org.springframework.test.annotation.SystemProfileValueSource] for class [com.smart.dao.BoardDaoTest]
2019-05-06 11:12:36,943 DEBUG (org.springframework.test.annotation.ProfileValueUtils:71) - Retrieved @ProfileValueSourceConfiguration [null] for test class [com.smart.dao.BoardDaoTest]
2019-05-06 11:12:36,943 DEBUG (org.springframework.test.annotation.ProfileValueUtils:71) - Retrieved @ProfileValueSourceConfiguration [null] for test class [com.smart.dao.BoardDaoTest]
2019-05-06 11:12:36,943 DEBUG (org.springframework.test.annotation.ProfileValueUtils:83) - Retrieved ProfileValueSource type [class org.springframework.test.annotation.SystemProfileValueSource] for class [com.smart.dao.BoardDaoTest]
2019-05-06 11:12:36,943 DEBUG (org.springframework.test.annotation.ProfileValueUtils:83) - Retrieved ProfileValueSource type [class org.springframework.test.annotation.SystemProfileValueSource] for class [com.smart.dao.BoardDaoTest]
2019-05-06 11:12:36,946 DEBUG (com.github.springtestdbunit.DbUnitTestExecutionListener:92) - Preparing test instance class com.smart.dao.BoardDaoTest for DBUnit
2019-05-06 11:12:36,948 DEBUG (org.springframework.test.context.support.AbstractDelegatingSmartContextLoader:107) - Delegating to AnnotationConfigContextLoader to load context from [MergedContextConfiguration@6ff2ffe6 testClass = BoardDaoTest, locations = '{}', classes = '{class com.smart.config.DaoConfig}', contextInitializerClasses = '[]', activeProfiles = '{}', propertySourceLocations = '{}', propertySourceProperties = '{}', contextLoader = 'org.springframework.test.context.support.DelegatingSmartContextLoader', parent = [null]].
2019-05-06 11:12:36,948 DEBUG (org.springframework.test.context.support.AbstractDelegatingSmartContextLoader:107) - Delegating to AnnotationConfigContextLoader to load context from [MergedContextConfiguration@6ff2ffe6 testClass = BoardDaoTest, locations = '{}', classes = '{class com.smart.config.DaoConfig}', contextInitializerClasses = '[]', activeProfiles = '{}', propertySourceLocations = '{}', propertySourceProperties = '{}', contextLoader = 'org.springframework.test.context.support.DelegatingSmartContextLoader', parent = [null]].
2019-05-06 11:12:36,949 DEBUG (org.springframework.test.context.support.AbstractGenericContextLoader:107) - Loading ApplicationContext for merged context configuration [[MergedContextConfiguration@6ff2ffe6 testClass = BoardDaoTest, locations = '{}', classes = '{class com.smart.config.DaoConfig}', contextInitializerClasses = '[]', activeProfiles = '{}', propertySourceLocations = '{}', propertySourceProperties = '{}', contextLoader = 'org.springframework.test.context.support.DelegatingSmartContextLoader', parent = [null]]].
2019-05-06 11:12:36,949 DEBUG (org.springframework.test.context.support.AbstractGenericContextLoader:107) - Loading ApplicationContext for merged context configuration [[MergedContextConfiguration@6ff2ffe6 testClass = BoardDaoTest, locations = '{}', classes = '{class com.smart.config.DaoConfig}', contextInitializerClasses = '[]', activeProfiles = '{}', propertySourceLocations = '{}', propertySourceProperties = '{}', contextLoader = 'org.springframework.test.context.support.DelegatingSmartContextLoader', parent = [null]]].
2019-05-06 11:12:37,028 DEBUG (org.springframework.core.env.StandardEnvironment:109) - Adding [systemProperties] PropertySource with lowest search precedence
2019-05-06 11:12:37,028 DEBUG (org.springframework.core.env.StandardEnvironment:109) - Adding [systemProperties] PropertySource with lowest search precedence
2019-05-06 11:12:37,030 DEBUG (org.springframework.core.env.StandardEnvironment:109) - Adding [systemEnvironment] PropertySource with lowest search precedence
2019-05-06 11:12:37,030 DEBUG (org.springframework.core.env.StandardEnvironment:109) - Adding [systemEnvironment] PropertySource with lowest search precedence
2019-05-06 11:12:37,031 DEBUG (org.springframework.core.env.StandardEnvironment:127) - Initialized StandardEnvironment with PropertySources [systemProperties,systemEnvironment]
2019-05-06 11:12:37,031 DEBUG (org.springframework.core.env.StandardEnvironment:127) - Initialized StandardEnvironment with PropertySources [systemProperties,systemEnvironment]
2019-05-06 11:12:37,031 DEBUG (org.springframework.test.context.support.AnnotationConfigContextLoader:192) - Registering annotated classes: {class com.smart.config.DaoConfig}
2019-05-06 11:12:37,031 DEBUG (org.springframework.test.context.support.AnnotationConfigContextLoader:192) - Registering annotated classes: {class com.smart.config.DaoConfig}
2019-05-06 11:12:37,070  INFO (org.springframework.context.support.GenericApplicationContext:574) - Refreshing org.springframework.context.support.GenericApplicationContext@632c7f9d: startup date [Mon May 06 11:12:37 CST 2019]; root of context hierarchy
2019-05-06 11:12:37,070  INFO (org.springframework.context.support.GenericApplicationContext:574) - Refreshing org.springframework.context.support.GenericApplicationContext@632c7f9d: startup date [Mon May 06 11:12:37 CST 2019]; root of context hierarchy
2019-05-06 11:12:37,071 DEBUG (org.springframework.context.support.GenericApplicationContext:608) - Bean factory for org.springframework.context.support.GenericApplicationContext@632c7f9d: org.springframework.beans.factory.support.DefaultListableBeanFactory@728e7dce: defining beans [org.springframework.context.annotation.internalConfigurationAnnotationProcessor,org.springframework.context.annotation.internalAutowiredAnnotationProcessor,org.springframework.context.annotation.internalRequiredAnnotationProcessor,org.springframework.context.annotation.internalCommonAnnotationProcessor,org.springframework.context.annotation.internalPersistenceAnnotationProcessor,org.springframework.context.event.internalEventListenerProcessor,org.springframework.context.event.internalEventListenerFactory,daoConfig]; root of factory hierarchy
2019-05-06 11:12:37,071 DEBUG (org.springframework.context.support.GenericApplicationContext:608) - Bean factory for org.springframework.context.support.GenericApplicationContext@632c7f9d: org.springframework.beans.factory.support.DefaultListableBeanFactory@728e7dce: defining beans [org.springframework.context.annotation.internalConfigurationAnnotationProcessor,org.springframework.context.annotation.internalAutowiredAnnotationProcessor,org.springframework.context.annotation.internalRequiredAnnotationProcessor,org.springframework.context.annotation.internalCommonAnnotationProcessor,org.springframework.context.annotation.internalPersistenceAnnotationProcessor,org.springframework.context.event.internalEventListenerProcessor,org.springframework.context.event.internalEventListenerFactory,daoConfig]; root of factory hierarchy
2019-05-06 11:12:37,081 DEBUG (org.springframework.beans.factory.support.DefaultListableBeanFactory:221) - Creating shared instance of singleton bean 'org.springframework.context.annotation.internalConfigurationAnnotationProcessor'
2019-05-06 11:12:37,081 DEBUG (org.springframework.beans.factory.support.DefaultListableBeanFactory:221) - Creating shared instance of singleton bean 'org.springframework.context.annotation.internalConfigurationAnnotationProcessor'
2019-05-06 11:12:37,082 DEBUG (org.springframework.beans.factory.support.DefaultListableBeanFactory:448) - Creating instance of bean 'org.springframework.context.annotation.internalConfigurationAnnotationProcessor'
2019-05-06 11:12:37,082 DEBUG (org.springframework.beans.factory.support.DefaultListableBeanFactory:448) - Creating instance of bean 'org.springframework.context.annotation.internalConfigurationAnnotationProcessor'
2019-05-06 11:12:37,096 DEBUG (org.springframework.beans.factory.support.DefaultListableBeanFactory:529) - Eagerly caching bean 'org.springframework.context.annotation.internalConfigurationAnnotationProcessor' to allow for resolving potential circular references
2019-05-06 11:12:37,096 DEBUG (org.springframework.beans.factory.support.DefaultListableBeanFactory:529) - Eagerly caching bean 'org.springframework.context.annotation.internalConfigurationAnnotationProcessor' to allow for resolving potential circular references
2019-05-06 11:12:37,099 DEBUG (org.springframework.beans.factory.support.DefaultListableBeanFactory:484) - Finished creating instance of bean 'org.springframework.context.annotation.internalConfigurationAnnotationProcessor'
2019-05-06 11:12:37,099 DEBUG (org.springframework.beans.factory.support.DefaultListableBeanFactory:484) - Finished creating instance of bean 'org.springframework.context.annotation.internalConfigurationAnnotationProcessor'
2019-05-06 11:12:37,120 DEBUG (org.springframework.core.env.StandardEnvironment:109) - Adding [class path resource [jdbc.properties]] PropertySource with lowest search precedence
2019-05-06 11:12:37,120 DEBUG (org.springframework.core.env.StandardEnvironment:109) - Adding [class path resource [jdbc.properties]] PropertySource with lowest search precedence
2019-05-06 11:12:37,125 DEBUG (org.springframework.core.env.StandardEnvironment:109) - Adding [systemProperties] PropertySource with lowest search precedence
2019-05-06 11:12:37,125 DEBUG (org.springframework.core.env.StandardEnvironment:109) - Adding [systemProperties] PropertySource with lowest search precedence
2019-05-06 11:12:37,126 DEBUG (org.springframework.core.env.StandardEnvironment:109) - Adding [systemEnvironment] PropertySource with lowest search precedence
2019-05-06 11:12:37,126 DEBUG (org.springframework.core.env.StandardEnvironment:109) - Adding [systemEnvironment] PropertySource with lowest search precedence
2019-05-06 11:12:37,126 DEBUG (org.springframework.core.env.StandardEnvironment:127) - Initialized StandardEnvironment with PropertySources [systemProperties,systemEnvironment]
2019-05-06 11:12:37,126 DEBUG (org.springframework.core.env.StandardEnvironment:127) - Initialized StandardEnvironment with PropertySources [systemProperties,systemEnvironment]
2019-05-06 11:12:37,133 DEBUG (org.springframework.core.io.support.PathMatchingResourcePatternResolver:631) - Looking for matching resources in directory tree [/Users/eugeneyoung/Downloads/ubuntu/GitHub/zero-xml-forum/forum/forum1/build/classes/java/test/com/smart/dao]
2019-05-06 11:12:37,133 DEBUG (org.springframework.core.io.support.PathMatchingResourcePatternResolver:631) - Looking for matching resources in directory tree [/Users/eugeneyoung/Downloads/ubuntu/GitHub/zero-xml-forum/forum/forum1/build/classes/java/test/com/smart/dao]
2019-05-06 11:12:37,134 DEBUG (org.springframework.core.io.support.PathMatchingResourcePatternResolver:693) - Searching directory [/Users/eugeneyoung/Downloads/ubuntu/GitHub/zero-xml-forum/forum/forum1/build/classes/java/test/com/smart/dao] for files matching pattern [/Users/eugeneyoung/Downloads/ubuntu/GitHub/zero-xml-forum/forum/forum1/build/classes/java/test/com/smart/dao/**/*.class]
2019-05-06 11:12:37,134 DEBUG (org.springframework.core.io.support.PathMatchingResourcePatternResolver:693) - Searching directory [/Users/eugeneyoung/Downloads/ubuntu/GitHub/zero-xml-forum/forum/forum1/build/classes/java/test/com/smart/dao] for files matching pattern [/Users/eugeneyoung/Downloads/ubuntu/GitHub/zero-xml-forum/forum/forum1/build/classes/java/test/com/smart/dao/**/*.class]
2019-05-06 11:12:37,139 DEBUG (org.springframework.core.io.support.PathMatchingResourcePatternResolver:631) - Looking for matching resources in directory tree [/Users/eugeneyoung/Downloads/ubuntu/GitHub/zero-xml-forum/forum/forum1/build/classes/java/main/com/smart/dao]
2019-05-06 11:12:37,139 DEBUG (org.springframework.core.io.support.PathMatchingResourcePatternResolver:631) - Looking for matching resources in directory tree [/Users/eugeneyoung/Downloads/ubuntu/GitHub/zero-xml-forum/forum/forum1/build/classes/java/main/com/smart/dao]
2019-05-06 11:12:37,139 DEBUG (org.springframework.core.io.support.PathMatchingResourcePatternResolver:693) - Searching directory [/Users/eugeneyoung/Downloads/ubuntu/GitHub/zero-xml-forum/forum/forum1/build/classes/java/main/com/smart/dao] for files matching pattern [/Users/eugeneyoung/Downloads/ubuntu/GitHub/zero-xml-forum/forum/forum1/build/classes/java/main/com/smart/dao/**/*.class]
2019-05-06 11:12:37,139 DEBUG (org.springframework.core.io.support.PathMatchingResourcePatternResolver:693) - Searching directory [/Users/eugeneyoung/Downloads/ubuntu/GitHub/zero-xml-forum/forum/forum1/build/classes/java/main/com/smart/dao] for files matching pattern [/Users/eugeneyoung/Downloads/ubuntu/GitHub/zero-xml-forum/forum/forum1/build/classes/java/main/com/smart/dao/**/*.class]
2019-05-06 11:12:37,141 DEBUG (org.springframework.core.io.support.PathMatchingResourcePatternResolver:424) - Resolved location pattern [classpath*:com/smart/dao/**/*.class] to resources [file [/Users/eugeneyoung/Downloads/ubuntu/GitHub/zero-xml-forum/forum/forum1/build/classes/java/test/com/smart/dao/BaseDaoTest.class], file [/Users/eugeneyoung/Downloads/ubuntu/GitHub/zero-xml-forum/forum/forum1/build/classes/java/test/com/smart/dao/BoardDaoTest.class], file [/Users/eugeneyoung/Downloads/ubuntu/GitHub/zero-xml-forum/forum/forum1/build/classes/java/test/com/smart/dao/MyTest.class], file [/Users/eugeneyoung/Downloads/ubuntu/GitHub/zero-xml-forum/forum/forum1/build/classes/java/test/com/smart/dao/TestCases.class], file [/Users/eugeneyoung/Downloads/ubuntu/GitHub/zero-xml-forum/forum/forum1/build/classes/java/main/com/smart/dao/BaseDao$1.class], file [/Users/eugeneyoung/Downloads/ubuntu/GitHub/zero-xml-forum/forum/forum1/build/classes/java/main/com/smart/dao/BaseDao$2.class], file [/Users/eugeneyoung/Downloads/ubuntu/GitHub/zero-xml-forum/forum/forum1/build/classes/java/main/com/smart/dao/BaseDao$3.class], file [/Users/eugeneyoung/Downloads/ubuntu/GitHub/zero-xml-forum/forum/forum1/build/classes/java/main/com/smart/dao/BaseDao.class], file [/Users/eugeneyoung/Downloads/ubuntu/GitHub/zero-xml-forum/forum/forum1/build/classes/java/main/com/smart/dao/BoardDao$1.class], file [/Users/eugeneyoung/Downloads/ubuntu/GitHub/zero-xml-forum/forum/forum1/build/classes/java/main/com/smart/dao/BoardDao.class], file [/Users/eugeneyoung/Downloads/ubuntu/GitHub/zero-xml-forum/forum/forum1/build/classes/java/main/com/smart/dao/LoginLogDao.class], file [/Users/eugeneyoung/Downloads/ubuntu/GitHub/zero-xml-forum/forum/forum1/build/classes/java/main/com/smart/dao/Page.class], file [/Users/eugeneyoung/Downloads/ubuntu/GitHub/zero-xml-forum/forum/forum1/build/classes/java/main/com/smart/dao/PostDao.class], file [/Users/eugeneyoung/Downloads/ubuntu/GitHub/zero-xml-forum/forum/forum1/build/classes/java/main/com/smart/dao/TopicDao.class], file [/Users/eugeneyoung/Downloads/ubuntu/GitHub/zero-xml-forum/forum/forum1/build/classes/java/main/com/smart/dao/UserDao.class]]
2019-05-06 11:12:37,141 DEBUG (org.springframework.core.io.support.PathMatchingResourcePatternResolver:424) - Resolved location pattern [classpath*:com/smart/dao/**/*.class] to resources [file [/Users/eugeneyoung/Downloads/ubuntu/GitHub/zero-xml-forum/forum/forum1/build/classes/java/test/com/smart/dao/BaseDaoTest.class], file [/Users/eugeneyoung/Downloads/ubuntu/GitHub/zero-xml-forum/forum/forum1/build/classes/java/test/com/smart/dao/BoardDaoTest.class], file [/Users/eugeneyoung/Downloads/ubuntu/GitHub/zero-xml-forum/forum/forum1/build/classes/java/test/com/smart/dao/MyTest.class], file [/Users/eugeneyoung/Downloads/ubuntu/GitHub/zero-xml-forum/forum/forum1/build/classes/java/test/com/smart/dao/TestCases.class], file [/Users/eugeneyoung/Downloads/ubuntu/GitHub/zero-xml-forum/forum/forum1/build/classes/java/main/com/smart/dao/BaseDao$1.class], file [/Users/eugeneyoung/Downloads/ubuntu/GitHub/zero-xml-forum/forum/forum1/build/classes/java/main/com/smart/dao/BaseDao$2.class], file [/Users/eugeneyoung/Downloads/ubuntu/GitHub/zero-xml-forum/forum/forum1/build/classes/java/main/com/smart/dao/BaseDao$3.class], file [/Users/eugeneyoung/Downloads/ubuntu/GitHub/zero-xml-forum/forum/forum1/build/classes/java/main/com/smart/dao/BaseDao.class], file [/Users/eugeneyoung/Downloads/ubuntu/GitHub/zero-xml-forum/forum/forum1/build/classes/java/main/com/smart/dao/BoardDao$1.class], file [/Users/eugeneyoung/Downloads/ubuntu/GitHub/zero-xml-forum/forum/forum1/build/classes/java/main/com/smart/dao/BoardDao.class], file [/Users/eugeneyoung/Downloads/ubuntu/GitHub/zero-xml-forum/forum/forum1/build/classes/java/main/com/smart/dao/LoginLogDao.class], file [/Users/eugeneyoung/Downloads/ubuntu/GitHub/zero-xml-forum/forum/forum1/build/classes/java/main/com/smart/dao/Page.class], file [/Users/eugeneyoung/Downloads/ubuntu/GitHub/zero-xml-forum/forum/forum1/build/classes/java/main/com/smart/dao/PostDao.class], file [/Users/eugeneyoung/Downloads/ubuntu/GitHub/zero-xml-forum/forum/forum1/build/classes/java/main/com/smart/dao/TopicDao.class], file [/Users/eugeneyoung/Downloads/ubuntu/GitHub/zero-xml-forum/forum/forum1/build/classes/java/main/com/smart/dao/UserDao.class]]
2019-05-06 11:12:37,162 DEBUG (org.springframework.context.annotation.ClassPathBeanDefinitionScanner:286) - Identified candidate component class: file [/Users/eugeneyoung/Downloads/ubuntu/GitHub/zero-xml-forum/forum/forum1/build/classes/java/main/com/smart/dao/BoardDao.class]
2019-05-06 11:12:37,162 DEBUG (org.springframework.context.annotation.ClassPathBeanDefinitionScanner:286) - Identified candidate component class: file [/Users/eugeneyoung/Downloads/ubuntu/GitHub/zero-xml-forum/forum/forum1/build/classes/java/main/com/smart/dao/BoardDao.class]
2019-05-06 11:12:37,163 DEBUG (org.springframework.context.annotation.ClassPathBeanDefinitionScanner:286) - Identified candidate component class: file [/Users/eugeneyoung/Downloads/ubuntu/GitHub/zero-xml-forum/forum/forum1/build/classes/java/main/com/smart/dao/LoginLogDao.class]
2019-05-06 11:12:37,163 DEBUG (org.springframework.context.annotation.ClassPathBeanDefinitionScanner:286) - Identified candidate component class: file [/Users/eugeneyoung/Downloads/ubuntu/GitHub/zero-xml-forum/forum/forum1/build/classes/java/main/com/smart/dao/LoginLogDao.class]
2019-05-06 11:12:37,164 DEBUG (org.springframework.context.annotation.ClassPathBeanDefinitionScanner:286) - Identified candidate component class: file [/Users/eugeneyoung/Downloads/ubuntu/GitHub/zero-xml-forum/forum/forum1/build/classes/java/main/com/smart/dao/PostDao.class]
2019-05-06 11:12:37,164 DEBUG (org.springframework.context.annotation.ClassPathBeanDefinitionScanner:286) - Identified candidate component class: file [/Users/eugeneyoung/Downloads/ubuntu/GitHub/zero-xml-forum/forum/forum1/build/classes/java/main/com/smart/dao/PostDao.class]
2019-05-06 11:12:37,165 DEBUG (org.springframework.context.annotation.ClassPathBeanDefinitionScanner:286) - Identified candidate component class: file [/Users/eugeneyoung/Downloads/ubuntu/GitHub/zero-xml-forum/forum/forum1/build/classes/java/main/com/smart/dao/TopicDao.class]
2019-05-06 11:12:37,165 DEBUG (org.springframework.context.annotation.ClassPathBeanDefinitionScanner:286) - Identified candidate component class: file [/Users/eugeneyoung/Downloads/ubuntu/GitHub/zero-xml-forum/forum/forum1/build/classes/java/main/com/smart/dao/TopicDao.class]
2019-05-06 11:12:37,166 DEBUG (org.springframework.context.annotation.ClassPathBeanDefinitionScanner:286) - Identified candidate component class: file [/Users/eugeneyoung/Downloads/ubuntu/GitHub/zero-xml-forum/forum/forum1/build/classes/java/main/com/smart/dao/UserDao.class]
2019-05-06 11:12:37,166 DEBUG (org.springframework.context.annotation.ClassPathBeanDefinitionScanner:286) - Identified candidate component class: file [/Users/eugeneyoung/Downloads/ubuntu/GitHub/zero-xml-forum/forum/forum1/build/classes/java/main/com/smart/dao/UserDao.class]
2019-05-06 11:12:37,214 DEBUG (org.springframework.context.annotation.ConfigurationClassBeanDefinitionReader:164) - Registered bean definition for imported class 'org.springframework.transaction.annotation.ProxyTransactionManagementConfiguration'
2019-05-06 11:12:37,214 DEBUG (org.springframework.context.annotation.ConfigurationClassBeanDefinitionReader:164) - Registered bean definition for imported class 'org.springframework.transaction.annotation.ProxyTransactionManagementConfiguration'
2019-05-06 11:12:37,215 DEBUG (org.springframework.context.annotation.ConfigurationClassBeanDefinitionReader:256) - Registering bean definition for @Bean method org.springframework.transaction.annotation.ProxyTransactionManagementConfiguration.org.springframework.transaction.config.internalTransactionAdvisor()
2019-05-06 11:12:37,215 DEBUG (org.springframework.context.annotation.ConfigurationClassBeanDefinitionReader:256) - Registering bean definition for @Bean method org.springframework.transaction.annotation.ProxyTransactionManagementConfiguration.org.springframework.transaction.config.internalTransactionAdvisor()
2019-05-06 11:12:37,215 DEBUG (org.springframework.context.annotation.ConfigurationClassBeanDefinitionReader:256) - Registering bean definition for @Bean method org.springframework.transaction.annotation.ProxyTransactionManagementConfiguration.transactionAttributeSource()
2019-05-06 11:12:37,215 DEBUG (org.springframework.context.annotation.ConfigurationClassBeanDefinitionReader:256) - Registering bean definition for @Bean method org.springframework.transaction.annotation.ProxyTransactionManagementConfiguration.transactionAttributeSource()
2019-05-06 11:12:37,216 DEBUG (org.springframework.context.annotation.ConfigurationClassBeanDefinitionReader:256) - Registering bean definition for @Bean method org.springframework.transaction.annotation.ProxyTransactionManagementConfiguration.transactionInterceptor()
2019-05-06 11:12:37,216 DEBUG (org.springframework.context.annotation.ConfigurationClassBeanDefinitionReader:256) - Registering bean definition for @Bean method org.springframework.transaction.annotation.ProxyTransactionManagementConfiguration.transactionInterceptor()
2019-05-06 11:12:37,216 DEBUG (org.springframework.context.annotation.ConfigurationClassBeanDefinitionReader:256) - Registering bean definition for @Bean method org.springframework.transaction.annotation.ProxyTransactionManagementConfiguration.org.springframework.transaction.config.internalTransactionalEventListenerFactory()
2019-05-06 11:12:37,216 DEBUG (org.springframework.context.annotation.ConfigurationClassBeanDefinitionReader:256) - Registering bean definition for @Bean method org.springframework.transaction.annotation.ProxyTransactionManagementConfiguration.org.springframework.transaction.config.internalTransactionalEventListenerFactory()
2019-05-06 11:12:37,217 DEBUG (org.springframework.context.annotation.ConfigurationClassBeanDefinitionReader:256) - Registering bean definition for @Bean method com.smart.config.DaoConfig.dataSource()
2019-05-06 11:12:37,217 DEBUG (org.springframework.context.annotation.ConfigurationClassBeanDefinitionReader:256) - Registering bean definition for @Bean method com.smart.config.DaoConfig.dataSource()
2019-05-06 11:12:37,218 DEBUG (org.springframework.context.annotation.ConfigurationClassBeanDefinitionReader:256) - Registering bean definition for @Bean method com.smart.config.DaoConfig.localSessionFactoryBean()
2019-05-06 11:12:37,218 DEBUG (org.springframework.context.annotation.ConfigurationClassBeanDefinitionReader:256) - Registering bean definition for @Bean method com.smart.config.DaoConfig.localSessionFactoryBean()
2019-05-06 11:12:37,219 DEBUG (org.springframework.context.annotation.ConfigurationClassBeanDefinitionReader:256) - Registering bean definition for @Bean method com.smart.config.DaoConfig.sessionFactory()
2019-05-06 11:12:37,219 DEBUG (org.springframework.context.annotation.ConfigurationClassBeanDefinitionReader:256) - Registering bean definition for @Bean method com.smart.config.DaoConfig.sessionFactory()
2019-05-06 11:12:37,221 DEBUG (org.springframework.context.annotation.ConfigurationClassBeanDefinitionReader:256) - Registering bean definition for @Bean method com.smart.config.DaoConfig.hibernateTemplate()
2019-05-06 11:12:37,221 DEBUG (org.springframework.context.annotation.ConfigurationClassBeanDefinitionReader:256) - Registering bean definition for @Bean method com.smart.config.DaoConfig.hibernateTemplate()
2019-05-06 11:12:37,221 DEBUG (org.springframework.context.annotation.ConfigurationClassBeanDefinitionReader:256) - Registering bean definition for @Bean method com.smart.config.DaoConfig.hibernateTransactionManager()
2019-05-06 11:12:37,221 DEBUG (org.springframework.context.annotation.ConfigurationClassBeanDefinitionReader:256) - Registering bean definition for @Bean method com.smart.config.DaoConfig.hibernateTransactionManager()
2019-05-06 11:12:37,286 DEBUG (org.springframework.context.annotation.ConfigurationClassEnhancer:111) - Successfully enhanced com.smart.config.DaoConfig; enhanced class name is: com.smart.config.DaoConfig$$EnhancerBySpringCGLIB$$b4546b24
2019-05-06 11:12:37,286 DEBUG (org.springframework.context.annotation.ConfigurationClassEnhancer:111) - Successfully enhanced com.smart.config.DaoConfig; enhanced class name is: com.smart.config.DaoConfig$$EnhancerBySpringCGLIB$$b4546b24
2019-05-06 11:12:37,286 DEBUG (org.springframework.context.annotation.ConfigurationClassPostProcessor:403) - Replacing bean definition 'daoConfig' existing class name 'com.smart.config.DaoConfig' with enhanced class name 'com.smart.config.DaoConfig$$EnhancerBySpringCGLIB$$b4546b24'
2019-05-06 11:12:37,286 DEBUG (org.springframework.context.annotation.ConfigurationClassPostProcessor:403) - Replacing bean definition 'daoConfig' existing class name 'com.smart.config.DaoConfig' with enhanced class name 'com.smart.config.DaoConfig$$EnhancerBySpringCGLIB$$b4546b24'
2019-05-06 11:12:37,290 DEBUG (org.springframework.context.annotation.ConfigurationClassEnhancer:111) - Successfully enhanced org.springframework.transaction.annotation.ProxyTransactionManagementConfiguration; enhanced class name is: org.springframework.transaction.annotation.ProxyTransactionManagementConfiguration$$EnhancerBySpringCGLIB$$123d6c25
2019-05-06 11:12:37,290 DEBUG (org.springframework.context.annotation.ConfigurationClassEnhancer:111) - Successfully enhanced org.springframework.transaction.annotation.ProxyTransactionManagementConfiguration; enhanced class name is: org.springframework.transaction.annotation.ProxyTransactionManagementConfiguration$$EnhancerBySpringCGLIB$$123d6c25
2019-05-06 11:12:37,290 DEBUG (org.springframework.context.annotation.ConfigurationClassPostProcessor:403) - Replacing bean definition 'org.springframework.transaction.annotation.ProxyTransactionManagementConfiguration' existing class name 'org.springframework.transaction.annotation.ProxyTransactionManagementConfiguration' with enhanced class name 'org.springframework.transaction.annotation.ProxyTransactionManagementConfiguration$$EnhancerBySpringCGLIB$$123d6c25'
2019-05-06 11:12:37,290 DEBUG (org.springframework.context.annotation.ConfigurationClassPostProcessor:403) - Replacing bean definition 'org.springframework.transaction.annotation.ProxyTransactionManagementConfiguration' existing class name 'org.springframework.transaction.annotation.ProxyTransactionManagementConfiguration' with enhanced class name 'org.springframework.transaction.annotation.ProxyTransactionManagementConfiguration$$EnhancerBySpringCGLIB$$123d6c25'
2019-05-06 11:12:37,293 DEBUG (org.springframework.beans.factory.support.DefaultListableBeanFactory:221) - Creating shared instance of singleton bean 'org.springframework.context.annotation.internalAutowiredAnnotationProcessor'
2019-05-06 11:12:37,293 DEBUG (org.springframework.beans.factory.support.DefaultListableBeanFactory:221) - Creating shared instance of singleton bean 'org.springframework.context.annotation.internalAutowiredAnnotationProcessor'
2019-05-06 11:12:37,294 DEBUG (org.springframework.beans.factory.support.DefaultListableBeanFactory:448) - Creating instance of bean 'org.springframework.context.annotation.internalAutowiredAnnotationProcessor'
2019-05-06 11:12:37,294 DEBUG (org.springframework.beans.factory.support.DefaultListableBeanFactory:448) - Creating instance of bean 'org.springframework.context.annotation.internalAutowiredAnnotationProcessor'
2019-05-06 11:12:37,295 DEBUG (org.springframework.beans.factory.support.DefaultListableBeanFactory:529) - Eagerly caching bean 'org.springframework.context.annotation.internalAutowiredAnnotationProcessor' to allow for resolving potential circular references
2019-05-06 11:12:37,295 DEBUG (org.springframework.beans.factory.support.DefaultListableBeanFactory:529) - Eagerly caching bean 'org.springframework.context.annotation.internalAutowiredAnnotationProcessor' to allow for resolving potential circular references
2019-05-06 11:12:37,295 DEBUG (org.springframework.beans.factory.support.DefaultListableBeanFactory:484) - Finished creating instance of bean 'org.springframework.context.annotation.internalAutowiredAnnotationProcessor'
2019-05-06 11:12:37,295 DEBUG (org.springframework.beans.factory.support.DefaultListableBeanFactory:484) - Finished creating instance of bean 'org.springframework.context.annotation.internalAutowiredAnnotationProcessor'
2019-05-06 11:12:37,295 DEBUG (org.springframework.beans.factory.support.DefaultListableBeanFactory:221) - Creating shared instance of singleton bean 'org.springframework.context.annotation.internalRequiredAnnotationProcessor'
2019-05-06 11:12:37,295 DEBUG (org.springframework.beans.factory.support.DefaultListableBeanFactory:221) - Creating shared instance of singleton bean 'org.springframework.context.annotation.internalRequiredAnnotationProcessor'
2019-05-06 11:12:37,295 DEBUG (org.springframework.beans.factory.support.DefaultListableBeanFactory:448) - Creating instance of bean 'org.springframework.context.annotation.internalRequiredAnnotationProcessor'
2019-05-06 11:12:37,295 DEBUG (org.springframework.beans.factory.support.DefaultListableBeanFactory:448) - Creating instance of bean 'org.springframework.context.annotation.internalRequiredAnnotationProcessor'
2019-05-06 11:12:37,296 DEBUG (org.springframework.beans.factory.support.DefaultListableBeanFactory:529) - Eagerly caching bean 'org.springframework.context.annotation.internalRequiredAnnotationProcessor' to allow for resolving potential circular references
2019-05-06 11:12:37,296 DEBUG (org.springframework.beans.factory.support.DefaultListableBeanFactory:529) - Eagerly caching bean 'org.springframework.context.annotation.internalRequiredAnnotationProcessor' to allow for resolving potential circular references
2019-05-06 11:12:37,297 DEBUG (org.springframework.beans.factory.support.DefaultListableBeanFactory:484) - Finished creating instance of bean 'org.springframework.context.annotation.internalRequiredAnnotationProcessor'
2019-05-06 11:12:37,297 DEBUG (org.springframework.beans.factory.support.DefaultListableBeanFactory:484) - Finished creating instance of bean 'org.springframework.context.annotation.internalRequiredAnnotationProcessor'
2019-05-06 11:12:37,297 DEBUG (org.springframework.beans.factory.support.DefaultListableBeanFactory:221) - Creating shared instance of singleton bean 'org.springframework.context.annotation.internalCommonAnnotationProcessor'
2019-05-06 11:12:37,297 DEBUG (org.springframework.beans.factory.support.DefaultListableBeanFactory:221) - Creating shared instance of singleton bean 'org.springframework.context.annotation.internalCommonAnnotationProcessor'
2019-05-06 11:12:37,297 DEBUG (org.springframework.beans.factory.support.DefaultListableBeanFactory:448) - Creating instance of bean 'org.springframework.context.annotation.internalCommonAnnotationProcessor'
2019-05-06 11:12:37,297 DEBUG (org.springframework.beans.factory.support.DefaultListableBeanFactory:448) - Creating instance of bean 'org.springframework.context.annotation.internalCommonAnnotationProcessor'
2019-05-06 11:12:37,301 DEBUG (org.springframework.beans.factory.support.DefaultListableBeanFactory:529) - Eagerly caching bean 'org.springframework.context.annotation.internalCommonAnnotationProcessor' to allow for resolving potential circular references
2019-05-06 11:12:37,301 DEBUG (org.springframework.beans.factory.support.DefaultListableBeanFactory:529) - Eagerly caching bean 'org.springframework.context.annotation.internalCommonAnnotationProcessor' to allow for resolving potential circular references
2019-05-06 11:12:37,302 DEBUG (org.springframework.beans.factory.support.DefaultListableBeanFactory:484) - Finished creating instance of bean 'org.springframework.context.annotation.internalCommonAnnotationProcessor'
2019-05-06 11:12:37,302 DEBUG (org.springframework.beans.factory.support.DefaultListableBeanFactory:484) - Finished creating instance of bean 'org.springframework.context.annotation.internalCommonAnnotationProcessor'
2019-05-06 11:12:37,302 DEBUG (org.springframework.beans.factory.support.DefaultListableBeanFactory:221) - Creating shared instance of singleton bean 'org.springframework.context.annotation.internalPersistenceAnnotationProcessor'
2019-05-06 11:12:37,302 DEBUG (org.springframework.beans.factory.support.DefaultListableBeanFactory:221) - Creating shared instance of singleton bean 'org.springframework.context.annotation.internalPersistenceAnnotationProcessor'
2019-05-06 11:12:37,303 DEBUG (org.springframework.beans.factory.support.DefaultListableBeanFactory:448) - Creating instance of bean 'org.springframework.context.annotation.internalPersistenceAnnotationProcessor'
2019-05-06 11:12:37,303 DEBUG (org.springframework.beans.factory.support.DefaultListableBeanFactory:448) - Creating instance of bean 'org.springframework.context.annotation.internalPersistenceAnnotationProcessor'
2019-05-06 11:12:37,304 DEBUG (org.springframework.beans.factory.support.DefaultListableBeanFactory:529) - Eagerly caching bean 'org.springframework.context.annotation.internalPersistenceAnnotationProcessor' to allow for resolving potential circular references
2019-05-06 11:12:37,304 DEBUG (org.springframework.beans.factory.support.DefaultListableBeanFactory:529) - Eagerly caching bean 'org.springframework.context.annotation.internalPersistenceAnnotationProcessor' to allow for resolving potential circular references
2019-05-06 11:12:37,305 DEBUG (org.springframework.beans.factory.support.DefaultListableBeanFactory:484) - Finished creating instance of bean 'org.springframework.context.annotation.internalPersistenceAnnotationProcessor'
2019-05-06 11:12:37,305 DEBUG (org.springframework.beans.factory.support.DefaultListableBeanFactory:484) - Finished creating instance of bean 'org.springframework.context.annotation.internalPersistenceAnnotationProcessor'
2019-05-06 11:12:37,305 DEBUG (org.springframework.beans.factory.support.DefaultListableBeanFactory:221) - Creating shared instance of singleton bean 'org.springframework.context.annotation.ConfigurationClassPostProcessor.importAwareProcessor'
2019-05-06 11:12:37,305 DEBUG (org.springframework.beans.factory.support.DefaultListableBeanFactory:221) - Creating shared instance of singleton bean 'org.springframework.context.annotation.ConfigurationClassPostProcessor.importAwareProcessor'
2019-05-06 11:12:37,305 DEBUG (org.springframework.beans.factory.support.DefaultListableBeanFactory:448) - Creating instance of bean 'org.springframework.context.annotation.ConfigurationClassPostProcessor.importAwareProcessor'
2019-05-06 11:12:37,305 DEBUG (org.springframework.beans.factory.support.DefaultListableBeanFactory:448) - Creating instance of bean 'org.springframework.context.annotation.ConfigurationClassPostProcessor.importAwareProcessor'
2019-05-06 11:12:37,305 DEBUG (org.springframework.beans.factory.support.DefaultListableBeanFactory:529) - Eagerly caching bean 'org.springframework.context.annotation.ConfigurationClassPostProcessor.importAwareProcessor' to allow for resolving potential circular references
2019-05-06 11:12:37,305 DEBUG (org.springframework.beans.factory.support.DefaultListableBeanFactory:529) - Eagerly caching bean 'org.springframework.context.annotation.ConfigurationClassPostProcessor.importAwareProcessor' to allow for resolving potential circular references
2019-05-06 11:12:37,306 DEBUG (org.springframework.beans.factory.support.DefaultListableBeanFactory:484) - Finished creating instance of bean 'org.springframework.context.annotation.ConfigurationClassPostProcessor.importAwareProcessor'
2019-05-06 11:12:37,306 DEBUG (org.springframework.beans.factory.support.DefaultListableBeanFactory:484) - Finished creating instance of bean 'org.springframework.context.annotation.ConfigurationClassPostProcessor.importAwareProcessor'
2019-05-06 11:12:37,306 DEBUG (org.springframework.beans.factory.support.DefaultListableBeanFactory:221) - Creating shared instance of singleton bean 'org.springframework.context.annotation.ConfigurationClassPostProcessor.enhancedConfigurationProcessor'
2019-05-06 11:12:37,306 DEBUG (org.springframework.beans.factory.support.DefaultListableBeanFactory:221) - Creating shared instance of singleton bean 'org.springframework.context.annotation.ConfigurationClassPostProcessor.enhancedConfigurationProcessor'
2019-05-06 11:12:37,306 DEBUG (org.springframework.beans.factory.support.DefaultListableBeanFactory:448) - Creating instance of bean 'org.springframework.context.annotation.ConfigurationClassPostProcessor.enhancedConfigurationProcessor'
2019-05-06 11:12:37,306 DEBUG (org.springframework.beans.factory.support.DefaultListableBeanFactory:448) - Creating instance of bean 'org.springframework.context.annotation.ConfigurationClassPostProcessor.enhancedConfigurationProcessor'
2019-05-06 11:12:37,306 DEBUG (org.springframework.beans.factory.support.DefaultListableBeanFactory:529) - Eagerly caching bean 'org.springframework.context.annotation.ConfigurationClassPostProcessor.enhancedConfigurationProcessor' to allow for resolving potential circular references
2019-05-06 11:12:37,306 DEBUG (org.springframework.beans.factory.support.DefaultListableBeanFactory:529) - Eagerly caching bean 'org.springframework.context.annotation.ConfigurationClassPostProcessor.enhancedConfigurationProcessor' to allow for resolving potential circular references
2019-05-06 11:12:37,307 DEBUG (org.springframework.beans.factory.support.DefaultListableBeanFactory:484) - Finished creating instance of bean 'org.springframework.context.annotation.ConfigurationClassPostProcessor.enhancedConfigurationProcessor'
2019-05-06 11:12:37,307 DEBUG (org.springframework.beans.factory.support.DefaultListableBeanFactory:484) - Finished creating instance of bean 'org.springframework.context.annotation.ConfigurationClassPostProcessor.enhancedConfigurationProcessor'
2019-05-06 11:12:37,307 DEBUG (org.springframework.beans.factory.support.DefaultListableBeanFactory:221) - Creating shared instance of singleton bean 'org.springframework.aop.config.internalAutoProxyCreator'
2019-05-06 11:12:37,307 DEBUG (org.springframework.beans.factory.support.DefaultListableBeanFactory:221) - Creating shared instance of singleton bean 'org.springframework.aop.config.internalAutoProxyCreator'
2019-05-06 11:12:37,307 DEBUG (org.springframework.beans.factory.support.DefaultListableBeanFactory:448) - Creating instance of bean 'org.springframework.aop.config.internalAutoProxyCreator'
2019-05-06 11:12:37,307 DEBUG (org.springframework.beans.factory.support.DefaultListableBeanFactory:448) - Creating instance of bean 'org.springframework.aop.config.internalAutoProxyCreator'
2019-05-06 11:12:37,316 DEBUG (org.springframework.beans.factory.support.DefaultListableBeanFactory:529) - Eagerly caching bean 'org.springframework.aop.config.internalAutoProxyCreator' to allow for resolving potential circular references
2019-05-06 11:12:37,316 DEBUG (org.springframework.beans.factory.support.DefaultListableBeanFactory:529) - Eagerly caching bean 'org.springframework.aop.config.internalAutoProxyCreator' to allow for resolving potential circular references
2019-05-06 11:12:37,336 DEBUG (org.springframework.beans.factory.support.DefaultListableBeanFactory:484) - Finished creating instance of bean 'org.springframework.aop.config.internalAutoProxyCreator'
2019-05-06 11:12:37,336 DEBUG (org.springframework.beans.factory.support.DefaultListableBeanFactory:484) - Finished creating instance of bean 'org.springframework.aop.config.internalAutoProxyCreator'
2019-05-06 11:12:37,338 DEBUG (org.springframework.context.support.GenericApplicationContext:714) - Unable to locate MessageSource with name 'messageSource': using default [org.springframework.context.support.DelegatingMessageSource@483e2994]
2019-05-06 11:12:37,338 DEBUG (org.springframework.context.support.GenericApplicationContext:714) - Unable to locate MessageSource with name 'messageSource': using default [org.springframework.context.support.DelegatingMessageSource@483e2994]
2019-05-06 11:12:37,341 DEBUG (org.springframework.context.support.GenericApplicationContext:738) - Unable to locate ApplicationEventMulticaster with name 'applicationEventMulticaster': using default [org.springframework.context.event.SimpleApplicationEventMulticaster@438e0b12]
2019-05-06 11:12:37,341 DEBUG (org.springframework.context.support.GenericApplicationContext:738) - Unable to locate ApplicationEventMulticaster with name 'applicationEventMulticaster': using default [org.springframework.context.event.SimpleApplicationEventMulticaster@438e0b12]
2019-05-06 11:12:37,342 DEBUG (org.springframework.beans.factory.support.DefaultListableBeanFactory:741) - Pre-instantiating singletons in org.springframework.beans.factory.support.DefaultListableBeanFactory@728e7dce: defining beans [org.springframework.context.annotation.internalConfigurationAnnotationProcessor,org.springframework.context.annotation.internalAutowiredAnnotationProcessor,org.springframework.context.annotation.internalRequiredAnnotationProcessor,org.springframework.context.annotation.internalCommonAnnotationProcessor,org.springframework.context.annotation.internalPersistenceAnnotationProcessor,org.springframework.context.event.internalEventListenerProcessor,org.springframework.context.event.internalEventListenerFactory,daoConfig,org.springframework.context.annotation.ConfigurationClassPostProcessor.importAwareProcessor,org.springframework.context.annotation.ConfigurationClassPostProcessor.enhancedConfigurationProcessor,boardDao,loginLogDao,postDao,topicDao,userDao,org.springframework.transaction.annotation.ProxyTransactionManagementConfiguration,org.springframework.transaction.config.internalTransactionAdvisor,transactionAttributeSource,transactionInterceptor,org.springframework.transaction.config.internalTransactionalEventListenerFactory,dataSource,localSessionFactoryBean,sessionFactory,hibernateTemplate,hibernateTransactionManager,org.springframework.aop.config.internalAutoProxyCreator]; root of factory hierarchy
2019-05-06 11:12:37,342 DEBUG (org.springframework.beans.factory.support.DefaultListableBeanFactory:741) - Pre-instantiating singletons in org.springframework.beans.factory.support.DefaultListableBeanFactory@728e7dce: defining beans [org.springframework.context.annotation.internalConfigurationAnnotationProcessor,org.springframework.context.annotation.internalAutowiredAnnotationProcessor,org.springframework.context.annotation.internalRequiredAnnotationProcessor,org.springframework.context.annotation.internalCommonAnnotationProcessor,org.springframework.context.annotation.internalPersistenceAnnotationProcessor,org.springframework.context.event.internalEventListenerProcessor,org.springframework.context.event.internalEventListenerFactory,daoConfig,org.springframework.context.annotation.ConfigurationClassPostProcessor.importAwareProcessor,org.springframework.context.annotation.ConfigurationClassPostProcessor.enhancedConfigurationProcessor,boardDao,loginLogDao,postDao,topicDao,userDao,org.springframework.transaction.annotation.ProxyTransactionManagementConfiguration,org.springframework.transaction.config.internalTransactionAdvisor,transactionAttributeSource,transactionInterceptor,org.springframework.transaction.config.internalTransactionalEventListenerFactory,dataSource,localSessionFactoryBean,sessionFactory,hibernateTemplate,hibernateTransactionManager,org.springframework.aop.config.internalAutoProxyCreator]; root of factory hierarchy
2019-05-06 11:12:37,342 DEBUG (org.springframework.beans.factory.support.DefaultListableBeanFactory:250) - Returning cached instance of singleton bean 'org.springframework.context.annotation.internalConfigurationAnnotationProcessor'
2019-05-06 11:12:37,342 DEBUG (org.springframework.beans.factory.support.DefaultListableBeanFactory:250) - Returning cached instance of singleton bean 'org.springframework.context.annotation.internalConfigurationAnnotationProcessor'
2019-05-06 11:12:37,342 DEBUG (org.springframework.beans.factory.support.DefaultListableBeanFactory:250) - Returning cached instance of singleton bean 'org.springframework.context.annotation.internalAutowiredAnnotationProcessor'
2019-05-06 11:12:37,342 DEBUG (org.springframework.beans.factory.support.DefaultListableBeanFactory:250) - Returning cached instance of singleton bean 'org.springframework.context.annotation.internalAutowiredAnnotationProcessor'
2019-05-06 11:12:37,343 DEBUG (org.springframework.beans.factory.support.DefaultListableBeanFactory:250) - Returning cached instance of singleton bean 'org.springframework.context.annotation.internalRequiredAnnotationProcessor'
2019-05-06 11:12:37,343 DEBUG (org.springframework.beans.factory.support.DefaultListableBeanFactory:250) - Returning cached instance of singleton bean 'org.springframework.context.annotation.internalRequiredAnnotationProcessor'
2019-05-06 11:12:37,343 DEBUG (org.springframework.beans.factory.support.DefaultListableBeanFactory:250) - Returning cached instance of singleton bean 'org.springframework.context.annotation.internalCommonAnnotationProcessor'
2019-05-06 11:12:37,343 DEBUG (org.springframework.beans.factory.support.DefaultListableBeanFactory:250) - Returning cached instance of singleton bean 'org.springframework.context.annotation.internalCommonAnnotationProcessor'
2019-05-06 11:12:37,343 DEBUG (org.springframework.beans.factory.support.DefaultListableBeanFactory:250) - Returning cached instance of singleton bean 'org.springframework.context.annotation.internalPersistenceAnnotationProcessor'
2019-05-06 11:12:37,343 DEBUG (org.springframework.beans.factory.support.DefaultListableBeanFactory:250) - Returning cached instance of singleton bean 'org.springframework.context.annotation.internalPersistenceAnnotationProcessor'
2019-05-06 11:12:37,344 DEBUG (org.springframework.beans.factory.support.DefaultListableBeanFactory:221) - Creating shared instance of singleton bean 'org.springframework.context.event.internalEventListenerProcessor'
2019-05-06 11:12:37,344 DEBUG (org.springframework.beans.factory.support.DefaultListableBeanFactory:221) - Creating shared instance of singleton bean 'org.springframework.context.event.internalEventListenerProcessor'
2019-05-06 11:12:37,344 DEBUG (org.springframework.beans.factory.support.DefaultListableBeanFactory:448) - Creating instance of bean 'org.springframework.context.event.internalEventListenerProcessor'
2019-05-06 11:12:37,344 DEBUG (org.springframework.beans.factory.support.DefaultListableBeanFactory:448) - Creating instance of bean 'org.springframework.context.event.internalEventListenerProcessor'
2019-05-06 11:12:37,346 DEBUG (org.springframework.beans.factory.support.DefaultListableBeanFactory:529) - Eagerly caching bean 'org.springframework.context.event.internalEventListenerProcessor' to allow for resolving potential circular references
2019-05-06 11:12:37,346 DEBUG (org.springframework.beans.factory.support.DefaultListableBeanFactory:529) - Eagerly caching bean 'org.springframework.context.event.internalEventListenerProcessor' to allow for resolving potential circular references
2019-05-06 11:12:37,348 DEBUG (org.springframework.beans.factory.support.DefaultListableBeanFactory:221) - Creating shared instance of singleton bean 'org.springframework.transaction.config.internalTransactionAdvisor'
2019-05-06 11:12:37,348 DEBUG (org.springframework.beans.factory.support.DefaultListableBeanFactory:221) - Creating shared instance of singleton bean 'org.springframework.transaction.config.internalTransactionAdvisor'
2019-05-06 11:12:37,349 DEBUG (org.springframework.beans.factory.support.DefaultListableBeanFactory:448) - Creating instance of bean 'org.springframework.transaction.config.internalTransactionAdvisor'
2019-05-06 11:12:37,349 DEBUG (org.springframework.beans.factory.support.DefaultListableBeanFactory:448) - Creating instance of bean 'org.springframework.transaction.config.internalTransactionAdvisor'
2019-05-06 11:12:37,350 DEBUG (org.springframework.beans.factory.support.DefaultListableBeanFactory:221) - Creating shared instance of singleton bean 'org.springframework.transaction.annotation.ProxyTransactionManagementConfiguration'
2019-05-06 11:12:37,350 DEBUG (org.springframework.beans.factory.support.DefaultListableBeanFactory:221) - Creating shared instance of singleton bean 'org.springframework.transaction.annotation.ProxyTransactionManagementConfiguration'
2019-05-06 11:12:37,351 DEBUG (org.springframework.beans.factory.support.DefaultListableBeanFactory:448) - Creating instance of bean 'org.springframework.transaction.annotation.ProxyTransactionManagementConfiguration'
2019-05-06 11:12:37,351 DEBUG (org.springframework.beans.factory.support.DefaultListableBeanFactory:448) - Creating instance of bean 'org.springframework.transaction.annotation.ProxyTransactionManagementConfiguration'
2019-05-06 11:12:37,355 DEBUG (org.springframework.beans.factory.annotation.InjectionMetadata:72) - Registered injected element on class [org.springframework.transaction.annotation.ProxyTransactionManagementConfiguration$$EnhancerBySpringCGLIB$$123d6c25]: AutowiredMethodElement for void org.springframework.transaction.annotation.AbstractTransactionManagementConfiguration.setConfigurers(java.util.Collection)
2019-05-06 11:12:37,355 DEBUG (org.springframework.beans.factory.annotation.InjectionMetadata:72) - Registered injected element on class [org.springframework.transaction.annotation.ProxyTransactionManagementConfiguration$$EnhancerBySpringCGLIB$$123d6c25]: AutowiredMethodElement for void org.springframework.transaction.annotation.AbstractTransactionManagementConfiguration.setConfigurers(java.util.Collection)
2019-05-06 11:12:37,356 DEBUG (org.springframework.beans.factory.support.DefaultListableBeanFactory:529) - Eagerly caching bean 'org.springframework.transaction.annotation.ProxyTransactionManagementConfiguration' to allow for resolving potential circular references
2019-05-06 11:12:37,356 DEBUG (org.springframework.beans.factory.support.DefaultListableBeanFactory:529) - Eagerly caching bean 'org.springframework.transaction.annotation.ProxyTransactionManagementConfiguration' to allow for resolving potential circular references
2019-05-06 11:12:37,356 DEBUG (org.springframework.beans.factory.annotation.InjectionMetadata:86) - Processing injected element of bean 'org.springframework.transaction.annotation.ProxyTransactionManagementConfiguration': AutowiredMethodElement for void org.springframework.transaction.annotation.AbstractTransactionManagementConfiguration.setConfigurers(java.util.Collection)
2019-05-06 11:12:37,356 DEBUG (org.springframework.beans.factory.annotation.InjectionMetadata:86) - Processing injected element of bean 'org.springframework.transaction.annotation.ProxyTransactionManagementConfiguration': AutowiredMethodElement for void org.springframework.transaction.annotation.AbstractTransactionManagementConfiguration.setConfigurers(java.util.Collection)
2019-05-06 11:12:37,360 DEBUG (org.springframework.beans.factory.support.DefaultListableBeanFactory:250) - Returning cached instance of singleton bean 'org.springframework.context.annotation.ConfigurationClassPostProcessor.importRegistry'
2019-05-06 11:12:37,360 DEBUG (org.springframework.beans.factory.support.DefaultListableBeanFactory:250) - Returning cached instance of singleton bean 'org.springframework.context.annotation.ConfigurationClassPostProcessor.importRegistry'
2019-05-06 11:12:37,360 DEBUG (org.springframework.aop.framework.autoproxy.BeanFactoryAdvisorRetrievalHelper:87) - Skipping currently created advisor 'org.springframework.transaction.config.internalTransactionAdvisor'
2019-05-06 11:12:37,360 DEBUG (org.springframework.aop.framework.autoproxy.BeanFactoryAdvisorRetrievalHelper:87) - Skipping currently created advisor 'org.springframework.transaction.config.internalTransactionAdvisor'
2019-05-06 11:12:37,362 DEBUG (org.springframework.beans.factory.support.DefaultListableBeanFactory:484) - Finished creating instance of bean 'org.springframework.transaction.annotation.ProxyTransactionManagementConfiguration'
2019-05-06 11:12:37,362 DEBUG (org.springframework.beans.factory.support.DefaultListableBeanFactory:484) - Finished creating instance of bean 'org.springframework.transaction.annotation.ProxyTransactionManagementConfiguration'
2019-05-06 11:12:37,378 DEBUG (org.springframework.beans.factory.support.DefaultListableBeanFactory:221) - Creating shared instance of singleton bean 'transactionAttributeSource'
2019-05-06 11:12:37,378 DEBUG (org.springframework.beans.factory.support.DefaultListableBeanFactory:221) - Creating shared instance of singleton bean 'transactionAttributeSource'
2019-05-06 11:12:37,379 DEBUG (org.springframework.beans.factory.support.DefaultListableBeanFactory:448) - Creating instance of bean 'transactionAttributeSource'
2019-05-06 11:12:37,379 DEBUG (org.springframework.beans.factory.support.DefaultListableBeanFactory:448) - Creating instance of bean 'transactionAttributeSource'
2019-05-06 11:12:37,379 DEBUG (org.springframework.beans.factory.support.DefaultListableBeanFactory:250) - Returning cached instance of singleton bean 'org.springframework.transaction.annotation.ProxyTransactionManagementConfiguration'
2019-05-06 11:12:37,379 DEBUG (org.springframework.beans.factory.support.DefaultListableBeanFactory:250) - Returning cached instance of singleton bean 'org.springframework.transaction.annotation.ProxyTransactionManagementConfiguration'
2019-05-06 11:12:37,380 DEBUG (org.springframework.beans.factory.support.DefaultListableBeanFactory:529) - Eagerly caching bean 'transactionAttributeSource' to allow for resolving potential circular references
2019-05-06 11:12:37,380 DEBUG (org.springframework.beans.factory.support.DefaultListableBeanFactory:529) - Eagerly caching bean 'transactionAttributeSource' to allow for resolving potential circular references
2019-05-06 11:12:37,383 DEBUG (org.springframework.aop.framework.autoproxy.BeanFactoryAdvisorRetrievalHelper:87) - Skipping currently created advisor 'org.springframework.transaction.config.internalTransactionAdvisor'
2019-05-06 11:12:37,383 DEBUG (org.springframework.aop.framework.autoproxy.BeanFactoryAdvisorRetrievalHelper:87) - Skipping currently created advisor 'org.springframework.transaction.config.internalTransactionAdvisor'
2019-05-06 11:12:37,384 DEBUG (org.springframework.beans.factory.support.DefaultListableBeanFactory:484) - Finished creating instance of bean 'transactionAttributeSource'
2019-05-06 11:12:37,384 DEBUG (org.springframework.beans.factory.support.DefaultListableBeanFactory:484) - Finished creating instance of bean 'transactionAttributeSource'
2019-05-06 11:12:37,384 DEBUG (org.springframework.beans.factory.support.DefaultListableBeanFactory:221) - Creating shared instance of singleton bean 'transactionInterceptor'
2019-05-06 11:12:37,384 DEBUG (org.springframework.beans.factory.support.DefaultListableBeanFactory:221) - Creating shared instance of singleton bean 'transactionInterceptor'
2019-05-06 11:12:37,385 DEBUG (org.springframework.beans.factory.support.DefaultListableBeanFactory:448) - Creating instance of bean 'transactionInterceptor'
2019-05-06 11:12:37,385 DEBUG (org.springframework.beans.factory.support.DefaultListableBeanFactory:448) - Creating instance of bean 'transactionInterceptor'
2019-05-06 11:12:37,385 DEBUG (org.springframework.beans.factory.support.DefaultListableBeanFactory:250) - Returning cached instance of singleton bean 'org.springframework.transaction.annotation.ProxyTransactionManagementConfiguration'
2019-05-06 11:12:37,385 DEBUG (org.springframework.beans.factory.support.DefaultListableBeanFactory:250) - Returning cached instance of singleton bean 'org.springframework.transaction.annotation.ProxyTransactionManagementConfiguration'
2019-05-06 11:12:37,388 DEBUG (org.springframework.beans.factory.support.DefaultListableBeanFactory:250) - Returning cached instance of singleton bean 'transactionAttributeSource'
2019-05-06 11:12:37,388 DEBUG (org.springframework.beans.factory.support.DefaultListableBeanFactory:250) - Returning cached instance of singleton bean 'transactionAttributeSource'
2019-05-06 11:12:37,390 DEBUG (org.springframework.beans.factory.support.DefaultListableBeanFactory:529) - Eagerly caching bean 'transactionInterceptor' to allow for resolving potential circular references
2019-05-06 11:12:37,390 DEBUG (org.springframework.beans.factory.support.DefaultListableBeanFactory:529) - Eagerly caching bean 'transactionInterceptor' to allow for resolving potential circular references
2019-05-06 11:12:37,393 DEBUG (org.springframework.beans.factory.support.DefaultListableBeanFactory:1620) - Invoking afterPropertiesSet() on bean with name 'transactionInterceptor'
2019-05-06 11:12:37,393 DEBUG (org.springframework.beans.factory.support.DefaultListableBeanFactory:1620) - Invoking afterPropertiesSet() on bean with name 'transactionInterceptor'
2019-05-06 11:12:37,394 DEBUG (org.springframework.beans.factory.support.DefaultListableBeanFactory:484) - Finished creating instance of bean 'transactionInterceptor'
2019-05-06 11:12:37,394 DEBUG (org.springframework.beans.factory.support.DefaultListableBeanFactory:484) - Finished creating instance of bean 'transactionInterceptor'
2019-05-06 11:12:37,395 DEBUG (org.springframework.beans.factory.support.DefaultListableBeanFactory:529) - Eagerly caching bean 'org.springframework.transaction.config.internalTransactionAdvisor' to allow for resolving potential circular references
2019-05-06 11:12:37,395 DEBUG (org.springframework.beans.factory.support.DefaultListableBeanFactory:529) - Eagerly caching bean 'org.springframework.transaction.config.internalTransactionAdvisor' to allow for resolving potential circular references
2019-05-06 11:12:37,399 DEBUG (org.springframework.beans.factory.support.DefaultListableBeanFactory:484) - Finished creating instance of bean 'org.springframework.transaction.config.internalTransactionAdvisor'
2019-05-06 11:12:37,399 DEBUG (org.springframework.beans.factory.support.DefaultListableBeanFactory:484) - Finished creating instance of bean 'org.springframework.transaction.config.internalTransactionAdvisor'
2019-05-06 11:12:37,400 DEBUG (org.springframework.beans.factory.support.DefaultListableBeanFactory:484) - Finished creating instance of bean 'org.springframework.context.event.internalEventListenerProcessor'
2019-05-06 11:12:37,400 DEBUG (org.springframework.beans.factory.support.DefaultListableBeanFactory:484) - Finished creating instance of bean 'org.springframework.context.event.internalEventListenerProcessor'
2019-05-06 11:12:37,401 DEBUG (org.springframework.beans.factory.support.DefaultListableBeanFactory:221) - Creating shared instance of singleton bean 'org.springframework.context.event.internalEventListenerFactory'
2019-05-06 11:12:37,401 DEBUG (org.springframework.beans.factory.support.DefaultListableBeanFactory:221) - Creating shared instance of singleton bean 'org.springframework.context.event.internalEventListenerFactory'
2019-05-06 11:12:37,401 DEBUG (org.springframework.beans.factory.support.DefaultListableBeanFactory:448) - Creating instance of bean 'org.springframework.context.event.internalEventListenerFactory'
2019-05-06 11:12:37,401 DEBUG (org.springframework.beans.factory.support.DefaultListableBeanFactory:448) - Creating instance of bean 'org.springframework.context.event.internalEventListenerFactory'
2019-05-06 11:12:37,401 DEBUG (org.springframework.beans.factory.support.DefaultListableBeanFactory:529) - Eagerly caching bean 'org.springframework.context.event.internalEventListenerFactory' to allow for resolving potential circular references
2019-05-06 11:12:37,401 DEBUG (org.springframework.beans.factory.support.DefaultListableBeanFactory:529) - Eagerly caching bean 'org.springframework.context.event.internalEventListenerFactory' to allow for resolving potential circular references
2019-05-06 11:12:37,403 DEBUG (org.springframework.beans.factory.support.DefaultListableBeanFactory:250) - Returning cached instance of singleton bean 'org.springframework.transaction.config.internalTransactionAdvisor'
2019-05-06 11:12:37,403 DEBUG (org.springframework.beans.factory.support.DefaultListableBeanFactory:250) - Returning cached instance of singleton bean 'org.springframework.transaction.config.internalTransactionAdvisor'
2019-05-06 11:12:37,404 DEBUG (org.springframework.beans.factory.support.DefaultListableBeanFactory:484) - Finished creating instance of bean 'org.springframework.context.event.internalEventListenerFactory'
2019-05-06 11:12:37,404 DEBUG (org.springframework.beans.factory.support.DefaultListableBeanFactory:484) - Finished creating instance of bean 'org.springframework.context.event.internalEventListenerFactory'
2019-05-06 11:12:37,405 DEBUG (org.springframework.beans.factory.support.DefaultListableBeanFactory:221) - Creating shared instance of singleton bean 'daoConfig'
2019-05-06 11:12:37,405 DEBUG (org.springframework.beans.factory.support.DefaultListableBeanFactory:221) - Creating shared instance of singleton bean 'daoConfig'
2019-05-06 11:12:37,405 DEBUG (org.springframework.beans.factory.support.DefaultListableBeanFactory:448) - Creating instance of bean 'daoConfig'
2019-05-06 11:12:37,405 DEBUG (org.springframework.beans.factory.support.DefaultListableBeanFactory:448) - Creating instance of bean 'daoConfig'
2019-05-06 11:12:37,407 DEBUG (org.springframework.beans.factory.annotation.InjectionMetadata:72) - Registered injected element on class [com.smart.config.DaoConfig$$EnhancerBySpringCGLIB$$b4546b24]: AutowiredFieldElement for private org.springframework.core.env.Environment com.smart.config.DaoConfig.environment
2019-05-06 11:12:37,407 DEBUG (org.springframework.beans.factory.annotation.InjectionMetadata:72) - Registered injected element on class [com.smart.config.DaoConfig$$EnhancerBySpringCGLIB$$b4546b24]: AutowiredFieldElement for private org.springframework.core.env.Environment com.smart.config.DaoConfig.environment
2019-05-06 11:12:37,407 DEBUG (org.springframework.beans.factory.support.DefaultListableBeanFactory:529) - Eagerly caching bean 'daoConfig' to allow for resolving potential circular references
2019-05-06 11:12:37,407 DEBUG (org.springframework.beans.factory.support.DefaultListableBeanFactory:529) - Eagerly caching bean 'daoConfig' to allow for resolving potential circular references
2019-05-06 11:12:37,410 DEBUG (org.springframework.beans.factory.annotation.InjectionMetadata:86) - Processing injected element of bean 'daoConfig': AutowiredFieldElement for private org.springframework.core.env.Environment com.smart.config.DaoConfig.environment
2019-05-06 11:12:37,410 DEBUG (org.springframework.beans.factory.annotation.InjectionMetadata:86) - Processing injected element of bean 'daoConfig': AutowiredFieldElement for private org.springframework.core.env.Environment com.smart.config.DaoConfig.environment
2019-05-06 11:12:37,411 DEBUG (org.springframework.beans.factory.support.DefaultListableBeanFactory:250) - Returning cached instance of singleton bean 'environment'
2019-05-06 11:12:37,411 DEBUG (org.springframework.beans.factory.support.DefaultListableBeanFactory:250) - Returning cached instance of singleton bean 'environment'
2019-05-06 11:12:37,412 DEBUG (org.springframework.beans.factory.annotation.AutowiredAnnotationBeanPostProcessor:490) - Autowiring by type from bean name 'daoConfig' to bean named 'environment'
2019-05-06 11:12:37,412 DEBUG (org.springframework.beans.factory.annotation.AutowiredAnnotationBeanPostProcessor:490) - Autowiring by type from bean name 'daoConfig' to bean named 'environment'
2019-05-06 11:12:37,413 DEBUG (org.springframework.beans.factory.support.DefaultListableBeanFactory:250) - Returning cached instance of singleton bean 'org.springframework.transaction.config.internalTransactionAdvisor'
2019-05-06 11:12:37,413 DEBUG (org.springframework.beans.factory.support.DefaultListableBeanFactory:250) - Returning cached instance of singleton bean 'org.springframework.transaction.config.internalTransactionAdvisor'
2019-05-06 11:12:37,414 DEBUG (org.springframework.beans.factory.support.DefaultListableBeanFactory:484) - Finished creating instance of bean 'daoConfig'
2019-05-06 11:12:37,414 DEBUG (org.springframework.beans.factory.support.DefaultListableBeanFactory:484) - Finished creating instance of bean 'daoConfig'
2019-05-06 11:12:37,415 DEBUG (org.springframework.beans.factory.support.DefaultListableBeanFactory:250) - Returning cached instance of singleton bean 'org.springframework.context.annotation.ConfigurationClassPostProcessor.importAwareProcessor'
2019-05-06 11:12:37,415 DEBUG (org.springframework.beans.factory.support.DefaultListableBeanFactory:250) - Returning cached instance of singleton bean 'org.springframework.context.annotation.ConfigurationClassPostProcessor.importAwareProcessor'
2019-05-06 11:12:37,415 DEBUG (org.springframework.beans.factory.support.DefaultListableBeanFactory:250) - Returning cached instance of singleton bean 'org.springframework.context.annotation.ConfigurationClassPostProcessor.enhancedConfigurationProcessor'
2019-05-06 11:12:37,415 DEBUG (org.springframework.beans.factory.support.DefaultListableBeanFactory:250) - Returning cached instance of singleton bean 'org.springframework.context.annotation.ConfigurationClassPostProcessor.enhancedConfigurationProcessor'
2019-05-06 11:12:37,415 DEBUG (org.springframework.beans.factory.support.DefaultListableBeanFactory:221) - Creating shared instance of singleton bean 'boardDao'
2019-05-06 11:12:37,415 DEBUG (org.springframework.beans.factory.support.DefaultListableBeanFactory:221) - Creating shared instance of singleton bean 'boardDao'
2019-05-06 11:12:37,415 DEBUG (org.springframework.beans.factory.support.DefaultListableBeanFactory:448) - Creating instance of bean 'boardDao'
2019-05-06 11:12:37,415 DEBUG (org.springframework.beans.factory.support.DefaultListableBeanFactory:448) - Creating instance of bean 'boardDao'
2019-05-06 11:12:37,423 DEBUG (org.springframework.beans.factory.annotation.InjectionMetadata:72) - Registered injected element on class [com.smart.dao.BoardDao]: AutowiredMethodElement for public void com.smart.dao.BaseDao.setHibernateTemplate(org.springframework.orm.hibernate4.HibernateTemplate)
2019-05-06 11:12:37,423 DEBUG (org.springframework.beans.factory.annotation.InjectionMetadata:72) - Registered injected element on class [com.smart.dao.BoardDao]: AutowiredMethodElement for public void com.smart.dao.BaseDao.setHibernateTemplate(org.springframework.orm.hibernate4.HibernateTemplate)
2019-05-06 11:12:37,423 DEBUG (org.springframework.beans.factory.annotation.InjectionMetadata:72) - Registered injected element on class [com.smart.dao.BoardDao]: AutowiredMethodElement for public void com.smart.dao.BaseDao.setSessionFactory(org.hibernate.SessionFactory)
2019-05-06 11:12:37,423 DEBUG (org.springframework.beans.factory.annotation.InjectionMetadata:72) - Registered injected element on class [com.smart.dao.BoardDao]: AutowiredMethodElement for public void com.smart.dao.BaseDao.setSessionFactory(org.hibernate.SessionFactory)
2019-05-06 11:12:37,423 DEBUG (org.springframework.beans.factory.support.DefaultListableBeanFactory:529) - Eagerly caching bean 'boardDao' to allow for resolving potential circular references
2019-05-06 11:12:37,423 DEBUG (org.springframework.beans.factory.support.DefaultListableBeanFactory:529) - Eagerly caching bean 'boardDao' to allow for resolving potential circular references
2019-05-06 11:12:37,423 DEBUG (org.springframework.beans.factory.annotation.InjectionMetadata:86) - Processing injected element of bean 'boardDao': AutowiredMethodElement for public void com.smart.dao.BaseDao.setHibernateTemplate(org.springframework.orm.hibernate4.HibernateTemplate)
2019-05-06 11:12:37,423 DEBUG (org.springframework.beans.factory.annotation.InjectionMetadata:86) - Processing injected element of bean 'boardDao': AutowiredMethodElement for public void com.smart.dao.BaseDao.setHibernateTemplate(org.springframework.orm.hibernate4.HibernateTemplate)
2019-05-06 11:12:37,424 DEBUG (org.springframework.beans.factory.support.DefaultListableBeanFactory:221) - Creating shared instance of singleton bean 'hibernateTemplate'
2019-05-06 11:12:37,424 DEBUG (org.springframework.beans.factory.support.DefaultListableBeanFactory:221) - Creating shared instance of singleton bean 'hibernateTemplate'
2019-05-06 11:12:37,425 DEBUG (org.springframework.beans.factory.support.DefaultListableBeanFactory:448) - Creating instance of bean 'hibernateTemplate'
2019-05-06 11:12:37,425 DEBUG (org.springframework.beans.factory.support.DefaultListableBeanFactory:448) - Creating instance of bean 'hibernateTemplate'
2019-05-06 11:12:37,425 DEBUG (org.springframework.beans.factory.support.DefaultListableBeanFactory:250) - Returning cached instance of singleton bean 'daoConfig'
2019-05-06 11:12:37,425 DEBUG (org.springframework.beans.factory.support.DefaultListableBeanFactory:250) - Returning cached instance of singleton bean 'daoConfig'
2019-05-06 11:12:37,432 DEBUG (org.springframework.beans.factory.support.DefaultListableBeanFactory:221) - Creating shared instance of singleton bean 'sessionFactory'
2019-05-06 11:12:37,432 DEBUG (org.springframework.beans.factory.support.DefaultListableBeanFactory:221) - Creating shared instance of singleton bean 'sessionFactory'
2019-05-06 11:12:37,433 DEBUG (org.springframework.beans.factory.support.DefaultListableBeanFactory:448) - Creating instance of bean 'sessionFactory'
2019-05-06 11:12:37,433 DEBUG (org.springframework.beans.factory.support.DefaultListableBeanFactory:448) - Creating instance of bean 'sessionFactory'
2019-05-06 11:12:37,433 DEBUG (org.springframework.beans.factory.support.DefaultListableBeanFactory:250) - Returning cached instance of singleton bean 'daoConfig'
2019-05-06 11:12:37,433 DEBUG (org.springframework.beans.factory.support.DefaultListableBeanFactory:250) - Returning cached instance of singleton bean 'daoConfig'
2019-05-06 11:12:37,433 DEBUG (org.springframework.beans.factory.support.DefaultListableBeanFactory:221) - Creating shared instance of singleton bean 'localSessionFactoryBean'
2019-05-06 11:12:37,433 DEBUG (org.springframework.beans.factory.support.DefaultListableBeanFactory:221) - Creating shared instance of singleton bean 'localSessionFactoryBean'
2019-05-06 11:12:37,434 DEBUG (org.springframework.beans.factory.support.DefaultListableBeanFactory:448) - Creating instance of bean 'localSessionFactoryBean'
2019-05-06 11:12:37,434 DEBUG (org.springframework.beans.factory.support.DefaultListableBeanFactory:448) - Creating instance of bean 'localSessionFactoryBean'
2019-05-06 11:12:37,434 DEBUG (org.springframework.beans.factory.support.DefaultListableBeanFactory:250) - Returning cached instance of singleton bean 'daoConfig'
2019-05-06 11:12:37,434 DEBUG (org.springframework.beans.factory.support.DefaultListableBeanFactory:250) - Returning cached instance of singleton bean 'daoConfig'
2019-05-06 11:12:37,438 DEBUG (org.springframework.beans.factory.support.DefaultListableBeanFactory:221) - Creating shared instance of singleton bean 'dataSource'
2019-05-06 11:12:37,438 DEBUG (org.springframework.beans.factory.support.DefaultListableBeanFactory:221) - Creating shared instance of singleton bean 'dataSource'
2019-05-06 11:12:37,438 DEBUG (org.springframework.beans.factory.support.DefaultListableBeanFactory:448) - Creating instance of bean 'dataSource'
2019-05-06 11:12:37,438 DEBUG (org.springframework.beans.factory.support.DefaultListableBeanFactory:448) - Creating instance of bean 'dataSource'
2019-05-06 11:12:37,439 DEBUG (org.springframework.beans.factory.support.DefaultListableBeanFactory:250) - Returning cached instance of singleton bean 'daoConfig'
2019-05-06 11:12:37,439 DEBUG (org.springframework.beans.factory.support.DefaultListableBeanFactory:250) - Returning cached instance of singleton bean 'daoConfig'
2019-05-06 11:12:37,452 DEBUG (org.springframework.core.env.PropertySourcesPropertyResolver:81) - Searching for key 'jdbc.driverClassName' in [systemProperties]
2019-05-06 11:12:37,452 DEBUG (org.springframework.core.env.PropertySourcesPropertyResolver:81) - Searching for key 'jdbc.driverClassName' in [systemProperties]
2019-05-06 11:12:37,453 DEBUG (org.springframework.core.env.PropertySourcesPropertyResolver:81) - Searching for key 'jdbc.driverClassName' in [systemEnvironment]
2019-05-06 11:12:37,453 DEBUG (org.springframework.core.env.PropertySourcesPropertyResolver:81) - Searching for key 'jdbc.driverClassName' in [systemEnvironment]
2019-05-06 11:12:37,454 DEBUG (org.springframework.core.env.PropertySourcesPropertyResolver:81) - Searching for key 'jdbc.driverClassName' in [class path resource [jdbc.properties]]
2019-05-06 11:12:37,454 DEBUG (org.springframework.core.env.PropertySourcesPropertyResolver:81) - Searching for key 'jdbc.driverClassName' in [class path resource [jdbc.properties]]
2019-05-06 11:12:37,454 DEBUG (org.springframework.core.env.PropertySourcesPropertyResolver:90) - Found key 'jdbc.driverClassName' in [class path resource [jdbc.properties]] with type [String] and value 'org.postgresql.Driver'
2019-05-06 11:12:37,454 DEBUG (org.springframework.core.env.PropertySourcesPropertyResolver:90) - Found key 'jdbc.driverClassName' in [class path resource [jdbc.properties]] with type [String] and value 'org.postgresql.Driver'
2019-05-06 11:12:37,457 DEBUG (org.springframework.core.env.PropertySourcesPropertyResolver:81) - Searching for key 'jdbc.url' in [systemProperties]
2019-05-06 11:12:37,457 DEBUG (org.springframework.core.env.PropertySourcesPropertyResolver:81) - Searching for key 'jdbc.url' in [systemProperties]
2019-05-06 11:12:37,458 DEBUG (org.springframework.core.env.PropertySourcesPropertyResolver:81) - Searching for key 'jdbc.url' in [systemEnvironment]
2019-05-06 11:12:37,458 DEBUG (org.springframework.core.env.PropertySourcesPropertyResolver:81) - Searching for key 'jdbc.url' in [systemEnvironment]
2019-05-06 11:12:37,459 DEBUG (org.springframework.core.env.PropertySourcesPropertyResolver:81) - Searching for key 'jdbc.url' in [class path resource [jdbc.properties]]
2019-05-06 11:12:37,459 DEBUG (org.springframework.core.env.PropertySourcesPropertyResolver:81) - Searching for key 'jdbc.url' in [class path resource [jdbc.properties]]
2019-05-06 11:12:37,461 DEBUG (org.springframework.core.env.PropertySourcesPropertyResolver:90) - Found key 'jdbc.url' in [class path resource [jdbc.properties]] with type [String] and value 'æ]]>&#x95;<![CDATA[°æ]]>&#x8d;<![CDATA[®åº]]>&#x93;<![CDATA[è¿]]>&#x9e;<![CDATA[æ]]>&#x8e;<![CDATA[¥'
2019-05-06 11:12:37,461 DEBUG (org.springframework.core.env.PropertySourcesPropertyResolver:90) - Found key 'jdbc.url' in [class path resource [jdbc.properties]] with type [String] and value 'æ]]>&#x95;<![CDATA[°æ]]>&#x8d;<![CDATA[®åº]]>&#x93;<![CDATA[è¿]]>&#x9e;<![CDATA[æ]]>&#x8e;<![CDATA[¥'
2019-05-06 11:12:37,462 DEBUG (org.springframework.core.env.PropertySourcesPropertyResolver:81) - Searching for key 'jdbc.username' in [systemProperties]
2019-05-06 11:12:37,462 DEBUG (org.springframework.core.env.PropertySourcesPropertyResolver:81) - Searching for key 'jdbc.username' in [systemProperties]
2019-05-06 11:12:37,463 DEBUG (org.springframework.core.env.PropertySourcesPropertyResolver:81) - Searching for key 'jdbc.username' in [systemEnvironment]
2019-05-06 11:12:37,463 DEBUG (org.springframework.core.env.PropertySourcesPropertyResolver:81) - Searching for key 'jdbc.username' in [systemEnvironment]
2019-05-06 11:12:37,464 DEBUG (org.springframework.core.env.PropertySourcesPropertyResolver:81) - Searching for key 'jdbc.username' in [class path resource [jdbc.properties]]
2019-05-06 11:12:37,464 DEBUG (org.springframework.core.env.PropertySourcesPropertyResolver:81) - Searching for key 'jdbc.username' in [class path resource [jdbc.properties]]
2019-05-06 11:12:37,465 DEBUG (org.springframework.core.env.PropertySourcesPropertyResolver:90) - Found key 'jdbc.username' in [class path resource [jdbc.properties]] with type [String] and value 'ç]]>&#x94;<![CDATA[¨æ]]>&#x88;<![CDATA[·å]]>&#x90;<![CDATA[]]>&#x8d;<![CDATA['
2019-05-06 11:12:37,465 DEBUG (org.springframework.core.env.PropertySourcesPropertyResolver:90) - Found key 'jdbc.username' in [class path resource [jdbc.properties]] with type [String] and value 'ç]]>&#x94;<![CDATA[¨æ]]>&#x88;<![CDATA[·å]]>&#x90;<![CDATA[]]>&#x8d;<![CDATA['
2019-05-06 11:12:37,466 DEBUG (org.springframework.core.env.PropertySourcesPropertyResolver:81) - Searching for key 'jdbc.password' in [systemProperties]
2019-05-06 11:12:37,466 DEBUG (org.springframework.core.env.PropertySourcesPropertyResolver:81) - Searching for key 'jdbc.password' in [systemProperties]
2019-05-06 11:12:37,466 DEBUG (org.springframework.core.env.PropertySourcesPropertyResolver:81) - Searching for key 'jdbc.password' in [systemEnvironment]
2019-05-06 11:12:37,466 DEBUG (org.springframework.core.env.PropertySourcesPropertyResolver:81) - Searching for key 'jdbc.password' in [systemEnvironment]
2019-05-06 11:12:37,467 DEBUG (org.springframework.core.env.PropertySourcesPropertyResolver:81) - Searching for key 'jdbc.password' in [class path resource [jdbc.properties]]
2019-05-06 11:12:37,467 DEBUG (org.springframework.core.env.PropertySourcesPropertyResolver:81) - Searching for key 'jdbc.password' in [class path resource [jdbc.properties]]
2019-05-06 11:12:37,467 DEBUG (org.springframework.core.env.PropertySourcesPropertyResolver:90) - Found key 'jdbc.password' in [class path resource [jdbc.properties]] with type [String] and value 'å¯]]>&#x86;<![CDATA[ç ]]>&#x81;<![CDATA['
2019-05-06 11:12:37,467 DEBUG (org.springframework.core.env.PropertySourcesPropertyResolver:90) - Found key 'jdbc.password' in [class path resource [jdbc.properties]] with type [String] and value 'å¯]]>&#x86;<![CDATA[ç ]]>&#x81;<![CDATA['
2019-05-06 11:12:37,473 DEBUG (org.springframework.beans.factory.support.DefaultListableBeanFactory:529) - Eagerly caching bean 'dataSource' to allow for resolving potential circular references
2019-05-06 11:12:37,473 DEBUG (org.springframework.beans.factory.support.DefaultListableBeanFactory:529) - Eagerly caching bean 'dataSource' to allow for resolving potential circular references
2019-05-06 11:12:37,480 DEBUG (org.springframework.beans.factory.support.DefaultListableBeanFactory:250) - Returning cached instance of singleton bean 'org.springframework.transaction.config.internalTransactionAdvisor'
2019-05-06 11:12:37,480 DEBUG (org.springframework.beans.factory.support.DefaultListableBeanFactory:250) - Returning cached instance of singleton bean 'org.springframework.transaction.config.internalTransactionAdvisor'
2019-05-06 11:12:37,482 DEBUG (org.springframework.beans.factory.support.DefaultListableBeanFactory:484) - Finished creating instance of bean 'dataSource'
2019-05-06 11:12:37,482 DEBUG (org.springframework.beans.factory.support.DefaultListableBeanFactory:484) - Finished creating instance of bean 'dataSource'
2019-05-06 11:12:37,483 DEBUG (org.springframework.core.env.PropertySourcesPropertyResolver:81) - Searching for key 'hibernate.dialect' in [systemProperties]
2019-05-06 11:12:37,483 DEBUG (org.springframework.core.env.PropertySourcesPropertyResolver:81) - Searching for key 'hibernate.dialect' in [systemProperties]
2019-05-06 11:12:37,483 DEBUG (org.springframework.core.env.PropertySourcesPropertyResolver:81) - Searching for key 'hibernate.dialect' in [systemEnvironment]
2019-05-06 11:12:37,483 DEBUG (org.springframework.core.env.PropertySourcesPropertyResolver:81) - Searching for key 'hibernate.dialect' in [systemEnvironment]
2019-05-06 11:12:37,484 DEBUG (org.springframework.core.env.PropertySourcesPropertyResolver:81) - Searching for key 'hibernate.dialect' in [class path resource [jdbc.properties]]
2019-05-06 11:12:37,484 DEBUG (org.springframework.core.env.PropertySourcesPropertyResolver:81) - Searching for key 'hibernate.dialect' in [class path resource [jdbc.properties]]
2019-05-06 11:12:37,485 DEBUG (org.springframework.core.env.PropertySourcesPropertyResolver:90) - Found key 'hibernate.dialect' in [class path resource [jdbc.properties]] with type [String] and value 'org.hibernate.dialect.PostgreSQL82Dialect'
2019-05-06 11:12:37,485 DEBUG (org.springframework.core.env.PropertySourcesPropertyResolver:90) - Found key 'hibernate.dialect' in [class path resource [jdbc.properties]] with type [String] and value 'org.hibernate.dialect.PostgreSQL82Dialect'
2019-05-06 11:12:37,485 DEBUG (org.springframework.core.env.PropertySourcesPropertyResolver:81) - Searching for key 'hibernate.show_sql' in [systemProperties]
2019-05-06 11:12:37,485 DEBUG (org.springframework.core.env.PropertySourcesPropertyResolver:81) - Searching for key 'hibernate.show_sql' in [systemProperties]
2019-05-06 11:12:37,486 DEBUG (org.springframework.core.env.PropertySourcesPropertyResolver:81) - Searching for key 'hibernate.show_sql' in [systemEnvironment]
2019-05-06 11:12:37,486 DEBUG (org.springframework.core.env.PropertySourcesPropertyResolver:81) - Searching for key 'hibernate.show_sql' in [systemEnvironment]
2019-05-06 11:12:37,487 DEBUG (org.springframework.core.env.PropertySourcesPropertyResolver:81) - Searching for key 'hibernate.show_sql' in [class path resource [jdbc.properties]]
2019-05-06 11:12:37,487 DEBUG (org.springframework.core.env.PropertySourcesPropertyResolver:81) - Searching for key 'hibernate.show_sql' in [class path resource [jdbc.properties]]
2019-05-06 11:12:37,487 DEBUG (org.springframework.core.env.PropertySourcesPropertyResolver:90) - Found key 'hibernate.show_sql' in [class path resource [jdbc.properties]] with type [String] and value 'true'
2019-05-06 11:12:37,487 DEBUG (org.springframework.core.env.PropertySourcesPropertyResolver:90) - Found key 'hibernate.show_sql' in [class path resource [jdbc.properties]] with type [String] and value 'true'
2019-05-06 11:12:37,487 DEBUG (org.springframework.core.env.PropertySourcesPropertyResolver:81) - Searching for key 'hibernate.cache.use_second_level_cache' in [systemProperties]
2019-05-06 11:12:37,487 DEBUG (org.springframework.core.env.PropertySourcesPropertyResolver:81) - Searching for key 'hibernate.cache.use_second_level_cache' in [systemProperties]
2019-05-06 11:12:37,488 DEBUG (org.springframework.core.env.PropertySourcesPropertyResolver:81) - Searching for key 'hibernate.cache.use_second_level_cache' in [systemEnvironment]
2019-05-06 11:12:37,488 DEBUG (org.springframework.core.env.PropertySourcesPropertyResolver:81) - Searching for key 'hibernate.cache.use_second_level_cache' in [systemEnvironment]
2019-05-06 11:12:37,488 DEBUG (org.springframework.core.env.PropertySourcesPropertyResolver:81) - Searching for key 'hibernate.cache.use_second_level_cache' in [class path resource [jdbc.properties]]
2019-05-06 11:12:37,488 DEBUG (org.springframework.core.env.PropertySourcesPropertyResolver:81) - Searching for key 'hibernate.cache.use_second_level_cache' in [class path resource [jdbc.properties]]
2019-05-06 11:12:37,489 DEBUG (org.springframework.core.env.PropertySourcesPropertyResolver:90) - Found key 'hibernate.cache.use_second_level_cache' in [class path resource [jdbc.properties]] with type [String] and value 'true'
2019-05-06 11:12:37,489 DEBUG (org.springframework.core.env.PropertySourcesPropertyResolver:90) - Found key 'hibernate.cache.use_second_level_cache' in [class path resource [jdbc.properties]] with type [String] and value 'true'
2019-05-06 11:12:37,489 DEBUG (org.springframework.core.env.PropertySourcesPropertyResolver:81) - Searching for key 'hibernate.cache.region.factory_class' in [systemProperties]
2019-05-06 11:12:37,489 DEBUG (org.springframework.core.env.PropertySourcesPropertyResolver:81) - Searching for key 'hibernate.cache.region.factory_class' in [systemProperties]
2019-05-06 11:12:37,490 DEBUG (org.springframework.core.env.PropertySourcesPropertyResolver:81) - Searching for key 'hibernate.cache.region.factory_class' in [systemEnvironment]
2019-05-06 11:12:37,490 DEBUG (org.springframework.core.env.PropertySourcesPropertyResolver:81) - Searching for key 'hibernate.cache.region.factory_class' in [systemEnvironment]
2019-05-06 11:12:37,490 DEBUG (org.springframework.core.env.PropertySourcesPropertyResolver:81) - Searching for key 'hibernate.cache.region.factory_class' in [class path resource [jdbc.properties]]
2019-05-06 11:12:37,490 DEBUG (org.springframework.core.env.PropertySourcesPropertyResolver:81) - Searching for key 'hibernate.cache.region.factory_class' in [class path resource [jdbc.properties]]
2019-05-06 11:12:37,491 DEBUG (org.springframework.core.env.PropertySourcesPropertyResolver:90) - Found key 'hibernate.cache.region.factory_class' in [class path resource [jdbc.properties]] with type [String] and value 'org.hibernate.cache.ehcache.EhCacheRegionFactory'
2019-05-06 11:12:37,491 DEBUG (org.springframework.core.env.PropertySourcesPropertyResolver:90) - Found key 'hibernate.cache.region.factory_class' in [class path resource [jdbc.properties]] with type [String] and value 'org.hibernate.cache.ehcache.EhCacheRegionFactory'
2019-05-06 11:12:37,491 DEBUG (org.springframework.core.env.PropertySourcesPropertyResolver:81) - Searching for key 'hibernate.cache.use_query_cache' in [systemProperties]
2019-05-06 11:12:37,491 DEBUG (org.springframework.core.env.PropertySourcesPropertyResolver:81) - Searching for key 'hibernate.cache.use_query_cache' in [systemProperties]
2019-05-06 11:12:37,492 DEBUG (org.springframework.core.env.PropertySourcesPropertyResolver:81) - Searching for key 'hibernate.cache.use_query_cache' in [systemEnvironment]
2019-05-06 11:12:37,492 DEBUG (org.springframework.core.env.PropertySourcesPropertyResolver:81) - Searching for key 'hibernate.cache.use_query_cache' in [systemEnvironment]
2019-05-06 11:12:37,493 DEBUG (org.springframework.core.env.PropertySourcesPropertyResolver:81) - Searching for key 'hibernate.cache.use_query_cache' in [class path resource [jdbc.properties]]
2019-05-06 11:12:37,493 DEBUG (org.springframework.core.env.PropertySourcesPropertyResolver:81) - Searching for key 'hibernate.cache.use_query_cache' in [class path resource [jdbc.properties]]
2019-05-06 11:12:37,493 DEBUG (org.springframework.core.env.PropertySourcesPropertyResolver:90) - Found key 'hibernate.cache.use_query_cache' in [class path resource [jdbc.properties]] with type [String] and value 'false'
2019-05-06 11:12:37,493 DEBUG (org.springframework.core.env.PropertySourcesPropertyResolver:90) - Found key 'hibernate.cache.use_query_cache' in [class path resource [jdbc.properties]] with type [String] and value 'false'
2019-05-06 11:12:37,496 DEBUG (org.springframework.beans.factory.support.DefaultListableBeanFactory:529) - Eagerly caching bean 'localSessionFactoryBean' to allow for resolving potential circular references
2019-05-06 11:12:37,496 DEBUG (org.springframework.beans.factory.support.DefaultListableBeanFactory:529) - Eagerly caching bean 'localSessionFactoryBean' to allow for resolving potential circular references
2019-05-06 11:12:37,501 DEBUG (org.springframework.beans.factory.support.DefaultListableBeanFactory:1620) - Invoking afterPropertiesSet() on bean with name 'localSessionFactoryBean'
2019-05-06 11:12:37,501 DEBUG (org.springframework.beans.factory.support.DefaultListableBeanFactory:1620) - Invoking afterPropertiesSet() on bean with name 'localSessionFactoryBean'
2019-05-06 11:12:37,525 DEBUG (org.jboss.logging:177) - Logging Provider: org.jboss.logging.Log4jLoggerProvider
2019-05-06 11:12:37,537 DEBUG (org.hibernate.type.BasicTypeRegistry:148) - Adding type registration boolean -> org.hibernate.type.BooleanType@4eafebd0
2019-05-06 11:12:37,538 DEBUG (org.hibernate.type.BasicTypeRegistry:148) - Adding type registration boolean -> org.hibernate.type.BooleanType@4eafebd0
2019-05-06 11:12:37,538 DEBUG (org.hibernate.type.BasicTypeRegistry:148) - Adding type registration java.lang.Boolean -> org.hibernate.type.BooleanType@4eafebd0
2019-05-06 11:12:37,540 DEBUG (org.hibernate.type.BasicTypeRegistry:148) - Adding type registration numeric_boolean -> org.hibernate.type.NumericBooleanType@45c9a290
2019-05-06 11:12:37,541 DEBUG (org.hibernate.type.BasicTypeRegistry:148) - Adding type registration true_false -> org.hibernate.type.TrueFalseType@782bfa
2019-05-06 11:12:37,542 DEBUG (org.hibernate.type.BasicTypeRegistry:148) - Adding type registration yes_no -> org.hibernate.type.YesNoType@29e2969a
2019-05-06 11:12:37,544 DEBUG (org.hibernate.type.BasicTypeRegistry:148) - Adding type registration byte -> org.hibernate.type.ByteType@4420db7e
2019-05-06 11:12:37,544 DEBUG (org.hibernate.type.BasicTypeRegistry:148) - Adding type registration byte -> org.hibernate.type.ByteType@4420db7e
2019-05-06 11:12:37,544 DEBUG (org.hibernate.type.BasicTypeRegistry:148) - Adding type registration java.lang.Byte -> org.hibernate.type.ByteType@4420db7e
2019-05-06 11:12:37,545 DEBUG (org.hibernate.type.BasicTypeRegistry:148) - Adding type registration character -> org.hibernate.type.CharacterType@747cc650
2019-05-06 11:12:37,546 DEBUG (org.hibernate.type.BasicTypeRegistry:148) - Adding type registration char -> org.hibernate.type.CharacterType@747cc650
2019-05-06 11:12:37,546 DEBUG (org.hibernate.type.BasicTypeRegistry:148) - Adding type registration java.lang.Character -> org.hibernate.type.CharacterType@747cc650
2019-05-06 11:12:37,547 DEBUG (org.hibernate.type.BasicTypeRegistry:148) - Adding type registration short -> org.hibernate.type.ShortType@1be04de
2019-05-06 11:12:37,547 DEBUG (org.hibernate.type.BasicTypeRegistry:148) - Adding type registration short -> org.hibernate.type.ShortType@1be04de
2019-05-06 11:12:37,548 DEBUG (org.hibernate.type.BasicTypeRegistry:148) - Adding type registration java.lang.Short -> org.hibernate.type.ShortType@1be04de
2019-05-06 11:12:37,549 DEBUG (org.hibernate.type.BasicTypeRegistry:148) - Adding type registration integer -> org.hibernate.type.IntegerType@1a7cae
2019-05-06 11:12:37,549 DEBUG (org.hibernate.type.BasicTypeRegistry:148) - Adding type registration int -> org.hibernate.type.IntegerType@1a7cae
2019-05-06 11:12:37,550 DEBUG (org.hibernate.type.BasicTypeRegistry:148) - Adding type registration java.lang.Integer -> org.hibernate.type.IntegerType@1a7cae
2019-05-06 11:12:37,551 DEBUG (org.hibernate.type.BasicTypeRegistry:148) - Adding type registration long -> org.hibernate.type.LongType@569509f6
2019-05-06 11:12:37,552 DEBUG (org.hibernate.type.BasicTypeRegistry:148) - Adding type registration long -> org.hibernate.type.LongType@569509f6
2019-05-06 11:12:37,552 DEBUG (org.hibernate.type.BasicTypeRegistry:148) - Adding type registration java.lang.Long -> org.hibernate.type.LongType@569509f6
2019-05-06 11:12:37,554 DEBUG (org.hibernate.type.BasicTypeRegistry:148) - Adding type registration float -> org.hibernate.type.FloatType@2b832755
2019-05-06 11:12:37,554 DEBUG (org.hibernate.type.BasicTypeRegistry:148) - Adding type registration float -> org.hibernate.type.FloatType@2b832755
2019-05-06 11:12:37,555 DEBUG (org.hibernate.type.BasicTypeRegistry:148) - Adding type registration java.lang.Float -> org.hibernate.type.FloatType@2b832755
2019-05-06 11:12:37,556 DEBUG (org.hibernate.type.BasicTypeRegistry:148) - Adding type registration double -> org.hibernate.type.DoubleType@37b53118
2019-05-06 11:12:37,556 DEBUG (org.hibernate.type.BasicTypeRegistry:148) - Adding type registration double -> org.hibernate.type.DoubleType@37b53118
2019-05-06 11:12:37,557 DEBUG (org.hibernate.type.BasicTypeRegistry:148) - Adding type registration java.lang.Double -> org.hibernate.type.DoubleType@37b53118
2019-05-06 11:12:37,559 DEBUG (org.hibernate.type.BasicTypeRegistry:148) - Adding type registration big_decimal -> org.hibernate.type.BigDecimalType@e8622
2019-05-06 11:12:37,560 DEBUG (org.hibernate.type.BasicTypeRegistry:148) - Adding type registration java.math.BigDecimal -> org.hibernate.type.BigDecimalType@e8622
2019-05-06 11:12:37,561 DEBUG (org.hibernate.type.BasicTypeRegistry:148) - Adding type registration big_integer -> org.hibernate.type.BigIntegerType@2c4985c0
2019-05-06 11:12:37,561 DEBUG (org.hibernate.type.BasicTypeRegistry:148) - Adding type registration java.math.BigInteger -> org.hibernate.type.BigIntegerType@2c4985c0
2019-05-06 11:12:37,562 DEBUG (org.hibernate.type.BasicTypeRegistry:148) - Adding type registration string -> org.hibernate.type.StringType@c47ec5a
2019-05-06 11:12:37,563 DEBUG (org.hibernate.type.BasicTypeRegistry:148) - Adding type registration java.lang.String -> org.hibernate.type.StringType@c47ec5a
2019-05-06 11:12:37,563 DEBUG (org.hibernate.type.BasicTypeRegistry:148) - Adding type registration nstring -> org.hibernate.type.StringNVarcharType@3bbad395
2019-05-06 11:12:37,564 DEBUG (org.hibernate.type.BasicTypeRegistry:148) - Adding type registration ncharacter -> org.hibernate.type.CharacterNCharType@17e7f7b2
2019-05-06 11:12:37,566 DEBUG (org.hibernate.type.BasicTypeRegistry:148) - Adding type registration url -> org.hibernate.type.UrlType@12ec7204
2019-05-06 11:12:37,566 DEBUG (org.hibernate.type.BasicTypeRegistry:148) - Adding type registration java.net.URL -> org.hibernate.type.UrlType@12ec7204
2019-05-06 11:12:37,568 DEBUG (org.hibernate.type.BasicTypeRegistry:148) - Adding type registration date -> org.hibernate.type.DateType@5f0195f2
2019-05-06 11:12:37,569 DEBUG (org.hibernate.type.BasicTypeRegistry:148) - Adding type registration java.sql.Date -> org.hibernate.type.DateType@5f0195f2
2019-05-06 11:12:37,570 DEBUG (org.hibernate.type.BasicTypeRegistry:148) - Adding type registration time -> org.hibernate.type.TimeType@44213ded
2019-05-06 11:12:37,570 DEBUG (org.hibernate.type.BasicTypeRegistry:148) - Adding type registration java.sql.Time -> org.hibernate.type.TimeType@44213ded
2019-05-06 11:12:37,572 DEBUG (org.hibernate.type.BasicTypeRegistry:148) - Adding type registration timestamp -> org.hibernate.type.TimestampType@2778e296
2019-05-06 11:12:37,572 DEBUG (org.hibernate.type.BasicTypeRegistry:148) - Adding type registration java.sql.Timestamp -> org.hibernate.type.TimestampType@2778e296
2019-05-06 11:12:37,573 DEBUG (org.hibernate.type.BasicTypeRegistry:148) - Adding type registration java.util.Date -> org.hibernate.type.TimestampType@2778e296
2019-05-06 11:12:37,574 DEBUG (org.hibernate.type.BasicTypeRegistry:148) - Adding type registration dbtimestamp -> org.hibernate.type.DbTimestampType@1571f335
2019-05-06 11:12:37,576 DEBUG (org.hibernate.type.BasicTypeRegistry:148) - Adding type registration calendar -> org.hibernate.type.CalendarType@56f170ea
2019-05-06 11:12:37,576 DEBUG (org.hibernate.type.BasicTypeRegistry:148) - Adding type registration java.util.Calendar -> org.hibernate.type.CalendarType@56f170ea
2019-05-06 11:12:37,576 DEBUG (org.hibernate.type.BasicTypeRegistry:148) - Adding type registration java.util.GregorianCalendar -> org.hibernate.type.CalendarType@56f170ea
2019-05-06 11:12:37,577 DEBUG (org.hibernate.type.BasicTypeRegistry:148) - Adding type registration calendar_date -> org.hibernate.type.CalendarDateType@1344bf12
2019-05-06 11:12:37,578 DEBUG (org.hibernate.type.BasicTypeRegistry:148) - Adding type registration locale -> org.hibernate.type.LocaleType@5685548f
2019-05-06 11:12:37,578 DEBUG (org.hibernate.type.BasicTypeRegistry:148) - Adding type registration java.util.Locale -> org.hibernate.type.LocaleType@5685548f
2019-05-06 11:12:37,579 DEBUG (org.hibernate.type.BasicTypeRegistry:148) - Adding type registration currency -> org.hibernate.type.CurrencyType@6634267b
2019-05-06 11:12:37,579 DEBUG (org.hibernate.type.BasicTypeRegistry:148) - Adding type registration java.util.Currency -> org.hibernate.type.CurrencyType@6634267b
2019-05-06 11:12:37,580 DEBUG (org.hibernate.type.BasicTypeRegistry:148) - Adding type registration timezone -> org.hibernate.type.TimeZoneType@c910670
2019-05-06 11:12:37,581 DEBUG (org.hibernate.type.BasicTypeRegistry:148) - Adding type registration java.util.TimeZone -> org.hibernate.type.TimeZoneType@c910670
2019-05-06 11:12:37,582 DEBUG (org.hibernate.type.BasicTypeRegistry:148) - Adding type registration class -> org.hibernate.type.ClassType@3cdffbdd
2019-05-06 11:12:37,582 DEBUG (org.hibernate.type.BasicTypeRegistry:148) - Adding type registration java.lang.Class -> org.hibernate.type.ClassType@3cdffbdd
2019-05-06 11:12:37,584 DEBUG (org.hibernate.type.BasicTypeRegistry:148) - Adding type registration uuid-binary -> org.hibernate.type.UUIDBinaryType@1c28db83
2019-05-06 11:12:37,584 DEBUG (org.hibernate.type.BasicTypeRegistry:148) - Adding type registration java.util.UUID -> org.hibernate.type.UUIDBinaryType@1c28db83
2019-05-06 11:12:37,585 DEBUG (org.hibernate.type.BasicTypeRegistry:148) - Adding type registration uuid-char -> org.hibernate.type.UUIDCharType@2e620d64
2019-05-06 11:12:37,586 DEBUG (org.hibernate.type.BasicTypeRegistry:148) - Adding type registration pg-uuid -> org.hibernate.type.PostgresUUIDType@2561ab06
2019-05-06 11:12:37,587 DEBUG (org.hibernate.type.BasicTypeRegistry:148) - Adding type registration binary -> org.hibernate.type.BinaryType@3e30603e
2019-05-06 11:12:37,587 DEBUG (org.hibernate.type.BasicTypeRegistry:148) - Adding type registration byte[] -> org.hibernate.type.BinaryType@3e30603e
2019-05-06 11:12:37,588 DEBUG (org.hibernate.type.BasicTypeRegistry:148) - Adding type registration [B -> org.hibernate.type.BinaryType@3e30603e
2019-05-06 11:12:37,589 DEBUG (org.hibernate.type.BasicTypeRegistry:148) - Adding type registration wrapper-binary -> org.hibernate.type.WrapperBinaryType@1fa3140
2019-05-06 11:12:37,589 DEBUG (org.hibernate.type.BasicTypeRegistry:148) - Adding type registration Byte[] -> org.hibernate.type.WrapperBinaryType@1fa3140
2019-05-06 11:12:37,590 DEBUG (org.hibernate.type.BasicTypeRegistry:148) - Adding type registration [Ljava.lang.Byte; -> org.hibernate.type.WrapperBinaryType@1fa3140
2019-05-06 11:12:37,593 DEBUG (org.hibernate.type.BasicTypeRegistry:148) - Adding type registration image -> org.hibernate.type.ImageType@7b67c59
2019-05-06 11:12:37,594 DEBUG (org.hibernate.type.BasicTypeRegistry:148) - Adding type registration characters -> org.hibernate.type.CharArrayType@311b1f88
2019-05-06 11:12:37,594 DEBUG (org.hibernate.type.BasicTypeRegistry:148) - Adding type registration char[] -> org.hibernate.type.CharArrayType@311b1f88
2019-05-06 11:12:37,594 DEBUG (org.hibernate.type.BasicTypeRegistry:148) - Adding type registration [C -> org.hibernate.type.CharArrayType@311b1f88
2019-05-06 11:12:37,595 DEBUG (org.hibernate.type.BasicTypeRegistry:148) - Adding type registration wrapper-characters -> org.hibernate.type.CharacterArrayType@3ba8458b
2019-05-06 11:12:37,596 DEBUG (org.hibernate.type.BasicTypeRegistry:148) - Adding type registration [Ljava.lang.Character; -> org.hibernate.type.CharacterArrayType@3ba8458b
2019-05-06 11:12:37,596 DEBUG (org.hibernate.type.BasicTypeRegistry:148) - Adding type registration Character[] -> org.hibernate.type.CharacterArrayType@3ba8458b
2019-05-06 11:12:37,597 DEBUG (org.hibernate.type.BasicTypeRegistry:148) - Adding type registration text -> org.hibernate.type.TextType@6e5427ff
2019-05-06 11:12:37,598 DEBUG (org.hibernate.type.BasicTypeRegistry:148) - Adding type registration ntext -> org.hibernate.type.NTextType@b0bfc1
2019-05-06 11:12:37,602 DEBUG (org.hibernate.type.BasicTypeRegistry:148) - Adding type registration blob -> org.hibernate.type.BlobType@2b1d252b
2019-05-06 11:12:37,602 DEBUG (org.hibernate.type.BasicTypeRegistry:148) - Adding type registration java.sql.Blob -> org.hibernate.type.BlobType@2b1d252b
2019-05-06 11:12:37,603 DEBUG (org.hibernate.type.BasicTypeRegistry:148) - Adding type registration materialized_blob -> org.hibernate.type.MaterializedBlobType@56b5826a
2019-05-06 11:12:37,606 DEBUG (org.hibernate.type.BasicTypeRegistry:148) - Adding type registration clob -> org.hibernate.type.ClobType@68a64e37
2019-05-06 11:12:37,606 DEBUG (org.hibernate.type.BasicTypeRegistry:148) - Adding type registration java.sql.Clob -> org.hibernate.type.ClobType@68a64e37
2019-05-06 11:12:37,609 DEBUG (org.hibernate.type.BasicTypeRegistry:148) - Adding type registration nclob -> org.hibernate.type.NClobType@3784e446
2019-05-06 11:12:37,609 DEBUG (org.hibernate.type.BasicTypeRegistry:148) - Adding type registration java.sql.NClob -> org.hibernate.type.NClobType@3784e446
2019-05-06 11:12:37,610 DEBUG (org.hibernate.type.BasicTypeRegistry:148) - Adding type registration materialized_clob -> org.hibernate.type.MaterializedClobType@5b88d4ce
2019-05-06 11:12:37,610 DEBUG (org.hibernate.type.BasicTypeRegistry:148) - Adding type registration materialized_nclob -> org.hibernate.type.MaterializedNClobType@4aa82ff3
2019-05-06 11:12:37,611 DEBUG (org.hibernate.type.BasicTypeRegistry:148) - Adding type registration serializable -> org.hibernate.type.SerializableType@751714e7
2019-05-06 11:12:37,614 DEBUG (org.hibernate.type.BasicTypeRegistry:148) - Adding type registration object -> org.hibernate.type.ObjectType@7f8beff5
2019-05-06 11:12:37,614 DEBUG (org.hibernate.type.BasicTypeRegistry:148) - Adding type registration java.lang.Object -> org.hibernate.type.ObjectType@7f8beff5
2019-05-06 11:12:37,615 DEBUG (org.hibernate.type.BasicTypeRegistry:148) - Adding type registration imm_date -> org.hibernate.type.AdaptedImmutableType@7a587da7
2019-05-06 11:12:37,616 DEBUG (org.hibernate.type.BasicTypeRegistry:148) - Adding type registration imm_time -> org.hibernate.type.AdaptedImmutableType@5a8cc15e
2019-05-06 11:12:37,616 DEBUG (org.hibernate.type.BasicTypeRegistry:148) - Adding type registration imm_timestamp -> org.hibernate.type.AdaptedImmutableType@59f6e6d6
2019-05-06 11:12:37,617 DEBUG (org.hibernate.type.BasicTypeRegistry:148) - Adding type registration imm_dbtimestamp -> org.hibernate.type.AdaptedImmutableType@7fe3edb4
2019-05-06 11:12:37,617 DEBUG (org.hibernate.type.BasicTypeRegistry:148) - Adding type registration imm_calendar -> org.hibernate.type.AdaptedImmutableType@46ef02aa
2019-05-06 11:12:37,618 DEBUG (org.hibernate.type.BasicTypeRegistry:148) - Adding type registration imm_calendar_date -> org.hibernate.type.AdaptedImmutableType@7a55bd18
2019-05-06 11:12:37,618 DEBUG (org.hibernate.type.BasicTypeRegistry:148) - Adding type registration imm_binary -> org.hibernate.type.AdaptedImmutableType@14fb24d2
2019-05-06 11:12:37,618 DEBUG (org.hibernate.type.BasicTypeRegistry:148) - Adding type registration imm_serializable -> org.hibernate.type.AdaptedImmutableType@7495e5b4
2019-05-06 11:12:37,643  INFO (org.hibernate.annotations.common.Version:37) - HCANN000001: Hibernate Commons Annotations {4.0.1.Final}
2019-05-06 11:12:37,648  INFO (org.hibernate.Version:41) - HHH000412: Hibernate Core {4.2.0.Final}
2019-05-06 11:12:37,649  INFO (org.hibernate.cfg.Environment:239) - HHH000206: hibernate.properties not found
2019-05-06 11:12:37,651  INFO (org.hibernate.cfg.Environment:342) - HHH000021: Bytecode provider name : javassist
2019-05-06 11:12:37,659 DEBUG (org.hibernate.id.factory.internal.DefaultIdentifierGeneratorFactory:93) - Registering IdentifierGenerator strategy [uuid2] -> [org.hibernate.id.UUIDGenerator]
2019-05-06 11:12:37,660 DEBUG (org.hibernate.id.factory.internal.DefaultIdentifierGeneratorFactory:93) - Registering IdentifierGenerator strategy [guid] -> [org.hibernate.id.GUIDGenerator]
2019-05-06 11:12:37,660 DEBUG (org.hibernate.id.factory.internal.DefaultIdentifierGeneratorFactory:93) - Registering IdentifierGenerator strategy [uuid] -> [org.hibernate.id.UUIDHexGenerator]
2019-05-06 11:12:37,661 DEBUG (org.hibernate.id.factory.internal.DefaultIdentifierGeneratorFactory:93) - Registering IdentifierGenerator strategy [uuid.hex] -> [org.hibernate.id.UUIDHexGenerator]
2019-05-06 11:12:37,662 DEBUG (org.hibernate.id.factory.internal.DefaultIdentifierGeneratorFactory:93) - Registering IdentifierGenerator strategy [hilo] -> [org.hibernate.id.TableHiLoGenerator]
2019-05-06 11:12:37,663 DEBUG (org.hibernate.id.factory.internal.DefaultIdentifierGeneratorFactory:93) - Registering IdentifierGenerator strategy [assigned] -> [org.hibernate.id.Assigned]
2019-05-06 11:12:37,664 DEBUG (org.hibernate.id.factory.internal.DefaultIdentifierGeneratorFactory:93) - Registering IdentifierGenerator strategy [identity] -> [org.hibernate.id.IdentityGenerator]
2019-05-06 11:12:37,664 DEBUG (org.hibernate.id.factory.internal.DefaultIdentifierGeneratorFactory:93) - Registering IdentifierGenerator strategy [select] -> [org.hibernate.id.SelectGenerator]
2019-05-06 11:12:37,665 DEBUG (org.hibernate.id.factory.internal.DefaultIdentifierGeneratorFactory:93) - Registering IdentifierGenerator strategy [sequence] -> [org.hibernate.id.SequenceGenerator]
2019-05-06 11:12:37,665 DEBUG (org.hibernate.id.factory.internal.DefaultIdentifierGeneratorFactory:93) - Registering IdentifierGenerator strategy [seqhilo] -> [org.hibernate.id.SequenceHiLoGenerator]
2019-05-06 11:12:37,666 DEBUG (org.hibernate.id.factory.internal.DefaultIdentifierGeneratorFactory:93) - Registering IdentifierGenerator strategy [increment] -> [org.hibernate.id.IncrementGenerator]
2019-05-06 11:12:37,666 DEBUG (org.hibernate.id.factory.internal.DefaultIdentifierGeneratorFactory:93) - Registering IdentifierGenerator strategy [foreign] -> [org.hibernate.id.ForeignGenerator]
2019-05-06 11:12:37,667 DEBUG (org.hibernate.id.factory.internal.DefaultIdentifierGeneratorFactory:93) - Registering IdentifierGenerator strategy [sequence-identity] -> [org.hibernate.id.SequenceIdentityGenerator]
2019-05-06 11:12:37,668 DEBUG (org.hibernate.id.factory.internal.DefaultIdentifierGeneratorFactory:93) - Registering IdentifierGenerator strategy [enhanced-sequence] -> [org.hibernate.id.enhanced.SequenceStyleGenerator]
2019-05-06 11:12:37,668 DEBUG (org.hibernate.id.factory.internal.DefaultIdentifierGeneratorFactory:93) - Registering IdentifierGenerator strategy [enhanced-table] -> [org.hibernate.id.enhanced.TableGenerator]
2019-05-06 11:12:37,671 DEBUG (org.springframework.core.io.support.PathMatchingResourcePatternResolver:631) - Looking for matching resources in directory tree [/Users/eugeneyoung/Downloads/ubuntu/GitHub/zero-xml-forum/forum/forum1/build/classes/java/main/com/smart/domain]
2019-05-06 11:12:37,671 DEBUG (org.springframework.core.io.support.PathMatchingResourcePatternResolver:631) - Looking for matching resources in directory tree [/Users/eugeneyoung/Downloads/ubuntu/GitHub/zero-xml-forum/forum/forum1/build/classes/java/main/com/smart/domain]
2019-05-06 11:12:37,671 DEBUG (org.springframework.core.io.support.PathMatchingResourcePatternResolver:693) - Searching directory [/Users/eugeneyoung/Downloads/ubuntu/GitHub/zero-xml-forum/forum/forum1/build/classes/java/main/com/smart/domain] for files matching pattern [/Users/eugeneyoung/Downloads/ubuntu/GitHub/zero-xml-forum/forum/forum1/build/classes/java/main/com/smart/domain/**/*.class]
2019-05-06 11:12:37,671 DEBUG (org.springframework.core.io.support.PathMatchingResourcePatternResolver:693) - Searching directory [/Users/eugeneyoung/Downloads/ubuntu/GitHub/zero-xml-forum/forum/forum1/build/classes/java/main/com/smart/domain] for files matching pattern [/Users/eugeneyoung/Downloads/ubuntu/GitHub/zero-xml-forum/forum/forum1/build/classes/java/main/com/smart/domain/**/*.class]
2019-05-06 11:12:37,672 DEBUG (org.springframework.core.io.support.PathMatchingResourcePatternResolver:424) - Resolved location pattern [classpath*:com/smart/domain/**/*.class] to resources [file [/Users/eugeneyoung/Downloads/ubuntu/GitHub/zero-xml-forum/forum/forum1/build/classes/java/main/com/smart/domain/BaseDomain.class], file [/Users/eugeneyoung/Downloads/ubuntu/GitHub/zero-xml-forum/forum/forum1/build/classes/java/main/com/smart/domain/Board.class], file [/Users/eugeneyoung/Downloads/ubuntu/GitHub/zero-xml-forum/forum/forum1/build/classes/java/main/com/smart/domain/LoginLog.class], file [/Users/eugeneyoung/Downloads/ubuntu/GitHub/zero-xml-forum/forum/forum1/build/classes/java/main/com/smart/domain/MainPost.class], file [/Users/eugeneyoung/Downloads/ubuntu/GitHub/zero-xml-forum/forum/forum1/build/classes/java/main/com/smart/domain/Post.class], file [/Users/eugeneyoung/Downloads/ubuntu/GitHub/zero-xml-forum/forum/forum1/build/classes/java/main/com/smart/domain/Topic.class], file [/Users/eugeneyoung/Downloads/ubuntu/GitHub/zero-xml-forum/forum/forum1/build/classes/java/main/com/smart/domain/User.class]]
2019-05-06 11:12:37,672 DEBUG (org.springframework.core.io.support.PathMatchingResourcePatternResolver:424) - Resolved location pattern [classpath*:com/smart/domain/**/*.class] to resources [file [/Users/eugeneyoung/Downloads/ubuntu/GitHub/zero-xml-forum/forum/forum1/build/classes/java/main/com/smart/domain/BaseDomain.class], file [/Users/eugeneyoung/Downloads/ubuntu/GitHub/zero-xml-forum/forum/forum1/build/classes/java/main/com/smart/domain/Board.class], file [/Users/eugeneyoung/Downloads/ubuntu/GitHub/zero-xml-forum/forum/forum1/build/classes/java/main/com/smart/domain/LoginLog.class], file [/Users/eugeneyoung/Downloads/ubuntu/GitHub/zero-xml-forum/forum/forum1/build/classes/java/main/com/smart/domain/MainPost.class], file [/Users/eugeneyoung/Downloads/ubuntu/GitHub/zero-xml-forum/forum/forum1/build/classes/java/main/com/smart/domain/Post.class], file [/Users/eugeneyoung/Downloads/ubuntu/GitHub/zero-xml-forum/forum/forum1/build/classes/java/main/com/smart/domain/Topic.class], file [/Users/eugeneyoung/Downloads/ubuntu/GitHub/zero-xml-forum/forum/forum1/build/classes/java/main/com/smart/domain/User.class]]
2019-05-06 11:12:37,686 DEBUG (org.hibernate.integrator.internal.IntegratorServiceImpl:59) - Adding Integrator [org.hibernate.cfg.beanvalidation.BeanValidationIntegrator].
2019-05-06 11:12:37,701 DEBUG (org.hibernate.cfg.Configuration:1735) - Preparing to build session factory with filters : {}
2019-05-06 11:12:37,722 DEBUG (org.hibernate.cfg.Configuration:3416) - Processing hbm.xml files
2019-05-06 11:12:37,722 DEBUG (org.hibernate.cfg.Configuration:3446) - Process annotated classes
2019-05-06 11:12:37,726 DEBUG (org.hibernate.cfg.AnnotationBinder:531) - Binding entity from annotated class: com.smart.domain.Board
2019-05-06 11:12:37,743 DEBUG (org.hibernate.cfg.Ejb3Column:196) - Binding column: Ejb3DiscriminatorColumn{logicalColumnName'DTYPE', discriminatorTypeName='string'}
2019-05-06 11:12:37,746 DEBUG (org.hibernate.cfg.annotations.EntityBinder:394) - Import with entity name Board
2019-05-06 11:12:37,749 DEBUG (org.hibernate.cfg.annotations.EntityBinder:564) - Bind entity com.smart.domain.Board on table t_board
2019-05-06 11:12:37,771 DEBUG (org.hibernate.cfg.Ejb3Column:196) - Binding column: Ejb3Column{table=org.hibernate.mapping.Table(t_board), mappingColumn=board_id, insertable=true, updatable=true, unique=false}
2019-05-06 11:12:37,774 DEBUG (org.hibernate.cfg.annotations.PropertyBinder:179) - MetadataSourceProcessor property boardId with lazy=false
2019-05-06 11:12:37,777 DEBUG (org.hibernate.cfg.annotations.SimpleValueBinder:331) - building SimpleValue for boardId
2019-05-06 11:12:37,778 DEBUG (org.hibernate.cfg.annotations.PropertyBinder:260) - Building property boardId
2019-05-06 11:12:37,782 DEBUG (org.hibernate.cfg.Ejb3Column:196) - Binding column: Ejb3Column{table=org.hibernate.mapping.Table(t_board), mappingColumn=board_desc, insertable=true, updatable=true, unique=false}
2019-05-06 11:12:37,783 DEBUG (org.hibernate.cfg.annotations.PropertyBinder:179) - MetadataSourceProcessor property boardDesc with lazy=false
2019-05-06 11:12:37,783 DEBUG (org.hibernate.cfg.annotations.SimpleValueBinder:331) - building SimpleValue for boardDesc
2019-05-06 11:12:37,784 DEBUG (org.hibernate.cfg.annotations.PropertyBinder:260) - Building property boardDesc
2019-05-06 11:12:37,784 DEBUG (org.hibernate.cfg.Ejb3Column:196) - Binding column: Ejb3Column{table=org.hibernate.mapping.Table(t_board), mappingColumn=board_name, insertable=true, updatable=true, unique=false}
2019-05-06 11:12:37,785 DEBUG (org.hibernate.cfg.annotations.PropertyBinder:179) - MetadataSourceProcessor property boardName with lazy=false
2019-05-06 11:12:37,785 DEBUG (org.hibernate.cfg.annotations.SimpleValueBinder:331) - building SimpleValue for boardName
2019-05-06 11:12:37,785 DEBUG (org.hibernate.cfg.annotations.PropertyBinder:260) - Building property boardName
2019-05-06 11:12:37,786 DEBUG (org.hibernate.cfg.Ejb3Column:196) - Binding column: Ejb3Column{table=org.hibernate.mapping.Table(t_board), mappingColumn=topic_num, insertable=true, updatable=true, unique=false}
2019-05-06 11:12:37,786 DEBUG (org.hibernate.cfg.annotations.PropertyBinder:179) - MetadataSourceProcessor property topicNum with lazy=false
2019-05-06 11:12:37,786 DEBUG (org.hibernate.cfg.annotations.SimpleValueBinder:331) - building SimpleValue for topicNum
2019-05-06 11:12:37,787 DEBUG (org.hibernate.cfg.annotations.PropertyBinder:260) - Building property topicNum
2019-05-06 11:12:37,788 DEBUG (org.hibernate.cfg.Ejb3Column:196) - Binding column: Ejb3Column{table=org.hibernate.mapping.Table(t_board), mappingColumn=null, insertable=true, updatable=true, unique=false}
2019-05-06 11:12:37,795 DEBUG (org.hibernate.cfg.Ejb3Column:196) - Binding column: Ejb3Column{table=org.hibernate.mapping.Table(t_board), mappingColumn=element, insertable=true, updatable=true, unique=false}
2019-05-06 11:12:37,796 DEBUG (org.hibernate.cfg.Ejb3Column:196) - Binding column: Ejb3Column{table=org.hibernate.mapping.Table(t_board), mappingColumn=users_KEY, insertable=true, updatable=true, unique=false}
2019-05-06 11:12:37,797 DEBUG (org.hibernate.cfg.Ejb3Column:196) - Binding column: Ejb3JoinColumn{logicalColumnName='users_KEY', referencedColumn='null', mappedBy='null'}
2019-05-06 11:12:37,798 DEBUG (org.hibernate.cfg.Ejb3Column:196) - Binding column: Ejb3JoinColumn{logicalColumnName='null', referencedColumn='null', mappedBy='manBoards'}
2019-05-06 11:12:37,799 DEBUG (org.hibernate.cfg.Ejb3Column:196) - Binding column: Ejb3JoinColumn{logicalColumnName='null', referencedColumn='null', mappedBy='manBoards'}
2019-05-06 11:12:37,800 DEBUG (org.hibernate.cfg.annotations.CollectionBinder:400) - Collection role: com.smart.domain.Board.users
2019-05-06 11:12:37,802 DEBUG (org.hibernate.cfg.annotations.PropertyBinder:260) - Building property users
2019-05-06 11:12:37,803 DEBUG (org.hibernate.cfg.AnnotationBinder:531) - Binding entity from annotated class: com.smart.domain.LoginLog
2019-05-06 11:12:37,803 DEBUG (org.hibernate.cfg.Ejb3Column:196) - Binding column: Ejb3DiscriminatorColumn{logicalColumnName'DTYPE', discriminatorTypeName='string'}
2019-05-06 11:12:37,803 DEBUG (org.hibernate.cfg.annotations.EntityBinder:394) - Import with entity name LoginLog
2019-05-06 11:12:37,804 DEBUG (org.hibernate.cfg.annotations.EntityBinder:564) - Bind entity com.smart.domain.LoginLog on table t_login_log
2019-05-06 11:12:37,807 DEBUG (org.hibernate.cfg.Ejb3Column:196) - Binding column: Ejb3Column{table=org.hibernate.mapping.Table(t_login_log), mappingColumn=login_log_id, insertable=true, updatable=true, unique=false}
2019-05-06 11:12:37,808 DEBUG (org.hibernate.cfg.annotations.PropertyBinder:179) - MetadataSourceProcessor property loginLogId with lazy=false
2019-05-06 11:12:37,808 DEBUG (org.hibernate.cfg.annotations.SimpleValueBinder:331) - building SimpleValue for loginLogId
2019-05-06 11:12:37,808 DEBUG (org.hibernate.cfg.annotations.PropertyBinder:260) - Building property loginLogId
2019-05-06 11:12:37,809 DEBUG (org.hibernate.cfg.Ejb3Column:196) - Binding column: Ejb3Column{table=org.hibernate.mapping.Table(t_login_log), mappingColumn=ip, insertable=true, updatable=true, unique=false}
2019-05-06 11:12:37,809 DEBUG (org.hibernate.cfg.annotations.PropertyBinder:179) - MetadataSourceProcessor property ip with lazy=false
2019-05-06 11:12:37,809 DEBUG (org.hibernate.cfg.annotations.SimpleValueBinder:331) - building SimpleValue for ip
2019-05-06 11:12:37,810 DEBUG (org.hibernate.cfg.annotations.PropertyBinder:260) - Building property ip
2019-05-06 11:12:37,810 DEBUG (org.hibernate.cfg.Ejb3Column:196) - Binding column: Ejb3Column{table=org.hibernate.mapping.Table(t_login_log), mappingColumn=login_datetime, insertable=true, updatable=true, unique=false}
2019-05-06 11:12:37,810 DEBUG (org.hibernate.cfg.annotations.PropertyBinder:179) - MetadataSourceProcessor property loginDate with lazy=false
2019-05-06 11:12:37,810 DEBUG (org.hibernate.cfg.annotations.SimpleValueBinder:331) - building SimpleValue for loginDate
2019-05-06 11:12:37,811 DEBUG (org.hibernate.cfg.annotations.PropertyBinder:260) - Building property loginDate
2019-05-06 11:12:37,811 DEBUG (org.hibernate.cfg.Ejb3Column:196) - Binding column: Ejb3JoinColumn{logicalColumnName='user_id', referencedColumn='', mappedBy=''}
2019-05-06 11:12:37,811 DEBUG (org.hibernate.cfg.Ejb3Column:196) - Binding column: Ejb3Column{table=org.hibernate.mapping.Table(t_login_log), mappingColumn=user, insertable=true, updatable=true, unique=false}
2019-05-06 11:12:37,813 DEBUG (org.hibernate.cfg.annotations.PropertyBinder:260) - Building property user
2019-05-06 11:12:37,813 DEBUG (org.hibernate.cfg.AnnotationBinder:531) - Binding entity from annotated class: com.smart.domain.Post
2019-05-06 11:12:37,814 DEBUG (org.hibernate.cfg.Ejb3Column:196) - Binding column: Ejb3DiscriminatorColumn{logicalColumnName'post_type', discriminatorTypeName='string'}
2019-05-06 11:12:37,814 DEBUG (org.hibernate.cfg.annotations.EntityBinder:394) - Import with entity name Post
2019-05-06 11:12:37,815 DEBUG (org.hibernate.cfg.annotations.EntityBinder:564) - Bind entity com.smart.domain.Post on table t_post
2019-05-06 11:12:37,816 DEBUG (org.hibernate.cfg.Ejb3Column:196) - Binding column: Ejb3Column{table=org.hibernate.mapping.Table(t_post), mappingColumn=post_id, insertable=true, updatable=true, unique=false}
2019-05-06 11:12:37,817 DEBUG (org.hibernate.cfg.annotations.PropertyBinder:179) - MetadataSourceProcessor property postId with lazy=false
2019-05-06 11:12:37,817 DEBUG (org.hibernate.cfg.annotations.SimpleValueBinder:331) - building SimpleValue for postId
2019-05-06 11:12:37,817 DEBUG (org.hibernate.cfg.annotations.PropertyBinder:260) - Building property postId
2019-05-06 11:12:37,818 DEBUG (org.hibernate.cfg.Ejb3Column:196) - Binding column: Ejb3Column{table=org.hibernate.mapping.Table(t_post), mappingColumn=board_id, insertable=true, updatable=true, unique=false}
2019-05-06 11:12:37,818 DEBUG (org.hibernate.cfg.annotations.PropertyBinder:179) - MetadataSourceProcessor property boardId with lazy=false
2019-05-06 11:12:37,818 DEBUG (org.hibernate.cfg.annotations.SimpleValueBinder:331) - building SimpleValue for boardId
2019-05-06 11:12:37,818 DEBUG (org.hibernate.cfg.annotations.PropertyBinder:260) - Building property boardId
2019-05-06 11:12:37,819 DEBUG (org.hibernate.cfg.Ejb3Column:196) - Binding column: Ejb3Column{table=org.hibernate.mapping.Table(t_post), mappingColumn=create_time, insertable=true, updatable=true, unique=false}
2019-05-06 11:12:37,819 DEBUG (org.hibernate.cfg.annotations.PropertyBinder:179) - MetadataSourceProcessor property createTime with lazy=false
2019-05-06 11:12:37,819 DEBUG (org.hibernate.cfg.annotations.SimpleValueBinder:331) - building SimpleValue for createTime
2019-05-06 11:12:37,820 DEBUG (org.hibernate.cfg.annotations.PropertyBinder:260) - Building property createTime
2019-05-06 11:12:37,820 DEBUG (org.hibernate.cfg.Ejb3Column:196) - Binding column: Ejb3Column{table=org.hibernate.mapping.Table(t_post), mappingColumn=post_text, insertable=true, updatable=true, unique=false}
2019-05-06 11:12:37,821 DEBUG (org.hibernate.cfg.annotations.PropertyBinder:179) - MetadataSourceProcessor property postText with lazy=false
2019-05-06 11:12:37,821 DEBUG (org.hibernate.cfg.annotations.SimpleValueBinder:331) - building SimpleValue for postText
2019-05-06 11:12:37,822 DEBUG (org.hibernate.cfg.annotations.PropertyBinder:260) - Building property postText
2019-05-06 11:12:37,822 DEBUG (org.hibernate.cfg.Ejb3Column:196) - Binding column: Ejb3Column{table=org.hibernate.mapping.Table(t_post), mappingColumn=post_title, insertable=true, updatable=true, unique=false}
2019-05-06 11:12:37,823 DEBUG (org.hibernate.cfg.annotations.PropertyBinder:179) - MetadataSourceProcessor property postTitle with lazy=false
2019-05-06 11:12:37,823 DEBUG (org.hibernate.cfg.annotations.SimpleValueBinder:331) - building SimpleValue for postTitle
2019-05-06 11:12:37,824 DEBUG (org.hibernate.cfg.annotations.PropertyBinder:260) - Building property postTitle
2019-05-06 11:12:37,824 DEBUG (org.hibernate.cfg.Ejb3Column:196) - Binding column: Ejb3JoinColumn{logicalColumnName='topic_id', referencedColumn='', mappedBy=''}
2019-05-06 11:12:37,824 DEBUG (org.hibernate.cfg.Ejb3Column:196) - Binding column: Ejb3Column{table=org.hibernate.mapping.Table(t_post), mappingColumn=topic, insertable=true, updatable=true, unique=false}
2019-05-06 11:12:37,825 DEBUG (org.hibernate.cfg.annotations.PropertyBinder:260) - Building property topic
2019-05-06 11:12:37,825 DEBUG (org.hibernate.cfg.Ejb3Column:196) - Binding column: Ejb3JoinColumn{logicalColumnName='user_id', referencedColumn='', mappedBy=''}
2019-05-06 11:12:37,825 DEBUG (org.hibernate.cfg.Ejb3Column:196) - Binding column: Ejb3Column{table=org.hibernate.mapping.Table(t_post), mappingColumn=user, insertable=true, updatable=true, unique=false}
2019-05-06 11:12:37,825 DEBUG (org.hibernate.cfg.annotations.PropertyBinder:260) - Building property user
2019-05-06 11:12:37,826 DEBUG (org.hibernate.cfg.AnnotationBinder:531) - Binding entity from annotated class: com.smart.domain.MainPost
2019-05-06 11:12:37,826  WARN (org.hibernate.cfg.AnnotationBinder:735) - HHH000133: Discriminator column has to be defined in the root entity, it will be ignored in subclass: com.smart.domain.MainPost
2019-05-06 11:12:37,827 DEBUG (org.hibernate.cfg.annotations.EntityBinder:394) - Import with entity name MainPost
2019-05-06 11:12:37,827 DEBUG (org.hibernate.cfg.AnnotationBinder:531) - Binding entity from annotated class: com.smart.domain.Topic
2019-05-06 11:12:37,828 DEBUG (org.hibernate.cfg.Ejb3Column:196) - Binding column: Ejb3DiscriminatorColumn{logicalColumnName'DTYPE', discriminatorTypeName='string'}
2019-05-06 11:12:37,828 DEBUG (org.hibernate.cfg.annotations.EntityBinder:394) - Import with entity name Topic
2019-05-06 11:12:37,829 DEBUG (org.hibernate.cfg.annotations.EntityBinder:564) - Bind entity com.smart.domain.Topic on table t_topic
2019-05-06 11:12:37,832 DEBUG (org.hibernate.cfg.Ejb3Column:196) - Binding column: Ejb3Column{table=org.hibernate.mapping.Table(t_topic), mappingColumn=topic_id, insertable=true, updatable=true, unique=false}
2019-05-06 11:12:37,832 DEBUG (org.hibernate.cfg.annotations.PropertyBinder:179) - MetadataSourceProcessor property topicId with lazy=false
2019-05-06 11:12:37,833 DEBUG (org.hibernate.cfg.annotations.SimpleValueBinder:331) - building SimpleValue for topicId
2019-05-06 11:12:37,833 DEBUG (org.hibernate.cfg.annotations.PropertyBinder:260) - Building property topicId
2019-05-06 11:12:37,834 DEBUG (org.hibernate.cfg.Ejb3Column:196) - Binding column: Ejb3Column{table=org.hibernate.mapping.Table(t_topic), mappingColumn=board_id, insertable=true, updatable=true, unique=false}
2019-05-06 11:12:37,835 DEBUG (org.hibernate.cfg.annotations.PropertyBinder:179) - MetadataSourceProcessor property boardId with lazy=false
2019-05-06 11:12:37,835 DEBUG (org.hibernate.cfg.annotations.SimpleValueBinder:331) - building SimpleValue for boardId
2019-05-06 11:12:37,836 DEBUG (org.hibernate.cfg.annotations.PropertyBinder:260) - Building property boardId
2019-05-06 11:12:37,836 DEBUG (org.hibernate.cfg.Ejb3Column:196) - Binding column: Ejb3Column{table=org.hibernate.mapping.Table(t_topic), mappingColumn=create_time, insertable=true, updatable=true, unique=false}
2019-05-06 11:12:37,837 DEBUG (org.hibernate.cfg.annotations.PropertyBinder:179) - MetadataSourceProcessor property createTime with lazy=false
2019-05-06 11:12:37,837 DEBUG (org.hibernate.cfg.annotations.SimpleValueBinder:331) - building SimpleValue for createTime
2019-05-06 11:12:37,838 DEBUG (org.hibernate.cfg.annotations.PropertyBinder:260) - Building property createTime
2019-05-06 11:12:37,838 DEBUG (org.hibernate.cfg.Ejb3Column:196) - Binding column: Ejb3Column{table=org.hibernate.mapping.Table(t_topic), mappingColumn=digest, insertable=true, updatable=true, unique=false}
2019-05-06 11:12:37,839 DEBUG (org.hibernate.cfg.annotations.PropertyBinder:179) - MetadataSourceProcessor property digest with lazy=false
2019-05-06 11:12:37,840 DEBUG (org.hibernate.cfg.annotations.SimpleValueBinder:331) - building SimpleValue for digest
2019-05-06 11:12:37,840 DEBUG (org.hibernate.cfg.annotations.PropertyBinder:260) - Building property digest
2019-05-06 11:12:37,841 DEBUG (org.hibernate.cfg.Ejb3Column:196) - Binding column: Ejb3Column{table=org.hibernate.mapping.Table(t_topic), mappingColumn=last_post, insertable=true, updatable=true, unique=false}
2019-05-06 11:12:37,841 DEBUG (org.hibernate.cfg.annotations.PropertyBinder:179) - MetadataSourceProcessor property lastPost with lazy=false
2019-05-06 11:12:37,842 DEBUG (org.hibernate.cfg.annotations.SimpleValueBinder:331) - building SimpleValue for lastPost
2019-05-06 11:12:37,842 DEBUG (org.hibernate.cfg.annotations.PropertyBinder:260) - Building property lastPost
2019-05-06 11:12:37,843 DEBUG (org.hibernate.cfg.Ejb3Column:196) - Binding column: Ejb3Column{table=org.hibernate.mapping.Table(t_topic), mappingColumn=topic_replies, insertable=true, updatable=true, unique=false}
2019-05-06 11:12:37,843 DEBUG (org.hibernate.cfg.annotations.PropertyBinder:179) - MetadataSourceProcessor property replies with lazy=false
2019-05-06 11:12:37,844 DEBUG (org.hibernate.cfg.annotations.SimpleValueBinder:331) - building SimpleValue for replies
2019-05-06 11:12:37,845 DEBUG (org.hibernate.cfg.annotations.PropertyBinder:260) - Building property replies
2019-05-06 11:12:37,846 DEBUG (org.hibernate.cfg.Ejb3Column:196) - Binding column: Ejb3Column{table=org.hibernate.mapping.Table(t_topic), mappingColumn=topic_title, insertable=true, updatable=true, unique=false}
2019-05-06 11:12:37,847 DEBUG (org.hibernate.cfg.annotations.PropertyBinder:179) - MetadataSourceProcessor property topicTitle with lazy=false
2019-05-06 11:12:37,848 DEBUG (org.hibernate.cfg.annotations.SimpleValueBinder:331) - building SimpleValue for topicTitle
2019-05-06 11:12:37,848 DEBUG (org.hibernate.cfg.annotations.PropertyBinder:260) - Building property topicTitle
2019-05-06 11:12:37,849 DEBUG (org.hibernate.cfg.Ejb3Column:196) - Binding column: Ejb3JoinColumn{logicalColumnName='user_id', referencedColumn='', mappedBy=''}
2019-05-06 11:12:37,850 DEBUG (org.hibernate.cfg.Ejb3Column:196) - Binding column: Ejb3Column{table=org.hibernate.mapping.Table(t_topic), mappingColumn=user, insertable=true, updatable=true, unique=false}
2019-05-06 11:12:37,851 DEBUG (org.hibernate.cfg.annotations.PropertyBinder:260) - Building property user
2019-05-06 11:12:37,851 DEBUG (org.hibernate.cfg.Ejb3Column:196) - Binding column: Ejb3Column{table=org.hibernate.mapping.Table(t_topic), mappingColumn=topic_views, insertable=true, updatable=true, unique=false}
2019-05-06 11:12:37,852 DEBUG (org.hibernate.cfg.annotations.PropertyBinder:179) - MetadataSourceProcessor property views with lazy=false
2019-05-06 11:12:37,852 DEBUG (org.hibernate.cfg.annotations.SimpleValueBinder:331) - building SimpleValue for views
2019-05-06 11:12:37,853 DEBUG (org.hibernate.cfg.annotations.PropertyBinder:260) - Building property views
2019-05-06 11:12:37,854 DEBUG (org.hibernate.cfg.AnnotationBinder:531) - Binding entity from annotated class: com.smart.domain.User
2019-05-06 11:12:37,854 DEBUG (org.hibernate.cfg.Ejb3Column:196) - Binding column: Ejb3DiscriminatorColumn{logicalColumnName'DTYPE', discriminatorTypeName='string'}
2019-05-06 11:12:37,855 DEBUG (org.hibernate.cfg.annotations.EntityBinder:394) - Import with entity name User
2019-05-06 11:12:37,855 DEBUG (org.hibernate.cfg.annotations.EntityBinder:564) - Bind entity com.smart.domain.User on table t_user
2019-05-06 11:12:37,858 DEBUG (org.hibernate.cfg.Ejb3Column:196) - Binding column: Ejb3Column{table=org.hibernate.mapping.Table(t_user), mappingColumn=user_id, insertable=true, updatable=true, unique=false}
2019-05-06 11:12:37,859 DEBUG (org.hibernate.cfg.annotations.PropertyBinder:179) - MetadataSourceProcessor property userId with lazy=false
2019-05-06 11:12:37,859 DEBUG (org.hibernate.cfg.annotations.SimpleValueBinder:331) - building SimpleValue for userId
2019-05-06 11:12:37,860 DEBUG (org.hibernate.cfg.annotations.PropertyBinder:260) - Building property userId
2019-05-06 11:12:37,860 DEBUG (org.hibernate.cfg.Ejb3Column:196) - Binding column: Ejb3Column{table=org.hibernate.mapping.Table(t_user), mappingColumn=credit, insertable=true, updatable=true, unique=false}
2019-05-06 11:12:37,861 DEBUG (org.hibernate.cfg.annotations.PropertyBinder:179) - MetadataSourceProcessor property credit with lazy=false
2019-05-06 11:12:37,861 DEBUG (org.hibernate.cfg.annotations.SimpleValueBinder:331) - building SimpleValue for credit
2019-05-06 11:12:37,862 DEBUG (org.hibernate.cfg.annotations.PropertyBinder:260) - Building property credit
2019-05-06 11:12:37,863 DEBUG (org.hibernate.cfg.Ejb3Column:196) - Binding column: Ejb3Column{table=org.hibernate.mapping.Table(t_user), mappingColumn=last_ip, insertable=true, updatable=true, unique=false}
2019-05-06 11:12:37,863 DEBUG (org.hibernate.cfg.annotations.PropertyBinder:179) - MetadataSourceProcessor property lastIp with lazy=false
2019-05-06 11:12:37,864 DEBUG (org.hibernate.cfg.annotations.SimpleValueBinder:331) - building SimpleValue for lastIp
2019-05-06 11:12:37,864 DEBUG (org.hibernate.cfg.annotations.PropertyBinder:260) - Building property lastIp
2019-05-06 11:12:37,864 DEBUG (org.hibernate.cfg.Ejb3Column:196) - Binding column: Ejb3Column{table=org.hibernate.mapping.Table(t_user), mappingColumn=last_visit, insertable=true, updatable=true, unique=false}
2019-05-06 11:12:37,865 DEBUG (org.hibernate.cfg.annotations.PropertyBinder:179) - MetadataSourceProcessor property lastVisit with lazy=false
2019-05-06 11:12:37,866 DEBUG (org.hibernate.cfg.annotations.SimpleValueBinder:331) - building SimpleValue for lastVisit
2019-05-06 11:12:37,866 DEBUG (org.hibernate.cfg.annotations.PropertyBinder:260) - Building property lastVisit
2019-05-06 11:12:37,867 DEBUG (org.hibernate.cfg.Ejb3Column:196) - Binding column: Ejb3Column{table=org.hibernate.mapping.Table(t_user), mappingColumn=locked, insertable=true, updatable=true, unique=false}
2019-05-06 11:12:37,868 DEBUG (org.hibernate.cfg.annotations.PropertyBinder:179) - MetadataSourceProcessor property locked with lazy=false
2019-05-06 11:12:37,868 DEBUG (org.hibernate.cfg.annotations.SimpleValueBinder:331) - building SimpleValue for locked
2019-05-06 11:12:37,869 DEBUG (org.hibernate.cfg.annotations.PropertyBinder:260) - Building property locked
2019-05-06 11:12:37,871 DEBUG (org.hibernate.cfg.Ejb3Column:196) - Binding column: Ejb3Column{table=org.hibernate.mapping.Table(t_user), mappingColumn=null, insertable=true, updatable=true, unique=false}
2019-05-06 11:12:37,872 DEBUG (org.hibernate.cfg.Ejb3Column:196) - Binding column: Ejb3Column{table=org.hibernate.mapping.Table(t_user), mappingColumn=element, insertable=true, updatable=true, unique=false}
2019-05-06 11:12:37,873 DEBUG (org.hibernate.cfg.Ejb3Column:196) - Binding column: Ejb3Column{table=org.hibernate.mapping.Table(t_user), mappingColumn=manBoards_KEY, insertable=true, updatable=true, unique=false}
2019-05-06 11:12:37,874 DEBUG (org.hibernate.cfg.Ejb3Column:196) - Binding column: Ejb3JoinColumn{logicalColumnName='manBoards_KEY', referencedColumn='null', mappedBy='null'}
2019-05-06 11:12:37,874 DEBUG (org.hibernate.cfg.Ejb3Column:196) - Binding column: Ejb3JoinColumn{logicalColumnName='user_id', referencedColumn='', mappedBy=''}
2019-05-06 11:12:37,875 DEBUG (org.hibernate.cfg.Ejb3Column:196) - Binding column: Ejb3JoinColumn{logicalColumnName='board_id', referencedColumn='', mappedBy=''}
2019-05-06 11:12:37,875 DEBUG (org.hibernate.cfg.annotations.CollectionBinder:400) - Collection role: com.smart.domain.User.manBoards
2019-05-06 11:12:37,876 DEBUG (org.hibernate.cfg.annotations.PropertyBinder:260) - Building property manBoards
2019-05-06 11:12:37,876 DEBUG (org.hibernate.cfg.Ejb3Column:196) - Binding column: Ejb3Column{table=org.hibernate.mapping.Table(t_user), mappingColumn=password, insertable=true, updatable=true, unique=false}
2019-05-06 11:12:37,877 DEBUG (org.hibernate.cfg.annotations.PropertyBinder:179) - MetadataSourceProcessor property password with lazy=false
2019-05-06 11:12:37,877 DEBUG (org.hibernate.cfg.annotations.SimpleValueBinder:331) - building SimpleValue for password
2019-05-06 11:12:37,878 DEBUG (org.hibernate.cfg.annotations.PropertyBinder:260) - Building property password
2019-05-06 11:12:37,878 DEBUG (org.hibernate.cfg.Ejb3Column:196) - Binding column: Ejb3Column{table=org.hibernate.mapping.Table(t_user), mappingColumn=user_name, insertable=true, updatable=true, unique=false}
2019-05-06 11:12:37,879 DEBUG (org.hibernate.cfg.annotations.PropertyBinder:179) - MetadataSourceProcessor property userName with lazy=false
2019-05-06 11:12:37,879 DEBUG (org.hibernate.cfg.annotations.SimpleValueBinder:331) - building SimpleValue for userName
2019-05-06 11:12:37,880 DEBUG (org.hibernate.cfg.annotations.PropertyBinder:260) - Building property userName
2019-05-06 11:12:37,880 DEBUG (org.hibernate.cfg.Ejb3Column:196) - Binding column: Ejb3Column{table=org.hibernate.mapping.Table(t_user), mappingColumn=user_type, insertable=true, updatable=true, unique=false}
2019-05-06 11:12:37,881 DEBUG (org.hibernate.cfg.annotations.PropertyBinder:179) - MetadataSourceProcessor property userType with lazy=false
2019-05-06 11:12:37,881 DEBUG (org.hibernate.cfg.annotations.SimpleValueBinder:331) - building SimpleValue for userType
2019-05-06 11:12:37,882 DEBUG (org.hibernate.cfg.annotations.PropertyBinder:260) - Building property userType
2019-05-06 11:12:37,883 DEBUG (org.hibernate.cfg.annotations.SimpleValueBinder:369) - Setting SimpleValue typeName for boardId
2019-05-06 11:12:37,883 DEBUG (org.hibernate.cfg.annotations.SimpleValueBinder:369) - Setting SimpleValue typeName for boardDesc
2019-05-06 11:12:37,883 DEBUG (org.hibernate.cfg.annotations.SimpleValueBinder:369) - Setting SimpleValue typeName for boardName
2019-05-06 11:12:37,884 DEBUG (org.hibernate.cfg.annotations.SimpleValueBinder:369) - Setting SimpleValue typeName for topicNum
2019-05-06 11:12:37,884 DEBUG (org.hibernate.cfg.annotations.SimpleValueBinder:369) - Setting SimpleValue typeName for loginLogId
2019-05-06 11:12:37,885 DEBUG (org.hibernate.cfg.annotations.SimpleValueBinder:369) - Setting SimpleValue typeName for ip
2019-05-06 11:12:37,886 DEBUG (org.hibernate.cfg.annotations.SimpleValueBinder:369) - Setting SimpleValue typeName for loginDate
2019-05-06 11:12:37,886 DEBUG (org.hibernate.cfg.annotations.SimpleValueBinder:369) - Setting SimpleValue typeName for postId
2019-05-06 11:12:37,887 DEBUG (org.hibernate.cfg.annotations.SimpleValueBinder:369) - Setting SimpleValue typeName for boardId
2019-05-06 11:12:37,887 DEBUG (org.hibernate.cfg.annotations.SimpleValueBinder:369) - Setting SimpleValue typeName for createTime
2019-05-06 11:12:37,888 DEBUG (org.hibernate.cfg.annotations.SimpleValueBinder:369) - Setting SimpleValue typeName for postText
2019-05-06 11:12:37,888 DEBUG (org.hibernate.cfg.annotations.SimpleValueBinder:369) - Setting SimpleValue typeName for postTitle
2019-05-06 11:12:37,889 DEBUG (org.hibernate.cfg.annotations.SimpleValueBinder:369) - Setting SimpleValue typeName for topicId
2019-05-06 11:12:37,889 DEBUG (org.hibernate.cfg.annotations.SimpleValueBinder:369) - Setting SimpleValue typeName for boardId
2019-05-06 11:12:37,889 DEBUG (org.hibernate.cfg.annotations.SimpleValueBinder:369) - Setting SimpleValue typeName for createTime
2019-05-06 11:12:37,890 DEBUG (org.hibernate.cfg.annotations.SimpleValueBinder:369) - Setting SimpleValue typeName for digest
2019-05-06 11:12:37,890 DEBUG (org.hibernate.cfg.annotations.SimpleValueBinder:369) - Setting SimpleValue typeName for lastPost
2019-05-06 11:12:37,890 DEBUG (org.hibernate.cfg.annotations.SimpleValueBinder:369) - Setting SimpleValue typeName for replies
2019-05-06 11:12:37,891 DEBUG (org.hibernate.cfg.annotations.SimpleValueBinder:369) - Setting SimpleValue typeName for topicTitle
2019-05-06 11:12:37,891 DEBUG (org.hibernate.cfg.annotations.SimpleValueBinder:369) - Setting SimpleValue typeName for views
2019-05-06 11:12:37,892 DEBUG (org.hibernate.cfg.annotations.SimpleValueBinder:369) - Setting SimpleValue typeName for userId
2019-05-06 11:12:37,892 DEBUG (org.hibernate.cfg.annotations.SimpleValueBinder:369) - Setting SimpleValue typeName for credit
2019-05-06 11:12:37,893 DEBUG (org.hibernate.cfg.annotations.SimpleValueBinder:369) - Setting SimpleValue typeName for lastIp
2019-05-06 11:12:37,893 DEBUG (org.hibernate.cfg.annotations.SimpleValueBinder:369) - Setting SimpleValue typeName for lastVisit
2019-05-06 11:12:37,893 DEBUG (org.hibernate.cfg.annotations.SimpleValueBinder:369) - Setting SimpleValue typeName for locked
2019-05-06 11:12:37,894 DEBUG (org.hibernate.cfg.annotations.SimpleValueBinder:369) - Setting SimpleValue typeName for password
2019-05-06 11:12:37,895 DEBUG (org.hibernate.cfg.annotations.SimpleValueBinder:369) - Setting SimpleValue typeName for userName
2019-05-06 11:12:37,895 DEBUG (org.hibernate.cfg.annotations.SimpleValueBinder:369) - Setting SimpleValue typeName for userType
2019-05-06 11:12:37,896 DEBUG (org.hibernate.cfg.Configuration:1406) - Processing fk mappings (*ToOne and JoinedSubclass)
2019-05-06 11:12:37,899 DEBUG (org.hibernate.cfg.Configuration:1585) - Processing extends queue
2019-05-06 11:12:37,900 DEBUG (org.hibernate.cfg.Configuration:1643) - Processing extends queue
2019-05-06 11:12:37,900 DEBUG (org.hibernate.cfg.Configuration:1588) - Processing collection mappings
2019-05-06 11:12:37,900 DEBUG (org.hibernate.cfg.CollectionSecondPass:64) - Second pass for collection: com.smart.domain.User.manBoards
2019-05-06 11:12:37,901 DEBUG (org.hibernate.cfg.annotations.CollectionBinder:1049) - Binding as ManyToMany: com.smart.domain.User.manBoards
2019-05-06 11:12:37,904 DEBUG (org.hibernate.cfg.CollectionSecondPass:80) - Mapped collection key: user_id, element: board_id
2019-05-06 11:12:37,904 DEBUG (org.hibernate.cfg.CollectionSecondPass:64) - Second pass for collection: com.smart.domain.Board.users
2019-05-06 11:12:37,906 DEBUG (org.hibernate.cfg.annotations.CollectionBinder:1049) - Binding as ManyToMany: com.smart.domain.Board.users
2019-05-06 11:12:37,906 DEBUG (org.hibernate.cfg.annotations.TableBinder:332) - Retrieving property com.smart.domain.User.manBoards
2019-05-06 11:12:37,906 DEBUG (org.hibernate.cfg.CollectionSecondPass:80) - Mapped collection key: board_id, element: user_id
2019-05-06 11:12:37,907 DEBUG (org.hibernate.cfg.Configuration:1598) - Processing native query and ResultSetMapping mappings
2019-05-06 11:12:37,907 DEBUG (org.hibernate.cfg.Configuration:1606) - Processing association property references
2019-05-06 11:12:37,908 DEBUG (org.hibernate.cfg.Configuration:1628) - Creating tables' unique integer identifiers
2019-05-06 11:12:37,908 DEBUG (org.hibernate.cfg.Configuration:1629) - Processing foreign key constraints
2019-05-06 11:12:37,908 DEBUG (org.hibernate.cfg.Configuration:1700) - Resolving reference to class: com.smart.domain.Board
2019-05-06 11:12:37,909 DEBUG (org.hibernate.cfg.Configuration:1700) - Resolving reference to class: com.smart.domain.User
2019-05-06 11:12:37,909 DEBUG (org.hibernate.cfg.Configuration:1700) - Resolving reference to class: com.smart.domain.User
2019-05-06 11:12:37,910 DEBUG (org.hibernate.cfg.Configuration:1700) - Resolving reference to class: com.smart.domain.Topic
2019-05-06 11:12:37,910 DEBUG (org.hibernate.cfg.Configuration:1700) - Resolving reference to class: com.smart.domain.User
2019-05-06 11:12:37,911 DEBUG (org.hibernate.cfg.Configuration:1700) - Resolving reference to class: com.smart.domain.User
Cannot create JDBC driver of class 'org.postgresql.Driver' for connect URL 'æ]]>&#x95;<![CDATA[°æ]]>&#x8d;<![CDATA[®åº]]>&#x93;<![CDATA[è¿]]>&#x9e;<![CDATA[æ]]>&#x8e;<![CDATA[¥'
java.sql.SQLException: No suitable driver
	at java.sql.DriverManager.getDriver(DriverManager.java:315)
	at org.apache.commons.dbcp.BasicDataSource.createConnectionFactory(BasicDataSource.java:1437)
	at org.apache.commons.dbcp.BasicDataSource.createDataSource(BasicDataSource.java:1371)
	at org.apache.commons.dbcp.BasicDataSource.getConnection(BasicDataSource.java:1044)
	at org.hibernate.service.jdbc.connections.internal.DatasourceConnectionProviderImpl.getConnection(DatasourceConnectionProviderImpl.java:141)
	at org.hibernate.engine.jdbc.internal.JdbcServicesImpl$ConnectionProviderJdbcConnectionAccess.obtainConnection(JdbcServicesImpl.java:242)
	at org.hibernate.engine.jdbc.internal.JdbcServicesImpl.configure(JdbcServicesImpl.java:117)
	at org.hibernate.service.internal.StandardServiceRegistryImpl.configureService(StandardServiceRegistryImpl.java:75)
	at org.hibernate.service.internal.AbstractServiceRegistryImpl.initializeService(AbstractServiceRegistryImpl.java:159)
	at org.hibernate.service.internal.AbstractServiceRegistryImpl.getService(AbstractServiceRegistryImpl.java:131)
	at org.hibernate.cfg.SettingsFactory.buildSettings(SettingsFactory.java:78)
	at org.hibernate.cfg.Configuration.buildSettingsInternal(Configuration.java:2283)
	at org.hibernate.cfg.Configuration.buildSettings(Configuration.java:2279)
	at org.springframework.orm.hibernate4.LocalSessionFactoryBuilder.buildSettings(LocalSessionFactoryBuilder.java:343)
	at org.hibernate.cfg.Configuration.buildSessionFactory(Configuration.java:1748)
	at org.hibernate.cfg.Configuration.buildSessionFactory(Configuration.java:1788)
	at org.springframework.orm.hibernate4.LocalSessionFactoryBuilder.buildSessionFactory(LocalSessionFactoryBuilder.java:372)
	at org.springframework.orm.hibernate4.LocalSessionFactoryBean.buildSessionFactory(LocalSessionFactoryBean.java:454)
	at org.springframework.orm.hibernate4.LocalSessionFactoryBean.afterPropertiesSet(LocalSessionFactoryBean.java:439)
	at org.springframework.beans.factory.support.AbstractAutowireCapableBeanFactory.invokeInitMethods(AbstractAutowireCapableBeanFactory.java:1637)
	at org.springframework.beans.factory.support.AbstractAutowireCapableBeanFactory.initializeBean(AbstractAutowireCapableBeanFactory.java:1574)
	at org.springframework.beans.factory.support.AbstractAutowireCapableBeanFactory.doCreateBean(AbstractAutowireCapableBeanFactory.java:545)
	at org.springframework.beans.factory.support.AbstractAutowireCapableBeanFactory.createBean(AbstractAutowireCapableBeanFactory.java:482)
	at org.springframework.beans.factory.support.AbstractBeanFactory$1.getObject(AbstractBeanFactory.java:305)
	at org.springframework.beans.factory.support.DefaultSingletonBeanRegistry.getSingleton(DefaultSingletonBeanRegistry.java:230)
	at org.springframework.beans.factory.support.AbstractBeanFactory.doGetBean(AbstractBeanFactory.java:301)
	at org.springframework.beans.factory.support.AbstractBeanFactory.getBean(AbstractBeanFactory.java:196)
	at org.springframework.context.annotation.ConfigurationClassEnhancer$BeanMethodInterceptor.intercept(ConfigurationClassEnhancer.java:294)
	at com.smart.config.DaoConfig$$EnhancerBySpringCGLIB$$b4546b24.localSessionFactoryBean(<generated>)
	at com.smart.config.DaoConfig.sessionFactory(DaoConfig.java:60)
	at com.smart.config.DaoConfig$$EnhancerBySpringCGLIB$$b4546b24.CGLIB$sessionFactory$2(<generated>)
	at com.smart.config.DaoConfig$$EnhancerBySpringCGLIB$$b4546b24$$FastClassBySpringCGLIB$$ff37ed1e.invoke(<generated>)
	at org.springframework.cglib.proxy.MethodProxy.invokeSuper(MethodProxy.java:228)
	at org.springframework.context.annotation.ConfigurationClassEnhancer$BeanMethodInterceptor.intercept(ConfigurationClassEnhancer.java:318)
	at com.smart.config.DaoConfig$$EnhancerBySpringCGLIB$$b4546b24.sessionFactory(<generated>)
	at sun.reflect.NativeMethodAccessorImpl.invoke0(Native Method)
	at sun.reflect.NativeMethodAccessorImpl.invoke(NativeMethodAccessorImpl.java:62)
	at sun.reflect.DelegatingMethodAccessorImpl.invoke(DelegatingMethodAccessorImpl.java:43)
	at java.lang.reflect.Method.invoke(Method.java:498)
	at org.springframework.beans.factory.support.SimpleInstantiationStrategy.instantiate(SimpleInstantiationStrategy.java:162)
	at org.springframework.beans.factory.support.ConstructorResolver.instantiateUsingFactoryMethod(ConstructorResolver.java:588)
	at org.springframework.beans.factory.support.AbstractAutowireCapableBeanFactory.instantiateUsingFactoryMethod(AbstractAutowireCapableBeanFactory.java:1123)
	at org.springframework.beans.factory.support.AbstractAutowireCapableBeanFactory.createBeanInstance(AbstractAutowireCapableBeanFactory.java:1018)
	at org.springframework.beans.factory.support.AbstractAutowireCapableBeanFactory.doCreateBean(AbstractAutowireCapableBeanFactory.java:510)
	at org.springframework.beans.factory.support.AbstractAutowireCapableBeanFactory.createBean(AbstractAutowireCapableBeanFactory.java:482)
	at org.springframework.beans.factory.support.AbstractBeanFactory$1.getObject(AbstractBeanFactory.java:305)
	at org.springframework.beans.factory.support.DefaultSingletonBeanRegistry.getSingleton(DefaultSingletonBeanRegistry.java:230)
	at org.springframework.beans.factory.support.AbstractBeanFactory.doGetBean(AbstractBeanFactory.java:301)
	at org.springframework.beans.factory.support.AbstractBeanFactory.getBean(AbstractBeanFactory.java:196)
	at org.springframework.context.annotation.ConfigurationClassEnhancer$BeanMethodInterceptor.intercept(ConfigurationClassEnhancer.java:331)
	at com.smart.config.DaoConfig$$EnhancerBySpringCGLIB$$b4546b24.sessionFactory(<generated>)
	at com.smart.config.DaoConfig.hibernateTemplate(DaoConfig.java:66)
	at com.smart.config.DaoConfig$$EnhancerBySpringCGLIB$$b4546b24.CGLIB$hibernateTemplate$3(<generated>)
	at com.smart.config.DaoConfig$$EnhancerBySpringCGLIB$$b4546b24$$FastClassBySpringCGLIB$$ff37ed1e.invoke(<generated>)
	at org.springframework.cglib.proxy.MethodProxy.invokeSuper(MethodProxy.java:228)
	at org.springframework.context.annotation.ConfigurationClassEnhancer$BeanMethodInterceptor.intercept(ConfigurationClassEnhancer.java:318)
	at com.smart.config.DaoConfig$$EnhancerBySpringCGLIB$$b4546b24.hibernateTemplate(<generated>)
	at sun.reflect.NativeMethodAccessorImpl.invoke0(Native Method)
	at sun.reflect.NativeMethodAccessorImpl.invoke(NativeMethodAccessorImpl.java:62)
	at sun.reflect.DelegatingMethodAccessorImpl.invoke(DelegatingMethodAccessorImpl.java:43)
	at java.lang.reflect.Method.invoke(Method.java:498)
	at org.springframework.beans.factory.support.SimpleInstantiationStrategy.instantiate(SimpleInstantiationStrategy.java:162)
	at org.springframework.beans.factory.support.ConstructorResolver.instantiateUsingFactoryMethod(ConstructorResolver.java:588)
	at org.springframework.beans.factory.support.AbstractAutowireCapableBeanFactory.instantiateUsingFactoryMethod(AbstractAutowireCapableBeanFactory.java:1123)
	at org.springframework.beans.factory.support.AbstractAutowireCapableBeanFactory.createBeanInstance(AbstractAutowireCapableBeanFactory.java:1018)
	at org.springframework.beans.factory.support.AbstractAutowireCapableBeanFactory.doCreateBean(AbstractAutowireCapableBeanFactory.java:510)
	at org.springframework.beans.factory.support.AbstractAutowireCapableBeanFactory.createBean(AbstractAutowireCapableBeanFactory.java:482)
	at org.springframework.beans.factory.support.AbstractBeanFactory$1.getObject(AbstractBeanFactory.java:305)
	at org.springframework.beans.factory.support.DefaultSingletonBeanRegistry.getSingleton(DefaultSingletonBeanRegistry.java:230)
	at org.springframework.beans.factory.support.AbstractBeanFactory.doGetBean(AbstractBeanFactory.java:301)
	at org.springframework.beans.factory.support.AbstractBeanFactory.getBean(AbstractBeanFactory.java:196)
	at org.springframework.beans.factory.support.DefaultListableBeanFactory.findAutowireCandidates(DefaultListableBeanFactory.java:1192)
	at org.springframework.beans.factory.support.DefaultListableBeanFactory.doResolveDependency(DefaultListableBeanFactory.java:1116)
	at org.springframework.beans.factory.support.DefaultListableBeanFactory.resolveDependency(DefaultListableBeanFactory.java:1014)
	at org.springframework.beans.factory.annotation.AutowiredAnnotationBeanPostProcessor$AutowiredMethodElement.inject(AutowiredAnnotationBeanPostProcessor.java:616)
	at org.springframework.beans.factory.annotation.InjectionMetadata.inject(InjectionMetadata.java:88)
	at org.springframework.beans.factory.annotation.AutowiredAnnotationBeanPostProcessor.postProcessPropertyValues(AutowiredAnnotationBeanPostProcessor.java:331)
	at org.springframework.beans.factory.support.AbstractAutowireCapableBeanFactory.populateBean(AbstractAutowireCapableBeanFactory.java:1214)
	at org.springframework.beans.factory.support.AbstractAutowireCapableBeanFactory.doCreateBean(AbstractAutowireCapableBeanFactory.java:543)
	at org.springframework.beans.factory.support.AbstractAutowireCapableBeanFactory.createBean(AbstractAutowireCapableBeanFactory.java:482)
	at org.springframework.beans.factory.support.AbstractBeanFactory$1.getObject(AbstractBeanFactory.java:305)
	at org.springframework.beans.factory.support.DefaultSingletonBeanRegistry.getSingleton(DefaultSingletonBeanRegistry.java:230)
	at org.springframework.beans.factory.support.AbstractBeanFactory.doGetBean(AbstractBeanFactory.java:301)
	at org.springframework.beans.factory.support.AbstractBeanFactory.getBean(AbstractBeanFactory.java:196)
	at org.springframework.beans.factory.support.DefaultListableBeanFactory.preInstantiateSingletons(DefaultListableBeanFactory.java:772)
	at org.springframework.context.support.AbstractApplicationContext.finishBeanFactoryInitialization(AbstractApplicationContext.java:835)
	at org.springframework.context.support.AbstractApplicationContext.refresh(AbstractApplicationContext.java:537)
	at org.springframework.test.context.support.AbstractGenericContextLoader.loadContext(AbstractGenericContextLoader.java:125)
	at org.springframework.test.context.support.AbstractGenericContextLoader.loadContext(AbstractGenericContextLoader.java:60)
	at org.springframework.test.context.support.AbstractDelegatingSmartContextLoader.delegateLoading(AbstractDelegatingSmartContextLoader.java:109)
	at org.springframework.test.context.support.AbstractDelegatingSmartContextLoader.loadContext(AbstractDelegatingSmartContextLoader.java:261)
	at org.springframework.test.context.cache.DefaultCacheAwareContextLoaderDelegate.loadContextInternal(DefaultCacheAwareContextLoaderDelegate.java:98)
	at org.springframework.test.context.cache.DefaultCacheAwareContextLoaderDelegate.loadContext(DefaultCacheAwareContextLoaderDelegate.java:116)
	at org.springframework.test.context.support.DefaultTestContext.getApplicationContext(DefaultTestContext.java:83)
	at sun.reflect.NativeMethodAccessorImpl.invoke0(Native Method)
	at sun.reflect.NativeMethodAccessorImpl.invoke(NativeMethodAccessorImpl.java:62)
	at sun.reflect.DelegatingMethodAccessorImpl.invoke(DelegatingMethodAccessorImpl.java:43)
	at java.lang.reflect.Method.invoke(Method.java:498)
	at org.springframework.util.ReflectionUtils.invokeMethod(ReflectionUtils.java:211)
	at org.springframework.util.ReflectionUtils.invokeMethod(ReflectionUtils.java:196)
	at com.github.springtestdbunit.DbUnitTestExecutionListener$DbUnitTestContextAdapter.getApplicationContext(DbUnitTestExecutionListener.java:255)
	at com.github.springtestdbunit.DbUnitTestExecutionListener.getDatabaseConnectionUsingCommonBeanNames(DbUnitTestExecutionListener.java:134)
	at com.github.springtestdbunit.DbUnitTestExecutionListener.prepareTestInstance(DbUnitTestExecutionListener.java:111)
	at com.github.springtestdbunit.DbUnitTestExecutionListener.prepareTestInstance(DbUnitTestExecutionListener.java:87)
	at com.github.springtestdbunit.TestExecutionListenerChain$2.call(TestExecutionListenerChain.java:86)
	at com.github.springtestdbunit.TestExecutionListenerChain.runChain(TestExecutionListenerChain.java:127)
	at com.github.springtestdbunit.TestExecutionListenerChain.forwards(TestExecutionListenerChain.java:116)
	at com.github.springtestdbunit.TestExecutionListenerChain.prepareTestInstance(TestExecutionListenerChain.java:84)
	at org.springframework.test.context.TestContextManager.prepareTestInstance(TestContextManager.java:228)
	at org.springframework.test.context.junit4.SpringJUnit4ClassRunner.createTest(SpringJUnit4ClassRunner.java:230)
	at org.springframework.test.context.junit4.SpringJUnit4ClassRunner$1.runReflectiveCall(SpringJUnit4ClassRunner.java:289)
	at org.junit.internal.runners.model.ReflectiveCallable.run(ReflectiveCallable.java:12)
	at org.springframework.test.context.junit4.SpringJUnit4ClassRunner.methodBlock(SpringJUnit4ClassRunner.java:291)
	at org.springframework.test.context.junit4.SpringJUnit4ClassRunner.runChild(SpringJUnit4ClassRunner.java:249)
	at org.springframework.test.context.junit4.SpringJUnit4ClassRunner.runChild(SpringJUnit4ClassRunner.java:89)
	at org.junit.runners.ParentRunner$3.run(ParentRunner.java:290)
	at org.junit.runners.ParentRunner$1.schedule(ParentRunner.java:71)
	at org.junit.runners.ParentRunner.runChildren(ParentRunner.java:288)
	at org.junit.runners.ParentRunner.access$000(ParentRunner.java:58)
	at org.junit.runners.ParentRunner$2.evaluate(ParentRunner.java:268)
	at org.springframework.test.context.junit4.statements.RunBeforeTestClassCallbacks.evaluate(RunBeforeTestClassCallbacks.java:61)
	at org.springframework.test.context.junit4.statements.RunAfterTestClassCallbacks.evaluate(RunAfterTestClassCallbacks.java:70)
	at org.junit.runners.ParentRunner.run(ParentRunner.java:363)
	at org.springframework.test.context.junit4.SpringJUnit4ClassRunner.run(SpringJUnit4ClassRunner.java:193)
	at org.gradle.api.internal.tasks.testing.junit.JUnitTestClassExecutor.runTestClass(JUnitTestClassExecutor.java:106)
	at org.gradle.api.internal.tasks.testing.junit.JUnitTestClassExecutor.execute(JUnitTestClassExecutor.java:58)
	at org.gradle.api.internal.tasks.testing.junit.JUnitTestClassExecutor.execute(JUnitTestClassExecutor.java:38)
	at org.gradle.api.internal.tasks.testing.junit.AbstractJUnitTestClassProcessor.processTestClass(AbstractJUnitTestClassProcessor.java:66)
	at org.gradle.api.internal.tasks.testing.SuiteTestClassProcessor.processTestClass(SuiteTestClassProcessor.java:51)
	at sun.reflect.NativeMethodAccessorImpl.invoke0(Native Method)
	at sun.reflect.NativeMethodAccessorImpl.invoke(NativeMethodAccessorImpl.java:62)
	at sun.reflect.DelegatingMethodAccessorImpl.invoke(DelegatingMethodAccessorImpl.java:43)
	at java.lang.reflect.Method.invoke(Method.java:498)
	at org.gradle.internal.dispatch.ReflectionDispatch.dispatch(ReflectionDispatch.java:35)
	at org.gradle.internal.dispatch.ReflectionDispatch.dispatch(ReflectionDispatch.java:24)
	at org.gradle.internal.dispatch.ContextClassLoaderDispatch.dispatch(ContextClassLoaderDispatch.java:32)
	at org.gradle.internal.dispatch.ProxyDispatchAdapter$DispatchingInvocationHandler.invoke(ProxyDispatchAdapter.java:93)
	at com.sun.proxy.$Proxy2.processTestClass(Unknown Source)
	at org.gradle.api.internal.tasks.testing.worker.TestWorker.processTestClass(TestWorker.java:117)
	at sun.reflect.NativeMethodAccessorImpl.invoke0(Native Method)
	at sun.reflect.NativeMethodAccessorImpl.invoke(NativeMethodAccessorImpl.java:62)
	at sun.reflect.DelegatingMethodAccessorImpl.invoke(DelegatingMethodAccessorImpl.java:43)
	at java.lang.reflect.Method.invoke(Method.java:498)
	at org.gradle.internal.dispatch.ReflectionDispatch.dispatch(ReflectionDispatch.java:35)
	at org.gradle.internal.dispatch.ReflectionDispatch.dispatch(ReflectionDispatch.java:24)
	at org.gradle.internal.remote.internal.hub.MessageHubBackedObjectConnection$DispatchWrapper.dispatch(MessageHubBackedObjectConnection.java:155)
	at org.gradle.internal.remote.internal.hub.MessageHubBackedObjectConnection$DispatchWrapper.dispatch(MessageHubBackedObjectConnection.java:137)
	at org.gradle.internal.remote.internal.hub.MessageHub$Handler.run(MessageHub.java:404)
	at org.gradle.internal.concurrent.ExecutorPolicy$CatchAndRecordFailures.onExecute(ExecutorPolicy.java:63)
	at org.gradle.internal.concurrent.ManagedExecutorImpl$1.run(ManagedExecutorImpl.java:46)
	at java.util.concurrent.ThreadPoolExecutor.runWorker(ThreadPoolExecutor.java:1149)
	at ja2019-05-06 11:12:37,934  WARN (org.hibernate.engine.jdbc.internal.JdbcServicesImpl:169) - HHH000342: Could not obtain connection to query metadata : Cannot create JDBC driver of class 'org.postgresql.Driver' for connect URL 'æ]]>&#x95;<![CDATA[°æ]]>&#x8d;<![CDATA[®åº]]>&#x93;<![CDATA[è¿]]>&#x9e;<![CDATA[æ]]>&#x8e;<![CDATA[¥'
2019-05-06 11:12:37,940  INFO (org.hibernate.dialect.Dialect:128) - HHH000400: Using dialect: org.hibernate.dialect.PostgreSQL82Dialect
2019-05-06 11:12:37,946  INFO (org.hibernate.engine.jdbc.internal.LobCreatorBuilder:85) - HHH000422: Disabling contextual LOB creation as connection was null
2019-05-06 11:12:37,955 DEBUG (org.hibernate.cfg.SettingsFactory:114) - Automatic flush during beforeCompletion(): disabled
2019-05-06 11:12:37,955 DEBUG (org.hibernate.cfg.SettingsFactory:120) - Automatic session close at end of transaction: disabled
2019-05-06 11:12:37,955 DEBUG (org.hibernate.cfg.SettingsFactory:147) - Scrollable result sets: disabled
2019-05-06 11:12:37,955 DEBUG (org.hibernate.cfg.SettingsFactory:153) - Wrap result sets: disabled
2019-05-06 11:12:37,956 DEBUG (org.hibernate.cfg.SettingsFactory:159) - JDBC3 getGeneratedKeys(): disabled
2019-05-06 11:12:37,956 DEBUG (org.hibernate.cfg.SettingsFactory:171) - multi-tenancy strategy : NONE
2019-05-06 11:12:37,957 DEBUG (org.hibernate.cfg.SettingsFactory:177) - Connection release mode: auto
2019-05-06 11:12:37,957  INFO (org.hibernate.engine.transaction.internal.TransactionFactoryInitiator:68) - HHH000399: Using default transaction strategy (direct JDBC transactions)
2019-05-06 11:12:37,959 DEBUG (org.hibernate.cfg.SettingsFactory:199) - Using BatchFetchStyle : LEGACY
2019-05-06 11:12:37,960 DEBUG (org.hibernate.cfg.SettingsFactory:224) - Default batch fetch size: 1
2019-05-06 11:12:37,960 DEBUG (org.hibernate.cfg.SettingsFactory:230) - Generate SQL with comments: disabled
2019-05-06 11:12:37,960 DEBUG (org.hibernate.cfg.SettingsFactory:236) - Order SQL updates by primary key: disabled
2019-05-06 11:12:37,961 DEBUG (org.hibernate.cfg.SettingsFactory:242) - Order SQL inserts for batching: disabled
2019-05-06 11:12:37,961 DEBUG (org.hibernate.cfg.SettingsFactory:250) - Default null ordering: none
2019-05-06 11:12:37,962 DEBUG (org.hibernate.cfg.SettingsFactory:541) - Query translator: org.hibernate.hql.internal.ast.ASTQueryTranslatorFactory
2019-05-06 11:12:37,963  INFO (org.hibernate.hql.internal.ast.ASTQueryTranslatorFactory:48) - HHH000397: Using ASTQueryTranslatorFactory
2019-05-06 11:12:37,963 DEBUG (org.hibernate.cfg.SettingsFactory:260) - Query language substitutions: {}
2019-05-06 11:12:37,963 DEBUG (org.hibernate.cfg.SettingsFactory:266) - JPA-QL strict compliance: disabled
2019-05-06 11:12:37,964 DEBUG (org.hibernate.cfg.SettingsFactory:274) - Second-level cache: enabled
2019-05-06 11:12:37,964 DEBUG (org.hibernate.cfg.SettingsFactory:280) - Query cache: disabled
2019-05-06 11:12:37,964 DEBUG (org.hibernate.cfg.SettingsFactory:481) - Cache region factory : org.hibernate.cache.ehcache.EhCacheRegionFactory
2019-05-06 11:12:37,979 DEBUG (org.hibernate.cfg.SettingsFactory:295) - Optimize cache for minimal puts: enabled
2019-05-06 11:12:37,980 DEBUG (org.hibernate.cfg.SettingsFactory:310) - Structured second-level cache entries: disabled
2019-05-06 11:12:37,980 DEBUG (org.hibernate.cfg.SettingsFactory:320) - Second-level cache direct-reference entries: disabled
2019-05-06 11:12:37,981 DEBUG (org.hibernate.cfg.SettingsFactory:328) - Statistics: enabled
2019-05-06 11:12:37,981 DEBUG (org.hibernate.cfg.SettingsFactory:334) - Deleted entity synthetic identifier rollback: disabled
2019-05-06 11:12:37,981 DEBUG (org.hibernate.cfg.SettingsFactory:358) - Default entity-mode: pojo
2019-05-06 11:12:37,982 DEBUG (org.hibernate.cfg.SettingsFactory:364) - Named query checking : enabled
2019-05-06 11:12:37,982 DEBUG (org.hibernate.cfg.SettingsFactory:370) - Check Nullability in Core (should be disabled when Bean Validation is on): enabled
2019-05-06 11:12:37,982 DEBUG (org.hibernate.cfg.SettingsFactory:388) - Allow initialization of lazy state outside session : : disabled
2019-05-06 11:12:37,983 DEBUG (org.hibernate.cfg.SettingsFactory:398) - JTA Track by Thread: enabled
2019-05-06 11:12:37,989 DEBUG (org.hibernate.internal.SessionFactoryImpl:225) - Building session factory
2019-05-06 11:12:38,270 DEBUG (org.hibernate.internal.SessionFactoryImpl:277) - Session factory constructed with filter configurations : {}
2019-05-06 11:12:38,270 DEBUG (org.hibernate.internal.SessionFactoryImpl:278) - Instantiating session factory with properties: {java.runtime.name=Java(TM) SE Runtime Environment, sun.boot.library.path=/Library/Java/JavaVirtualMachines/jdk1.8.0_191.jdk/Contents/Home/jre/lib, java.vm.version=25.191-b12, gopherProxySet=false, java.vm.vendor=Oracle Corporation, java.vendor.url=http://java.oracle.com/, path.separator=:, hibernate.cache.use_query_cache=false, java.vm.name=Java HotSpot(TM) 64-Bit Server VM, file.encoding.pkg=sun.io, user.country=CN, sun.java.launcher=SUN_STANDARD, sun.os.patch.level=unknown, java.vm.specification.name=Java Virtual Machine Specification, user.dir=/Users/eugeneyoung/Downloads/ubuntu/GitHub/zero-xml-forum/forum/forum1, java.runtime.version=1.8.0_191-b12, java.awt.graphicsenv=sun.awt.CGraphicsEnvironment, hibernate.current_session_context_class=org.springframework.orm.hibernate4.SpringSessionContext, java.endorsed.dirs=/Library/Java/JavaVirtualMachines/jdk1.8.0_191.jdk/Contents/Home/jre/lib/endorsed, os.arch=x86_64, java.io.tmpdir=/var/folders/sm/33fb1q_d06ggc_6b0_mw2tq00000gn/T/, line.separator=
, java.vm.specification.vendor=Oracle Corporation, user.variant=, os.name=Mac OS X, hibernate.cache.use_second_level_cache=true, sun.jnu.encoding=UTF-8, java.library.path=/Users/eugeneyoung/Library/Java/Extensions:/Library/Java/Extensions:/Network/Library/Java/Extensions:/System/Library/Java/Extensions:/usr/lib/java:., hibernate.connection.datasource=org.apache.commons.dbcp.BasicDataSource@3b1aba88, hibernate.generate_statistics=true, java.specification.name=Java Platform API Specification, java.class.version=52.0, org.gradle.native=false, sun.management.compiler=HotSpot 64-Bit Tiered Compilers, os.version=10.12.6, user.home=/Users/eugeneyoung, user.timezone=Asia/Shanghai, java.awt.printerjob=sun.lwawt.macosx.CPrinterJob, java.specification.version=1.8, file.encoding=UTF-8, user.name=eugeneyoung, java.class.path=/Users/eugeneyoung/Downloads/ubuntu/GitHub/zero-xml-forum/forum/forum1/build/classes/java/test:/Users/eugeneyoung/Downloads/ubuntu/GitHub/zero-xml-forum/forum/forum1/build/resources/test:/Users/eugeneyoung/Downloads/ubuntu/GitHub/zero-xml-forum/forum/forum1/build/classes/java/main:/Users/eugeneyoung/Downloads/ubuntu/GitHub/zero-xml-forum/forum/forum1/build/resources/main:/Users/eugeneyoung/.gradle/caches/modules-2/files-2.1/org.springframework/spring-orm/4.2.2.RELEASE/1ae9744e4c32618fdb007c65a804eaaf6eaa0a05/spring-orm-4.2.2.RELEASE.jar:/Users/eugeneyoung/.gradle/caches/modules-2/files-2.1/org.springframework/spring-jdbc/4.2.2.RELEASE/f77a7f5b7e3147958350d86331d3e7bea459306b/spring-jdbc-4.2.2.RELEASE.jar:/Users/eugeneyoung/.gradle/caches/modules-2/files-2.1/org.springframework/spring-tx/4.2.2.RELEASE/bc04eea145c8d7099b997c1436afcfc8b9bddf6b/spring-tx-4.2.2.RELEASE.jar:/Users/eugeneyoung/.gradle/caches/modules-2/files-2.1/org.springframework/spring-webmvc/4.2.2.RELEASE/4c929309bc6b7f3642c7d500e2ea11edca7270e8/spring-webmvc-4.2.2.RELEASE.jar:/Users/eugeneyoung/.gradle/caches/modules-2/files-2.1/org.springframework/spring-context-support/4.2.2.RELEASE/cfa157cb014248ebeaab19757605f2fc6267d2bd/spring-context-support-4.2.2.RELEASE.jar:/Users/eugeneyoung/.gradle/caches/modules-2/files-2.1/org.springframework/spring-web/4.2.2.RELEASE/1e5dc84520538d166c8b7a7186b9cf4e8f265694/spring-web-4.2.2.RELEASE.jar:/Users/eugeneyoung/.gradle/caches/modules-2/files-2.1/org.springframework/spring-context/4.2.2.RELEASE/f384619756dc640498cfbb955352ca9546c4630d/spring-context-4.2.2.RELEASE.jar:/Users/eugeneyoung/.gradle/caches/modules-2/files-2.1/org.springframework/spring-aop/4.2.2.RELEASE/b8d352f994790af6b54a5028255232316b74ca20/spring-aop-4.2.2.RELEASE.jar:/Users/eugeneyoung/.gradle/caches/modules-2/files-2.1/org.springframework/spring-beans/4.2.2.RELEASE/c0384c9b077c02ce34234ba258a5161c30ac6895/spring-beans-4.2.2.RELEASE.jar:/Users/eugeneyoung/.gradle/caches/modules-2/files-2.1/commons-lang/commons-lang/2.2/ef6449b62937bbd10e29ba9ed9a852754b861d26/commons-lang-2.2.jar:/Users/eugeneyoung/.gradle/caches/modules-2/files-2.1/commons-fileupload/commons-fileupload/1.3.1/c621b54583719ac0310404463d6d99db27e1052c/commons-fileupload-1.3.1.jar:/Users/eugeneyoung/.gradle/caches/modules-2/files-2.1/commons-dbcp/commons-dbcp/1.4/30be73c965cc990b153a100aaaaafcf239f82d39/commons-dbcp-1.4.jar:/Users/eugeneyoung/.gradle/caches/modules-2/files-2.1/javax.persistence/persistence-api/1.0/5725f57873e05e068803e2bf9d5a8ea3740ffec5/persistence-api-1.0.jar:/Users/eugeneyoung/.gradle/caches/modules-2/files-2.1/org.hibernate/hibernate-ehcache/4.2.0.Final/99a33eb34eabe0d501b2b0adcc5f014a5d6ac526/hibernate-ehcache-4.2.0.Final.jar:/Users/eugeneyoung/.gradle/caches/modules-2/files-2.1/org.hibernate/hibernate-core/4.2.0.Final/8542d0dbc6a68509efe9033e804bfe36005ba805/hibernate-core-4.2.0.Final.jar:/Users/eugeneyoung/.gradle/caches/modules-2/files-2.1/org.hibernate.javax.persistence/hibernate-jpa-2.0-api/1.0.1.Final/3306a165afa81938fc3d8a0948e891de9f6b192b/hibernate-jpa-2.0-api-1.0.1.Final.jar:/Users/eugeneyoung/.gradle/caches/modules-2/files-2.1/net.sf.ehcache/ehcache/2.10.0/b58cccb7c875480eaafdde54a68c46d6c46c905b/ehcache-2.10.0.jar:/Users/eugeneyoung/.gradle/caches/modules-2/files-2.1/org.apache.shiro/shiro-spring/1.2.4/584cf608719252dd4c0e7bc4d3b3dd7d4fe2e4d2/shiro-spring-1.2.4.jar:/Users/eugeneyoung/.gradle/caches/modules-2/files-2.1/org.apache.shiro/shiro-web/1.2.4/b8bc8646de7d7aa495cf6bc65f0e97da030c46f5/shiro-web-1.2.4.jar:/Users/eugeneyoung/.gradle/caches/modules-2/files-2.1/org.apache.shiro/shiro-core/1.2.4/88d46aa726ecbd626380324564b58e29232f1fcf/shiro-core-1.2.4.jar:/Users/eugeneyoung/.gradle/caches/modules-2/files-2.1/org.slf4j/slf4j-nop/1.7.12/8052427115f80679a17bd2af659c760df39829bd/slf4j-nop-1.7.12.jar:/Users/eugeneyoung/.gradle/caches/modules-2/files-2.1/org.slf4j/slf4j-log4j12/1.7.5/6edffc576ce104ec769d954618764f39f0f0f10d/slf4j-log4j12-1.7.5.jar:/Users/eugeneyoung/.gradle/caches/modules-2/files-2.1/org.dbunit/dbunit/2.5.1/455e3f8be3ad920f793659c3318d1a2281b1f759/dbunit-2.5.1.jar:/Users/eugeneyoung/.gradle/caches/modules-2/files-2.1/net.sf.ehcache/ehcache-core/2.4.3/fd258ef6959f27fb678b04f90139ded4588e2d15/ehcache-core-2.4.3.jar:/Users/eugeneyoung/.gradle/caches/modules-2/files-2.1/org.slf4j/slf4j-api/1.7.12/8e20852d05222dc286bf1c71d78d0531e177c317/slf4j-api-1.7.12.jar:/Users/eugeneyoung/.gradle/caches/modules-2/files-2.1/org.aspectj/aspectjrt/1.8.1/5e7a0fa36cc24ead36d885b9d775bb31ffa8524c/aspectjrt-1.8.1.jar:/Users/eugeneyoung/.gradle/caches/modules-2/files-2.1/org.aspectj/aspectjweaver/1.8.1/da75e95c91703667b2ae20acdd3d8ee40ea7aabd/aspectjweaver-1.8.1.jar:/Users/eugeneyoung/.gradle/caches/modules-2/files-2.1/aopalliance/aopalliance/1.0/235ba8b489512805ac13a8f9ea77a1ca5ebe3e8/aopalliance-1.0.jar:/Users/eugeneyoung/.gradle/caches/modules-2/files-2.1/javassist/javassist/3.6.0.GA/231ae32c1b165696970362bea2ff022ce268f545/javassist-3.6.0.GA.jar:/Users/eugeneyoung/.gradle/caches/modules-2/files-2.1/org.postgresql/postgresql/42.2.5/951b7eda125f3137538a94e2cbdcf744088ad4c2/postgresql-42.2.5.jar:/Users/eugeneyoung/.gradle/caches/modules-2/files-2.1/javax.servlet/jstl/1.2/74aca283cd4f4b4f3e425f5820cda58f44409547/jstl-1.2.jar:/Users/eugeneyoung/.gradle/caches/modules-2/files-2.1/com.fasterxml.jackson.core/jackson-databind/2.7.4/1e9c6f3659644aeac84872c3b62d8e363bf4c96d/jackson-databind-2.7.4.jar:/Users/eugeneyoung/.gradle/caches/modules-2/files-2.1/com.fasterxml.jackson.core/jackson-core/2.7.4/b8f38a249116b66d804a5ca2b14a3459b7913a94/jackson-core-2.7.4.jar:/Users/eugeneyoung/.gradle/caches/modules-2/files-2.1/com.fasterxml.jackson.core/jackson-annotations/2.7.4/84b2f8e53bd8a077d402bc99d9bce816c2b2d0f9/jackson-annotations-2.7.4.jar:/Users/eugeneyoung/.gradle/caches/modules-2/files-2.1/javax.servlet/javax.servlet-api/3.0.1/6bf0ebb7efd993e222fc1112377b5e92a13b38dd/javax.servlet-api-3.0.1.jar:/Users/eugeneyoung/.gradle/caches/modules-2/files-2.1/org.springframework/spring-test/4.2.2.RELEASE/39330e8e825ea9fd789684b8667248e31ccc2163/spring-test-4.2.2.RELEASE.jar:/Users/eugeneyoung/.gradle/caches/modules-2/files-2.1/org.mockito/mockito-all/1.10.19/539df70269cc254a58cccc5d8e43286b4a73bf30/mockito-all-1.10.19.jar:/Users/eugeneyoung/.gradle/caches/modules-2/files-2.1/com.github.springtestdbunit/spring-test-dbunit/1.2.0/11a8015d2443ee1b68d891b3445364c289033378/spring-test-dbunit-1.2.0.jar:/Users/eugeneyoung/.gradle/caches/modules-2/files-2.1/org.springframework/spring-expression/4.2.2.RELEASE/966ab265ede093a8cd24a09f32cf7ad96a24dc71/spring-expression-4.2.2.RELEASE.jar:/Users/eugeneyoung/.gradle/caches/modules-2/files-2.1/org.springframework/spring-core/4.2.2.RELEASE/963d6c9d0b546b6313fb51618ed5c080e8981ddc/spring-core-4.2.2.RELEASE.jar:/Users/eugeneyoung/.gradle/caches/modules-2/files-2.1/commons-io/commons-io/2.2/83b5b8a7ba1c08f9e8c8ff2373724e33d3c1e22a/commons-io-2.2.jar:/Users/eugeneyoung/.gradle/caches/modules-2/files-2.1/commons-pool/commons-pool/1.5.4/75b6e20c596ed2945a259cea26d7fadd298398e6/commons-pool-1.5.4.jar:/Users/eugeneyoung/.gradle/caches/modules-2/files-2.1/antlr/antlr/2.7.7/83cd2cd674a217ade95a4bb83a8a14f351f48bd0/antlr-2.7.7.jar:/Users/eugeneyoung/.gradle/caches/modules-2/files-2.1/org.hibernate.common/hibernate-commons-annotations/4.0.1.Final/78bcf608d997d0529be2f4f781fdc89e801c9e88/hibernate-commons-annotations-4.0.1.Final.jar:/Users/eugeneyoung/.gradle/caches/modules-2/files-2.1/org.jboss.logging/jboss-logging/3.1.0.GA/c71f2856e7b60efe485db39b37a31811e6c84365/jboss-logging-3.1.0.GA.jar:/Users/eugeneyoung/.gradle/caches/modules-2/files-2.1/org.jboss.spec.javax.transaction/jboss-transaction-api_1.1_spec/1.0.0.Final/2ab6236535e085d86f37fd97ddfdd35c88c1a419/jboss-transaction-api_1.1_spec-1.0.0.Final.jar:/Users/eugeneyoung/.gradle/caches/modules-2/files-2.1/dom4j/dom4j/1.6.1/5d3ccc056b6f056dbf0dddfdf43894b9065a8f94/dom4j-1.6.1.jar:/Users/eugeneyoung/.gradle/caches/modules-2/files-2.1/org.javassist/javassist/3.15.0-GA/79907309ca4bb4e5e51d4086cc4179b2611358d7/javassist-3.15.0-GA.jar:/Users/eugeneyoung/.gradle/caches/modules-2/files-2.1/commons-beanutils/commons-beanutils/1.8.3/686ef3410bcf4ab8ce7fd0b899e832aaba5facf7/commons-beanutils-1.8.3.jar:/Users/eugeneyoung/.gradle/caches/modules-2/files-2.1/log4j/log4j/1.2.17/5af35056b4d257e4b64b9e8069c0746e8b08629f/log4j-1.2.17.jar:/Users/eugeneyoung/.gradle/caches/modules-2/files-2.1/junit/junit/4.12/2973d150c0dc1fefe998f834810d68f278ea58ec/junit-4.12.jar:/Users/eugeneyoung/.gradle/caches/modules-2/files-2.1/commons-collections/commons-collections/3.2.1/761ea405b9b37ced573d2df0d1e3a4e0f9edc668/commons-collections-3.2.1.jar:/Users/eugeneyoung/.gradle/caches/modules-2/files-2.1/org.apache.poi/poi-ooxml/3.11/e87975291fbb65888468b09fda2cf00e2996c2a0/poi-ooxml-3.11.jar:/Users/eugeneyoung/.gradle/caches/modules-2/files-2.1/commons-logging/commons-logging/1.2/4bfc12adfe4842bf07b657f0369c4cb522955686/commons-logging-1.2.jar:/Users/eugeneyoung/.gradle/caches/modules-2/files-2.1/org.hamcrest/hamcrest-core/1.3/42a25dc3219429f0e5d060061f71acb49bf010a0/hamcrest-core-1.3.jar:/Users/eugeneyoung/.gradle/caches/modules-2/files-2.1/org.apache.poi/poi/3.11/51058d9db469437a5ed0aa508e7de8937019e1d9/poi-3.11.jar:/Users/eugeneyoung/.gradle/caches/modules-2/files-2.1/org.apache.poi/poi-ooxml-schemas/3.11/4f015e9125a65351a2e1d27c1f8c6af0ff4a34c8/poi-ooxml-schemas-3.11.jar:/Users/eugeneyoung/.gradle/caches/modules-2/files-2.1/commons-codec/commons-codec/1.9/9ce04e34240f674bc72680f8b843b1457383161a/commons-codec-1.9.jar:/Users/eugeneyoung/.gradle/caches/modules-2/files-2.1/org.apache.xmlbeans/xmlbeans/2.6.0/29e80d2dd51f9dcdef8f9ffaee0d4dc1c9bbfc87/xmlbeans-2.6.0.jar:/Users/eugeneyoung/.gradle/caches/modules-2/files-2.1/stax/stax-api/1.0.1/49c100caf72d658aca8e58bd74a4ba90fa2b0d70/stax-api-1.0.1.jar, hibernate.bytecode.use_reflection_optimizer=false, hibernate.show_sql=true, hibernate.classLoader.application=sun.misc.Launcher$AppClassLoader@2a139a55, java.vm.specification.version=1.8, sun.arch.data.model=64, java.home=/Library/Java/JavaVirtualMachines/jdk1.8.0_191.jdk/Contents/Home/jre, sun.java.command=worker.org.gradle.process.internal.worker.GradleWorkerMain 'Gradle Test Executor 1', hibernate.dialect=org.hibernate.dialect.PostgreSQL82Dialect, java.specification.vendor=Oracle Corporation, user.language=zh, awt.toolkit=sun.lwawt.macosx.LWCToolkit, java.vm.info=mixed mode, java.version=1.8.0_191, java.ext.dirs=/Users/eugeneyoung/Library/Java/Extensions:/Library/Java/JavaVirtualMachines/jdk1.8.0_191.jdk/Contents/Home/jre/lib/ext:/Library/Java/Extensions:/Network/Library/Java/Extensions:/System/Library/Java/Extensions:/usr/lib/java, sun.boot.class.path=/Library/Java/JavaVirtualMachines/jdk1.8.0_191.jdk/Contents/Home/jre/lib/resources.jar:/Library/Java/JavaVirtualMachines/jdk1.8.0_191.jdk/Contents/Home/jre/lib/rt.jar:/Library/Java/JavaVirtualMachines/jdk1.8.0_191.jdk/Contents/Home/jre/lib/sunrsasign.jar:/Library/Java/JavaVirtualMachines/jdk1.8.0_191.jdk/Contents/Home/jre/lib/jsse.jar:/Library/Java/JavaVirtualMachines/jdk1.8.0_191.jdk/Contents/Home/jre/lib/jce.jar:/Library/Java/JavaVirtualMachines/jdk1.8.0_191.jdk/Contents/Home/jre/lib/charsets.jar:/Library/Java/JavaVirtualMachines/jdk1.8.0_191.jdk/Contents/Home/jre/lib/jfr.jar:/Library/Java/JavaVirtualMachines/jdk1.8.0_191.jdk/Contents/Home/jre/classes, java.vendor=Oracle Corporation, org.gradle.test.worker=1, file.separator=/, hibernate.cache.region.factory_class=org.hibernate.cache.ehcache.EhCacheRegionFactory, java.vendor.url.bug=http://bugreport.sun.com/bugreport/, sun.cpu.endian=little, sun.io.unicode.encoding=UnicodeBig, sun.cpu.isalist=}
2019-05-06 11:12:38,277 DEBUG (org.hibernate.id.factory.internal.DefaultIdentifierGeneratorFactory:107) - Setting dialect [org.hibernate.dialect.PostgreSQL82Dialect]
2019-05-06 11:12:38,278 DEBUG (org.hibernate.id.factory.internal.DefaultIdentifierGeneratorFactory:107) - Setting dialect [org.hibernate.dialect.PostgreSQL82Dialect]
2019-05-06 11:12:38,278 DEBUG (org.hibernate.id.factory.internal.DefaultIdentifierGeneratorFactory:107) - Setting dialect [org.hibernate.dialect.PostgreSQL82Dialect]
2019-05-06 11:12:38,279 DEBUG (org.hibernate.id.factory.internal.DefaultIdentifierGeneratorFactory:107) - Setting dialect [org.hibernate.dialect.PostgreSQL82Dialect]
2019-05-06 11:12:38,279 DEBUG (org.hibernate.id.factory.internal.DefaultIdentifierGeneratorFactory:107) - Setting dialect [org.hibernate.dialect.PostgreSQL82Dialect]
2019-05-06 11:12:38,284  WARN (org.hibernate.cache.ehcache.AbstractEhcacheRegionFactory:180) - HHH020003: Could not find a specific ehcache configuration for cache named [com.smart.domain.Board]; using defaults.
2019-05-06 11:12:38,290 DEBUG (org.hibernate.cache.ehcache.AbstractEhcacheRegionFactory:183) - started EHCache region: com.smart.domain.Board
2019-05-06 11:12:38,411 DEBUG (org.hibernate.persister.entity.AbstractEntityPersister:3582) - Static SQL for entity: com.smart.domain.Board
2019-05-06 11:12:38,412 DEBUG (org.hibernate.persister.entity.AbstractEntityPersister:3587) -  Version select: select board_id from t_board where board_id =?
2019-05-06 11:12:38,413 DEBUG (org.hibernate.persister.entity.AbstractEntityPersister:3590) -  Snapshot select: select board_.board_id, board_.board_desc as board2_0_, board_.board_name as board3_0_, board_.topic_num as topic4_0_ from t_board board_ where board_.board_id=?
2019-05-06 11:12:38,414 DEBUG (org.hibernate.persister.entity.AbstractEntityPersister:3593) -  Insert 0: insert into t_board (board_desc, board_name, topic_num, board_id) values (?, ?, ?, ?)
2019-05-06 11:12:38,414 DEBUG (org.hibernate.persister.entity.AbstractEntityPersister:3594) -  Update 0: update t_board set board_desc=?, board_name=?, topic_num=? where board_id=?
2019-05-06 11:12:38,415 DEBUG (org.hibernate.persister.entity.AbstractEntityPersister:3595) -  Delete 0: delete from t_board where board_id=?
2019-05-06 11:12:38,415 DEBUG (org.hibernate.persister.entity.AbstractEntityPersister:3598) -  Identity insert: insert into t_board (board_desc, board_name, topic_num) values (?, ?, ?)
2019-05-06 11:12:38,416  WARN (org.hibernate.cache.ehcache.AbstractEhcacheRegionFactory:180) - HHH020003: Could not find a specific ehcache configuration for cache named [com.smart.domain.Topic]; using defaults.
2019-05-06 11:12:38,422 DEBUG (org.hibernate.cache.ehcache.AbstractEhcacheRegionFactory:183) - started EHCache region: com.smart.domain.Topic
2019-05-06 11:12:38,428 DEBUG (org.hibernate.persister.entity.AbstractEntityPersister:3582) - Static SQL for entity: com.smart.domain.Topic
2019-05-06 11:12:38,428 DEBUG (org.hibernate.persister.entity.AbstractEntityPersister:3587) -  Version select: select topic_id from t_topic where topic_id =?
2019-05-06 11:12:38,428 DEBUG (org.hibernate.persister.entity.AbstractEntityPersister:3590) -  Snapshot select: select topic_.topic_id, topic_.board_id as board2_4_, topic_.create_time as create3_4_, topic_.digest as digest4_4_, topic_.last_post as last5_4_, topic_.topic_replies as topic6_4_, topic_.topic_title as topic7_4_, topic_.user_id as user9_4_, topic_.topic_views as topic8_4_ from t_topic topic_ where topic_.topic_id=?
2019-05-06 11:12:38,429 DEBUG (org.hibernate.persister.entity.AbstractEntityPersister:3593) -  Insert 0: insert into t_topic (board_id, create_time, digest, last_post, topic_replies, topic_title, user_id, topic_views, topic_id) values (?, ?, ?, ?, ?, ?, ?, ?, ?)
2019-05-06 11:12:38,429 DEBUG (org.hibernate.persister.entity.AbstractEntityPersister:3594) -  Update 0: update t_topic set board_id=?, create_time=?, digest=?, last_post=?, topic_replies=?, topic_title=?, user_id=?, topic_views=? where topic_id=?
2019-05-06 11:12:38,429 DEBUG (org.hibernate.persister.entity.AbstractEntityPersister:3595) -  Delete 0: delete from t_topic where topic_id=?
2019-05-06 11:12:38,430 DEBUG (org.hibernate.persister.entity.AbstractEntityPersister:3598) -  Identity insert: insert into t_topic (board_id, create_time, digest, last_post, topic_replies, topic_title, user_id, topic_views) values (?, ?, ?, ?, ?, ?, ?, ?)
2019-05-06 11:12:38,430  WARN (org.hibernate.cache.ehcache.AbstractEhcacheRegionFactory:180) - HHH020003: Could not find a specific ehcache configuration for cache named [com.smart.domain.User]; using defaults.
2019-05-06 11:12:38,436 DEBUG (org.hibernate.cache.ehcache.AbstractEhcacheRegionFactory:183) - started EHCache region: com.smart.domain.User
2019-05-06 11:12:38,440 DEBUG (org.hibernate.persister.entity.AbstractEntityPersister:3582) - Static SQL for entity: com.smart.domain.User
2019-05-06 11:12:38,440 DEBUG (org.hibernate.persister.entity.AbstractEntityPersister:3587) -  Version select: select user_id from t_user where user_id =?
2019-05-06 11:12:38,440 DEBUG (org.hibernate.persister.entity.AbstractEntityPersister:3590) -  Snapshot select: select user_.user_id, user_.credit as credit2_5_, user_.last_ip as last3_5_, user_.last_visit as last4_5_, user_.locked as locked5_5_, user_.password as password6_5_, user_.user_name as user7_5_, user_.user_type as user8_5_ from t_user user_ where user_.user_id=?
2019-05-06 11:12:38,440 DEBUG (org.hibernate.persister.entity.AbstractEntityPersister:3593) -  Insert 0: insert into t_user (credit, last_ip, last_visit, locked, password, user_name, user_type, user_id) values (?, ?, ?, ?, ?, ?, ?, ?)
2019-05-06 11:12:38,441 DEBUG (org.hibernate.persister.entity.AbstractEntityPersister:3594) -  Update 0: update t_user set credit=?, last_ip=?, last_visit=?, locked=?, password=?, user_name=?, user_type=? where user_id=?
2019-05-06 11:12:38,441 DEBUG (org.hibernate.persister.entity.AbstractEntityPersister:3595) -  Delete 0: delete from t_user where user_id=?
2019-05-06 11:12:38,441 DEBUG (org.hibernate.persister.entity.AbstractEntityPersister:3598) -  Identity insert: insert into t_user (credit, last_ip, last_visit, locked, password, user_name, user_type) values (?, ?, ?, ?, ?, ?, ?)
2019-05-06 11:12:38,442  WARN (org.hibernate.cache.ehcache.AbstractEhcacheRegionFactory:180) - HHH020003: Could not find a specific ehcache configuration for cache named [com.smart.domain.LoginLog]; using defaults.
2019-05-06 11:12:38,447 DEBUG (org.hibernate.cache.ehcache.AbstractEhcacheRegionFactory:183) - started EHCache region: com.smart.domain.LoginLog
2019-05-06 11:12:38,451 DEBUG (org.hibernate.persister.entity.AbstractEntityPersister:3582) - Static SQL for entity: com.smart.domain.LoginLog
2019-05-06 11:12:38,451 DEBUG (org.hibernate.persister.entity.AbstractEntityPersister:3587) -  Version select: select login_log_id from t_login_log where login_log_id =?
2019-05-06 11:12:38,451 DEBUG (org.hibernate.persister.entity.AbstractEntityPersister:3590) -  Snapshot select: select loginlog_.login_log_id, loginlog_.ip as ip2_2_, loginlog_.login_datetime as login3_2_, loginlog_.user_id as user4_2_ from t_login_log loginlog_ where loginlog_.login_log_id=?
2019-05-06 11:12:38,452 DEBUG (org.hibernate.persister.entity.AbstractEntityPersister:3593) -  Insert 0: insert into t_login_log (ip, login_datetime, user_id, login_log_id) values (?, ?, ?, ?)
2019-05-06 11:12:38,452 DEBUG (org.hibernate.persister.entity.AbstractEntityPersister:3594) -  Update 0: update t_login_log set ip=?, login_datetime=?, user_id=? where login_log_id=?
2019-05-06 11:12:38,452 DEBUG (org.hibernate.persister.entity.AbstractEntityPersister:3595) -  Delete 0: delete from t_login_log where login_log_id=?
2019-05-06 11:12:38,453 DEBUG (org.hibernate.persister.entity.AbstractEntityPersister:3598) -  Identity insert: insert into t_login_log (ip, login_datetime, user_id) values (?, ?, ?)
2019-05-06 11:12:38,453  WARN (org.hibernate.cache.ehcache.AbstractEhcacheRegionFactory:180) - HHH020003: Could not find a specific ehcache configuration for cache named [com.smart.domain.Post]; using defaults.
2019-05-06 11:12:38,457 DEBUG (org.hibernate.cache.ehcache.AbstractEhcacheRegionFactory:183) - started EHCache region: com.smart.domain.Post
2019-05-06 11:12:38,461 DEBUG (org.hibernate.persister.entity.AbstractEntityPersister:3582) - Static SQL for entity: com.smart.domain.Post
2019-05-06 11:12:38,461 DEBUG (org.hibernate.persister.entity.AbstractEntityPersister:3587) -  Version select: select post_id from t_post where post_id =?
2019-05-06 11:12:38,461 DEBUG (org.hibernate.persister.entity.AbstractEntityPersister:3590) -  Snapshot select: select post_.post_id, post_.board_id as board3_3_, post_.create_time as create4_3_, post_.post_text as post5_3_, post_.post_title as post6_3_, post_.topic_id as topic7_3_, post_.user_id as user8_3_ from t_post post_ where post_.post_id=?
2019-05-06 11:12:38,462 DEBUG (org.hibernate.persister.entity.AbstractEntityPersister:3593) -  Insert 0: insert into t_post (board_id, create_time, post_text, post_title, topic_id, user_id, post_type, post_id) values (?, ?, ?, ?, ?, ?, '1', ?)
2019-05-06 11:12:38,462 DEBUG (org.hibernate.persister.entity.AbstractEntityPersister:3594) -  Update 0: update t_post set board_id=?, create_time=?, post_text=?, post_title=?, topic_id=?, user_id=? where post_id=?
2019-05-06 11:12:38,462 DEBUG (org.hibernate.persister.entity.AbstractEntityPersister:3595) -  Delete 0: delete from t_post where post_id=?
2019-05-06 11:12:38,463 DEBUG (org.hibernate.persister.entity.AbstractEntityPersister:3598) -  Identity insert: insert into t_post (board_id, create_time, post_text, post_title, topic_id, user_id, post_type) values (?, ?, ?, ?, ?, ?, '1')
2019-05-06 11:12:38,467 DEBUG (org.hibernate.persister.entity.AbstractEntityPersister:3582) - Static SQL for entity: com.smart.domain.MainPost
2019-05-06 11:12:38,467 DEBUG (org.hibernate.persister.entity.AbstractEntityPersister:3587) -  Version select: select post_id from t_post where post_id =?
2019-05-06 11:12:38,467 DEBUG (org.hibernate.persister.entity.AbstractEntityPersister:3590) -  Snapshot select: select mainpost_.post_id, mainpost_.board_id as board3_3_, mainpost_.create_time as create4_3_, mainpost_.post_text as post5_3_, mainpost_.post_title as post6_3_, mainpost_.topic_id as topic7_3_, mainpost_.user_id as user8_3_ from t_post mainpost_ where mainpost_.post_id=?
2019-05-06 11:12:38,467 DEBUG (org.hibernate.persister.entity.AbstractEntityPersister:3593) -  Insert 0: insert into t_post (board_id, create_time, post_text, post_title, topic_id, user_id, post_type, post_id) values (?, ?, ?, ?, ?, ?, '2', ?)
2019-05-06 11:12:38,468 DEBUG (org.hibernate.persister.entity.AbstractEntityPersister:3594) -  Update 0: update t_post set board_id=?, create_time=?, post_text=?, post_title=?, topic_id=?, user_id=? where post_id=?
2019-05-06 11:12:38,468 DEBUG (org.hibernate.persister.entity.AbstractEntityPersister:3595) -  Delete 0: delete from t_post where post_id=?
2019-05-06 11:12:38,468 DEBUG (org.hibernate.persister.entity.AbstractEntityPersister:3598) -  Identity insert: insert into t_post (board_id, create_time, post_text, post_title, topic_id, user_id, post_type) values (?, ?, ?, ?, ?, ?, '2')
2019-05-06 11:12:38,476 DEBUG (org.hibernate.persister.collection.AbstractCollectionPersister:665) - Static SQL for collection: com.smart.domain.Board.users
2019-05-06 11:12:38,476 DEBUG (org.hibernate.persister.collection.AbstractCollectionPersister:666) -  Row insert: insert into t_board_manager (board_id, user_id) values (?, ?)
2019-05-06 11:12:38,476 DEBUG (org.hibernate.persister.collection.AbstractCollectionPersister:667) -  Row update: update t_board_manager set user_id=? where board_id=? and user_id=?
2019-05-06 11:12:38,477 DEBUG (org.hibernate.persister.collection.AbstractCollectionPersister:668) -  Row delete: delete from t_board_manager where board_id=? and user_id=?
2019-05-06 11:12:38,477 DEBUG (org.hibernate.persister.collection.AbstractCollectionPersister:669) -  One-shot delete: delete from t_board_manager where board_id=?
2019-05-06 11:12:38,477 DEBUG (org.hibernate.persister.collection.AbstractCollectionPersister:665) - Static SQL for collection: com.smart.domain.User.manBoards
2019-05-06 11:12:38,478 DEBUG (org.hibernate.persister.collection.AbstractCollectionPersister:666) -  Row insert: insert into t_board_manager (user_id, board_id) values (?, ?)
2019-05-06 11:12:38,478 DEBUG (org.hibernate.persister.collection.AbstractCollectionPersister:667) -  Row update: update t_board_manager set board_id=? where user_id=? and board_id=?
2019-05-06 11:12:38,478 DEBUG (org.hibernate.persister.collection.AbstractCollectionPersister:668) -  Row delete: delete from t_board_manager where user_id=? and board_id=?
2019-05-06 11:12:38,478 DEBUG (org.hibernate.persister.collection.AbstractCollectionPersister:669) -  One-shot delete: delete from t_board_manager where user_id=?
2019-05-06 11:12:38,495 DEBUG (org.hibernate.loader.Loader:123) - Static select for entity com.smart.domain.Board [NONE]: select board0_.board_id as board1_0_0_, board0_.board_desc as board2_0_0_, board0_.board_name as board3_0_0_, board0_.topic_num as topic4_0_0_ from t_board board0_ where board0_.board_id=?
2019-05-06 11:12:38,495 DEBUG (org.hibernate.loader.Loader:123) - Static select for entity com.smart.domain.Board [READ]: select board0_.board_id as board1_0_0_, board0_.board_desc as board2_0_0_, board0_.board_name as board3_0_0_, board0_.topic_num as topic4_0_0_ from t_board board0_ where board0_.board_id=?
2019-05-06 11:12:38,496 DEBUG (org.hibernate.loader.Loader:123) - Static select for entity com.smart.domain.Board [UPGRADE]: select board0_.board_id as board1_0_0_, board0_.board_desc as board2_0_0_, board0_.board_name as board3_0_0_, board0_.topic_num as topic4_0_0_ from t_board board0_ where board0_.board_id=? for update
2019-05-06 11:12:38,496 DEBUG (org.hibernate.loader.Loader:123) - Static select for entity com.smart.domain.Board [UPGRADE_NOWAIT]: select board0_.board_id as board1_0_0_, board0_.board_desc as board2_0_0_, board0_.board_name as board3_0_0_, board0_.topic_num as topic4_0_0_ from t_board board0_ where board0_.board_id=? for update nowait 
2019-05-06 11:12:38,496 DEBUG (org.hibernate.loader.Loader:123) - Static select for entity com.smart.domain.Board [FORCE]: select board0_.board_id as board1_0_0_, board0_.board_desc as board2_0_0_, board0_.board_name as board3_0_0_, board0_.topic_num as topic4_0_0_ from t_board board0_ where board0_.board_id=? for update nowait 
2019-05-06 11:12:38,497 DEBUG (org.hibernate.loader.Loader:123) - Static select for entity com.smart.domain.Board [PESSIMISTIC_READ]: select board0_.board_id as board1_0_0_, board0_.board_desc as board2_0_0_, board0_.board_name as board3_0_0_, board0_.topic_num as topic4_0_0_ from t_board board0_ where board0_.board_id=? for share
2019-05-06 11:12:38,497 DEBUG (org.hibernate.loader.Loader:123) - Static select for entity com.smart.domain.Board [PESSIMISTIC_WRITE]: select board0_.board_id as board1_0_0_, board0_.board_desc as board2_0_0_, board0_.board_name as board3_0_0_, board0_.topic_num as topic4_0_0_ from t_board board0_ where board0_.board_id=? for update
2019-05-06 11:12:38,497 DEBUG (org.hibernate.loader.Loader:123) - Static select for entity com.smart.domain.Board [PESSIMISTIC_FORCE_INCREMENT]: select board0_.board_id as board1_0_0_, board0_.board_desc as board2_0_0_, board0_.board_name as board3_0_0_, board0_.topic_num as topic4_0_0_ from t_board board0_ where board0_.board_id=? for update nowait 
2019-05-06 11:12:38,498 DEBUG (org.hibernate.loader.Loader:123) - Static select for entity com.smart.domain.Board [OPTIMISTIC]: select board0_.board_id as board1_0_0_, board0_.board_desc as board2_0_0_, board0_.board_name as board3_0_0_, board0_.topic_num as topic4_0_0_ from t_board board0_ where board0_.board_id=?
2019-05-06 11:12:38,498 DEBUG (org.hibernate.loader.Loader:123) - Static select for entity com.smart.domain.Board [OPTIMISTIC_FORCE_INCREMENT]: select board0_.board_id as board1_0_0_, board0_.board_desc as board2_0_0_, board0_.board_name as board3_0_0_, board0_.topic_num as topic4_0_0_ from t_board board0_ where board0_.board_id=?
2019-05-06 11:12:38,504 DEBUG (org.hibernate.loader.Loader:56) - Static select for action ACTION_MERGE on entity com.smart.domain.Board: select board0_.board_id as board1_0_1_, board0_.board_desc as board2_0_1_, board0_.board_name as board3_0_1_, board0_.topic_num as topic4_0_1_, users1_.board_id as board2_0_3_, user2_.user_id as user1_1_3_, user2_.user_id as user1_5_0_, user2_.credit as credit2_5_0_, user2_.last_ip as last3_5_0_, user2_.last_visit as last4_5_0_, user2_.locked as locked5_5_0_, user2_.password as password6_5_0_, user2_.user_name as user7_5_0_, user2_.user_type as user8_5_0_ from t_board board0_ left outer join t_board_manager users1_ on board0_.board_id=users1_.board_id left outer join t_user user2_ on users1_.user_id=user2_.user_id where board0_.board_id=?
2019-05-06 11:12:38,505 DEBUG (org.hibernate.loader.Loader:56) - Static select for action ACTION_REFRESH on entity com.smart.domain.Board: select board0_.board_id as board1_0_0_, board0_.board_desc as board2_0_0_, board0_.board_name as board3_0_0_, board0_.topic_num as topic4_0_0_ from t_board board0_ where board0_.board_id=?
2019-05-06 11:12:38,505 DEBUG (org.hibernate.loader.Loader:123) - Static select for entity com.smart.domain.Topic [NONE]: select topic0_.topic_id as topic1_4_2_, topic0_.board_id as board2_4_2_, topic0_.create_time as create3_4_2_, topic0_.digest as digest4_4_2_, topic0_.last_post as last5_4_2_, topic0_.topic_replies as topic6_4_2_, topic0_.topic_title as topic7_4_2_, topic0_.user_id as user9_4_2_, topic0_.topic_views as topic8_4_2_, user1_.user_id as user1_5_0_, user1_.credit as credit2_5_0_, user1_.last_ip as last3_5_0_, user1_.last_visit as last4_5_0_, user1_.locked as locked5_5_0_, user1_.password as password6_5_0_, user1_.user_name as user7_5_0_, user1_.user_type as user8_5_0_, manboards2_.user_id as user1_5_4_, board3_.board_id as board2_1_4_, board3_.board_id as board1_0_1_, board3_.board_desc as board2_0_1_, board3_.board_name as board3_0_1_, board3_.topic_num as topic4_0_1_ from t_topic topic0_ left outer join t_user user1_ on topic0_.user_id=user1_.user_id left outer join t_board_manager manboards2_ on user1_.user_id=manboards2_.user_id left outer join t_board board3_ on manboards2_.board_id=board3_.board_id where topic0_.topic_id=?
2019-05-06 11:12:38,506 DEBUG (org.hibernate.loader.Loader:123) - Static select for entity com.smart.domain.Topic [READ]: select topic0_.topic_id as topic1_4_2_, topic0_.board_id as board2_4_2_, topic0_.create_time as create3_4_2_, topic0_.digest as digest4_4_2_, topic0_.last_post as last5_4_2_, topic0_.topic_replies as topic6_4_2_, topic0_.topic_title as topic7_4_2_, topic0_.user_id as user9_4_2_, topic0_.topic_views as topic8_4_2_, user1_.user_id as user1_5_0_, user1_.credit as credit2_5_0_, user1_.last_ip as last3_5_0_, user1_.last_visit as last4_5_0_, user1_.locked as locked5_5_0_, user1_.password as password6_5_0_, user1_.user_name as user7_5_0_, user1_.user_type as user8_5_0_, manboards2_.user_id as user1_5_4_, board3_.board_id as board2_1_4_, board3_.board_id as board1_0_1_, board3_.board_desc as board2_0_1_, board3_.board_name as board3_0_1_, board3_.topic_num as topic4_0_1_ from t_topic topic0_ left outer join t_user user1_ on topic0_.user_id=user1_.user_id left outer join t_board_manager manboards2_ on user1_.user_id=manboards2_.user_id left outer join t_board board3_ on manboards2_.board_id=board3_.board_id where topic0_.topic_id=?
2019-05-06 11:12:38,507 DEBUG (org.hibernate.loader.Loader:123) - Static select for entity com.smart.domain.Topic [UPGRADE]: select topic0_.topic_id as topic1_4_0_, topic0_.board_id as board2_4_0_, topic0_.create_time as create3_4_0_, topic0_.digest as digest4_4_0_, topic0_.last_post as last5_4_0_, topic0_.topic_replies as topic6_4_0_, topic0_.topic_title as topic7_4_0_, topic0_.user_id as user9_4_0_, topic0_.topic_views as topic8_4_0_ from t_topic topic0_ where topic0_.topic_id=? for update
2019-05-06 11:12:38,507 DEBUG (org.hibernate.loader.Loader:123) - Static select for entity com.smart.domain.Topic [UPGRADE_NOWAIT]: select topic0_.topic_id as topic1_4_0_, topic0_.board_id as board2_4_0_, topic0_.create_time as create3_4_0_, topic0_.digest as digest4_4_0_, topic0_.last_post as last5_4_0_, topic0_.topic_replies as topic6_4_0_, topic0_.topic_title as topic7_4_0_, topic0_.user_id as user9_4_0_, topic0_.topic_views as topic8_4_0_ from t_topic topic0_ where topic0_.topic_id=? for update nowait 
2019-05-06 11:12:38,508 DEBUG (org.hibernate.loader.Loader:123) - Static select for entity com.smart.domain.Topic [FORCE]: select topic0_.topic_id as topic1_4_0_, topic0_.board_id as board2_4_0_, topic0_.create_time as create3_4_0_, topic0_.digest as digest4_4_0_, topic0_.last_post as last5_4_0_, topic0_.topic_replies as topic6_4_0_, topic0_.topic_title as topic7_4_0_, topic0_.user_id as user9_4_0_, topic0_.topic_views as topic8_4_0_ from t_topic topic0_ where topic0_.topic_id=? for update nowait 
2019-05-06 11:12:38,509 DEBUG (org.hibernate.loader.Loader:123) - Static select for entity com.smart.domain.Topic [PESSIMISTIC_READ]: select topic0_.topic_id as topic1_4_0_, topic0_.board_id as board2_4_0_, topic0_.create_time as create3_4_0_, topic0_.digest as digest4_4_0_, topic0_.last_post as last5_4_0_, topic0_.topic_replies as topic6_4_0_, topic0_.topic_title as topic7_4_0_, topic0_.user_id as user9_4_0_, topic0_.topic_views as topic8_4_0_ from t_topic topic0_ where topic0_.topic_id=? for share
2019-05-06 11:12:38,509 DEBUG (org.hibernate.loader.Loader:123) - Static select for entity com.smart.domain.Topic [PESSIMISTIC_WRITE]: select topic0_.topic_id as topic1_4_0_, topic0_.board_id as board2_4_0_, topic0_.create_time as create3_4_0_, topic0_.digest as digest4_4_0_, topic0_.last_post as last5_4_0_, topic0_.topic_replies as topic6_4_0_, topic0_.topic_title as topic7_4_0_, topic0_.user_id as user9_4_0_, topic0_.topic_views as topic8_4_0_ from t_topic topic0_ where topic0_.topic_id=? for update
2019-05-06 11:12:38,509 DEBUG (org.hibernate.loader.Loader:123) - Static select for entity com.smart.domain.Topic [PESSIMISTIC_FORCE_INCREMENT]: select topic0_.topic_id as topic1_4_0_, topic0_.board_id as board2_4_0_, topic0_.create_time as create3_4_0_, topic0_.digest as digest4_4_0_, topic0_.last_post as last5_4_0_, topic0_.topic_replies as topic6_4_0_, topic0_.topic_title as topic7_4_0_, topic0_.user_id as user9_4_0_, topic0_.topic_views as topic8_4_0_ from t_topic topic0_ where topic0_.topic_id=? for update nowait 
2019-05-06 11:12:38,510 DEBUG (org.hibernate.loader.Loader:123) - Static select for entity com.smart.domain.Topic [OPTIMISTIC]: select topic0_.topic_id as topic1_4_0_, topic0_.board_id as board2_4_0_, topic0_.create_time as create3_4_0_, topic0_.digest as digest4_4_0_, topic0_.last_post as last5_4_0_, topic0_.topic_replies as topic6_4_0_, topic0_.topic_title as topic7_4_0_, topic0_.user_id as user9_4_0_, topic0_.topic_views as topic8_4_0_ from t_topic topic0_ where topic0_.topic_id=?
2019-05-06 11:12:38,511 DEBUG (org.hibernate.loader.Loader:123) - Static select for entity com.smart.domain.Topic [OPTIMISTIC_FORCE_INCREMENT]: select topic0_.topic_id as topic1_4_0_, topic0_.board_id as board2_4_0_, topic0_.create_time as create3_4_0_, topic0_.digest as digest4_4_0_, topic0_.last_post as last5_4_0_, topic0_.topic_replies as topic6_4_0_, topic0_.topic_title as topic7_4_0_, topic0_.user_id as user9_4_0_, topic0_.topic_views as topic8_4_0_ from t_topic topic0_ where topic0_.topic_id=?
2019-05-06 11:12:38,511 DEBUG (org.hibernate.loader.Loader:56) - Static select for action ACTION_MERGE on entity com.smart.domain.Topic: select topic0_.topic_id as topic1_4_0_, topic0_.board_id as board2_4_0_, topic0_.create_time as create3_4_0_, topic0_.digest as digest4_4_0_, topic0_.last_post as last5_4_0_, topic0_.topic_replies as topic6_4_0_, topic0_.topic_title as topic7_4_0_, topic0_.user_id as user9_4_0_, topic0_.topic_views as topic8_4_0_ from t_topic topic0_ where topic0_.topic_id=?
2019-05-06 11:12:38,512 DEBUG (org.hibernate.loader.Loader:56) - Static select for action ACTION_REFRESH on entity com.smart.domain.Topic: select topic0_.topic_id as topic1_4_0_, topic0_.board_id as board2_4_0_, topic0_.create_time as create3_4_0_, topic0_.digest as digest4_4_0_, topic0_.last_post as last5_4_0_, topic0_.topic_replies as topic6_4_0_, topic0_.topic_title as topic7_4_0_, topic0_.user_id as user9_4_0_, topic0_.topic_views as topic8_4_0_ from t_topic topic0_ where topic0_.topic_id=?
2019-05-06 11:12:38,513 DEBUG (org.hibernate.loader.Loader:123) - Static select for entity com.smart.domain.User [NONE]: select user0_.user_id as user1_5_1_, user0_.credit as credit2_5_1_, user0_.last_ip as last3_5_1_, user0_.last_visit as last4_5_1_, user0_.locked as locked5_5_1_, user0_.password as password6_5_1_, user0_.user_name as user7_5_1_, user0_.user_type as user8_5_1_, manboards1_.user_id as user1_5_3_, board2_.board_id as board2_1_3_, board2_.board_id as board1_0_0_, board2_.board_desc as board2_0_0_, board2_.board_name as board3_0_0_, board2_.topic_num as topic4_0_0_ from t_user user0_ left outer join t_board_manager manboards1_ on user0_.user_id=manboards1_.user_id left outer join t_board board2_ on manboards1_.board_id=board2_.board_id where user0_.user_id=?
2019-05-06 11:12:38,513 DEBUG (org.hibernate.loader.Loader:123) - Static select for entity com.smart.domain.User [READ]: select user0_.user_id as user1_5_1_, user0_.credit as credit2_5_1_, user0_.last_ip as last3_5_1_, user0_.last_visit as last4_5_1_, user0_.locked as locked5_5_1_, user0_.password as password6_5_1_, user0_.user_name as user7_5_1_, user0_.user_type as user8_5_1_, manboards1_.user_id as user1_5_3_, board2_.board_id as board2_1_3_, board2_.board_id as board1_0_0_, board2_.board_desc as board2_0_0_, board2_.board_name as board3_0_0_, board2_.topic_num as topic4_0_0_ from t_user user0_ left outer join t_board_manager manboards1_ on user0_.user_id=manboards1_.user_id left outer join t_board board2_ on manboards1_.board_id=board2_.board_id where user0_.user_id=?
2019-05-06 11:12:38,514 DEBUG (org.hibernate.loader.Loader:123) - Static select for entity com.smart.domain.User [UPGRADE]: select user0_.user_id as user1_5_0_, user0_.credit as credit2_5_0_, user0_.last_ip as last3_5_0_, user0_.last_visit as last4_5_0_, user0_.locked as locked5_5_0_, user0_.password as password6_5_0_, user0_.user_name as user7_5_0_, user0_.user_type as user8_5_0_ from t_user user0_ where user0_.user_id=? for update
2019-05-06 11:12:38,515 DEBUG (org.hibernate.loader.Loader:123) - Static select for entity com.smart.domain.User [UPGRADE_NOWAIT]: select user0_.user_id as user1_5_0_, user0_.credit as credit2_5_0_, user0_.last_ip as last3_5_0_, user0_.last_visit as last4_5_0_, user0_.locked as locked5_5_0_, user0_.password as password6_5_0_, user0_.user_name as user7_5_0_, user0_.user_type as user8_5_0_ from t_user user0_ where user0_.user_id=? for update nowait 
2019-05-06 11:12:38,515 DEBUG (org.hibernate.loader.Loader:123) - Static select for entity com.smart.domain.User [FORCE]: select user0_.user_id as user1_5_0_, user0_.credit as credit2_5_0_, user0_.last_ip as last3_5_0_, user0_.last_visit as last4_5_0_, user0_.locked as locked5_5_0_, user0_.password as password6_5_0_, user0_.user_name as user7_5_0_, user0_.user_type as user8_5_0_ from t_user user0_ where user0_.user_id=? for update nowait 
2019-05-06 11:12:38,516 DEBUG (org.hibernate.loader.Loader:123) - Static select for entity com.smart.domain.User [PESSIMISTIC_READ]: select user0_.user_id as user1_5_0_, user0_.credit as credit2_5_0_, user0_.last_ip as last3_5_0_, user0_.last_visit as last4_5_0_, user0_.locked as locked5_5_0_, user0_.password as password6_5_0_, user0_.user_name as user7_5_0_, user0_.user_type as user8_5_0_ from t_user user0_ where user0_.user_id=? for share
2019-05-06 11:12:38,517 DEBUG (org.hibernate.loader.Loader:123) - Static select for entity com.smart.domain.User [PESSIMISTIC_WRITE]: select user0_.user_id as user1_5_0_, user0_.credit as credit2_5_0_, user0_.last_ip as last3_5_0_, user0_.last_visit as last4_5_0_, user0_.locked as locked5_5_0_, user0_.password as password6_5_0_, user0_.user_name as user7_5_0_, user0_.user_type as user8_5_0_ from t_user user0_ where user0_.user_id=? for update
2019-05-06 11:12:38,518 DEBUG (org.hibernate.loader.Loader:123) - Static select for entity com.smart.domain.User [PESSIMISTIC_FORCE_INCREMENT]: select user0_.user_id as user1_5_0_, user0_.credit as credit2_5_0_, user0_.last_ip as last3_5_0_, user0_.last_visit as last4_5_0_, user0_.locked as locked5_5_0_, user0_.password as password6_5_0_, user0_.user_name as user7_5_0_, user0_.user_type as user8_5_0_ from t_user user0_ where user0_.user_id=? for update nowait 
2019-05-06 11:12:38,518 DEBUG (org.hibernate.loader.Loader:123) - Static select for entity com.smart.domain.User [OPTIMISTIC]: select user0_.user_id as user1_5_0_, user0_.credit as credit2_5_0_, user0_.last_ip as last3_5_0_, user0_.last_visit as last4_5_0_, user0_.locked as locked5_5_0_, user0_.password as password6_5_0_, user0_.user_name as user7_5_0_, user0_.user_type as user8_5_0_ from t_user user0_ where user0_.user_id=?
2019-05-06 11:12:38,519 DEBUG (org.hibernate.loader.Loader:123) - Static select for entity com.smart.domain.User [OPTIMISTIC_FORCE_INCREMENT]: select user0_.user_id as user1_5_0_, user0_.credit as credit2_5_0_, user0_.last_ip as last3_5_0_, user0_.last_visit as last4_5_0_, user0_.locked as locked5_5_0_, user0_.password as password6_5_0_, user0_.user_name as user7_5_0_, user0_.user_type as user8_5_0_ from t_user user0_ where user0_.user_id=?
2019-05-06 11:12:38,520 DEBUG (org.hibernate.loader.Loader:56) - Static select for action ACTION_MERGE on entity com.smart.domain.User: select user0_.user_id as user1_5_1_, user0_.credit as credit2_5_1_, user0_.last_ip as last3_5_1_, user0_.last_visit as last4_5_1_, user0_.locked as locked5_5_1_, user0_.password as password6_5_1_, user0_.user_name as user7_5_1_, user0_.user_type as user8_5_1_, manboards1_.user_id as user1_5_3_, board2_.board_id as board2_1_3_, board2_.board_id as board1_0_0_, board2_.board_desc as board2_0_0_, board2_.board_name as board3_0_0_, board2_.topic_num as topic4_0_0_ from t_user user0_ left outer join t_board_manager manboards1_ on user0_.user_id=manboards1_.user_id left outer join t_board board2_ on manboards1_.board_id=board2_.board_id where user0_.user_id=?
2019-05-06 11:12:38,520 DEBUG (org.hibernate.loader.Loader:56) - Static select for action ACTION_REFRESH on entity com.smart.domain.User: select user0_.user_id as user1_5_0_, user0_.credit as credit2_5_0_, user0_.last_ip as last3_5_0_, user0_.last_visit as last4_5_0_, user0_.locked as locked5_5_0_, user0_.password as password6_5_0_, user0_.user_name as user7_5_0_, user0_.user_type as user8_5_0_ from t_user user0_ where user0_.user_id=?
2019-05-06 11:12:38,521 DEBUG (org.hibernate.loader.Loader:123) - Static select for entity com.smart.domain.LoginLog [NONE]: select loginlog0_.login_log_id as login1_2_2_, loginlog0_.ip as ip2_2_2_, loginlog0_.login_datetime as login3_2_2_, loginlog0_.user_id as user4_2_2_, user1_.user_id as user1_5_0_, user1_.credit as credit2_5_0_, user1_.last_ip as last3_5_0_, user1_.last_visit as last4_5_0_, user1_.locked as locked5_5_0_, user1_.password as password6_5_0_, user1_.user_name as user7_5_0_, user1_.user_type as user8_5_0_, manboards2_.user_id as user1_5_4_, board3_.board_id as board2_1_4_, board3_.board_id as board1_0_1_, board3_.board_desc as board2_0_1_, board3_.board_name as board3_0_1_, board3_.topic_num as topic4_0_1_ from t_login_log loginlog0_ left outer join t_user user1_ on loginlog0_.user_id=user1_.user_id left outer join t_board_manager manboards2_ on user1_.user_id=manboards2_.user_id left outer join t_board board3_ on manboards2_.board_id=board3_.board_id where loginlog0_.login_log_id=?
2019-05-06 11:12:38,522 DEBUG (org.hibernate.loader.Loader:123) - Static select for entity com.smart.domain.LoginLog [READ]: select loginlog0_.login_log_id as login1_2_2_, loginlog0_.ip as ip2_2_2_, loginlog0_.login_datetime as login3_2_2_, loginlog0_.user_id as user4_2_2_, user1_.user_id as user1_5_0_, user1_.credit as credit2_5_0_, user1_.last_ip as last3_5_0_, user1_.last_visit as last4_5_0_, user1_.locked as locked5_5_0_, user1_.password as password6_5_0_, user1_.user_name as user7_5_0_, user1_.user_type as user8_5_0_, manboards2_.user_id as user1_5_4_, board3_.board_id as board2_1_4_, board3_.board_id as board1_0_1_, board3_.board_desc as board2_0_1_, board3_.board_name as board3_0_1_, board3_.topic_num as topic4_0_1_ from t_login_log loginlog0_ left outer join t_user user1_ on loginlog0_.user_id=user1_.user_id left outer join t_board_manager manboards2_ on user1_.user_id=manboards2_.user_id left outer join t_board board3_ on manboards2_.board_id=board3_.board_id where loginlog0_.login_log_id=?
2019-05-06 11:12:38,523 DEBUG (org.hibernate.loader.Loader:123) - Static select for entity com.smart.domain.LoginLog [UPGRADE]: select loginlog0_.login_log_id as login1_2_0_, loginlog0_.ip as ip2_2_0_, loginlog0_.login_datetime as login3_2_0_, loginlog0_.user_id as user4_2_0_ from t_login_log loginlog0_ where loginlog0_.login_log_id=? for update
2019-05-06 11:12:38,523 DEBUG (org.hibernate.loader.Loader:123) - Static select for entity com.smart.domain.LoginLog [UPGRADE_NOWAIT]: select loginlog0_.login_log_id as login1_2_0_, loginlog0_.ip as ip2_2_0_, loginlog0_.login_datetime as login3_2_0_, loginlog0_.user_id as user4_2_0_ from t_login_log loginlog0_ where loginlog0_.login_log_id=? for update nowait 
2019-05-06 11:12:38,524 DEBUG (org.hibernate.loader.Loader:123) - Static select for entity com.smart.domain.LoginLog [FORCE]: select loginlog0_.login_log_id as login1_2_0_, loginlog0_.ip as ip2_2_0_, loginlog0_.login_datetime as login3_2_0_, loginlog0_.user_id as user4_2_0_ from t_login_log loginlog0_ where loginlog0_.login_log_id=? for update nowait 
2019-05-06 11:12:38,525 DEBUG (org.hibernate.loader.Loader:123) - Static select for entity com.smart.domain.LoginLog [PESSIMISTIC_READ]: select loginlog0_.login_log_id as login1_2_0_, loginlog0_.ip as ip2_2_0_, loginlog0_.login_datetime as login3_2_0_, loginlog0_.user_id as user4_2_0_ from t_login_log loginlog0_ where loginlog0_.login_log_id=? for share
2019-05-06 11:12:38,525 DEBUG (org.hibernate.loader.Loader:123) - Static select for entity com.smart.domain.LoginLog [PESSIMISTIC_WRITE]: select loginlog0_.login_log_id as login1_2_0_, loginlog0_.ip as ip2_2_0_, loginlog0_.login_datetime as login3_2_0_, loginlog0_.user_id as user4_2_0_ from t_login_log loginlog0_ where loginlog0_.login_log_id=? for update
2019-05-06 11:12:38,526 DEBUG (org.hibernate.loader.Loader:123) - Static select for entity com.smart.domain.LoginLog [PESSIMISTIC_FORCE_INCREMENT]: select loginlog0_.login_log_id as login1_2_0_, loginlog0_.ip as ip2_2_0_, loginlog0_.login_datetime as login3_2_0_, loginlog0_.user_id as user4_2_0_ from t_login_log loginlog0_ where loginlog0_.login_log_id=? for update nowait 
2019-05-06 11:12:38,526 DEBUG (org.hibernate.loader.Loader:123) - Static select for entity com.smart.domain.LoginLog [OPTIMISTIC]: select loginlog0_.login_log_id as login1_2_0_, loginlog0_.ip as ip2_2_0_, loginlog0_.login_datetime as login3_2_0_, loginlog0_.user_id as user4_2_0_ from t_login_log loginlog0_ where loginlog0_.login_log_id=?
2019-05-06 11:12:38,527 DEBUG (org.hibernate.loader.Loader:123) - Static select for entity com.smart.domain.LoginLog [OPTIMISTIC_FORCE_INCREMENT]: select loginlog0_.login_log_id as login1_2_0_, loginlog0_.ip as ip2_2_0_, loginlog0_.login_datetime as login3_2_0_, loginlog0_.user_id as user4_2_0_ from t_login_log loginlog0_ where loginlog0_.login_log_id=?
2019-05-06 11:12:38,527 DEBUG (org.hibernate.loader.Loader:56) - Static select for action ACTION_MERGE on entity com.smart.domain.LoginLog: select loginlog0_.login_log_id as login1_2_0_, loginlog0_.ip as ip2_2_0_, loginlog0_.login_datetime as login3_2_0_, loginlog0_.user_id as user4_2_0_ from t_login_log loginlog0_ where loginlog0_.login_log_id=?
2019-05-06 11:12:38,527 DEBUG (org.hibernate.loader.Loader:56) - Static select for action ACTION_REFRESH on entity com.smart.domain.LoginLog: select loginlog0_.login_log_id as login1_2_0_, loginlog0_.ip as ip2_2_0_, loginlog0_.login_datetime as login3_2_0_, loginlog0_.user_id as user4_2_0_ from t_login_log loginlog0_ where loginlog0_.login_log_id=?
2019-05-06 11:12:38,528 DEBUG (org.hibernate.loader.Loader:123) - Static select for entity com.smart.domain.Post [NONE]: select post0_.post_id as post2_3_4_, post0_.board_id as board3_3_4_, post0_.create_time as create4_3_4_, post0_.post_text as post5_3_4_, post0_.post_title as post6_3_4_, post0_.topic_id as topic7_3_4_, post0_.user_id as user8_3_4_, post0_.post_type as post1_3_4_, topic1_.topic_id as topic1_4_0_, topic1_.board_id as board2_4_0_, topic1_.create_time as create3_4_0_, topic1_.digest as digest4_4_0_, topic1_.last_post as last5_4_0_, topic1_.topic_replies as topic6_4_0_, topic1_.topic_title as topic7_4_0_, topic1_.user_id as user9_4_0_, topic1_.topic_views as topic8_4_0_, user2_.user_id as user1_5_1_, user2_.credit as credit2_5_1_, user2_.last_ip as last3_5_1_, user2_.last_visit as last4_5_1_, user2_.locked as locked5_5_1_, user2_.password as password6_5_1_, user2_.user_name as user7_5_1_, user2_.user_type as user8_5_1_, manboards3_.user_id as user1_5_6_, board4_.board_id as board2_1_6_, board4_.board_id as board1_0_2_, board4_.board_desc as board2_0_2_, board4_.board_name as board3_0_2_, board4_.topic_num as topic4_0_2_, user5_.user_id as user1_5_3_, user5_.credit as credit2_5_3_, user5_.last_ip as last3_5_3_, user5_.last_visit as last4_5_3_, user5_.locked as locked5_5_3_, user5_.password as password6_5_3_, user5_.user_name as user7_5_3_, user5_.user_type as user8_5_3_ from t_post post0_ left outer join t_topic topic1_ on post0_.topic_id=topic1_.topic_id left outer join t_user user2_ on topic1_.user_id=user2_.user_id left outer join t_board_manager manboards3_ on user2_.user_id=manboards3_.user_id left outer join t_board board4_ on manboards3_.board_id=board4_.board_id left outer join t_user user5_ on post0_.user_id=user5_.user_id where post0_.post_id=?
2019-05-06 11:12:38,529 DEBUG (org.hibernate.loader.Loader:123) - Static select for entity com.smart.domain.Post [READ]: select post0_.post_id as post2_3_4_, post0_.board_id as board3_3_4_, post0_.create_time as create4_3_4_, post0_.post_text as post5_3_4_, post0_.post_title as post6_3_4_, post0_.topic_id as topic7_3_4_, post0_.user_id as user8_3_4_, post0_.post_type as post1_3_4_, topic1_.topic_id as topic1_4_0_, topic1_.board_id as board2_4_0_, topic1_.create_time as create3_4_0_, topic1_.digest as digest4_4_0_, topic1_.last_post as last5_4_0_, topic1_.topic_replies as topic6_4_0_, topic1_.topic_title as topic7_4_0_, topic1_.user_id as user9_4_0_, topic1_.topic_views as topic8_4_0_, user2_.user_id as user1_5_1_, user2_.credit as credit2_5_1_, user2_.last_ip as last3_5_1_, user2_.last_visit as last4_5_1_, user2_.locked as locked5_5_1_, user2_.password as password6_5_1_, user2_.user_name as user7_5_1_, user2_.user_type as user8_5_1_, manboards3_.user_id as user1_5_6_, board4_.board_id as board2_1_6_, board4_.board_id as board1_0_2_, board4_.board_desc as board2_0_2_, board4_.board_name as board3_0_2_, board4_.topic_num as topic4_0_2_, user5_.user_id as user1_5_3_, user5_.credit as credit2_5_3_, user5_.last_ip as last3_5_3_, user5_.last_visit as last4_5_3_, user5_.locked as locked5_5_3_, user5_.password as password6_5_3_, user5_.user_name as user7_5_3_, user5_.user_type as user8_5_3_ from t_post post0_ left outer join t_topic topic1_ on post0_.topic_id=topic1_.topic_id left outer join t_user user2_ on topic1_.user_id=user2_.user_id left outer join t_board_manager manboards3_ on user2_.user_id=manboards3_.user_id left outer join t_board board4_ on manboards3_.board_id=board4_.board_id left outer join t_user user5_ on post0_.user_id=user5_.user_id where post0_.post_id=?
2019-05-06 11:12:38,529 DEBUG (org.hibernate.loader.Loader:123) - Static select for entity com.smart.domain.Post [UPGRADE]: select post0_.post_id as post2_3_0_, post0_.board_id as board3_3_0_, post0_.create_time as create4_3_0_, post0_.post_text as post5_3_0_, post0_.post_title as post6_3_0_, post0_.topic_id as topic7_3_0_, post0_.user_id as user8_3_0_, post0_.post_type as post1_3_0_ from t_post post0_ where post0_.post_id=? for update
2019-05-06 11:12:38,530 DEBUG (org.hibernate.loader.Loader:123) - Static select for entity com.smart.domain.Post [UPGRADE_NOWAIT]: select post0_.post_id as post2_3_0_, post0_.board_id as board3_3_0_, post0_.create_time as create4_3_0_, post0_.post_text as post5_3_0_, post0_.post_title as post6_3_0_, post0_.topic_id as topic7_3_0_, post0_.user_id as user8_3_0_, post0_.post_type as post1_3_0_ from t_post post0_ where post0_.post_id=? for update nowait 
2019-05-06 11:12:38,530 DEBUG (org.hibernate.loader.Loader:123) - Static select for entity com.smart.domain.Post [FORCE]: select post0_.post_id as post2_3_0_, post0_.board_id as board3_3_0_, post0_.create_time as create4_3_0_, post0_.post_text as post5_3_0_, post0_.post_title as post6_3_0_, post0_.topic_id as topic7_3_0_, post0_.user_id as user8_3_0_, post0_.post_type as post1_3_0_ from t_post post0_ where post0_.post_id=? for update nowait 
2019-05-06 11:12:38,531 DEBUG (org.hibernate.loader.Loader:123) - Static select for entity com.smart.domain.Post [PESSIMISTIC_READ]: select post0_.post_id as post2_3_0_, post0_.board_id as board3_3_0_, post0_.create_time as create4_3_0_, post0_.post_text as post5_3_0_, post0_.post_title as post6_3_0_, post0_.topic_id as topic7_3_0_, post0_.user_id as user8_3_0_, post0_.post_type as post1_3_0_ from t_post post0_ where post0_.post_id=? for share
2019-05-06 11:12:38,531 DEBUG (org.hibernate.loader.Loader:123) - Static select for entity com.smart.domain.Post [PESSIMISTIC_WRITE]: select post0_.post_id as post2_3_0_, post0_.board_id as board3_3_0_, post0_.create_time as create4_3_0_, post0_.post_text as post5_3_0_, post0_.post_title as post6_3_0_, post0_.topic_id as topic7_3_0_, post0_.user_id as user8_3_0_, post0_.post_type as post1_3_0_ from t_post post0_ where post0_.post_id=? for update
2019-05-06 11:12:38,532 DEBUG (org.hibernate.loader.Loader:123) - Static select for entity com.smart.domain.Post [PESSIMISTIC_FORCE_INCREMENT]: select post0_.post_id as post2_3_0_, post0_.board_id as board3_3_0_, post0_.create_time as create4_3_0_, post0_.post_text as post5_3_0_, post0_.post_title as post6_3_0_, post0_.topic_id as topic7_3_0_, post0_.user_id as user8_3_0_, post0_.post_type as post1_3_0_ from t_post post0_ where post0_.post_id=? for update nowait 
2019-05-06 11:12:38,532 DEBUG (org.hibernate.loader.Loader:123) - Static select for entity com.smart.domain.Post [OPTIMISTIC]: select post0_.post_id as post2_3_0_, post0_.board_id as board3_3_0_, post0_.create_time as create4_3_0_, post0_.post_text as post5_3_0_, post0_.post_title as post6_3_0_, post0_.topic_id as topic7_3_0_, post0_.user_id as user8_3_0_, post0_.post_type as post1_3_0_ from t_post post0_ where post0_.post_id=?
2019-05-06 11:12:38,533 DEBUG (org.hibernate.loader.Loader:123) - Static select for entity com.smart.domain.Post [OPTIMISTIC_FORCE_INCREMENT]: select post0_.post_id as post2_3_0_, post0_.board_id as board3_3_0_, post0_.create_time as create4_3_0_, post0_.post_text as post5_3_0_, post0_.post_title as post6_3_0_, post0_.topic_id as topic7_3_0_, post0_.user_id as user8_3_0_, post0_.post_type as post1_3_0_ from t_post post0_ where post0_.post_id=?
2019-05-06 11:12:38,533 DEBUG (org.hibernate.loader.Loader:56) - Static select for action ACTION_MERGE on entity com.smart.domain.Post: select post0_.post_id as post2_3_1_, post0_.board_id as board3_3_1_, post0_.create_time as create4_3_1_, post0_.post_text as post5_3_1_, post0_.post_title as post6_3_1_, post0_.topic_id as topic7_3_1_, post0_.user_id as user8_3_1_, post0_.post_type as post1_3_1_, topic1_.topic_id as topic1_4_0_, topic1_.board_id as board2_4_0_, topic1_.create_time as create3_4_0_, topic1_.digest as digest4_4_0_, topic1_.last_post as last5_4_0_, topic1_.topic_replies as topic6_4_0_, topic1_.topic_title as topic7_4_0_, topic1_.user_id as user9_4_0_, topic1_.topic_views as topic8_4_0_ from t_post post0_ left outer join t_topic topic1_ on post0_.topic_id=topic1_.topic_id where post0_.post_id=?
2019-05-06 11:12:38,534 DEBUG (org.hibernate.loader.Loader:56) - Static select for action ACTION_REFRESH on entity com.smart.domain.Post: select post0_.post_id as post2_3_0_, post0_.board_id as board3_3_0_, post0_.create_time as create4_3_0_, post0_.post_text as post5_3_0_, post0_.post_title as post6_3_0_, post0_.topic_id as topic7_3_0_, post0_.user_id as user8_3_0_, post0_.post_type as post1_3_0_ from t_post post0_ where post0_.post_id=?
2019-05-06 11:12:38,534 DEBUG (org.hibernate.loader.Loader:123) - Static select for entity com.smart.domain.MainPost [NONE]: select mainpost0_.post_id as post2_3_4_, mainpost0_.board_id as board3_3_4_, mainpost0_.create_time as create4_3_4_, mainpost0_.post_text as post5_3_4_, mainpost0_.post_title as post6_3_4_, mainpost0_.topic_id as topic7_3_4_, mainpost0_.user_id as user8_3_4_, topic1_.topic_id as topic1_4_0_, topic1_.board_id as board2_4_0_, topic1_.create_time as create3_4_0_, topic1_.digest as digest4_4_0_, topic1_.last_post as last5_4_0_, topic1_.topic_replies as topic6_4_0_, topic1_.topic_title as topic7_4_0_, topic1_.user_id as user9_4_0_, topic1_.topic_views as topic8_4_0_, user2_.user_id as user1_5_1_, user2_.credit as credit2_5_1_, user2_.last_ip as last3_5_1_, user2_.last_visit as last4_5_1_, user2_.locked as locked5_5_1_, user2_.password as password6_5_1_, user2_.user_name as user7_5_1_, user2_.user_type as user8_5_1_, manboards3_.user_id as user1_5_6_, board4_.board_id as board2_1_6_, board4_.board_id as board1_0_2_, board4_.board_desc as board2_0_2_, board4_.board_name as board3_0_2_, board4_.topic_num as topic4_0_2_, user5_.user_id as user1_5_3_, user5_.credit as credit2_5_3_, user5_.last_ip as last3_5_3_, user5_.last_visit as last4_5_3_, user5_.locked as locked5_5_3_, user5_.password as password6_5_3_, user5_.user_name as user7_5_3_, user5_.user_type as user8_5_3_ from t_post mainpost0_ left outer join t_topic topic1_ on mainpost0_.topic_id=topic1_.topic_id left outer join t_user user2_ on topic1_.user_id=user2_.user_id left outer join t_board_manager manboards3_ on user2_.user_id=manboards3_.user_id left outer join t_board board4_ on manboards3_.board_id=board4_.board_id left outer join t_user user5_ on mainpost0_.user_id=user5_.user_id where mainpost0_.post_id=? and mainpost0_.post_type='2'
2019-05-06 11:12:38,535 DEBUG (org.hibernate.loader.Loader:123) - Static select for entity com.smart.domain.MainPost [READ]: select mainpost0_.post_id as post2_3_4_, mainpost0_.board_id as board3_3_4_, mainpost0_.create_time as create4_3_4_, mainpost0_.post_text as post5_3_4_, mainpost0_.post_title as post6_3_4_, mainpost0_.topic_id as topic7_3_4_, mainpost0_.user_id as user8_3_4_, topic1_.topic_id as topic1_4_0_, topic1_.board_id as board2_4_0_, topic1_.create_time as create3_4_0_, topic1_.digest as digest4_4_0_, topic1_.last_post as last5_4_0_, topic1_.topic_replies as topic6_4_0_, topic1_.topic_title as topic7_4_0_, topic1_.user_id as user9_4_0_, topic1_.topic_views as topic8_4_0_, user2_.user_id as user1_5_1_, user2_.credit as credit2_5_1_, user2_.last_ip as last3_5_1_, user2_.last_visit as last4_5_1_, user2_.locked as locked5_5_1_, user2_.password as password6_5_1_, user2_.user_name as user7_5_1_, user2_.user_type as user8_5_1_, manboards3_.user_id as user1_5_6_, board4_.board_id as board2_1_6_, board4_.board_id as board1_0_2_, board4_.board_desc as board2_0_2_, board4_.board_name as board3_0_2_, board4_.topic_num as topic4_0_2_, user5_.user_id as user1_5_3_, user5_.credit as credit2_5_3_, user5_.last_ip as last3_5_3_, user5_.last_visit as last4_5_3_, user5_.locked as locked5_5_3_, user5_.password as password6_5_3_, user5_.user_name as user7_5_3_, user5_.user_type as user8_5_3_ from t_post mainpost0_ left outer join t_topic topic1_ on mainpost0_.topic_id=topic1_.topic_id left outer join t_user user2_ on topic1_.user_id=user2_.user_id left outer join t_board_manager manboards3_ on user2_.user_id=manboards3_.user_id left outer join t_board board4_ on manboards3_.board_id=board4_.board_id left outer join t_user user5_ on mainpost0_.user_id=user5_.user_id where mainpost0_.post_id=? and mainpost0_.post_type='2'
2019-05-06 11:12:38,536 DEBUG (org.hibernate.loader.Loader:123) - Static select for entity com.smart.domain.MainPost [UPGRADE]: select mainpost0_.post_id as post2_3_0_, mainpost0_.board_id as board3_3_0_, mainpost0_.create_time as create4_3_0_, mainpost0_.post_text as post5_3_0_, mainpost0_.post_title as post6_3_0_, mainpost0_.topic_id as topic7_3_0_, mainpost0_.user_id as user8_3_0_ from t_post mainpost0_ where mainpost0_.post_id=? and mainpost0_.post_type='2' for update
2019-05-06 11:12:38,536 DEBUG (org.hibernate.loader.Loader:123) - Static select for entity com.smart.domain.MainPost [UPGRADE_NOWAIT]: select mainpost0_.post_id as post2_3_0_, mainpost0_.board_id as board3_3_0_, mainpost0_.create_time as create4_3_0_, mainpost0_.post_text as post5_3_0_, mainpost0_.post_title as post6_3_0_, mainpost0_.topic_id as topic7_3_0_, mainpost0_.user_id as user8_3_0_ from t_post mainpost0_ where mainpost0_.post_id=? and mainpost0_.post_type='2' for update nowait 
2019-05-06 11:12:38,536 DEBUG (org.hibernate.loader.Loader:123) - Static select for entity com.smart.domain.MainPost [FORCE]: select mainpost0_.post_id as post2_3_0_, mainpost0_.board_id as board3_3_0_, mainpost0_.create_time as create4_3_0_, mainpost0_.post_text as post5_3_0_, mainpost0_.post_title as post6_3_0_, mainpost0_.topic_id as topic7_3_0_, mainpost0_.user_id as user8_3_0_ from t_post mainpost0_ where mainpost0_.post_id=? and mainpost0_.post_type='2' for update nowait 
2019-05-06 11:12:38,537 DEBUG (org.hibernate.loader.Loader:123) - Static select for entity com.smart.domain.MainPost [PESSIMISTIC_READ]: select mainpost0_.post_id as post2_3_0_, mainpost0_.board_id as board3_3_0_, mainpost0_.create_time as create4_3_0_, mainpost0_.post_text as post5_3_0_, mainpost0_.post_title as post6_3_0_, mainpost0_.topic_id as topic7_3_0_, mainpost0_.user_id as user8_3_0_ from t_post mainpost0_ where mainpost0_.post_id=? and mainpost0_.post_type='2' for share
2019-05-06 11:12:38,537 DEBUG (org.hibernate.loader.Loader:123) - Static select for entity com.smart.domain.MainPost [PESSIMISTIC_WRITE]: select mainpost0_.post_id as post2_3_0_, mainpost0_.board_id as board3_3_0_, mainpost0_.create_time as create4_3_0_, mainpost0_.post_text as post5_3_0_, mainpost0_.post_title as post6_3_0_, mainpost0_.topic_id as topic7_3_0_, mainpost0_.user_id as user8_3_0_ from t_post mainpost0_ where mainpost0_.post_id=? and mainpost0_.post_type='2' for update
2019-05-06 11:12:38,538 DEBUG (org.hibernate.loader.Loader:123) - Static select for entity com.smart.domain.MainPost [PESSIMISTIC_FORCE_INCREMENT]: select mainpost0_.post_id as post2_3_0_, mainpost0_.board_id as board3_3_0_, mainpost0_.create_time as create4_3_0_, mainpost0_.post_text as post5_3_0_, mainpost0_.post_title as post6_3_0_, mainpost0_.topic_id as topic7_3_0_, mainpost0_.user_id as user8_3_0_ from t_post mainpost0_ where mainpost0_.post_id=? and mainpost0_.post_type='2' for update nowait 
2019-05-06 11:12:38,539 DEBUG (org.hibernate.loader.Loader:123) - Static select for entity com.smart.domain.MainPost [OPTIMISTIC]: select mainpost0_.post_id as post2_3_0_, mainpost0_.board_id as board3_3_0_, mainpost0_.create_time as create4_3_0_, mainpost0_.post_text as post5_3_0_, mainpost0_.post_title as post6_3_0_, mainpost0_.topic_id as topic7_3_0_, mainpost0_.user_id as user8_3_0_ from t_post mainpost0_ where mainpost0_.post_id=? and mainpost0_.post_type='2'
2019-05-06 11:12:38,540 DEBUG (org.hibernate.loader.Loader:123) - Static select for entity com.smart.domain.MainPost [OPTIMISTIC_FORCE_INCREMENT]: select mainpost0_.post_id as post2_3_0_, mainpost0_.board_id as board3_3_0_, mainpost0_.create_time as create4_3_0_, mainpost0_.post_text as post5_3_0_, mainpost0_.post_title as post6_3_0_, mainpost0_.topic_id as topic7_3_0_, mainpost0_.user_id as user8_3_0_ from t_post mainpost0_ where mainpost0_.post_id=? and mainpost0_.post_type='2'
2019-05-06 11:12:38,540 DEBUG (org.hibernate.loader.Loader:56) - Static select for action ACTION_MERGE on entity com.smart.domain.MainPost: select mainpost0_.post_id as post2_3_1_, mainpost0_.board_id as board3_3_1_, mainpost0_.create_time as create4_3_1_, mainpost0_.post_text as post5_3_1_, mainpost0_.post_title as post6_3_1_, mainpost0_.topic_id as topic7_3_1_, mainpost0_.user_id as user8_3_1_, topic1_.topic_id as topic1_4_0_, topic1_.board_id as board2_4_0_, topic1_.create_time as create3_4_0_, topic1_.digest as digest4_4_0_, topic1_.last_post as last5_4_0_, topic1_.topic_replies as topic6_4_0_, topic1_.topic_title as topic7_4_0_, topic1_.user_id as user9_4_0_, topic1_.topic_views as topic8_4_0_ from t_post mainpost0_ left outer join t_topic topic1_ on mainpost0_.topic_id=topic1_.topic_id where mainpost0_.post_id=? and mainpost0_.post_type='2'
2019-05-06 11:12:38,541 DEBUG (org.hibernate.loader.Loader:56) - Static select for action ACTION_REFRESH on entity com.smart.domain.MainPost: select mainpost0_.post_id as post2_3_0_, mainpost0_.board_id as board3_3_0_, mainpost0_.create_time as create4_3_0_, mainpost0_.post_text as post5_3_0_, mainpost0_.post_title as post6_3_0_, mainpost0_.topic_id as topic7_3_0_, mainpost0_.user_id as user8_3_0_ from t_post mainpost0_ where mainpost0_.post_id=? and mainpost0_.post_type='2'
2019-05-06 11:12:38,544 DEBUG (org.hibernate.loader.collection.BasicCollectionLoader:83) - Static select for collection com.smart.domain.Board.users: select users0_.board_id as board2_0_1_, users0_.user_id as user1_1_1_, user1_.user_id as user1_5_0_, user1_.credit as credit2_5_0_, user1_.last_ip as last3_5_0_, user1_.last_visit as last4_5_0_, user1_.locked as locked5_5_0_, user1_.password as password6_5_0_, user1_.user_name as user7_5_0_, user1_.user_type as user8_5_0_ from t_board_manager users0_ inner join t_user user1_ on users0_.user_id=user1_.user_id where users0_.board_id=?
2019-05-06 11:12:38,545 DEBUG (org.hibernate.loader.collection.BasicCollectionLoader:83) - Static select for collection com.smart.domain.User.manBoards: select manboards0_.user_id as user1_5_1_, manboards0_.board_id as board2_1_1_, board1_.board_id as board1_0_0_, board1_.board_desc as board2_0_0_, board1_.board_name as board3_0_0_, board1_.topic_num as topic4_0_0_ from t_board_manager manboards0_ inner join t_board board1_ on manboards0_.board_id=board1_.board_id where manboards0_.user_id=?
2019-05-06 11:12:38,546 DEBUG (org.hibernate.internal.SessionFactoryRegistry:62) - Initializing SessionFactoryRegistry : org.hibernate.internal.SessionFactoryRegistry@66a52282
2019-05-06 11:12:38,546 DEBUG (org.hibernate.internal.SessionFactoryRegistry:75) - Registering SessionFactory: ed596f4b-4f46-4492-bbb0-3176c6188665 (<unnamed>)
2019-05-06 11:12:38,547 DEBUG (org.hibernate.internal.SessionFactoryRegistry:82) - Not binding SessionFactory to JNDI, no JNDI name configured
2019-05-06 11:12:38,547 DEBUG (org.hibernate.internal.SessionFactoryImpl:488) - Instantiated session factory
2019-05-06 11:12:38,549 DEBUG (org.hibernate.internal.SessionFactoryImpl:1060) - Checking 0 named HQL queries
2019-05-06 11:12:38,549 DEBUG (org.hibernate.internal.SessionFactoryImpl:1083) - Checking 0 named SQL queries
2019-05-06 11:12:38,554 DEBUG (org.hibernate.stat.internal.StatisticsInitiator:110) - Statistics initialized [enabled=true]
2019-05-06 11:12:38,554 DEBUG (org.springframework.beans.factory.support.DefaultListableBeanFactory:250) - Returning cached instance of singleton bean 'org.springframework.transaction.config.internalTransactionAdvisor'
2019-05-06 11:12:38,554 DEBUG (org.springframework.beans.factory.support.DefaultListableBeanFactory:250) - Returning cached instance of singleton bean 'org.springframework.transaction.config.internalTransactionAdvisor'
2019-05-06 11:12:38,555 DEBUG (org.springframework.beans.factory.support.DefaultListableBeanFactory:484) - Finished creating instance of bean 'localSessionFactoryBean'
2019-05-06 11:12:38,555 DEBUG (org.springframework.beans.factory.support.DefaultListableBeanFactory:484) - Finished creating instance of bean 'localSessionFactoryBean'
2019-05-06 11:12:38,567 DEBUG (org.springframework.beans.factory.support.DefaultListableBeanFactory:250) - Returning cached instance of singleton bean 'localSessionFactoryBean'
2019-05-06 11:12:38,567 DEBUG (org.springframework.beans.factory.support.DefaultListableBeanFactory:250) - Returning cached instance of singleton bean 'localSessionFactoryBean'
2019-05-06 11:12:38,568 DEBUG (org.springframework.beans.factory.support.DefaultListableBeanFactory:250) - Returning cached instance of singleton bean 'org.springframework.transaction.config.internalTransactionAdvisor'
2019-05-06 11:12:38,568 DEBUG (org.springframework.beans.factory.support.DefaultListableBeanFactory:250) - Returning cached instance of singleton bean 'org.springframework.transaction.config.internalTransactionAdvisor'
2019-05-06 11:12:38,573 DEBUG (org.springframework.beans.factory.support.DefaultListableBeanFactory:529) - Eagerly caching bean 'sessionFactory' to allow for resolving potential circular references
2019-05-06 11:12:38,573 DEBUG (org.springframework.beans.factory.support.DefaultListableBeanFactory:529) - Eagerly caching bean 'sessionFactory' to allow for resolving potential circular references
2019-05-06 11:12:38,576 DEBUG (org.springframework.beans.factory.support.DefaultListableBeanFactory:250) - Returning cached instance of singleton bean 'org.springframework.transaction.config.internalTransactionAdvisor'
2019-05-06 11:12:38,576 DEBUG (org.springframework.beans.factory.support.DefaultListableBeanFactory:250) - Returning cached instance of singleton bean 'org.springframework.transaction.config.internalTransactionAdvisor'
2019-05-06 11:12:38,577 DEBUG (org.springframework.beans.factory.support.DefaultListableBeanFactory:484) - Finished creating instance of bean 'sessionFactory'
2019-05-06 11:12:38,577 DEBUG (org.springframework.beans.factory.support.DefaultListableBeanFactory:484) - Finished creating instance of bean 'sessionFactory'
2019-05-06 11:12:38,579 DEBUG (org.springframework.beans.factory.support.DefaultListableBeanFactory:529) - Eagerly caching bean 'hibernateTemplate' to allow for resolving potential circular references
2019-05-06 11:12:38,579 DEBUG (org.springframework.beans.factory.support.DefaultListableBeanFactory:529) - Eagerly caching bean 'hibernateTemplate' to allow for resolving potential circular references
2019-05-06 11:12:38,582 DEBUG (org.springframework.beans.factory.support.DefaultListableBeanFactory:1620) - Invoking afterPropertiesSet() on bean with name 'hibernateTemplate'
2019-05-06 11:12:38,582 DEBUG (org.springframework.beans.factory.support.DefaultListableBeanFactory:1620) - Invoking afterPropertiesSet() on bean with name 'hibernateTemplate'
2019-05-06 11:12:38,582 DEBUG (org.springframework.beans.factory.support.DefaultListableBeanFactory:250) - Returning cached instance of singleton bean 'org.springframework.transaction.config.internalTransactionAdvisor'
2019-05-06 11:12:38,582 DEBUG (org.springframework.beans.factory.support.DefaultListableBeanFactory:250) - Returning cached instance of singleton bean 'org.springframework.transaction.config.internalTransactionAdvisor'
2019-05-06 11:12:38,583 DEBUG (org.springframework.beans.factory.support.DefaultListableBeanFactory:484) - Finished creating instance of bean 'hibernateTemplate'
2019-05-06 11:12:38,583 DEBUG (org.springframework.beans.factory.support.DefaultListableBeanFactory:484) - Finished creating instance of bean 'hibernateTemplate'
2019-05-06 11:12:38,583 DEBUG (org.springframework.beans.factory.annotation.AutowiredAnnotationBeanPostProcessor:490) - Autowiring by type from bean name 'boardDao' to bean named 'hibernateTemplate'
2019-05-06 11:12:38,583 DEBUG (org.springframework.beans.factory.annotation.AutowiredAnnotationBeanPostProcessor:490) - Autowiring by type from bean name 'boardDao' to bean named 'hibernateTemplate'
2019-05-06 11:12:38,584 DEBUG (org.springframework.beans.factory.annotation.InjectionMetadata:86) - Processing injected element of bean 'boardDao': AutowiredMethodElement for public void com.smart.dao.BaseDao.setSessionFactory(org.hibernate.SessionFactory)
2019-05-06 11:12:38,584 DEBUG (org.springframework.beans.factory.annotation.InjectionMetadata:86) - Processing injected element of bean 'boardDao': AutowiredMethodElement for public void com.smart.dao.BaseDao.setSessionFactory(org.hibernate.SessionFactory)
2019-05-06 11:12:38,584 DEBUG (org.springframework.beans.factory.support.DefaultListableBeanFactory:250) - Returning cached instance of singleton bean 'localSessionFactoryBean'
2019-05-06 11:12:38,584 DEBUG (org.springframework.beans.factory.support.DefaultListableBeanFactory:250) - Returning cached instance of singleton bean 'localSessionFactoryBean'
2019-05-06 11:12:38,585 DEBUG (org.springframework.beans.factory.support.DefaultListableBeanFactory:250) - Returning cached instance of singleton bean 'sessionFactory'
2019-05-06 11:12:38,585 DEBUG (org.springframework.beans.factory.support.DefaultListableBeanFactory:250) - Returning cached instance of singleton bean 'sessionFactory'
2019-05-06 11:12:38,587 DEBUG (org.springframework.beans.factory.annotation.AutowiredAnnotationBeanPostProcessor:490) - Autowiring by type from bean name 'boardDao' to bean named 'sessionFactory'
2019-05-06 11:12:38,587 DEBUG (org.springframework.beans.factory.annotation.AutowiredAnnotationBeanPostProcessor:490) - Autowiring by type from bean name 'boardDao' to bean named 'sessionFactory'
2019-05-06 11:12:38,587 DEBUG (org.springframework.beans.factory.support.DefaultListableBeanFactory:250) - Returning cached instance of singleton bean 'org.springframework.transaction.config.internalTransactionAdvisor'
2019-05-06 11:12:38,587 DEBUG (org.springframework.beans.factory.support.DefaultListableBeanFactory:250) - Returning cached instance of singleton bean 'org.springframework.transaction.config.internalTransactionAdvisor'
2019-05-06 11:12:38,589 DEBUG (org.springframework.transaction.annotation.AnnotationTransactionAttributeSource:108) - Adding transactional method 'BoardDao.getBoardNum2' with attribute: PROPAGATION_REQUIRED,ISOLATION_DEFAULT,readOnly; ''
2019-05-06 11:12:38,589 DEBUG (org.springframework.transaction.annotation.AnnotationTransactionAttributeSource:108) - Adding transactional method 'BoardDao.getBoardNum2' with attribute: PROPAGATION_REQUIRED,ISOLATION_DEFAULT,readOnly; ''
2019-05-06 11:12:38,593 DEBUG (org.springframework.aop.framework.autoproxy.InfrastructureAdvisorAutoProxyCreator:505) - Creating implicit proxy for bean 'boardDao' with 0 common interceptors and 1 specific interceptors
2019-05-06 11:12:38,593 DEBUG (org.springframework.aop.framework.autoproxy.InfrastructureAdvisorAutoProxyCreator:505) - Creating implicit proxy for bean 'boardDao' with 0 common interceptors and 1 specific interceptors
2019-05-06 11:12:38,595 DEBUG (org.springframework.aop.framework.CglibAopProxy:158) - Creating CGLIB proxy: target source is SingletonTargetSource for target object [com.smart.dao.BoardDao@12b3f4bd]
2019-05-06 11:12:38,595 DEBUG (org.springframework.aop.framework.CglibAopProxy:158) - Creating CGLIB proxy: target source is SingletonTargetSource for target object [com.smart.dao.BoardDao@12b3f4bd]
2019-05-06 11:12:38,601 DEBUG (org.springframework.aop.framework.CglibAopProxy:831) - Unable to apply any optimisations to advised method: public long com.smart.dao.BoardDao.getBoardNum2()
2019-05-06 11:12:38,601 DEBUG (org.springframework.aop.framework.CglibAopProxy:831) - Unable to apply any optimisations to advised method: public long com.smart.dao.BoardDao.getBoardNum2()
2019-05-06 11:12:38,602 DEBUG (org.springframework.transaction.annotation.AnnotationTransactionAttributeSource:108) - Adding transactional method 'BoardDao.getBoardNum' with attribute: PROPAGATION_REQUIRED,ISOLATION_DEFAULT,readOnly; ''
2019-05-06 11:12:38,602 DEBUG (org.springframework.transaction.annotation.AnnotationTransactionAttributeSource:108) - Adding transactional method 'BoardDao.getBoardNum' with attribute: PROPAGATION_REQUIRED,ISOLATION_DEFAULT,readOnly; ''
2019-05-06 11:12:38,602 DEBUG (org.springframework.aop.framework.CglibAopProxy:831) - Unable to apply any optimisations to advised method: public long com.smart.dao.BoardDao.getBoardNum()
2019-05-06 11:12:38,602 DEBUG (org.springframework.aop.framework.CglibAopProxy:831) - Unable to apply any optimisations to advised method: public long com.smart.dao.BoardDao.getBoardNum()
2019-05-06 11:12:38,603 DEBUG (org.springframework.transaction.annotation.AnnotationTransactionAttributeSource:108) - Adding transactional method 'BoardDao.remove' with attribute: PROPAGATION_REQUIRED,ISOLATION_DEFAULT,readOnly; ''
2019-05-06 11:12:38,603 DEBUG (org.springframework.transaction.annotation.AnnotationTransactionAttributeSource:108) - Adding transactional method 'BoardDao.remove' with attribute: PROPAGATION_REQUIRED,ISOLATION_DEFAULT,readOnly; ''
2019-05-06 11:12:38,603 DEBUG (org.springframework.aop.framework.CglibAopProxy:831) - Unable to apply any optimisations to advised method: public void com.smart.dao.BaseDao.remove(java.lang.Object)
2019-05-06 11:12:38,603 DEBUG (org.springframework.aop.framework.CglibAopProxy:831) - Unable to apply any optimisations to advised method: public void com.smart.dao.BaseDao.remove(java.lang.Object)
2019-05-06 11:12:38,603 DEBUG (org.springframework.transaction.annotation.AnnotationTransactionAttributeSource:108) - Adding transactional method 'BoardDao.get' with attribute: PROPAGATION_REQUIRED,ISOLATION_DEFAULT,readOnly; ''
2019-05-06 11:12:38,603 DEBUG (org.springframework.transaction.annotation.AnnotationTransactionAttributeSource:108) - Adding transactional method 'BoardDao.get' with attribute: PROPAGATION_REQUIRED,ISOLATION_DEFAULT,readOnly; ''
2019-05-06 11:12:38,604 DEBUG (org.springframework.aop.framework.CglibAopProxy:831) - Unable to apply any optimisations to advised method: public java.lang.Object com.smart.dao.BaseDao.get(java.io.Serializable)
2019-05-06 11:12:38,604 DEBUG (org.springframework.aop.framework.CglibAopProxy:831) - Unable to apply any optimisations to advised method: public java.lang.Object com.smart.dao.BaseDao.get(java.io.Serializable)
2019-05-06 11:12:38,604 DEBUG (org.springframework.transaction.annotation.AnnotationTransactionAttributeSource:108) - Adding transactional method 'BoardDao.update' with attribute: PROPAGATION_REQUIRED,ISOLATION_DEFAULT; ''
2019-05-06 11:12:38,604 DEBUG (org.springframework.transaction.annotation.AnnotationTransactionAttributeSource:108) - Adding transactional method 'BoardDao.update' with attribute: PROPAGATION_REQUIRED,ISOLATION_DEFAULT; ''
2019-05-06 11:12:38,604 DEBUG (org.springframework.aop.framework.CglibAopProxy:831) - Unable to apply any optimisations to advised method: public void com.smart.dao.BaseDao.update(java.lang.Object)
2019-05-06 11:12:38,604 DEBUG (org.springframework.aop.framework.CglibAopProxy:831) - Unable to apply any optimisations to advised method: public void com.smart.dao.BaseDao.update(java.lang.Object)
2019-05-06 11:12:38,605 DEBUG (org.springframework.transaction.annotation.AnnotationTransactionAttributeSource:108) - Adding transactional method 'BoardDao.load' with attribute: PROPAGATION_REQUIRED,ISOLATION_DEFAULT,readOnly; ''
2019-05-06 11:12:38,605 DEBUG (org.springframework.transaction.annotation.AnnotationTransactionAttributeSource:108) - Adding transactional method 'BoardDao.load' with attribute: PROPAGATION_REQUIRED,ISOLATION_DEFAULT,readOnly; ''
2019-05-06 11:12:38,605 DEBUG (org.springframework.aop.framework.CglibAopProxy:831) - Unable to apply any optimisations to advised method: public java.lang.Object com.smart.dao.BaseDao.load(java.io.Serializable)
2019-05-06 11:12:38,605 DEBUG (org.springframework.aop.framework.CglibAopProxy:831) - Unable to apply any optimisations to advised method: public java.lang.Object com.smart.dao.BaseDao.load(java.io.Serializable)
2019-05-06 11:12:38,605 DEBUG (org.springframework.transaction.annotation.AnnotationTransactionAttributeSource:108) - Adding transactional method 'BoardDao.find' with attribute: PROPAGATION_REQUIRED,ISOLATION_DEFAULT,readOnly; ''
2019-05-06 11:12:38,605 DEBUG (org.springframework.transaction.annotation.AnnotationTransactionAttributeSource:108) - Adding transactional method 'BoardDao.find' with attribute: PROPAGATION_REQUIRED,ISOLATION_DEFAULT,readOnly; ''
2019-05-06 11:12:38,606 DEBUG (org.springframework.aop.framework.CglibAopProxy:831) - Unable to apply any optimisations to advised method: public java.util.List com.smart.dao.BaseDao.find(java.lang.String)
2019-05-06 11:12:38,606 DEBUG (org.springframework.aop.framework.CglibAopProxy:831) - Unable to apply any optimisations to advised method: public java.util.List com.smart.dao.BaseDao.find(java.lang.String)
2019-05-06 11:12:38,606 DEBUG (org.springframework.transaction.annotation.AnnotationTransactionAttributeSource:108) - Adding transactional method 'BoardDao.find' with attribute: PROPAGATION_REQUIRED,ISOLATION_DEFAULT,readOnly; ''
2019-05-06 11:12:38,606 DEBUG (org.springframework.transaction.annotation.AnnotationTransactionAttributeSource:108) - Adding transactional method 'BoardDao.find' with attribute: PROPAGATION_REQUIRED,ISOLATION_DEFAULT,readOnly; ''
2019-05-06 11:12:38,606 DEBUG (org.springframework.aop.framework.CglibAopProxy:831) - Unable to apply any optimisations to advised method: public java.util.List com.smart.dao.BaseDao.find(java.lang.String,java.lang.Object[])
2019-05-06 11:12:38,606 DEBUG (org.springframework.aop.framework.CglibAopProxy:831) - Unable to apply any optimisations to advised method: public java.util.List com.smart.dao.BaseDao.find(java.lang.String,java.lang.Object[])
2019-05-06 11:12:38,607 DEBUG (org.springframework.transaction.annotation.AnnotationTransactionAttributeSource:108) - Adding transactional method 'BoardDao.save' with attribute: PROPAGATION_REQUIRED,ISOLATION_DEFAULT; ''
2019-05-06 11:12:38,607 DEBUG (org.springframework.transaction.annotation.AnnotationTransactionAttributeSource:108) - Adding transactional method 'BoardDao.save' with attribute: PROPAGATION_REQUIRED,ISOLATION_DEFAULT; ''
2019-05-06 11:12:38,607 DEBUG (org.springframework.aop.framework.CglibAopProxy:831) - Unable to apply any optimisations to advised method: public void com.smart.dao.BaseDao.save(java.lang.Object)
2019-05-06 11:12:38,607 DEBUG (org.springframework.aop.framework.CglibAopProxy:831) - Unable to apply any optimisations to advised method: public void com.smart.dao.BaseDao.save(java.lang.Object)
2019-05-06 11:12:38,607 DEBUG (org.springframework.transaction.annotation.AnnotationTransactionAttributeSource:108) - Adding transactional method 'BoardDao.removeAll' with attribute: PROPAGATION_REQUIRED,ISOLATION_DEFAULT,readOnly; ''
2019-05-06 11:12:38,607 DEBUG (org.springframework.transaction.annotation.AnnotationTransactionAttributeSource:108) - Adding transactional method 'BoardDao.removeAll' with attribute: PROPAGATION_REQUIRED,ISOLATION_DEFAULT,readOnly; ''
2019-05-06 11:12:38,607 DEBUG (org.springframework.aop.framework.CglibAopProxy:831) - Unable to apply any optimisations to advised method: public void com.smart.dao.BaseDao.removeAll(java.lang.String)
2019-05-06 11:12:38,607 DEBUG (org.springframework.aop.framework.CglibAopProxy:831) - Unable to apply any optimisations to advised method: public void com.smart.dao.BaseDao.removeAll(java.lang.String)
2019-05-06 11:12:38,608 DEBUG (org.springframework.transaction.annotation.AnnotationTransactionAttributeSource:108) - Adding transactional method 'BoardDao.initialize' with attribute: PROPAGATION_REQUIRED,ISOLATION_DEFAULT,readOnly; ''
2019-05-06 11:12:38,608 DEBUG (org.springframework.transaction.annotation.AnnotationTransactionAttributeSource:108) - Adding transactional method 'BoardDao.initialize' with attribute: PROPAGATION_REQUIRED,ISOLATION_DEFAULT,readOnly; ''
2019-05-06 11:12:38,608 DEBUG (org.springframework.aop.framework.CglibAopProxy:831) - Unable to apply any optimisations to advised method: public void com.smart.dao.BaseDao.initialize(java.lang.Object)
2019-05-06 11:12:38,608 DEBUG (org.springframework.aop.framework.CglibAopProxy:831) - Unable to apply any optimisations to advised method: public void com.smart.dao.BaseDao.initialize(java.lang.Object)
2019-05-06 11:12:38,608 DEBUG (org.springframework.transaction.annotation.AnnotationTransactionAttributeSource:108) - Adding transactional method 'BoardDao.getHibernateTemplate' with attribute: PROPAGATION_REQUIRED,ISOLATION_DEFAULT,readOnly; ''
2019-05-06 11:12:38,608 DEBUG (org.springframework.transaction.annotation.AnnotationTransactionAttributeSource:108) - Adding transactional method 'BoardDao.getHibernateTemplate' with attribute: PROPAGATION_REQUIRED,ISOLATION_DEFAULT,readOnly; ''
2019-05-06 11:12:38,609 DEBUG (org.springframework.aop.framework.CglibAopProxy:831) - Unable to apply any optimisations to advised method: public org.springframework.orm.hibernate4.HibernateTemplate com.smart.dao.BaseDao.getHibernateTemplate()
2019-05-06 11:12:38,609 DEBUG (org.springframework.aop.framework.CglibAopProxy:831) - Unable to apply any optimisations to advised method: public org.springframework.orm.hibernate4.HibernateTemplate com.smart.dao.BaseDao.getHibernateTemplate()
2019-05-06 11:12:38,609 DEBUG (org.springframework.transaction.annotation.AnnotationTransactionAttributeSource:108) - Adding transactional method 'BoardDao.find2' with attribute: PROPAGATION_REQUIRED,ISOLATION_DEFAULT,readOnly; ''
2019-05-06 11:12:38,609 DEBUG (org.springframework.transaction.annotation.AnnotationTransactionAttributeSource:108) - Adding transactional method 'BoardDao.find2' with attribute: PROPAGATION_REQUIRED,ISOLATION_DEFAULT,readOnly; ''
2019-05-06 11:12:38,609 DEBUG (org.springframework.aop.framework.CglibAopProxy:831) - Unable to apply any optimisations to advised method: public java.util.List com.smart.dao.BaseDao.find2(java.lang.String,java.lang.Object[])
2019-05-06 11:12:38,609 DEBUG (org.springframework.aop.framework.CglibAopProxy:831) - Unable to apply any optimisations to advised method: public java.util.List com.smart.dao.BaseDao.find2(java.lang.String,java.lang.Object[])
2019-05-06 11:12:38,610 DEBUG (org.springframework.transaction.annotation.AnnotationTransactionAttributeSource:108) - Adding transactional method 'BoardDao.find2' with attribute: PROPAGATION_REQUIRED,ISOLATION_DEFAULT,readOnly; ''
2019-05-06 11:12:38,610 DEBUG (org.springframework.transaction.annotation.AnnotationTransactionAttributeSource:108) - Adding transactional method 'BoardDao.find2' with attribute: PROPAGATION_REQUIRED,ISOLATION_DEFAULT,readOnly; ''
2019-05-06 11:12:38,610 DEBUG (org.springframework.aop.framework.CglibAopProxy:831) - Unable to apply any optimisations to advised method: public java.util.List com.smart.dao.BaseDao.find2(java.lang.String)
2019-05-06 11:12:38,610 DEBUG (org.springframework.aop.framework.CglibAopProxy:831) - Unable to apply any optimisations to advised method: public java.util.List com.smart.dao.BaseDao.find2(java.lang.String)
2019-05-06 11:12:38,610 DEBUG (org.springframework.transaction.annotation.AnnotationTransactionAttributeSource:108) - Adding transactional method 'BoardDao.pagedQuery' with attribute: PROPAGATION_REQUIRED,ISOLATION_DEFAULT,readOnly; ''
2019-05-06 11:12:38,610 DEBUG (org.springframework.transaction.annotation.AnnotationTransactionAttributeSource:108) - Adding transactional method 'BoardDao.pagedQuery' with attribute: PROPAGATION_REQUIRED,ISOLATION_DEFAULT,readOnly; ''
2019-05-06 11:12:38,610 DEBUG (org.springframework.aop.framework.CglibAopProxy:831) - Unable to apply any optimisations to advised method: public com.smart.dao.Page com.smart.dao.BaseDao.pagedQuery(java.lang.String,int,int,java.lang.Object[])
2019-05-06 11:12:38,610 DEBUG (org.springframework.aop.framework.CglibAopProxy:831) - Unable to apply any optimisations to advised method: public com.smart.dao.Page com.smart.dao.BaseDao.pagedQuery(java.lang.String,int,int,java.lang.Object[])
2019-05-06 11:12:38,613 DEBUG (org.springframework.transaction.annotation.AnnotationTransactionAttributeSource:108) - Adding transactional method 'BoardDao.createQuery' with attribute: PROPAGATION_REQUIRED,ISOLATION_DEFAULT; ''
2019-05-06 11:12:38,613 DEBUG (org.springframework.transaction.annotation.AnnotationTransactionAttributeSource:108) - Adding transactional method 'BoardDao.createQuery' with attribute: PROPAGATION_REQUIRED,ISOLATION_DEFAULT; ''
2019-05-06 11:12:38,613 DEBUG (org.springframework.aop.framework.CglibAopProxy:831) - Unable to apply any optimisations to advised method: public org.hibernate.Query com.smart.dao.BaseDao.createQuery(java.lang.String,java.lang.Object[])
2019-05-06 11:12:38,613 DEBUG (org.springframework.aop.framework.CglibAopProxy:831) - Unable to apply any optimisations to advised method: public org.hibernate.Query com.smart.dao.BaseDao.createQuery(java.lang.String,java.lang.Object[])
2019-05-06 11:12:38,614 DEBUG (org.springframework.transaction.annotation.AnnotationTransactionAttributeSource:108) - Adding transactional method 'BoardDao.setHibernateTemplate' with attribute: PROPAGATION_REQUIRED,ISOLATION_DEFAULT,readOnly; ''
2019-05-06 11:12:38,614 DEBUG (org.springframework.transaction.annotation.AnnotationTransactionAttributeSource:108) - Adding transactional method 'BoardDao.setHibernateTemplate' with attribute: PROPAGATION_REQUIRED,ISOLATION_DEFAULT,readOnly; ''
2019-05-06 11:12:38,614 DEBUG (org.springframework.aop.framework.CglibAopProxy:831) - Unable to apply any optimisations to advised method: public void com.smart.dao.BaseDao.setHibernateTemplate(org.springframework.orm.hibernate4.HibernateTemplate)
2019-05-06 11:12:38,614 DEBUG (org.springframework.aop.framework.CglibAopProxy:831) - Unable to apply any optimisations to advised method: public void com.smart.dao.BaseDao.setHibernateTemplate(org.springframework.orm.hibernate4.HibernateTemplate)
2019-05-06 11:12:38,615 DEBUG (org.springframework.transaction.annotation.AnnotationTransactionAttributeSource:108) - Adding transactional method 'BoardDao.getSession' with attribute: PROPAGATION_REQUIRED,ISOLATION_DEFAULT,readOnly; ''
2019-05-06 11:12:38,615 DEBUG (org.springframework.transaction.annotation.AnnotationTransactionAttributeSource:108) - Adding transactional method 'BoardDao.getSession' with attribute: PROPAGATION_REQUIRED,ISOLATION_DEFAULT,readOnly; ''
2019-05-06 11:12:38,615 DEBUG (org.springframework.aop.framework.CglibAopProxy:831) - Unable to apply any optimisations to advised method: public org.hibernate.Session com.smart.dao.BaseDao.getSession()
2019-05-06 11:12:38,615 DEBUG (org.springframework.aop.framework.CglibAopProxy:831) - Unable to apply any optimisations to advised method: public org.hibernate.Session com.smart.dao.BaseDao.getSession()
2019-05-06 11:12:38,616 DEBUG (org.springframework.transaction.annotation.AnnotationTransactionAttributeSource:108) - Adding transactional method 'BoardDao.setSessionFactory' with attribute: PROPAGATION_REQUIRED,ISOLATION_DEFAULT,readOnly; ''
2019-05-06 11:12:38,616 DEBUG (org.springframework.transaction.annotation.AnnotationTransactionAttributeSource:108) - Adding transactional method 'BoardDao.setSessionFactory' with attribute: PROPAGATION_REQUIRED,ISOLATION_DEFAULT,readOnly; ''
2019-05-06 11:12:38,617 DEBUG (org.springframework.aop.framework.CglibAopProxy:831) - Unable to apply any optimisations to advised method: public void com.smart.dao.BaseDao.setSessionFactory(org.hibernate.SessionFactory)
2019-05-06 11:12:38,617 DEBUG (org.springframework.aop.framework.CglibAopProxy:831) - Unable to apply any optimisations to advised method: public void com.smart.dao.BaseDao.setSessionFactory(org.hibernate.SessionFactory)
2019-05-06 11:12:38,617 DEBUG (org.springframework.transaction.annotation.AnnotationTransactionAttributeSource:108) - Adding transactional method 'BoardDao.loadAll' with attribute: PROPAGATION_REQUIRED,ISOLATION_DEFAULT,readOnly; ''
2019-05-06 11:12:38,617 DEBUG (org.springframework.transaction.annotation.AnnotationTransactionAttributeSource:108) - Adding transactional method 'BoardDao.loadAll' with attribute: PROPAGATION_REQUIRED,ISOLATION_DEFAULT,readOnly; ''
2019-05-06 11:12:38,618 DEBUG (org.springframework.aop.framework.CglibAopProxy:831) - Unable to apply any optimisations to advised method: public java.util.List com.smart.dao.BaseDao.loadAll()
2019-05-06 11:12:38,618 DEBUG (org.springframework.aop.framework.CglibAopProxy:831) - Unable to apply any optimisations to advised method: public java.util.List com.smart.dao.BaseDao.loadAll()
2019-05-06 11:12:38,618 DEBUG (org.springframework.aop.framework.CglibAopProxy:782) - Found finalize() method - using NO_OVERRIDE
2019-05-06 11:12:38,618 DEBUG (org.springframework.aop.framework.CglibAopProxy:782) - Found finalize() method - using NO_OVERRIDE
2019-05-06 11:12:38,619 DEBUG (org.springframework.aop.framework.CglibAopProxy:794) - Found 'equals' method: public boolean java.lang.Object.equals(java.lang.Object)
2019-05-06 11:12:38,619 DEBUG (org.springframework.aop.framework.CglibAopProxy:794) - Found 'equals' method: public boolean java.lang.Object.equals(java.lang.Object)
2019-05-06 11:12:38,619 DEBUG (org.springframework.aop.framework.CglibAopProxy:831) - Unable to apply any optimisations to advised method: public java.lang.String java.lang.Object.toString()
2019-05-06 11:12:38,619 DEBUG (org.springframework.aop.framework.CglibAopProxy:831) - Unable to apply any optimisations to advised method: public java.lang.String java.lang.Object.toString()
2019-05-06 11:12:38,619 DEBUG (org.springframework.aop.framework.CglibAopProxy:799) - Found 'hashCode' method: public native int java.lang.Object.hashCode()
2019-05-06 11:12:38,619 DEBUG (org.springframework.aop.framework.CglibAopProxy:799) - Found 'hashCode' method: public native int java.lang.Object.hashCode()
2019-05-06 11:12:38,620 DEBUG (org.springframework.aop.framework.CglibAopProxy:831) - Unable to apply any optimisations to advised method: protected native java.lang.Object java.lang.Object.clone() throws java.lang.CloneNotSupportedException
2019-05-06 11:12:38,620 DEBUG (org.springframework.aop.framework.CglibAopProxy:831) - Unable to apply any optimisations to advised method: protected native java.lang.Object java.lang.Object.clone() throws java.lang.CloneNotSupportedException
2019-05-06 11:12:38,620 DEBUG (org.springframework.aop.framework.CglibAopProxy:788) - Method is declared on Advised interface: public abstract int org.springframework.aop.framework.Advised.indexOf(org.springframework.aop.Advisor)
2019-05-06 11:12:38,620 DEBUG (org.springframework.aop.framework.CglibAopProxy:788) - Method is declared on Advised interface: public abstract int org.springframework.aop.framework.Advised.indexOf(org.springframework.aop.Advisor)
2019-05-06 11:12:38,620 DEBUG (org.springframework.aop.framework.CglibAopProxy:788) - Method is declared on Advised interface: public abstract int org.springframework.aop.framework.Advised.indexOf(org.aopalliance.aop.Advice)
2019-05-06 11:12:38,620 DEBUG (org.springframework.aop.framework.CglibAopProxy:788) - Method is declared on Advised interface: public abstract int org.springframework.aop.framework.Advised.indexOf(org.aopalliance.aop.Advice)
2019-05-06 11:12:38,620 DEBUG (org.springframework.aop.framework.CglibAopProxy:788) - Method is declared on Advised interface: public abstract boolean org.springframework.aop.framework.Advised.isFrozen()
2019-05-06 11:12:38,620 DEBUG (org.springframework.aop.framework.CglibAopProxy:788) - Method is declared on Advised interface: public abstract boolean org.springframework.aop.framework.Advised.isFrozen()
2019-05-06 11:12:38,621 DEBUG (org.springframework.aop.framework.CglibAopProxy:788) - Method is declared on Advised interface: public abstract void org.springframework.aop.framework.Advised.addAdvice(org.aopalliance.aop.Advice) throws org.springframework.aop.framework.AopConfigException
2019-05-06 11:12:38,621 DEBUG (org.springframework.aop.framework.CglibAopProxy:788) - Method is declared on Advised interface: public abstract void org.springframework.aop.framework.Advised.addAdvice(org.aopalliance.aop.Advice) throws org.springframework.aop.framework.AopConfigException
2019-05-06 11:12:38,621 DEBUG (org.springframework.aop.framework.CglibAopProxy:788) - Method is declared on Advised interface: public abstract void org.springframework.aop.framework.Advised.addAdvice(int,org.aopalliance.aop.Advice) throws org.springframework.aop.framework.AopConfigException
2019-05-06 11:12:38,621 DEBUG (org.springframework.aop.framework.CglibAopProxy:788) - Method is declared on Advised interface: public abstract void org.springframework.aop.framework.Advised.addAdvice(int,org.aopalliance.aop.Advice) throws org.springframework.aop.framework.AopConfigException
2019-05-06 11:12:38,621 DEBUG (org.springframework.aop.framework.CglibAopProxy:788) - Method is declared on Advised interface: public abstract boolean org.springframework.aop.framework.Advised.isPreFiltered()
2019-05-06 11:12:38,621 DEBUG (org.springframework.aop.framework.CglibAopProxy:788) - Method is declared on Advised interface: public abstract boolean org.springframework.aop.framework.Advised.isPreFiltered()
2019-05-06 11:12:38,621 DEBUG (org.springframework.aop.framework.CglibAopProxy:788) - Method is declared on Advised interface: public abstract java.lang.Class[] org.springframework.aop.framework.Advised.getProxiedInterfaces()
2019-05-06 11:12:38,621 DEBUG (org.springframework.aop.framework.CglibAopProxy:788) - Method is declared on Advised interface: public abstract java.lang.Class[] org.springframework.aop.framework.Advised.getProxiedInterfaces()
2019-05-06 11:12:38,622 DEBUG (org.springframework.aop.framework.CglibAopProxy:788) - Method is declared on Advised interface: public abstract boolean org.springframework.aop.framework.Advised.isInterfaceProxied(java.lang.Class)
2019-05-06 11:12:38,622 DEBUG (org.springframework.aop.framework.CglibAopProxy:788) - Method is declared on Advised interface: public abstract boolean org.springframework.aop.framework.Advised.isInterfaceProxied(java.lang.Class)
2019-05-06 11:12:38,622 DEBUG (org.springframework.aop.framework.CglibAopProxy:788) - Method is declared on Advised interface: public abstract org.springframework.aop.Advisor[] org.springframework.aop.framework.Advised.getAdvisors()
2019-05-06 11:12:38,622 DEBUG (org.springframework.aop.framework.CglibAopProxy:788) - Method is declared on Advised interface: public abstract org.springframework.aop.Advisor[] org.springframework.aop.framework.Advised.getAdvisors()
2019-05-06 11:12:38,622 DEBUG (org.springframework.aop.framework.CglibAopProxy:788) - Method is declared on Advised interface: public abstract void org.springframework.aop.framework.Advised.removeAdvisor(int) throws org.springframework.aop.framework.AopConfigException
2019-05-06 11:12:38,622 DEBUG (org.springframework.aop.framework.CglibAopProxy:788) - Method is declared on Advised interface: public abstract void org.springframework.aop.framework.Advised.removeAdvisor(int) throws org.springframework.aop.framework.AopConfigException
2019-05-06 11:12:38,623 DEBUG (org.springframework.aop.framework.CglibAopProxy:788) - Method is declared on Advised interface: public abstract boolean org.springframework.aop.framework.Advised.removeAdvisor(org.springframework.aop.Advisor)
2019-05-06 11:12:38,623 DEBUG (org.springframework.aop.framework.CglibAopProxy:788) - Method is declared on Advised interface: public abstract boolean org.springframework.aop.framework.Advised.removeAdvisor(org.springframework.aop.Advisor)
2019-05-06 11:12:38,623 DEBUG (org.springframework.aop.framework.CglibAopProxy:788) - Method is declared on Advised interface: public abstract boolean org.springframework.aop.framework.Advised.replaceAdvisor(org.springframework.aop.Advisor,org.springframework.aop.Advisor) throws org.springframework.aop.framework.AopConfigException
2019-05-06 11:12:38,623 DEBUG (org.springframework.aop.framework.CglibAopProxy:788) - Method is declared on Advised interface: public abstract boolean org.springframework.aop.framework.Advised.replaceAdvisor(org.springframework.aop.Advisor,org.springframework.aop.Advisor) throws org.springframework.aop.framework.AopConfigException
2019-05-06 11:12:38,623 DEBUG (org.springframework.aop.framework.CglibAopProxy:788) - Method is declared on Advised interface: public abstract boolean org.springframework.aop.framework.Advised.removeAdvice(org.aopalliance.aop.Advice)
2019-05-06 11:12:38,623 DEBUG (org.springframework.aop.framework.CglibAopProxy:788) - Method is declared on Advised interface: public abstract boolean org.springframework.aop.framework.Advised.removeAdvice(org.aopalliance.aop.Advice)
2019-05-06 11:12:38,623 DEBUG (org.springframework.aop.framework.CglibAopProxy:788) - Method is declared on Advised interface: public abstract java.lang.String org.springframework.aop.framework.Advised.toProxyConfigString()
2019-05-06 11:12:38,623 DEBUG (org.springframework.aop.framework.CglibAopProxy:788) - Method is declared on Advised interface: public abstract java.lang.String org.springframework.aop.framework.Advised.toProxyConfigString()
2019-05-06 11:12:38,623 DEBUG (org.springframework.aop.framework.CglibAopProxy:788) - Method is declared on Advised interface: public abstract void org.springframework.aop.framework.Advised.setTargetSource(org.springframework.aop.TargetSource)
2019-05-06 11:12:38,623 DEBUG (org.springframework.aop.framework.CglibAopProxy:788) - Method is declared on Advised interface: public abstract void org.springframework.aop.framework.Advised.setTargetSource(org.springframework.aop.TargetSource)
2019-05-06 11:12:38,624 DEBUG (org.springframework.aop.framework.CglibAopProxy:788) - Method is declared on Advised interface: public abstract org.springframework.aop.TargetSource org.springframework.aop.framework.Advised.getTargetSource()
2019-05-06 11:12:38,624 DEBUG (org.springframework.aop.framework.CglibAopProxy:788) - Method is declared on Advised interface: public abstract org.springframework.aop.TargetSource org.springframework.aop.framework.Advised.getTargetSource()
2019-05-06 11:12:38,624 DEBUG (org.springframework.aop.framework.CglibAopProxy:788) - Method is declared on Advised interface: public abstract boolean org.springframework.aop.framework.Advised.isProxyTargetClass()
2019-05-06 11:12:38,624 DEBUG (org.springframework.aop.framework.CglibAopProxy:788) - Method is declared on Advised interface: public abstract boolean org.springframework.aop.framework.Advised.isProxyTargetClass()
2019-05-06 11:12:38,624 DEBUG (org.springframework.aop.framework.CglibAopProxy:788) - Method is declared on Advised interface: public abstract void org.springframework.aop.framework.Advised.addAdvisor(org.springframework.aop.Advisor) throws org.springframework.aop.framework.AopConfigException
2019-05-06 11:12:38,624 DEBUG (org.springframework.aop.framework.CglibAopProxy:788) - Method is declared on Advised interface: public abstract void org.springframework.aop.framework.Advised.addAdvisor(org.springframework.aop.Advisor) throws org.springframework.aop.framework.AopConfigException
2019-05-06 11:12:38,624 DEBUG (org.springframework.aop.framework.CglibAopProxy:788) - Method is declared on Advised interface: public abstract void org.springframework.aop.framework.Advised.addAdvisor(int,org.springframework.aop.Advisor) throws org.springframework.aop.framework.AopConfigException
2019-05-06 11:12:38,624 DEBUG (org.springframework.aop.framework.CglibAopProxy:788) - Method is declared on Advised interface: public abstract void org.springframework.aop.framework.Advised.addAdvisor(int,org.springframework.aop.Advisor) throws org.springframework.aop.framework.AopConfigException
2019-05-06 11:12:38,625 DEBUG (org.springframework.aop.framework.CglibAopProxy:788) - Method is declared on Advised interface: public abstract void org.springframework.aop.framework.Advised.setPreFiltered(boolean)
2019-05-06 11:12:38,625 DEBUG (org.springframework.aop.framework.CglibAopProxy:788) - Method is declared on Advised interface: public abstract void org.springframework.aop.framework.Advised.setPreFiltered(boolean)
2019-05-06 11:12:38,625 DEBUG (org.springframework.aop.framework.CglibAopProxy:788) - Method is declared on Advised interface: public abstract void org.springframework.aop.framework.Advised.setExposeProxy(boolean)
2019-05-06 11:12:38,625 DEBUG (org.springframework.aop.framework.CglibAopProxy:788) - Method is declared on Advised interface: public abstract void org.springframework.aop.framework.Advised.setExposeProxy(boolean)
2019-05-06 11:12:38,625 DEBUG (org.springframework.aop.framework.CglibAopProxy:788) - Method is declared on Advised interface: public abstract boolean org.springframework.aop.framework.Advised.isExposeProxy()
2019-05-06 11:12:38,625 DEBUG (org.springframework.aop.framework.CglibAopProxy:788) - Method is declared on Advised interface: public abstract boolean org.springframework.aop.framework.Advised.isExposeProxy()
2019-05-06 11:12:38,625 DEBUG (org.springframework.aop.framework.CglibAopProxy:788) - Method is declared on Advised interface: public abstract java.lang.Class org.springframework.aop.TargetClassAware.getTargetClass()
2019-05-06 11:12:38,625 DEBUG (org.springframework.aop.framework.CglibAopProxy:788) - Method is declared on Advised interface: public abstract java.lang.Class org.springframework.aop.TargetClassAware.getTargetClass()
2019-05-06 11:12:38,638 DEBUG (org.springframework.beans.factory.support.DefaultListableBeanFactory:484) - Finished creating instance of bean 'boardDao'
2019-05-06 11:12:38,638 DEBUG (org.springframework.beans.factory.support.DefaultListableBeanFactory:484) - Finished creating instance of bean 'boardDao'
2019-05-06 11:12:38,638 DEBUG (org.springframework.beans.factory.support.DefaultListableBeanFactory:221) - Creating shared instance of singleton bean 'loginLogDao'
2019-05-06 11:12:38,638 DEBUG (org.springframework.beans.factory.support.DefaultListableBeanFactory:221) - Creating shared instance of singleton bean 'loginLogDao'
2019-05-06 11:12:38,638 DEBUG (org.springframework.beans.factory.support.DefaultListableBeanFactory:448) - Creating instance of bean 'loginLogDao'
2019-05-06 11:12:38,638 DEBUG (org.springframework.beans.factory.support.DefaultListableBeanFactory:448) - Creating instance of bean 'loginLogDao'
2019-05-06 11:12:38,642 DEBUG (org.springframework.beans.factory.annotation.InjectionMetadata:72) - Registered injected element on class [com.smart.dao.LoginLogDao]: AutowiredMethodElement for public void com.smart.dao.BaseDao.setHibernateTemplate(org.springframework.orm.hibernate4.HibernateTemplate)
2019-05-06 11:12:38,642 DEBUG (org.springframework.beans.factory.annotation.InjectionMetadata:72) - Registered injected element on class [com.smart.dao.LoginLogDao]: AutowiredMethodElement for public void com.smart.dao.BaseDao.setHibernateTemplate(org.springframework.orm.hibernate4.HibernateTemplate)
2019-05-06 11:12:38,642 DEBUG (org.springframework.beans.factory.annotation.InjectionMetadata:72) - Registered injected element on class [com.smart.dao.LoginLogDao]: AutowiredMethodElement for public void com.smart.dao.BaseDao.setSessionFactory(org.hibernate.SessionFactory)
2019-05-06 11:12:38,642 DEBUG (org.springframework.beans.factory.annotation.InjectionMetadata:72) - Registered injected element on class [com.smart.dao.LoginLogDao]: AutowiredMethodElement for public void com.smart.dao.BaseDao.setSessionFactory(org.hibernate.SessionFactory)
2019-05-06 11:12:38,643 DEBUG (org.springframework.beans.factory.support.DefaultListableBeanFactory:529) - Eagerly caching bean 'loginLogDao' to allow for resolving potential circular references
2019-05-06 11:12:38,643 DEBUG (org.springframework.beans.factory.support.DefaultListableBeanFactory:529) - Eagerly caching bean 'loginLogDao' to allow for resolving potential circular references
2019-05-06 11:12:38,643 DEBUG (org.springframework.beans.factory.annotation.InjectionMetadata:86) - Processing injected element of bean 'loginLogDao': AutowiredMethodElement for public void com.smart.dao.BaseDao.setHibernateTemplate(org.springframework.orm.hibernate4.HibernateTemplate)
2019-05-06 11:12:38,643 DEBUG (org.springframework.beans.factory.annotation.InjectionMetadata:86) - Processing injected element of bean 'loginLogDao': AutowiredMethodElement for public void com.smart.dao.BaseDao.setHibernateTemplate(org.springframework.orm.hibernate4.HibernateTemplate)
2019-05-06 11:12:38,643 DEBUG (org.springframework.beans.factory.support.DefaultListableBeanFactory:250) - Returning cached instance of singleton bean 'hibernateTemplate'
2019-05-06 11:12:38,643 DEBUG (org.springframework.beans.factory.support.DefaultListableBeanFactory:250) - Returning cached instance of singleton bean 'hibernateTemplate'
2019-05-06 11:12:38,643 DEBUG (org.springframework.beans.factory.annotation.AutowiredAnnotationBeanPostProcessor:490) - Autowiring by type from bean name 'loginLogDao' to bean named 'hibernateTemplate'
2019-05-06 11:12:38,643 DEBUG (org.springframework.beans.factory.annotation.AutowiredAnnotationBeanPostProcessor:490) - Autowiring by type from bean name 'loginLogDao' to bean named 'hibernateTemplate'
2019-05-06 11:12:38,643 DEBUG (org.springframework.beans.factory.annotation.InjectionMetadata:86) - Processing injected element of bean 'loginLogDao': AutowiredMethodElement for public void com.smart.dao.BaseDao.setSessionFactory(org.hibernate.SessionFactory)
2019-05-06 11:12:38,643 DEBUG (org.springframework.beans.factory.annotation.InjectionMetadata:86) - Processing injected element of bean 'loginLogDao': AutowiredMethodElement for public void com.smart.dao.BaseDao.setSessionFactory(org.hibernate.SessionFactory)
2019-05-06 11:12:38,644 DEBUG (org.springframework.beans.factory.support.DefaultListableBeanFactory:250) - Returning cached instance of singleton bean 'localSessionFactoryBean'
2019-05-06 11:12:38,644 DEBUG (org.springframework.beans.factory.support.DefaultListableBeanFactory:250) - Returning cached instance of singleton bean 'localSessionFactoryBean'
2019-05-06 11:12:38,644 DEBUG (org.springframework.beans.factory.support.DefaultListableBeanFactory:250) - Returning cached instance of singleton bean 'sessionFactory'
2019-05-06 11:12:38,644 DEBUG (org.springframework.beans.factory.support.DefaultListableBeanFactory:250) - Returning cached instance of singleton bean 'sessionFactory'
2019-05-06 11:12:38,644 DEBUG (org.springframework.beans.factory.annotation.AutowiredAnnotationBeanPostProcessor:490) - Autowiring by type from bean name 'loginLogDao' to bean named 'sessionFactory'
2019-05-06 11:12:38,644 DEBUG (org.springframework.beans.factory.annotation.AutowiredAnnotationBeanPostProcessor:490) - Autowiring by type from bean name 'loginLogDao' to bean named 'sessionFactory'
2019-05-06 11:12:38,644 DEBUG (org.springframework.beans.factory.support.DefaultListableBeanFactory:250) - Returning cached instance of singleton bean 'org.springframework.transaction.config.internalTransactionAdvisor'
2019-05-06 11:12:38,644 DEBUG (org.springframework.beans.factory.support.DefaultListableBeanFactory:250) - Returning cached instance of singleton bean 'org.springframework.transaction.config.internalTransactionAdvisor'
2019-05-06 11:12:38,645 DEBUG (org.springframework.transaction.annotation.AnnotationTransactionAttributeSource:108) - Adding transactional method 'LoginLogDao.save' with attribute: PROPAGATION_REQUIRED,ISOLATION_DEFAULT; ''
2019-05-06 11:12:38,645 DEBUG (org.springframework.transaction.annotation.AnnotationTransactionAttributeSource:108) - Adding transactional method 'LoginLogDao.save' with attribute: PROPAGATION_REQUIRED,ISOLATION_DEFAULT; ''
2019-05-06 11:12:38,645 DEBUG (org.springframework.aop.framework.autoproxy.InfrastructureAdvisorAutoProxyCreator:505) - Creating implicit proxy for bean 'loginLogDao' with 0 common interceptors and 1 specific interceptors
2019-05-06 11:12:38,645 DEBUG (org.springframework.aop.framework.autoproxy.InfrastructureAdvisorAutoProxyCreator:505) - Creating implicit proxy for bean 'loginLogDao' with 0 common interceptors and 1 specific interceptors
2019-05-06 11:12:38,645 DEBUG (org.springframework.aop.framework.CglibAopProxy:158) - Creating CGLIB proxy: target source is SingletonTargetSource for target object [com.smart.dao.LoginLogDao@34c99057]
2019-05-06 11:12:38,645 DEBUG (org.springframework.aop.framework.CglibAopProxy:158) - Creating CGLIB proxy: target source is SingletonTargetSource for target object [com.smart.dao.LoginLogDao@34c99057]
2019-05-06 11:12:38,646 DEBUG (org.springframework.aop.framework.CglibAopProxy:831) - Unable to apply any optimisations to advised method: public void com.smart.dao.LoginLogDao.save(com.smart.domain.LoginLog)
2019-05-06 11:12:38,646 DEBUG (org.springframework.aop.framework.CglibAopProxy:831) - Unable to apply any optimisations to advised method: public void com.smart.dao.LoginLogDao.save(com.smart.domain.LoginLog)
2019-05-06 11:12:38,647 DEBUG (org.springframework.transaction.annotation.AnnotationTransactionAttributeSource:108) - Adding transactional method 'LoginLogDao.save' with attribute: PROPAGATION_REQUIRED,ISOLATION_DEFAULT; ''
2019-05-06 11:12:38,647 DEBUG (org.springframework.transaction.annotation.AnnotationTransactionAttributeSource:108) - Adding transactional method 'LoginLogDao.save' with attribute: PROPAGATION_REQUIRED,ISOLATION_DEFAULT; ''
2019-05-06 11:12:38,647 DEBUG (org.springframework.aop.framework.CglibAopProxy:831) - Unable to apply any optimisations to advised method: public void com.smart.dao.LoginLogDao.save(java.lang.Object)
2019-05-06 11:12:38,647 DEBUG (org.springframework.aop.framework.CglibAopProxy:831) - Unable to apply any optimisations to advised method: public void com.smart.dao.LoginLogDao.save(java.lang.Object)
2019-05-06 11:12:38,647 DEBUG (org.springframework.transaction.annotation.AnnotationTransactionAttributeSource:108) - Adding transactional method 'LoginLogDao.remove' with attribute: PROPAGATION_REQUIRED,ISOLATION_DEFAULT,readOnly; ''
2019-05-06 11:12:38,647 DEBUG (org.springframework.transaction.annotation.AnnotationTransactionAttributeSource:108) - Adding transactional method 'LoginLogDao.remove' with attribute: PROPAGATION_REQUIRED,ISOLATION_DEFAULT,readOnly; ''
2019-05-06 11:12:38,648 DEBUG (org.springframework.aop.framework.CglibAopProxy:831) - Unable to apply any optimisations to advised method: public void com.smart.dao.BaseDao.remove(java.lang.Object)
2019-05-06 11:12:38,648 DEBUG (org.springframework.aop.framework.CglibAopProxy:831) - Unable to apply any optimisations to advised method: public void com.smart.dao.BaseDao.remove(java.lang.Object)
2019-05-06 11:12:38,648 DEBUG (org.springframework.transaction.annotation.AnnotationTransactionAttributeSource:108) - Adding transactional method 'LoginLogDao.get' with attribute: PROPAGATION_REQUIRED,ISOLATION_DEFAULT,readOnly; ''
2019-05-06 11:12:38,648 DEBUG (org.springframework.transaction.annotation.AnnotationTransactionAttributeSource:108) - Adding transactional method 'LoginLogDao.get' with attribute: PROPAGATION_REQUIRED,ISOLATION_DEFAULT,readOnly; ''
2019-05-06 11:12:38,648 DEBUG (org.springframework.aop.framework.CglibAopProxy:831) - Unable to apply any optimisations to advised method: public java.lang.Object com.smart.dao.BaseDao.get(java.io.Serializable)
2019-05-06 11:12:38,648 DEBUG (org.springframework.aop.framework.CglibAopProxy:831) - Unable to apply any optimisations to advised method: public java.lang.Object com.smart.dao.BaseDao.get(java.io.Serializable)
2019-05-06 11:12:38,649 DEBUG (org.springframework.transaction.annotation.AnnotationTransactionAttributeSource:108) - Adding transactional method 'LoginLogDao.update' with attribute: PROPAGATION_REQUIRED,ISOLATION_DEFAULT; ''
2019-05-06 11:12:38,649 DEBUG (org.springframework.transaction.annotation.AnnotationTransactionAttributeSource:108) - Adding transactional method 'LoginLogDao.update' with attribute: PROPAGATION_REQUIRED,ISOLATION_DEFAULT; ''
2019-05-06 11:12:38,649 DEBUG (org.springframework.aop.framework.CglibAopProxy:831) - Unable to apply any optimisations to advised method: public void com.smart.dao.BaseDao.update(java.lang.Object)
2019-05-06 11:12:38,649 DEBUG (org.springframework.aop.framework.CglibAopProxy:831) - Unable to apply any optimisations to advised method: public void com.smart.dao.BaseDao.update(java.lang.Object)
2019-05-06 11:12:38,649 DEBUG (org.springframework.transaction.annotation.AnnotationTransactionAttributeSource:108) - Adding transactional method 'LoginLogDao.load' with attribute: PROPAGATION_REQUIRED,ISOLATION_DEFAULT,readOnly; ''
2019-05-06 11:12:38,649 DEBUG (org.springframework.transaction.annotation.AnnotationTransactionAttributeSource:108) - Adding transactional method 'LoginLogDao.load' with attribute: PROPAGATION_REQUIRED,ISOLATION_DEFAULT,readOnly; ''
2019-05-06 11:12:38,650 DEBUG (org.springframework.aop.framework.CglibAopProxy:831) - Unable to apply any optimisations to advised method: public java.lang.Object com.smart.dao.BaseDao.load(java.io.Serializable)
2019-05-06 11:12:38,650 DEBUG (org.springframework.aop.framework.CglibAopProxy:831) - Unable to apply any optimisations to advised method: public java.lang.Object com.smart.dao.BaseDao.load(java.io.Serializable)
2019-05-06 11:12:38,650 DEBUG (org.springframework.transaction.annotation.AnnotationTransactionAttributeSource:108) - Adding transactional method 'LoginLogDao.find' with attribute: PROPAGATION_REQUIRED,ISOLATION_DEFAULT,readOnly; ''
2019-05-06 11:12:38,650 DEBUG (org.springframework.transaction.annotation.AnnotationTransactionAttributeSource:108) - Adding transactional method 'LoginLogDao.find' with attribute: PROPAGATION_REQUIRED,ISOLATION_DEFAULT,readOnly; ''
2019-05-06 11:12:38,650 DEBUG (org.springframework.aop.framework.CglibAopProxy:831) - Unable to apply any optimisations to advised method: public java.util.List com.smart.dao.BaseDao.find(java.lang.String)
2019-05-06 11:12:38,650 DEBUG (org.springframework.aop.framework.CglibAopProxy:831) - Unable to apply any optimisations to advised method: public java.util.List com.smart.dao.BaseDao.find(java.lang.String)
2019-05-06 11:12:38,651 DEBUG (org.springframework.transaction.annotation.AnnotationTransactionAttributeSource:108) - Adding transactional method 'LoginLogDao.find' with attribute: PROPAGATION_REQUIRED,ISOLATION_DEFAULT,readOnly; ''
2019-05-06 11:12:38,651 DEBUG (org.springframework.transaction.annotation.AnnotationTransactionAttributeSource:108) - Adding transactional method 'LoginLogDao.find' with attribute: PROPAGATION_REQUIRED,ISOLATION_DEFAULT,readOnly; ''
2019-05-06 11:12:38,651 DEBUG (org.springframework.aop.framework.CglibAopProxy:831) - Unable to apply any optimisations to advised method: public java.util.List com.smart.dao.BaseDao.find(java.lang.String,java.lang.Object[])
2019-05-06 11:12:38,651 DEBUG (org.springframework.aop.framework.CglibAopProxy:831) - Unable to apply any optimisations to advised method: public java.util.List com.smart.dao.BaseDao.find(java.lang.String,java.lang.Object[])
2019-05-06 11:12:38,652 DEBUG (org.springframework.transaction.annotation.AnnotationTransactionAttributeSource:108) - Adding transactional method 'LoginLogDao.removeAll' with attribute: PROPAGATION_REQUIRED,ISOLATION_DEFAULT,readOnly; ''
2019-05-06 11:12:38,652 DEBUG (org.springframework.transaction.annotation.AnnotationTransactionAttributeSource:108) - Adding transactional method 'LoginLogDao.removeAll' with attribute: PROPAGATION_REQUIRED,ISOLATION_DEFAULT,readOnly; ''
2019-05-06 11:12:38,652 DEBUG (org.springframework.aop.framework.CglibAopProxy:831) - Unable to apply any optimisations to advised method: public void com.smart.dao.BaseDao.removeAll(java.lang.String)
2019-05-06 11:12:38,652 DEBUG (org.springframework.aop.framework.CglibAopProxy:831) - Unable to apply any optimisations to advised method: public void com.smart.dao.BaseDao.removeAll(java.lang.String)
2019-05-06 11:12:38,652 DEBUG (org.springframework.transaction.annotation.AnnotationTransactionAttributeSource:108) - Adding transactional method 'LoginLogDao.initialize' with attribute: PROPAGATION_REQUIRED,ISOLATION_DEFAULT,readOnly; ''
2019-05-06 11:12:38,652 DEBUG (org.springframework.transaction.annotation.AnnotationTransactionAttributeSource:108) - Adding transactional method 'LoginLogDao.initialize' with attribute: PROPAGATION_REQUIRED,ISOLATION_DEFAULT,readOnly; ''
2019-05-06 11:12:38,653 DEBUG (org.springframework.aop.framework.CglibAopProxy:831) - Unable to apply any optimisations to advised method: public void com.smart.dao.BaseDao.initialize(java.lang.Object)
2019-05-06 11:12:38,653 DEBUG (org.springframework.aop.framework.CglibAopProxy:831) - Unable to apply any optimisations to advised method: public void com.smart.dao.BaseDao.initialize(java.lang.Object)
2019-05-06 11:12:38,653 DEBUG (org.springframework.transaction.annotation.AnnotationTransactionAttributeSource:108) - Adding transactional method 'LoginLogDao.getHibernateTemplate' with attribute: PROPAGATION_REQUIRED,ISOLATION_DEFAULT,readOnly; ''
2019-05-06 11:12:38,653 DEBUG (org.springframework.transaction.annotation.AnnotationTransactionAttributeSource:108) - Adding transactional method 'LoginLogDao.getHibernateTemplate' with attribute: PROPAGATION_REQUIRED,ISOLATION_DEFAULT,readOnly; ''
2019-05-06 11:12:38,654 DEBUG (org.springframework.aop.framework.CglibAopProxy:831) - Unable to apply any optimisations to advised method: public org.springframework.orm.hibernate4.HibernateTemplate com.smart.dao.BaseDao.getHibernateTemplate()
2019-05-06 11:12:38,654 DEBUG (org.springframework.aop.framework.CglibAopProxy:831) - Unable to apply any optimisations to advised method: public org.springframework.orm.hibernate4.HibernateTemplate com.smart.dao.BaseDao.getHibernateTemplate()
2019-05-06 11:12:38,655 DEBUG (org.springframework.transaction.annotation.AnnotationTransactionAttributeSource:108) - Adding transactional method 'LoginLogDao.find2' with attribute: PROPAGATION_REQUIRED,ISOLATION_DEFAULT,readOnly; ''
2019-05-06 11:12:38,655 DEBUG (org.springframework.transaction.annotation.AnnotationTransactionAttributeSource:108) - Adding transactional method 'LoginLogDao.find2' with attribute: PROPAGATION_REQUIRED,ISOLATION_DEFAULT,readOnly; ''
2019-05-06 11:12:38,655 DEBUG (org.springframework.aop.framework.CglibAopProxy:831) - Unable to apply any optimisations to advised method: public java.util.List com.smart.dao.BaseDao.find2(java.lang.String,java.lang.Object[])
2019-05-06 11:12:38,655 DEBUG (org.springframework.aop.framework.CglibAopProxy:831) - Unable to apply any optimisations to advised method: public java.util.List com.smart.dao.BaseDao.find2(java.lang.String,java.lang.Object[])
2019-05-06 11:12:38,656 DEBUG (org.springframework.transaction.annotation.AnnotationTransactionAttributeSource:108) - Adding transactional method 'LoginLogDao.find2' with attribute: PROPAGATION_REQUIRED,ISOLATION_DEFAULT,readOnly; ''
2019-05-06 11:12:38,656 DEBUG (org.springframework.transaction.annotation.AnnotationTransactionAttributeSource:108) - Adding transactional method 'LoginLogDao.find2' with attribute: PROPAGATION_REQUIRED,ISOLATION_DEFAULT,readOnly; ''
2019-05-06 11:12:38,656 DEBUG (org.springframework.aop.framework.CglibAopProxy:831) - Unable to apply any optimisations to advised method: public java.util.List com.smart.dao.BaseDao.find2(java.lang.String)
2019-05-06 11:12:38,656 DEBUG (org.springframework.aop.framework.CglibAopProxy:831) - Unable to apply any optimisations to advised method: public java.util.List com.smart.dao.BaseDao.find2(java.lang.String)
2019-05-06 11:12:38,657 DEBUG (org.springframework.transaction.annotation.AnnotationTransactionAttributeSource:108) - Adding transactional method 'LoginLogDao.pagedQuery' with attribute: PROPAGATION_REQUIRED,ISOLATION_DEFAULT,readOnly; ''
2019-05-06 11:12:38,657 DEBUG (org.springframework.transaction.annotation.AnnotationTransactionAttributeSource:108) - Adding transactional method 'LoginLogDao.pagedQuery' with attribute: PROPAGATION_REQUIRED,ISOLATION_DEFAULT,readOnly; ''
2019-05-06 11:12:38,657 DEBUG (org.springframework.aop.framework.CglibAopProxy:831) - Unable to apply any optimisations to advised method: public com.smart.dao.Page com.smart.dao.BaseDao.pagedQuery(java.lang.String,int,int,java.lang.Object[])
2019-05-06 11:12:38,657 DEBUG (org.springframework.aop.framework.CglibAopProxy:831) - Unable to apply any optimisations to advised method: public com.smart.dao.Page com.smart.dao.BaseDao.pagedQuery(java.lang.String,int,int,java.lang.Object[])
2019-05-06 11:12:38,657 DEBUG (org.springframework.transaction.annotation.AnnotationTransactionAttributeSource:108) - Adding transactional method 'LoginLogDao.createQuery' with attribute: PROPAGATION_REQUIRED,ISOLATION_DEFAULT; ''
2019-05-06 11:12:38,657 DEBUG (org.springframework.transaction.annotation.AnnotationTransactionAttributeSource:108) - Adding transactional method 'LoginLogDao.createQuery' with attribute: PROPAGATION_REQUIRED,ISOLATION_DEFAULT; ''
2019-05-06 11:12:38,658 DEBUG (org.springframework.aop.framework.CglibAopProxy:831) - Unable to apply any optimisations to advised method: public org.hibernate.Query com.smart.dao.BaseDao.createQuery(java.lang.String,java.lang.Object[])
2019-05-06 11:12:38,658 DEBUG (org.springframework.aop.framework.CglibAopProxy:831) - Unable to apply any optimisations to advised method: public org.hibernate.Query com.smart.dao.BaseDao.createQuery(java.lang.String,java.lang.Object[])
2019-05-06 11:12:38,658 DEBUG (org.springframework.transaction.annotation.AnnotationTransactionAttributeSource:108) - Adding transactional method 'LoginLogDao.setHibernateTemplate' with attribute: PROPAGATION_REQUIRED,ISOLATION_DEFAULT,readOnly; ''
2019-05-06 11:12:38,658 DEBUG (org.springframework.transaction.annotation.AnnotationTransactionAttributeSource:108) - Adding transactional method 'LoginLogDao.setHibernateTemplate' with attribute: PROPAGATION_REQUIRED,ISOLATION_DEFAULT,readOnly; ''
2019-05-06 11:12:38,659 DEBUG (org.springframework.aop.framework.CglibAopProxy:831) - Unable to apply any optimisations to advised method: public void com.smart.dao.BaseDao.setHibernateTemplate(org.springframework.orm.hibernate4.HibernateTemplate)
2019-05-06 11:12:38,659 DEBUG (org.springframework.aop.framework.CglibAopProxy:831) - Unable to apply any optimisations to advised method: public void com.smart.dao.BaseDao.setHibernateTemplate(org.springframework.orm.hibernate4.HibernateTemplate)
2019-05-06 11:12:38,659 DEBUG (org.springframework.transaction.annotation.AnnotationTransactionAttributeSource:108) - Adding transactional method 'LoginLogDao.getSession' with attribute: PROPAGATION_REQUIRED,ISOLATION_DEFAULT,readOnly; ''
2019-05-06 11:12:38,659 DEBUG (org.springframework.transaction.annotation.AnnotationTransactionAttributeSource:108) - Adding transactional method 'LoginLogDao.getSession' with attribute: PROPAGATION_REQUIRED,ISOLATION_DEFAULT,readOnly; ''
2019-05-06 11:12:38,659 DEBUG (org.springframework.aop.framework.CglibAopProxy:831) - Unable to apply any optimisations to advised method: public org.hibernate.Session com.smart.dao.BaseDao.getSession()
2019-05-06 11:12:38,659 DEBUG (org.springframework.aop.framework.CglibAopProxy:831) - Unable to apply any optimisations to advised method: public org.hibernate.Session com.smart.dao.BaseDao.getSession()
2019-05-06 11:12:38,660 DEBUG (org.springframework.transaction.annotation.AnnotationTransactionAttributeSource:108) - Adding transactional method 'LoginLogDao.setSessionFactory' with attribute: PROPAGATION_REQUIRED,ISOLATION_DEFAULT,readOnly; ''
2019-05-06 11:12:38,660 DEBUG (org.springframework.transaction.annotation.AnnotationTransactionAttributeSource:108) - Adding transactional method 'LoginLogDao.setSessionFactory' with attribute: PROPAGATION_REQUIRED,ISOLATION_DEFAULT,readOnly; ''
2019-05-06 11:12:38,660 DEBUG (org.springframework.aop.framework.CglibAopProxy:831) - Unable to apply any optimisations to advised method: public void com.smart.dao.BaseDao.setSessionFactory(org.hibernate.SessionFactory)
2019-05-06 11:12:38,660 DEBUG (org.springframework.aop.framework.CglibAopProxy:831) - Unable to apply any optimisations to advised method: public void com.smart.dao.BaseDao.setSessionFactory(org.hibernate.SessionFactory)
2019-05-06 11:12:38,661 DEBUG (org.springframework.transaction.annotation.AnnotationTransactionAttributeSource:108) - Adding transactional method 'LoginLogDao.loadAll' with attribute: PROPAGATION_REQUIRED,ISOLATION_DEFAULT,readOnly; ''
2019-05-06 11:12:38,661 DEBUG (org.springframework.transaction.annotation.AnnotationTransactionAttributeSource:108) - Adding transactional method 'LoginLogDao.loadAll' with attribute: PROPAGATION_REQUIRED,ISOLATION_DEFAULT,readOnly; ''
2019-05-06 11:12:38,661 DEBUG (org.springframework.aop.framework.CglibAopProxy:831) - Unable to apply any optimisations to advised method: public java.util.List com.smart.dao.BaseDao.loadAll()
2019-05-06 11:12:38,661 DEBUG (org.springframework.aop.framework.CglibAopProxy:831) - Unable to apply any optimisations to advised method: public java.util.List com.smart.dao.BaseDao.loadAll()
2019-05-06 11:12:38,662 DEBUG (org.springframework.aop.framework.CglibAopProxy:782) - Found finalize() method - using NO_OVERRIDE
2019-05-06 11:12:38,662 DEBUG (org.springframework.aop.framework.CglibAopProxy:782) - Found finalize() method - using NO_OVERRIDE
2019-05-06 11:12:38,662 DEBUG (org.springframework.aop.framework.CglibAopProxy:794) - Found 'equals' method: public boolean java.lang.Object.equals(java.lang.Object)
2019-05-06 11:12:38,662 DEBUG (org.springframework.aop.framework.CglibAopProxy:794) - Found 'equals' method: public boolean java.lang.Object.equals(java.lang.Object)
2019-05-06 11:12:38,662 DEBUG (org.springframework.aop.framework.CglibAopProxy:831) - Unable to apply any optimisations to advised method: public java.lang.String java.lang.Object.toString()
2019-05-06 11:12:38,662 DEBUG (org.springframework.aop.framework.CglibAopProxy:831) - Unable to apply any optimisations to advised method: public java.lang.String java.lang.Object.toString()
2019-05-06 11:12:38,663 DEBUG (org.springframework.aop.framework.CglibAopProxy:799) - Found 'hashCode' method: public native int java.lang.Object.hashCode()
2019-05-06 11:12:38,663 DEBUG (org.springframework.aop.framework.CglibAopProxy:799) - Found 'hashCode' method: public native int java.lang.Object.hashCode()
2019-05-06 11:12:38,663 DEBUG (org.springframework.aop.framework.CglibAopProxy:831) - Unable to apply any optimisations to advised method: protected native java.lang.Object java.lang.Object.clone() throws java.lang.CloneNotSupportedException
2019-05-06 11:12:38,663 DEBUG (org.springframework.aop.framework.CglibAopProxy:831) - Unable to apply any optimisations to advised method: protected native java.lang.Object java.lang.Object.clone() throws java.lang.CloneNotSupportedException
2019-05-06 11:12:38,664 DEBUG (org.springframework.aop.framework.CglibAopProxy:788) - Method is declared on Advised interface: public abstract int org.springframework.aop.framework.Advised.indexOf(org.springframework.aop.Advisor)
2019-05-06 11:12:38,664 DEBUG (org.springframework.aop.framework.CglibAopProxy:788) - Method is declared on Advised interface: public abstract int org.springframework.aop.framework.Advised.indexOf(org.springframework.aop.Advisor)
2019-05-06 11:12:38,664 DEBUG (org.springframework.aop.framework.CglibAopProxy:788) - Method is declared on Advised interface: public abstract int org.springframework.aop.framework.Advised.indexOf(org.aopalliance.aop.Advice)
2019-05-06 11:12:38,664 DEBUG (org.springframework.aop.framework.CglibAopProxy:788) - Method is declared on Advised interface: public abstract int org.springframework.aop.framework.Advised.indexOf(org.aopalliance.aop.Advice)
2019-05-06 11:12:38,664 DEBUG (org.springframework.aop.framework.CglibAopProxy:788) - Method is declared on Advised interface: public abstract boolean org.springframework.aop.framework.Advised.isFrozen()
2019-05-06 11:12:38,664 DEBUG (org.springframework.aop.framework.CglibAopProxy:788) - Method is declared on Advised interface: public abstract boolean org.springframework.aop.framework.Advised.isFrozen()
2019-05-06 11:12:38,665 DEBUG (org.springframework.aop.framework.CglibAopProxy:788) - Method is declared on Advised interface: public abstract void org.springframework.aop.framework.Advised.addAdvice(org.aopalliance.aop.Advice) throws org.springframework.aop.framework.AopConfigException
2019-05-06 11:12:38,665 DEBUG (org.springframework.aop.framework.CglibAopProxy:788) - Method is declared on Advised interface: public abstract void org.springframework.aop.framework.Advised.addAdvice(org.aopalliance.aop.Advice) throws org.springframework.aop.framework.AopConfigException
2019-05-06 11:12:38,665 DEBUG (org.springframework.aop.framework.CglibAopProxy:788) - Method is declared on Advised interface: public abstract void org.springframework.aop.framework.Advised.addAdvice(int,org.aopalliance.aop.Advice) throws org.springframework.aop.framework.AopConfigException
2019-05-06 11:12:38,665 DEBUG (org.springframework.aop.framework.CglibAopProxy:788) - Method is declared on Advised interface: public abstract void org.springframework.aop.framework.Advised.addAdvice(int,org.aopalliance.aop.Advice) throws org.springframework.aop.framework.AopConfigException
2019-05-06 11:12:38,665 DEBUG (org.springframework.aop.framework.CglibAopProxy:788) - Method is declared on Advised interface: public abstract boolean org.springframework.aop.framework.Advised.isPreFiltered()
2019-05-06 11:12:38,665 DEBUG (org.springframework.aop.framework.CglibAopProxy:788) - Method is declared on Advised interface: public abstract boolean org.springframework.aop.framework.Advised.isPreFiltered()
2019-05-06 11:12:38,666 DEBUG (org.springframework.aop.framework.CglibAopProxy:788) - Method is declared on Advised interface: public abstract java.lang.Class[] org.springframework.aop.framework.Advised.getProxiedInterfaces()
2019-05-06 11:12:38,666 DEBUG (org.springframework.aop.framework.CglibAopProxy:788) - Method is declared on Advised interface: public abstract java.lang.Class[] org.springframework.aop.framework.Advised.getProxiedInterfaces()
2019-05-06 11:12:38,666 DEBUG (org.springframework.aop.framework.CglibAopProxy:788) - Method is declared on Advised interface: public abstract boolean org.springframework.aop.framework.Advised.isInterfaceProxied(java.lang.Class)
2019-05-06 11:12:38,666 DEBUG (org.springframework.aop.framework.CglibAopProxy:788) - Method is declared on Advised interface: public abstract boolean org.springframework.aop.framework.Advised.isInterfaceProxied(java.lang.Class)
2019-05-06 11:12:38,666 DEBUG (org.springframework.aop.framework.CglibAopProxy:788) - Method is declared on Advised interface: public abstract org.springframework.aop.Advisor[] org.springframework.aop.framework.Advised.getAdvisors()
2019-05-06 11:12:38,666 DEBUG (org.springframework.aop.framework.CglibAopProxy:788) - Method is declared on Advised interface: public abstract org.springframework.aop.Advisor[] org.springframework.aop.framework.Advised.getAdvisors()
2019-05-06 11:12:38,667 DEBUG (org.springframework.aop.framework.CglibAopProxy:788) - Method is declared on Advised interface: public abstract void org.springframework.aop.framework.Advised.removeAdvisor(int) throws org.springframework.aop.framework.AopConfigException
2019-05-06 11:12:38,667 DEBUG (org.springframework.aop.framework.CglibAopProxy:788) - Method is declared on Advised interface: public abstract void org.springframework.aop.framework.Advised.removeAdvisor(int) throws org.springframework.aop.framework.AopConfigException
2019-05-06 11:12:38,667 DEBUG (org.springframework.aop.framework.CglibAopProxy:788) - Method is declared on Advised interface: public abstract boolean org.springframework.aop.framework.Advised.removeAdvisor(org.springframework.aop.Advisor)
2019-05-06 11:12:38,667 DEBUG (org.springframework.aop.framework.CglibAopProxy:788) - Method is declared on Advised interface: public abstract boolean org.springframework.aop.framework.Advised.removeAdvisor(org.springframework.aop.Advisor)
2019-05-06 11:12:38,667 DEBUG (org.springframework.aop.framework.CglibAopProxy:788) - Method is declared on Advised interface: public abstract boolean org.springframework.aop.framework.Advised.replaceAdvisor(org.springframework.aop.Advisor,org.springframework.aop.Advisor) throws org.springframework.aop.framework.AopConfigException
2019-05-06 11:12:38,667 DEBUG (org.springframework.aop.framework.CglibAopProxy:788) - Method is declared on Advised interface: public abstract boolean org.springframework.aop.framework.Advised.replaceAdvisor(org.springframework.aop.Advisor,org.springframework.aop.Advisor) throws org.springframework.aop.framework.AopConfigException
2019-05-06 11:12:38,667 DEBUG (org.springframework.aop.framework.CglibAopProxy:788) - Method is declared on Advised interface: public abstract boolean org.springframework.aop.framework.Advised.removeAdvice(org.aopalliance.aop.Advice)
2019-05-06 11:12:38,667 DEBUG (org.springframework.aop.framework.CglibAopProxy:788) - Method is declared on Advised interface: public abstract boolean org.springframework.aop.framework.Advised.removeAdvice(org.aopalliance.aop.Advice)
2019-05-06 11:12:38,667 DEBUG (org.springframework.aop.framework.CglibAopProxy:788) - Method is declared on Advised interface: public abstract java.lang.String org.springframework.aop.framework.Advised.toProxyConfigString()
2019-05-06 11:12:38,667 DEBUG (org.springframework.aop.framework.CglibAopProxy:788) - Method is declared on Advised interface: public abstract java.lang.String org.springframework.aop.framework.Advised.toProxyConfigString()
2019-05-06 11:12:38,668 DEBUG (org.springframework.aop.framework.CglibAopProxy:788) - Method is declared on Advised interface: public abstract void org.springframework.aop.framework.Advised.setTargetSource(org.springframework.aop.TargetSource)
2019-05-06 11:12:38,668 DEBUG (org.springframework.aop.framework.CglibAopProxy:788) - Method is declared on Advised interface: public abstract void org.springframework.aop.framework.Advised.setTargetSource(org.springframework.aop.TargetSource)
2019-05-06 11:12:38,668 DEBUG (org.springframework.aop.framework.CglibAopProxy:788) - Method is declared on Advised interface: public abstract org.springframework.aop.TargetSource org.springframework.aop.framework.Advised.getTargetSource()
2019-05-06 11:12:38,668 DEBUG (org.springframework.aop.framework.CglibAopProxy:788) - Method is declared on Advised interface: public abstract org.springframework.aop.TargetSource org.springframework.aop.framework.Advised.getTargetSource()
2019-05-06 11:12:38,668 DEBUG (org.springframework.aop.framework.CglibAopProxy:788) - Method is declared on Advised interface: public abstract boolean org.springframework.aop.framework.Advised.isProxyTargetClass()
2019-05-06 11:12:38,668 DEBUG (org.springframework.aop.framework.CglibAopProxy:788) - Method is declared on Advised interface: public abstract boolean org.springframework.aop.framework.Advised.isProxyTargetClass()
2019-05-06 11:12:38,668 DEBUG (org.springframework.aop.framework.CglibAopProxy:788) - Method is declared on Advised interface: public abstract void org.springframework.aop.framework.Advised.addAdvisor(org.springframework.aop.Advisor) throws org.springframework.aop.framework.AopConfigException
2019-05-06 11:12:38,668 DEBUG (org.springframework.aop.framework.CglibAopProxy:788) - Method is declared on Advised interface: public abstract void org.springframework.aop.framework.Advised.addAdvisor(org.springframework.aop.Advisor) throws org.springframework.aop.framework.AopConfigException
2019-05-06 11:12:38,668 DEBUG (org.springframework.aop.framework.CglibAopProxy:788) - Method is declared on Advised interface: public abstract void org.springframework.aop.framework.Advised.addAdvisor(int,org.springframework.aop.Advisor) throws org.springframework.aop.framework.AopConfigException
2019-05-06 11:12:38,668 DEBUG (org.springframework.aop.framework.CglibAopProxy:788) - Method is declared on Advised interface: public abstract void org.springframework.aop.framework.Advised.addAdvisor(int,org.springframework.aop.Advisor) throws org.springframework.aop.framework.AopConfigException
2019-05-06 11:12:38,669 DEBUG (org.springframework.aop.framework.CglibAopProxy:788) - Method is declared on Advised interface: public abstract void org.springframework.aop.framework.Advised.setPreFiltered(boolean)
2019-05-06 11:12:38,669 DEBUG (org.springframework.aop.framework.CglibAopProxy:788) - Method is declared on Advised interface: public abstract void org.springframework.aop.framework.Advised.setPreFiltered(boolean)
2019-05-06 11:12:38,669 DEBUG (org.springframework.aop.framework.CglibAopProxy:788) - Method is declared on Advised interface: public abstract void org.springframework.aop.framework.Advised.setExposeProxy(boolean)
2019-05-06 11:12:38,669 DEBUG (org.springframework.aop.framework.CglibAopProxy:788) - Method is declared on Advised interface: public abstract void org.springframework.aop.framework.Advised.setExposeProxy(boolean)
2019-05-06 11:12:38,669 DEBUG (org.springframework.aop.framework.CglibAopProxy:788) - Method is declared on Advised interface: public abstract boolean org.springframework.aop.framework.Advised.isExposeProxy()
2019-05-06 11:12:38,669 DEBUG (org.springframework.aop.framework.CglibAopProxy:788) - Method is declared on Advised interface: public abstract boolean org.springframework.aop.framework.Advised.isExposeProxy()
2019-05-06 11:12:38,669 DEBUG (org.springframework.aop.framework.CglibAopProxy:788) - Method is declared on Advised interface: public abstract java.lang.Class org.springframework.aop.TargetClassAware.getTargetClass()
2019-05-06 11:12:38,669 DEBUG (org.springframework.aop.framework.CglibAopProxy:788) - Method is declared on Advised interface: public abstract java.lang.Class org.springframework.aop.TargetClassAware.getTargetClass()
2019-05-06 11:12:38,681 DEBUG (org.springframework.beans.factory.support.DefaultListableBeanFactory:484) - Finished creating instance of bean 'loginLogDao'
2019-05-06 11:12:38,681 DEBUG (org.springframework.beans.factory.support.DefaultListableBeanFactory:484) - Finished creating instance of bean 'loginLogDao'
2019-05-06 11:12:38,681 DEBUG (org.springframework.beans.factory.support.DefaultListableBeanFactory:221) - Creating shared instance of singleton bean 'postDao'
2019-05-06 11:12:38,681 DEBUG (org.springframework.beans.factory.support.DefaultListableBeanFactory:221) - Creating shared instance of singleton bean 'postDao'
2019-05-06 11:12:38,682 DEBUG (org.springframework.beans.factory.support.DefaultListableBeanFactory:448) - Creating instance of bean 'postDao'
2019-05-06 11:12:38,682 DEBUG (org.springframework.beans.factory.support.DefaultListableBeanFactory:448) - Creating instance of bean 'postDao'
2019-05-06 11:12:38,684 DEBUG (org.springframework.beans.factory.annotation.InjectionMetadata:72) - Registered injected element on class [com.smart.dao.PostDao]: AutowiredMethodElement for public void com.smart.dao.BaseDao.setHibernateTemplate(org.springframework.orm.hibernate4.HibernateTemplate)
2019-05-06 11:12:38,684 DEBUG (org.springframework.beans.factory.annotation.InjectionMetadata:72) - Registered injected element on class [com.smart.dao.PostDao]: AutowiredMethodElement for public void com.smart.dao.BaseDao.setHibernateTemplate(org.springframework.orm.hibernate4.HibernateTemplate)
2019-05-06 11:12:38,684 DEBUG (org.springframework.beans.factory.annotation.InjectionMetadata:72) - Registered injected element on class [com.smart.dao.PostDao]: AutowiredMethodElement for public void com.smart.dao.BaseDao.setSessionFactory(org.hibernate.SessionFactory)
2019-05-06 11:12:38,684 DEBUG (org.springframework.beans.factory.annotation.InjectionMetadata:72) - Registered injected element on class [com.smart.dao.PostDao]: AutowiredMethodElement for public void com.smart.dao.BaseDao.setSessionFactory(org.hibernate.SessionFactory)
2019-05-06 11:12:38,684 DEBUG (org.springframework.beans.factory.support.DefaultListableBeanFactory:529) - Eagerly caching bean 'postDao' to allow for resolving potential circular references
2019-05-06 11:12:38,684 DEBUG (org.springframework.beans.factory.support.DefaultListableBeanFactory:529) - Eagerly caching bean 'postDao' to allow for resolving potential circular references
2019-05-06 11:12:38,685 DEBUG (org.springframework.beans.factory.annotation.InjectionMetadata:86) - Processing injected element of bean 'postDao': AutowiredMethodElement for public void com.smart.dao.BaseDao.setHibernateTemplate(org.springframework.orm.hibernate4.HibernateTemplate)
2019-05-06 11:12:38,685 DEBUG (org.springframework.beans.factory.annotation.InjectionMetadata:86) - Processing injected element of bean 'postDao': AutowiredMethodElement for public void com.smart.dao.BaseDao.setHibernateTemplate(org.springframework.orm.hibernate4.HibernateTemplate)
2019-05-06 11:12:38,685 DEBUG (org.springframework.beans.factory.support.DefaultListableBeanFactory:250) - Returning cached instance of singleton bean 'hibernateTemplate'
2019-05-06 11:12:38,685 DEBUG (org.springframework.beans.factory.support.DefaultListableBeanFactory:250) - Returning cached instance of singleton bean 'hibernateTemplate'
2019-05-06 11:12:38,686 DEBUG (org.springframework.beans.factory.annotation.AutowiredAnnotationBeanPostProcessor:490) - Autowiring by type from bean name 'postDao' to bean named 'hibernateTemplate'
2019-05-06 11:12:38,686 DEBUG (org.springframework.beans.factory.annotation.AutowiredAnnotationBeanPostProcessor:490) - Autowiring by type from bean name 'postDao' to bean named 'hibernateTemplate'
2019-05-06 11:12:38,686 DEBUG (org.springframework.beans.factory.annotation.InjectionMetadata:86) - Processing injected element of bean 'postDao': AutowiredMethodElement for public void com.smart.dao.BaseDao.setSessionFactory(org.hibernate.SessionFactory)
2019-05-06 11:12:38,686 DEBUG (org.springframework.beans.factory.annotation.InjectionMetadata:86) - Processing injected element of bean 'postDao': AutowiredMethodElement for public void com.smart.dao.BaseDao.setSessionFactory(org.hibernate.SessionFactory)
2019-05-06 11:12:38,686 DEBUG (org.springframework.beans.factory.support.DefaultListableBeanFactory:250) - Returning cached instance of singleton bean 'localSessionFactoryBean'
2019-05-06 11:12:38,686 DEBUG (org.springframework.beans.factory.support.DefaultListableBeanFactory:250) - Returning cached instance of singleton bean 'localSessionFactoryBean'
2019-05-06 11:12:38,687 DEBUG (org.springframework.beans.factory.support.DefaultListableBeanFactory:250) - Returning cached instance of singleton bean 'sessionFactory'
2019-05-06 11:12:38,687 DEBUG (org.springframework.beans.factory.support.DefaultListableBeanFactory:250) - Returning cached instance of singleton bean 'sessionFactory'
2019-05-06 11:12:38,687 DEBUG (org.springframework.beans.factory.annotation.AutowiredAnnotationBeanPostProcessor:490) - Autowiring by type from bean name 'postDao' to bean named 'sessionFactory'
2019-05-06 11:12:38,687 DEBUG (org.springframework.beans.factory.annotation.AutowiredAnnotationBeanPostProcessor:490) - Autowiring by type from bean name 'postDao' to bean named 'sessionFactory'
2019-05-06 11:12:38,687 DEBUG (org.springframework.beans.factory.support.DefaultListableBeanFactory:250) - Returning cached instance of singleton bean 'org.springframework.transaction.config.internalTransactionAdvisor'
2019-05-06 11:12:38,687 DEBUG (org.springframework.beans.factory.support.DefaultListableBeanFactory:250) - Returning cached instance of singleton bean 'org.springframework.transaction.config.internalTransactionAdvisor'
2019-05-06 11:12:38,689 DEBUG (org.springframework.transaction.annotation.AnnotationTransactionAttributeSource:108) - Adding transactional method 'PostDao.getPagedPosts' with attribute: PROPAGATION_REQUIRED,ISOLATION_DEFAULT,readOnly; ''
2019-05-06 11:12:38,689 DEBUG (org.springframework.transaction.annotation.AnnotationTransactionAttributeSource:108) - Adding transactional method 'PostDao.getPagedPosts' with attribute: PROPAGATION_REQUIRED,ISOLATION_DEFAULT,readOnly; ''
2019-05-06 11:12:38,689 DEBUG (org.springframework.aop.framework.autoproxy.InfrastructureAdvisorAutoProxyCreator:505) - Creating implicit proxy for bean 'postDao' with 0 common interceptors and 1 specific interceptors
2019-05-06 11:12:38,689 DEBUG (org.springframework.aop.framework.autoproxy.InfrastructureAdvisorAutoProxyCreator:505) - Creating implicit proxy for bean 'postDao' with 0 common interceptors and 1 specific interceptors
2019-05-06 11:12:38,689 DEBUG (org.springframework.aop.framework.CglibAopProxy:158) - Creating CGLIB proxy: target source is SingletonTargetSource for target object [com.smart.dao.PostDao@65527025]
2019-05-06 11:12:38,689 DEBUG (org.springframework.aop.framework.CglibAopProxy:158) - Creating CGLIB proxy: target source is SingletonTargetSource for target object [com.smart.dao.PostDao@65527025]
2019-05-06 11:12:38,690 DEBUG (org.springframework.aop.framework.CglibAopProxy:831) - Unable to apply any optimisations to advised method: public com.smart.dao.Page com.smart.dao.PostDao.getPagedPosts(int,int,int)
2019-05-06 11:12:38,690 DEBUG (org.springframework.aop.framework.CglibAopProxy:831) - Unable to apply any optimisations to advised method: public com.smart.dao.Page com.smart.dao.PostDao.getPagedPosts(int,int,int)
2019-05-06 11:12:38,690 DEBUG (org.springframework.transaction.annotation.AnnotationTransactionAttributeSource:108) - Adding transactional method 'PostDao.deleteTopicPosts2' with attribute: PROPAGATION_REQUIRED,ISOLATION_DEFAULT,readOnly; ''
2019-05-06 11:12:38,690 DEBUG (org.springframework.transaction.annotation.AnnotationTransactionAttributeSource:108) - Adding transactional method 'PostDao.deleteTopicPosts2' with attribute: PROPAGATION_REQUIRED,ISOLATION_DEFAULT,readOnly; ''
2019-05-06 11:12:38,691 DEBUG (org.springframework.aop.framework.CglibAopProxy:831) - Unable to apply any optimisations to advised method: public void com.smart.dao.PostDao.deleteTopicPosts2(int)
2019-05-06 11:12:38,691 DEBUG (org.springframework.aop.framework.CglibAopProxy:831) - Unable to apply any optimisations to advised method: public void com.smart.dao.PostDao.deleteTopicPosts2(int)
2019-05-06 11:12:38,691 DEBUG (org.springframework.transaction.annotation.AnnotationTransactionAttributeSource:108) - Adding transactional method 'PostDao.deleteTopicPosts' with attribute: PROPAGATION_REQUIRED,ISOLATION_DEFAULT; ''
2019-05-06 11:12:38,691 DEBUG (org.springframework.transaction.annotation.AnnotationTransactionAttributeSource:108) - Adding transactional method 'PostDao.deleteTopicPosts' with attribute: PROPAGATION_REQUIRED,ISOLATION_DEFAULT; ''
2019-05-06 11:12:38,691 DEBUG (org.springframework.aop.framework.CglibAopProxy:831) - Unable to apply any optimisations to advised method: public void com.smart.dao.PostDao.deleteTopicPosts(int)
2019-05-06 11:12:38,691 DEBUG (org.springframework.aop.framework.CglibAopProxy:831) - Unable to apply any optimisations to advised method: public void com.smart.dao.PostDao.deleteTopicPosts(int)
2019-05-06 11:12:38,692 DEBUG (org.springframework.transaction.annotation.AnnotationTransactionAttributeSource:108) - Adding transactional method 'PostDao.remove' with attribute: PROPAGATION_REQUIRED,ISOLATION_DEFAULT,readOnly; ''
2019-05-06 11:12:38,692 DEBUG (org.springframework.transaction.annotation.AnnotationTransactionAttributeSource:108) - Adding transactional method 'PostDao.remove' with attribute: PROPAGATION_REQUIRED,ISOLATION_DEFAULT,readOnly; ''
2019-05-06 11:12:38,692 DEBUG (org.springframework.aop.framework.CglibAopProxy:831) - Unable to apply any optimisations to advised method: public void com.smart.dao.BaseDao.remove(java.lang.Object)
2019-05-06 11:12:38,692 DEBUG (org.springframework.aop.framework.CglibAopProxy:831) - Unable to apply any optimisations to advised method: public void com.smart.dao.BaseDao.remove(java.lang.Object)
2019-05-06 11:12:38,692 DEBUG (org.springframework.transaction.annotation.AnnotationTransactionAttributeSource:108) - Adding transactional method 'PostDao.get' with attribute: PROPAGATION_REQUIRED,ISOLATION_DEFAULT,readOnly; ''
2019-05-06 11:12:38,692 DEBUG (org.springframework.transaction.annotation.AnnotationTransactionAttributeSource:108) - Adding transactional method 'PostDao.get' with attribute: PROPAGATION_REQUIRED,ISOLATION_DEFAULT,readOnly; ''
2019-05-06 11:12:38,692 DEBUG (org.springframework.aop.framework.CglibAopProxy:831) - Unable to apply any optimisations to advised method: public java.lang.Object com.smart.dao.BaseDao.get(java.io.Serializable)
2019-05-06 11:12:38,692 DEBUG (org.springframework.aop.framework.CglibAopProxy:831) - Unable to apply any optimisations to advised method: public java.lang.Object com.smart.dao.BaseDao.get(java.io.Serializable)
2019-05-06 11:12:38,693 DEBUG (org.springframework.transaction.annotation.AnnotationTransactionAttributeSource:108) - Adding transactional method 'PostDao.update' with attribute: PROPAGATION_REQUIRED,ISOLATION_DEFAULT; ''
2019-05-06 11:12:38,693 DEBUG (org.springframework.transaction.annotation.AnnotationTransactionAttributeSource:108) - Adding transactional method 'PostDao.update' with attribute: PROPAGATION_REQUIRED,ISOLATION_DEFAULT; ''
2019-05-06 11:12:38,693 DEBUG (org.springframework.aop.framework.CglibAopProxy:831) - Unable to apply any optimisations to advised method: public void com.smart.dao.BaseDao.update(java.lang.Object)
2019-05-06 11:12:38,693 DEBUG (org.springframework.aop.framework.CglibAopProxy:831) - Unable to apply any optimisations to advised method: public void com.smart.dao.BaseDao.update(java.lang.Object)
2019-05-06 11:12:38,694 DEBUG (org.springframework.transaction.annotation.AnnotationTransactionAttributeSource:108) - Adding transactional method 'PostDao.load' with attribute: PROPAGATION_REQUIRED,ISOLATION_DEFAULT,readOnly; ''
2019-05-06 11:12:38,694 DEBUG (org.springframework.transaction.annotation.AnnotationTransactionAttributeSource:108) - Adding transactional method 'PostDao.load' with attribute: PROPAGATION_REQUIRED,ISOLATION_DEFAULT,readOnly; ''
2019-05-06 11:12:38,694 DEBUG (org.springframework.aop.framework.CglibAopProxy:831) - Unable to apply any optimisations to advised method: public java.lang.Object com.smart.dao.BaseDao.load(java.io.Serializable)
2019-05-06 11:12:38,694 DEBUG (org.springframework.aop.framework.CglibAopProxy:831) - Unable to apply any optimisations to advised method: public java.lang.Object com.smart.dao.BaseDao.load(java.io.Serializable)
2019-05-06 11:12:38,694 DEBUG (org.springframework.transaction.annotation.AnnotationTransactionAttributeSource:108) - Adding transactional method 'PostDao.find' with attribute: PROPAGATION_REQUIRED,ISOLATION_DEFAULT,readOnly; ''
2019-05-06 11:12:38,694 DEBUG (org.springframework.transaction.annotation.AnnotationTransactionAttributeSource:108) - Adding transactional method 'PostDao.find' with attribute: PROPAGATION_REQUIRED,ISOLATION_DEFAULT,readOnly; ''
2019-05-06 11:12:38,695 DEBUG (org.springframework.aop.framework.CglibAopProxy:831) - Unable to apply any optimisations to advised method: public java.util.List com.smart.dao.BaseDao.find(java.lang.String)
2019-05-06 11:12:38,695 DEBUG (org.springframework.aop.framework.CglibAopProxy:831) - Unable to apply any optimisations to advised method: public java.util.List com.smart.dao.BaseDao.find(java.lang.String)
2019-05-06 11:12:38,695 DEBUG (org.springframework.transaction.annotation.AnnotationTransactionAttributeSource:108) - Adding transactional method 'PostDao.find' with attribute: PROPAGATION_REQUIRED,ISOLATION_DEFAULT,readOnly; ''
2019-05-06 11:12:38,695 DEBUG (org.springframework.transaction.annotation.AnnotationTransactionAttributeSource:108) - Adding transactional method 'PostDao.find' with attribute: PROPAGATION_REQUIRED,ISOLATION_DEFAULT,readOnly; ''
2019-05-06 11:12:38,696 DEBUG (org.springframework.aop.framework.CglibAopProxy:831) - Unable to apply any optimisations to advised method: public java.util.List com.smart.dao.BaseDao.find(java.lang.String,java.lang.Object[])
2019-05-06 11:12:38,696 DEBUG (org.springframework.aop.framework.CglibAopProxy:831) - Unable to apply any optimisations to advised method: public java.util.List com.smart.dao.BaseDao.find(java.lang.String,java.lang.Object[])
2019-05-06 11:12:38,696 DEBUG (org.springframework.transaction.annotation.AnnotationTransactionAttributeSource:108) - Adding transactional method 'PostDao.save' with attribute: PROPAGATION_REQUIRED,ISOLATION_DEFAULT; ''
2019-05-06 11:12:38,696 DEBUG (org.springframework.transaction.annotation.AnnotationTransactionAttributeSource:108) - Adding transactional method 'PostDao.save' with attribute: PROPAGATION_REQUIRED,ISOLATION_DEFAULT; ''
2019-05-06 11:12:38,696 DEBUG (org.springframework.aop.framework.CglibAopProxy:831) - Unable to apply any optimisations to advised method: public void com.smart.dao.BaseDao.save(java.lang.Object)
2019-05-06 11:12:38,696 DEBUG (org.springframework.aop.framework.CglibAopProxy:831) - Unable to apply any optimisations to advised method: public void com.smart.dao.BaseDao.save(java.lang.Object)
2019-05-06 11:12:38,697 DEBUG (org.springframework.transaction.annotation.AnnotationTransactionAttributeSource:108) - Adding transactional method 'PostDao.removeAll' with attribute: PROPAGATION_REQUIRED,ISOLATION_DEFAULT,readOnly; ''
2019-05-06 11:12:38,697 DEBUG (org.springframework.transaction.annotation.AnnotationTransactionAttributeSource:108) - Adding transactional method 'PostDao.removeAll' with attribute: PROPAGATION_REQUIRED,ISOLATION_DEFAULT,readOnly; ''
2019-05-06 11:12:38,697 DEBUG (org.springframework.aop.framework.CglibAopProxy:831) - Unable to apply any optimisations to advised method: public void com.smart.dao.BaseDao.removeAll(java.lang.String)
2019-05-06 11:12:38,697 DEBUG (org.springframework.aop.framework.CglibAopProxy:831) - Unable to apply any optimisations to advised method: public void com.smart.dao.BaseDao.removeAll(java.lang.String)
2019-05-06 11:12:38,697 DEBUG (org.springframework.transaction.annotation.AnnotationTransactionAttributeSource:108) - Adding transactional method 'PostDao.initialize' with attribute: PROPAGATION_REQUIRED,ISOLATION_DEFAULT,readOnly; ''
2019-05-06 11:12:38,697 DEBUG (org.springframework.transaction.annotation.AnnotationTransactionAttributeSource:108) - Adding transactional method 'PostDao.initialize' with attribute: PROPAGATION_REQUIRED,ISOLATION_DEFAULT,readOnly; ''
2019-05-06 11:12:38,698 DEBUG (org.springframework.aop.framework.CglibAopProxy:831) - Unable to apply any optimisations to advised method: public void com.smart.dao.BaseDao.initialize(java.lang.Object)
2019-05-06 11:12:38,698 DEBUG (org.springframework.aop.framework.CglibAopProxy:831) - Unable to apply any optimisations to advised method: public void com.smart.dao.BaseDao.initialize(java.lang.Object)
2019-05-06 11:12:38,698 DEBUG (org.springframework.transaction.annotation.AnnotationTransactionAttributeSource:108) - Adding transactional method 'PostDao.getHibernateTemplate' with attribute: PROPAGATION_REQUIRED,ISOLATION_DEFAULT,readOnly; ''
2019-05-06 11:12:38,698 DEBUG (org.springframework.transaction.annotation.AnnotationTransactionAttributeSource:108) - Adding transactional method 'PostDao.getHibernateTemplate' with attribute: PROPAGATION_REQUIRED,ISOLATION_DEFAULT,readOnly; ''
2019-05-06 11:12:38,698 DEBUG (org.springframework.aop.framework.CglibAopProxy:831) - Unable to apply any optimisations to advised method: public org.springframework.orm.hibernate4.HibernateTemplate com.smart.dao.BaseDao.getHibernateTemplate()
2019-05-06 11:12:38,698 DEBUG (org.springframework.aop.framework.CglibAopProxy:831) - Unable to apply any optimisations to advised method: public org.springframework.orm.hibernate4.HibernateTemplate com.smart.dao.BaseDao.getHibernateTemplate()
2019-05-06 11:12:38,699 DEBUG (org.springframework.transaction.annotation.AnnotationTransactionAttributeSource:108) - Adding transactional method 'PostDao.find2' with attribute: PROPAGATION_REQUIRED,ISOLATION_DEFAULT,readOnly; ''
2019-05-06 11:12:38,699 DEBUG (org.springframework.transaction.annotation.AnnotationTransactionAttributeSource:108) - Adding transactional method 'PostDao.find2' with attribute: PROPAGATION_REQUIRED,ISOLATION_DEFAULT,readOnly; ''
2019-05-06 11:12:38,699 DEBUG (org.springframework.aop.framework.CglibAopProxy:831) - Unable to apply any optimisations to advised method: public java.util.List com.smart.dao.BaseDao.find2(java.lang.String,java.lang.Object[])
2019-05-06 11:12:38,699 DEBUG (org.springframework.aop.framework.CglibAopProxy:831) - Unable to apply any optimisations to advised method: public java.util.List com.smart.dao.BaseDao.find2(java.lang.String,java.lang.Object[])
2019-05-06 11:12:38,699 DEBUG (org.springframework.transaction.annotation.AnnotationTransactionAttributeSource:108) - Adding transactional method 'PostDao.find2' with attribute: PROPAGATION_REQUIRED,ISOLATION_DEFAULT,readOnly; ''
2019-05-06 11:12:38,699 DEBUG (org.springframework.transaction.annotation.AnnotationTransactionAttributeSource:108) - Adding transactional method 'PostDao.find2' with attribute: PROPAGATION_REQUIRED,ISOLATION_DEFAULT,readOnly; ''
2019-05-06 11:12:38,700 DEBUG (org.springframework.aop.framework.CglibAopProxy:831) - Unable to apply any optimisations to advised method: public java.util.List com.smart.dao.BaseDao.find2(java.lang.String)
2019-05-06 11:12:38,700 DEBUG (org.springframework.aop.framework.CglibAopProxy:831) - Unable to apply any optimisations to advised method: public java.util.List com.smart.dao.BaseDao.find2(java.lang.String)
2019-05-06 11:12:38,700 DEBUG (org.springframework.transaction.annotation.AnnotationTransactionAttributeSource:108) - Adding transactional method 'PostDao.pagedQuery' with attribute: PROPAGATION_REQUIRED,ISOLATION_DEFAULT,readOnly; ''
2019-05-06 11:12:38,700 DEBUG (org.springframework.transaction.annotation.AnnotationTransactionAttributeSource:108) - Adding transactional method 'PostDao.pagedQuery' with attribute: PROPAGATION_REQUIRED,ISOLATION_DEFAULT,readOnly; ''
2019-05-06 11:12:38,700 DEBUG (org.springframework.aop.framework.CglibAopProxy:831) - Unable to apply any optimisations to advised method: public com.smart.dao.Page com.smart.dao.BaseDao.pagedQuery(java.lang.String,int,int,java.lang.Object[])
2019-05-06 11:12:38,700 DEBUG (org.springframework.aop.framework.CglibAopProxy:831) - Unable to apply any optimisations to advised method: public com.smart.dao.Page com.smart.dao.BaseDao.pagedQuery(java.lang.String,int,int,java.lang.Object[])
2019-05-06 11:12:38,701 DEBUG (org.springframework.transaction.annotation.AnnotationTransactionAttributeSource:108) - Adding transactional method 'PostDao.createQuery' with attribute: PROPAGATION_REQUIRED,ISOLATION_DEFAULT; ''
2019-05-06 11:12:38,701 DEBUG (org.springframework.transaction.annotation.AnnotationTransactionAttributeSource:108) - Adding transactional method 'PostDao.createQuery' with attribute: PROPAGATION_REQUIRED,ISOLATION_DEFAULT; ''
2019-05-06 11:12:38,701 DEBUG (org.springframework.aop.framework.CglibAopProxy:831) - Unable to apply any optimisations to advised method: public org.hibernate.Query com.smart.dao.BaseDao.createQuery(java.lang.String,java.lang.Object[])
2019-05-06 11:12:38,701 DEBUG (org.springframework.aop.framework.CglibAopProxy:831) - Unable to apply any optimisations to advised method: public org.hibernate.Query com.smart.dao.BaseDao.createQuery(java.lang.String,java.lang.Object[])
2019-05-06 11:12:38,701 DEBUG (org.springframework.transaction.annotation.AnnotationTransactionAttributeSource:108) - Adding transactional method 'PostDao.setHibernateTemplate' with attribute: PROPAGATION_REQUIRED,ISOLATION_DEFAULT,readOnly; ''
2019-05-06 11:12:38,701 DEBUG (org.springframework.transaction.annotation.AnnotationTransactionAttributeSource:108) - Adding transactional method 'PostDao.setHibernateTemplate' with attribute: PROPAGATION_REQUIRED,ISOLATION_DEFAULT,readOnly; ''
2019-05-06 11:12:38,701 DEBUG (org.springframework.aop.framework.CglibAopProxy:831) - Unable to apply any optimisations to advised method: public void com.smart.dao.BaseDao.setHibernateTemplate(org.springframework.orm.hibernate4.HibernateTemplate)
2019-05-06 11:12:38,701 DEBUG (org.springframework.aop.framework.CglibAopProxy:831) - Unable to apply any optimisations to advised method: public void com.smart.dao.BaseDao.setHibernateTemplate(org.springframework.orm.hibernate4.HibernateTemplate)
2019-05-06 11:12:38,702 DEBUG (org.springframework.transaction.annotation.AnnotationTransactionAttributeSource:108) - Adding transactional method 'PostDao.getSession' with attribute: PROPAGATION_REQUIRED,ISOLATION_DEFAULT,readOnly; ''
2019-05-06 11:12:38,702 DEBUG (org.springframework.transaction.annotation.AnnotationTransactionAttributeSource:108) - Adding transactional method 'PostDao.getSession' with attribute: PROPAGATION_REQUIRED,ISOLATION_DEFAULT,readOnly; ''
2019-05-06 11:12:38,702 DEBUG (org.springframework.aop.framework.CglibAopProxy:831) - Unable to apply any optimisations to advised method: public org.hibernate.Session com.smart.dao.BaseDao.getSession()
2019-05-06 11:12:38,702 DEBUG (org.springframework.aop.framework.CglibAopProxy:831) - Unable to apply any optimisations to advised method: public org.hibernate.Session com.smart.dao.BaseDao.getSession()
2019-05-06 11:12:38,702 DEBUG (org.springframework.transaction.annotation.AnnotationTransactionAttributeSource:108) - Adding transactional method 'PostDao.setSessionFactory' with attribute: PROPAGATION_REQUIRED,ISOLATION_DEFAULT,readOnly; ''
2019-05-06 11:12:38,702 DEBUG (org.springframework.transaction.annotation.AnnotationTransactionAttributeSource:108) - Adding transactional method 'PostDao.setSessionFactory' with attribute: PROPAGATION_REQUIRED,ISOLATION_DEFAULT,readOnly; ''
2019-05-06 11:12:38,703 DEBUG (org.springframework.aop.framework.CglibAopProxy:831) - Unable to apply any optimisations to advised method: public void com.smart.dao.BaseDao.setSessionFactory(org.hibernate.SessionFactory)
2019-05-06 11:12:38,703 DEBUG (org.springframework.aop.framework.CglibAopProxy:831) - Unable to apply any optimisations to advised method: public void com.smart.dao.BaseDao.setSessionFactory(org.hibernate.SessionFactory)
2019-05-06 11:12:38,703 DEBUG (org.springframework.transaction.annotation.AnnotationTransactionAttributeSource:108) - Adding transactional method 'PostDao.loadAll' with attribute: PROPAGATION_REQUIRED,ISOLATION_DEFAULT,readOnly; ''
2019-05-06 11:12:38,703 DEBUG (org.springframework.transaction.annotation.AnnotationTransactionAttributeSource:108) - Adding transactional method 'PostDao.loadAll' with attribute: PROPAGATION_REQUIRED,ISOLATION_DEFAULT,readOnly; ''
2019-05-06 11:12:38,703 DEBUG (org.springframework.aop.framework.CglibAopProxy:831) - Unable to apply any optimisations to advised method: public java.util.List com.smart.dao.BaseDao.loadAll()
2019-05-06 11:12:38,703 DEBUG (org.springframework.aop.framework.CglibAopProxy:831) - Unable to apply any optimisations to advised method: public java.util.List com.smart.dao.BaseDao.loadAll()
2019-05-06 11:12:38,703 DEBUG (org.springframework.aop.framework.CglibAopProxy:782) - Found finalize() method - using NO_OVERRIDE
2019-05-06 11:12:38,703 DEBUG (org.springframework.aop.framework.CglibAopProxy:782) - Found finalize() method - using NO_OVERRIDE
2019-05-06 11:12:38,704 DEBUG (org.springframework.aop.framework.CglibAopProxy:794) - Found 'equals' method: public boolean java.lang.Object.equals(java.lang.Object)
2019-05-06 11:12:38,704 DEBUG (org.springframework.aop.framework.CglibAopProxy:794) - Found 'equals' method: public boolean java.lang.Object.equals(java.lang.Object)
2019-05-06 11:12:38,704 DEBUG (org.springframework.aop.framework.CglibAopProxy:831) - Unable to apply any optimisations to advised method: public java.lang.String java.lang.Object.toString()
2019-05-06 11:12:38,704 DEBUG (org.springframework.aop.framework.CglibAopProxy:831) - Unable to apply any optimisations to advised method: public java.lang.String java.lang.Object.toString()
2019-05-06 11:12:38,704 DEBUG (org.springframework.aop.framework.CglibAopProxy:799) - Found 'hashCode' method: public native int java.lang.Object.hashCode()
2019-05-06 11:12:38,704 DEBUG (org.springframework.aop.framework.CglibAopProxy:799) - Found 'hashCode' method: public native int java.lang.Object.hashCode()
2019-05-06 11:12:38,705 DEBUG (org.springframework.aop.framework.CglibAopProxy:831) - Unable to apply any optimisations to advised method: protected native java.lang.Object java.lang.Object.clone() throws java.lang.CloneNotSupportedException
2019-05-06 11:12:38,705 DEBUG (org.springframework.aop.framework.CglibAopProxy:831) - Unable to apply any optimisations to advised method: protected native java.lang.Object java.lang.Object.clone() throws java.lang.CloneNotSupportedException
2019-05-06 11:12:38,705 DEBUG (org.springframework.aop.framework.CglibAopProxy:788) - Method is declared on Advised interface: public abstract int org.springframework.aop.framework.Advised.indexOf(org.springframework.aop.Advisor)
2019-05-06 11:12:38,705 DEBUG (org.springframework.aop.framework.CglibAopProxy:788) - Method is declared on Advised interface: public abstract int org.springframework.aop.framework.Advised.indexOf(org.springframework.aop.Advisor)
2019-05-06 11:12:38,705 DEBUG (org.springframework.aop.framework.CglibAopProxy:788) - Method is declared on Advised interface: public abstract int org.springframework.aop.framework.Advised.indexOf(org.aopalliance.aop.Advice)
2019-05-06 11:12:38,705 DEBUG (org.springframework.aop.framework.CglibAopProxy:788) - Method is declared on Advised interface: public abstract int org.springframework.aop.framework.Advised.indexOf(org.aopalliance.aop.Advice)
2019-05-06 11:12:38,705 DEBUG (org.springframework.aop.framework.CglibAopProxy:788) - Method is declared on Advised interface: public abstract boolean org.springframework.aop.framework.Advised.isFrozen()
2019-05-06 11:12:38,705 DEBUG (org.springframework.aop.framework.CglibAopProxy:788) - Method is declared on Advised interface: public abstract boolean org.springframework.aop.framework.Advised.isFrozen()
2019-05-06 11:12:38,705 DEBUG (org.springframework.aop.framework.CglibAopProxy:788) - Method is declared on Advised interface: public abstract void org.springframework.aop.framework.Advised.addAdvice(org.aopalliance.aop.Advice) throws org.springframework.aop.framework.AopConfigException
2019-05-06 11:12:38,705 DEBUG (org.springframework.aop.framework.CglibAopProxy:788) - Method is declared on Advised interface: public abstract void org.springframework.aop.framework.Advised.addAdvice(org.aopalliance.aop.Advice) throws org.springframework.aop.framework.AopConfigException
2019-05-06 11:12:38,706 DEBUG (org.springframework.aop.framework.CglibAopProxy:788) - Method is declared on Advised interface: public abstract void org.springframework.aop.framework.Advised.addAdvice(int,org.aopalliance.aop.Advice) throws org.springframework.aop.framework.AopConfigException
2019-05-06 11:12:38,706 DEBUG (org.springframework.aop.framework.CglibAopProxy:788) - Method is declared on Advised interface: public abstract void org.springframework.aop.framework.Advised.addAdvice(int,org.aopalliance.aop.Advice) throws org.springframework.aop.framework.AopConfigException
2019-05-06 11:12:38,706 DEBUG (org.springframework.aop.framework.CglibAopProxy:788) - Method is declared on Advised interface: public abstract boolean org.springframework.aop.framework.Advised.isPreFiltered()
2019-05-06 11:12:38,706 DEBUG (org.springframework.aop.framework.CglibAopProxy:788) - Method is declared on Advised interface: public abstract boolean org.springframework.aop.framework.Advised.isPreFiltered()
2019-05-06 11:12:38,706 DEBUG (org.springframework.aop.framework.CglibAopProxy:788) - Method is declared on Advised interface: public abstract java.lang.Class[] org.springframework.aop.framework.Advised.getProxiedInterfaces()
2019-05-06 11:12:38,706 DEBUG (org.springframework.aop.framework.CglibAopProxy:788) - Method is declared on Advised interface: public abstract java.lang.Class[] org.springframework.aop.framework.Advised.getProxiedInterfaces()
2019-05-06 11:12:38,706 DEBUG (org.springframework.aop.framework.CglibAopProxy:788) - Method is declared on Advised interface: public abstract boolean org.springframework.aop.framework.Advised.isInterfaceProxied(java.lang.Class)
2019-05-06 11:12:38,706 DEBUG (org.springframework.aop.framework.CglibAopProxy:788) - Method is declared on Advised interface: public abstract boolean org.springframework.aop.framework.Advised.isInterfaceProxied(java.lang.Class)
2019-05-06 11:12:38,707 DEBUG (org.springframework.aop.framework.CglibAopProxy:788) - Method is declared on Advised interface: public abstract org.springframework.aop.Advisor[] org.springframework.aop.framework.Advised.getAdvisors()
2019-05-06 11:12:38,707 DEBUG (org.springframework.aop.framework.CglibAopProxy:788) - Method is declared on Advised interface: public abstract org.springframework.aop.Advisor[] org.springframework.aop.framework.Advised.getAdvisors()
2019-05-06 11:12:38,707 DEBUG (org.springframework.aop.framework.CglibAopProxy:788) - Method is declared on Advised interface: public abstract void org.springframework.aop.framework.Advised.removeAdvisor(int) throws org.springframework.aop.framework.AopConfigException
2019-05-06 11:12:38,707 DEBUG (org.springframework.aop.framework.CglibAopProxy:788) - Method is declared on Advised interface: public abstract void org.springframework.aop.framework.Advised.removeAdvisor(int) throws org.springframework.aop.framework.AopConfigException
2019-05-06 11:12:38,707 DEBUG (org.springframework.aop.framework.CglibAopProxy:788) - Method is declared on Advised interface: public abstract boolean org.springframework.aop.framework.Advised.removeAdvisor(org.springframework.aop.Advisor)
2019-05-06 11:12:38,707 DEBUG (org.springframework.aop.framework.CglibAopProxy:788) - Method is declared on Advised interface: public abstract boolean org.springframework.aop.framework.Advised.removeAdvisor(org.springframework.aop.Advisor)
2019-05-06 11:12:38,707 DEBUG (org.springframework.aop.framework.CglibAopProxy:788) - Method is declared on Advised interface: public abstract boolean org.springframework.aop.framework.Advised.replaceAdvisor(org.springframework.aop.Advisor,org.springframework.aop.Advisor) throws org.springframework.aop.framework.AopConfigException
2019-05-06 11:12:38,707 DEBUG (org.springframework.aop.framework.CglibAopProxy:788) - Method is declared on Advised interface: public abstract boolean org.springframework.aop.framework.Advised.replaceAdvisor(org.springframework.aop.Advisor,org.springframework.aop.Advisor) throws org.springframework.aop.framework.AopConfigException
2019-05-06 11:12:38,707 DEBUG (org.springframework.aop.framework.CglibAopProxy:788) - Method is declared on Advised interface: public abstract boolean org.springframework.aop.framework.Advised.removeAdvice(org.aopalliance.aop.Advice)
2019-05-06 11:12:38,707 DEBUG (org.springframework.aop.framework.CglibAopProxy:788) - Method is declared on Advised interface: public abstract boolean org.springframework.aop.framework.Advised.removeAdvice(org.aopalliance.aop.Advice)
2019-05-06 11:12:38,708 DEBUG (org.springframework.aop.framework.CglibAopProxy:788) - Method is declared on Advised interface: public abstract java.lang.String org.springframework.aop.framework.Advised.toProxyConfigString()
2019-05-06 11:12:38,708 DEBUG (org.springframework.aop.framework.CglibAopProxy:788) - Method is declared on Advised interface: public abstract java.lang.String org.springframework.aop.framework.Advised.toProxyConfigString()
2019-05-06 11:12:38,708 DEBUG (org.springframework.aop.framework.CglibAopProxy:788) - Method is declared on Advised interface: public abstract void org.springframework.aop.framework.Advised.setTargetSource(org.springframework.aop.TargetSource)
2019-05-06 11:12:38,708 DEBUG (org.springframework.aop.framework.CglibAopProxy:788) - Method is declared on Advised interface: public abstract void org.springframework.aop.framework.Advised.setTargetSource(org.springframework.aop.TargetSource)
2019-05-06 11:12:38,708 DEBUG (org.springframework.aop.framework.CglibAopProxy:788) - Method is declared on Advised interface: public abstract org.springframework.aop.TargetSource org.springframework.aop.framework.Advised.getTargetSource()
2019-05-06 11:12:38,708 DEBUG (org.springframework.aop.framework.CglibAopProxy:788) - Method is declared on Advised interface: public abstract org.springframework.aop.TargetSource org.springframework.aop.framework.Advised.getTargetSource()
2019-05-06 11:12:38,708 DEBUG (org.springframework.aop.framework.CglibAopProxy:788) - Method is declared on Advised interface: public abstract boolean org.springframework.aop.framework.Advised.isProxyTargetClass()
2019-05-06 11:12:38,708 DEBUG (org.springframework.aop.framework.CglibAopProxy:788) - Method is declared on Advised interface: public abstract boolean org.springframework.aop.framework.Advised.isProxyTargetClass()
2019-05-06 11:12:38,708 DEBUG (org.springframework.aop.framework.CglibAopProxy:788) - Method is declared on Advised interface: public abstract void org.springframework.aop.framework.Advised.addAdvisor(org.springframework.aop.Advisor) throws org.springframework.aop.framework.AopConfigException
2019-05-06 11:12:38,708 DEBUG (org.springframework.aop.framework.CglibAopProxy:788) - Method is declared on Advised interface: public abstract void org.springframework.aop.framework.Advised.addAdvisor(org.springframework.aop.Advisor) throws org.springframework.aop.framework.AopConfigException
2019-05-06 11:12:38,708 DEBUG (org.springframework.aop.framework.CglibAopProxy:788) - Method is declared on Advised interface: public abstract void org.springframework.aop.framework.Advised.addAdvisor(int,org.springframework.aop.Advisor) throws org.springframework.aop.framework.AopConfigException
2019-05-06 11:12:38,708 DEBUG (org.springframework.aop.framework.CglibAopProxy:788) - Method is declared on Advised interface: public abstract void org.springframework.aop.framework.Advised.addAdvisor(int,org.springframework.aop.Advisor) throws org.springframework.aop.framework.AopConfigException
2019-05-06 11:12:38,709 DEBUG (org.springframework.aop.framework.CglibAopProxy:788) - Method is declared on Advised interface: public abstract void org.springframework.aop.framework.Advised.setPreFiltered(boolean)
2019-05-06 11:12:38,709 DEBUG (org.springframework.aop.framework.CglibAopProxy:788) - Method is declared on Advised interface: public abstract void org.springframework.aop.framework.Advised.setPreFiltered(boolean)
2019-05-06 11:12:38,709 DEBUG (org.springframework.aop.framework.CglibAopProxy:788) - Method is declared on Advised interface: public abstract void org.springframework.aop.framework.Advised.setExposeProxy(boolean)
2019-05-06 11:12:38,709 DEBUG (org.springframework.aop.framework.CglibAopProxy:788) - Method is declared on Advised interface: public abstract void org.springframework.aop.framework.Advised.setExposeProxy(boolean)
2019-05-06 11:12:38,709 DEBUG (org.springframework.aop.framework.CglibAopProxy:788) - Method is declared on Advised interface: public abstract boolean org.springframework.aop.framework.Advised.isExposeProxy()
2019-05-06 11:12:38,709 DEBUG (org.springframework.aop.framework.CglibAopProxy:788) - Method is declared on Advised interface: public abstract boolean org.springframework.aop.framework.Advised.isExposeProxy()
2019-05-06 11:12:38,709 DEBUG (org.springframework.aop.framework.CglibAopProxy:788) - Method is declared on Advised interface: public abstract java.lang.Class org.springframework.aop.TargetClassAware.getTargetClass()
2019-05-06 11:12:38,709 DEBUG (org.springframework.aop.framework.CglibAopProxy:788) - Method is declared on Advised interface: public abstract java.lang.Class org.springframework.aop.TargetClassAware.getTargetClass()
2019-05-06 11:12:38,718 DEBUG (org.springframework.beans.factory.support.DefaultListableBeanFactory:484) - Finished creating instance of bean 'postDao'
2019-05-06 11:12:38,718 DEBUG (org.springframework.beans.factory.support.DefaultListableBeanFactory:484) - Finished creating instance of bean 'postDao'
2019-05-06 11:12:38,719 DEBUG (org.springframework.beans.factory.support.DefaultListableBeanFactory:221) - Creating shared instance of singleton bean 'topicDao'
2019-05-06 11:12:38,719 DEBUG (org.springframework.beans.factory.support.DefaultListableBeanFactory:221) - Creating shared instance of singleton bean 'topicDao'
2019-05-06 11:12:38,719 DEBUG (org.springframework.beans.factory.support.DefaultListableBeanFactory:448) - Creating instance of bean 'topicDao'
2019-05-06 11:12:38,719 DEBUG (org.springframework.beans.factory.support.DefaultListableBeanFactory:448) - Creating instance of bean 'topicDao'
2019-05-06 11:12:38,721 DEBUG (org.springframework.beans.factory.annotation.InjectionMetadata:72) - Registered injected element on class [com.smart.dao.TopicDao]: AutowiredMethodElement for public void com.smart.dao.BaseDao.setHibernateTemplate(org.springframework.orm.hibernate4.HibernateTemplate)
2019-05-06 11:12:38,721 DEBUG (org.springframework.beans.factory.annotation.InjectionMetadata:72) - Registered injected element on class [com.smart.dao.TopicDao]: AutowiredMethodElement for public void com.smart.dao.BaseDao.setHibernateTemplate(org.springframework.orm.hibernate4.HibernateTemplate)
2019-05-06 11:12:38,722 DEBUG (org.springframework.beans.factory.annotation.InjectionMetadata:72) - Registered injected element on class [com.smart.dao.TopicDao]: AutowiredMethodElement for public void com.smart.dao.BaseDao.setSessionFactory(org.hibernate.SessionFactory)
2019-05-06 11:12:38,722 DEBUG (org.springframework.beans.factory.annotation.InjectionMetadata:72) - Registered injected element on class [com.smart.dao.TopicDao]: AutowiredMethodElement for public void com.smart.dao.BaseDao.setSessionFactory(org.hibernate.SessionFactory)
2019-05-06 11:12:38,722 DEBUG (org.springframework.beans.factory.support.DefaultListableBeanFactory:529) - Eagerly caching bean 'topicDao' to allow for resolving potential circular references
2019-05-06 11:12:38,722 DEBUG (org.springframework.beans.factory.support.DefaultListableBeanFactory:529) - Eagerly caching bean 'topicDao' to allow for resolving potential circular references
2019-05-06 11:12:38,722 DEBUG (org.springframework.beans.factory.annotation.InjectionMetadata:86) - Processing injected element of bean 'topicDao': AutowiredMethodElement for public void com.smart.dao.BaseDao.setHibernateTemplate(org.springframework.orm.hibernate4.HibernateTemplate)
2019-05-06 11:12:38,722 DEBUG (org.springframework.beans.factory.annotation.InjectionMetadata:86) - Processing injected element of bean 'topicDao': AutowiredMethodElement for public void com.smart.dao.BaseDao.setHibernateTemplate(org.springframework.orm.hibernate4.HibernateTemplate)
2019-05-06 11:12:38,722 DEBUG (org.springframework.beans.factory.support.DefaultListableBeanFactory:250) - Returning cached instance of singleton bean 'hibernateTemplate'
2019-05-06 11:12:38,722 DEBUG (org.springframework.beans.factory.support.DefaultListableBeanFactory:250) - Returning cached instance of singleton bean 'hibernateTemplate'
2019-05-06 11:12:38,723 DEBUG (org.springframework.beans.factory.annotation.AutowiredAnnotationBeanPostProcessor:490) - Autowiring by type from bean name 'topicDao' to bean named 'hibernateTemplate'
2019-05-06 11:12:38,723 DEBUG (org.springframework.beans.factory.annotation.AutowiredAnnotationBeanPostProcessor:490) - Autowiring by type from bean name 'topicDao' to bean named 'hibernateTemplate'
2019-05-06 11:12:38,723 DEBUG (org.springframework.beans.factory.annotation.InjectionMetadata:86) - Processing injected element of bean 'topicDao': AutowiredMethodElement for public void com.smart.dao.BaseDao.setSessionFactory(org.hibernate.SessionFactory)
2019-05-06 11:12:38,723 DEBUG (org.springframework.beans.factory.annotation.InjectionMetadata:86) - Processing injected element of bean 'topicDao': AutowiredMethodElement for public void com.smart.dao.BaseDao.setSessionFactory(org.hibernate.SessionFactory)
2019-05-06 11:12:38,723 DEBUG (org.springframework.beans.factory.support.DefaultListableBeanFactory:250) - Returning cached instance of singleton bean 'localSessionFactoryBean'
2019-05-06 11:12:38,723 DEBUG (org.springframework.beans.factory.support.DefaultListableBeanFactory:250) - Returning cached instance of singleton bean 'localSessionFactoryBean'
2019-05-06 11:12:38,724 DEBUG (org.springframework.beans.factory.support.DefaultListableBeanFactory:250) - Returning cached instance of singleton bean 'sessionFactory'
2019-05-06 11:12:38,724 DEBUG (org.springframework.beans.factory.support.DefaultListableBeanFactory:250) - Returning cached instance of singleton bean 'sessionFactory'
2019-05-06 11:12:38,724 DEBUG (org.springframework.beans.factory.annotation.AutowiredAnnotationBeanPostProcessor:490) - Autowiring by type from bean name 'topicDao' to bean named 'sessionFactory'
2019-05-06 11:12:38,724 DEBUG (org.springframework.beans.factory.annotation.AutowiredAnnotationBeanPostProcessor:490) - Autowiring by type from bean name 'topicDao' to bean named 'sessionFactory'
2019-05-06 11:12:38,724 DEBUG (org.springframework.beans.factory.support.DefaultListableBeanFactory:250) - Returning cached instance of singleton bean 'org.springframework.transaction.config.internalTransactionAdvisor'
2019-05-06 11:12:38,724 DEBUG (org.springframework.beans.factory.support.DefaultListableBeanFactory:250) - Returning cached instance of singleton bean 'org.springframework.transaction.config.internalTransactionAdvisor'
2019-05-06 11:12:38,725 DEBUG (org.springframework.transaction.annotation.AnnotationTransactionAttributeSource:108) - Adding transactional method 'TopicDao.getBoardDigestTopics' with attribute: PROPAGATION_REQUIRED,ISOLATION_DEFAULT,readOnly; ''
2019-05-06 11:12:38,725 DEBUG (org.springframework.transaction.annotation.AnnotationTransactionAttributeSource:108) - Adding transactional method 'TopicDao.getBoardDigestTopics' with attribute: PROPAGATION_REQUIRED,ISOLATION_DEFAULT,readOnly; ''
2019-05-06 11:12:38,725 DEBUG (org.springframework.aop.framework.autoproxy.InfrastructureAdvisorAutoProxyCreator:505) - Creating implicit proxy for bean 'topicDao' with 0 common interceptors and 1 specific interceptors
2019-05-06 11:12:38,725 DEBUG (org.springframework.aop.framework.autoproxy.InfrastructureAdvisorAutoProxyCreator:505) - Creating implicit proxy for bean 'topicDao' with 0 common interceptors and 1 specific interceptors
2019-05-06 11:12:38,725 DEBUG (org.springframework.aop.framework.CglibAopProxy:158) - Creating CGLIB proxy: target source is SingletonTargetSource for target object [com.smart.dao.TopicDao@6a7007e4]
2019-05-06 11:12:38,725 DEBUG (org.springframework.aop.framework.CglibAopProxy:158) - Creating CGLIB proxy: target source is SingletonTargetSource for target object [com.smart.dao.TopicDao@6a7007e4]
2019-05-06 11:12:38,726 DEBUG (org.springframework.aop.framework.CglibAopProxy:831) - Unable to apply any optimisations to advised method: public com.smart.dao.Page com.smart.dao.TopicDao.getBoardDigestTopics(int,int,int)
2019-05-06 11:12:38,726 DEBUG (org.springframework.aop.framework.CglibAopProxy:831) - Unable to apply any optimisations to advised method: public com.smart.dao.Page com.smart.dao.TopicDao.getBoardDigestTopics(int,int,int)
2019-05-06 11:12:38,726 DEBUG (org.springframework.transaction.annotation.AnnotationTransactionAttributeSource:108) - Adding transactional method 'TopicDao.getPagedTopics' with attribute: PROPAGATION_REQUIRED,ISOLATION_DEFAULT,readOnly; ''
2019-05-06 11:12:38,726 DEBUG (org.springframework.transaction.annotation.AnnotationTransactionAttributeSource:108) - Adding transactional method 'TopicDao.getPagedTopics' with attribute: PROPAGATION_REQUIRED,ISOLATION_DEFAULT,readOnly; ''
2019-05-06 11:12:38,727 DEBUG (org.springframework.aop.framework.CglibAopProxy:831) - Unable to apply any optimisations to advised method: public com.smart.dao.Page com.smart.dao.TopicDao.getPagedTopics(int,int,int)
2019-05-06 11:12:38,727 DEBUG (org.springframework.aop.framework.CglibAopProxy:831) - Unable to apply any optimisations to advised method: public com.smart.dao.Page com.smart.dao.TopicDao.getPagedTopics(int,int,int)
2019-05-06 11:12:38,727 DEBUG (org.springframework.transaction.annotation.AnnotationTransactionAttributeSource:108) - Adding transactional method 'TopicDao.queryTopicByTitle' with attribute: PROPAGATION_REQUIRED,ISOLATION_DEFAULT,readOnly; ''
2019-05-06 11:12:38,727 DEBUG (org.springframework.transaction.annotation.AnnotationTransactionAttributeSource:108) - Adding transactional method 'TopicDao.queryTopicByTitle' with attribute: PROPAGATION_REQUIRED,ISOLATION_DEFAULT,readOnly; ''
2019-05-06 11:12:38,727 DEBUG (org.springframework.aop.framework.CglibAopProxy:831) - Unable to apply any optimisations to advised method: public com.smart.dao.Page com.smart.dao.TopicDao.queryTopicByTitle(java.lang.String,int,int)
2019-05-06 11:12:38,727 DEBUG (org.springframework.aop.framework.CglibAopProxy:831) - Unable to apply any optimisations to advised method: public com.smart.dao.Page com.smart.dao.TopicDao.queryTopicByTitle(java.lang.String,int,int)
2019-05-06 11:12:38,728 DEBUG (org.springframework.transaction.annotation.AnnotationTransactionAttributeSource:108) - Adding transactional method 'TopicDao.remove' with attribute: PROPAGATION_REQUIRED,ISOLATION_DEFAULT,readOnly; ''
2019-05-06 11:12:38,728 DEBUG (org.springframework.transaction.annotation.AnnotationTransactionAttributeSource:108) - Adding transactional method 'TopicDao.remove' with attribute: PROPAGATION_REQUIRED,ISOLATION_DEFAULT,readOnly; ''
2019-05-06 11:12:38,728 DEBUG (org.springframework.aop.framework.CglibAopProxy:831) - Unable to apply any optimisations to advised method: public void com.smart.dao.BaseDao.remove(java.lang.Object)
2019-05-06 11:12:38,728 DEBUG (org.springframework.aop.framework.CglibAopProxy:831) - Unable to apply any optimisations to advised method: public void com.smart.dao.BaseDao.remove(java.lang.Object)
2019-05-06 11:12:38,729 DEBUG (org.springframework.transaction.annotation.AnnotationTransactionAttributeSource:108) - Adding transactional method 'TopicDao.get' with attribute: PROPAGATION_REQUIRED,ISOLATION_DEFAULT,readOnly; ''
2019-05-06 11:12:38,729 DEBUG (org.springframework.transaction.annotation.AnnotationTransactionAttributeSource:108) - Adding transactional method 'TopicDao.get' with attribute: PROPAGATION_REQUIRED,ISOLATION_DEFAULT,readOnly; ''
2019-05-06 11:12:38,729 DEBUG (org.springframework.aop.framework.CglibAopProxy:831) - Unable to apply any optimisations to advised method: public java.lang.Object com.smart.dao.BaseDao.get(java.io.Serializable)
2019-05-06 11:12:38,729 DEBUG (org.springframework.aop.framework.CglibAopProxy:831) - Unable to apply any optimisations to advised method: public java.lang.Object com.smart.dao.BaseDao.get(java.io.Serializable)
2019-05-06 11:12:38,729 DEBUG (org.springframework.transaction.annotation.AnnotationTransactionAttributeSource:108) - Adding transactional method 'TopicDao.update' with attribute: PROPAGATION_REQUIRED,ISOLATION_DEFAULT; ''
2019-05-06 11:12:38,729 DEBUG (org.springframework.transaction.annotation.AnnotationTransactionAttributeSource:108) - Adding transactional method 'TopicDao.update' with attribute: PROPAGATION_REQUIRED,ISOLATION_DEFAULT; ''
2019-05-06 11:12:38,730 DEBUG (org.springframework.aop.framework.CglibAopProxy:831) - Unable to apply any optimisations to advised method: public void com.smart.dao.BaseDao.update(java.lang.Object)
2019-05-06 11:12:38,730 DEBUG (org.springframework.aop.framework.CglibAopProxy:831) - Unable to apply any optimisations to advised method: public void com.smart.dao.BaseDao.update(java.lang.Object)
2019-05-06 11:12:38,730 DEBUG (org.springframework.transaction.annotation.AnnotationTransactionAttributeSource:108) - Adding transactional method 'TopicDao.load' with attribute: PROPAGATION_REQUIRED,ISOLATION_DEFAULT,readOnly; ''
2019-05-06 11:12:38,730 DEBUG (org.springframework.transaction.annotation.AnnotationTransactionAttributeSource:108) - Adding transactional method 'TopicDao.load' with attribute: PROPAGATION_REQUIRED,ISOLATION_DEFAULT,readOnly; ''
2019-05-06 11:12:38,730 DEBUG (org.springframework.aop.framework.CglibAopProxy:831) - Unable to apply any optimisations to advised method: public java.lang.Object com.smart.dao.BaseDao.load(java.io.Serializable)
2019-05-06 11:12:38,730 DEBUG (org.springframework.aop.framework.CglibAopProxy:831) - Unable to apply any optimisations to advised method: public java.lang.Object com.smart.dao.BaseDao.load(java.io.Serializable)
2019-05-06 11:12:38,730 DEBUG (org.springframework.transaction.annotation.AnnotationTransactionAttributeSource:108) - Adding transactional method 'TopicDao.find' with attribute: PROPAGATION_REQUIRED,ISOLATION_DEFAULT,readOnly; ''
2019-05-06 11:12:38,730 DEBUG (org.springframework.transaction.annotation.AnnotationTransactionAttributeSource:108) - Adding transactional method 'TopicDao.find' with attribute: PROPAGATION_REQUIRED,ISOLATION_DEFAULT,readOnly; ''
2019-05-06 11:12:38,731 DEBUG (org.springframework.aop.framework.CglibAopProxy:831) - Unable to apply any optimisations to advised method: public java.util.List com.smart.dao.BaseDao.find(java.lang.String)
2019-05-06 11:12:38,731 DEBUG (org.springframework.aop.framework.CglibAopProxy:831) - Unable to apply any optimisations to advised method: public java.util.List com.smart.dao.BaseDao.find(java.lang.String)
2019-05-06 11:12:38,731 DEBUG (org.springframework.transaction.annotation.AnnotationTransactionAttributeSource:108) - Adding transactional method 'TopicDao.find' with attribute: PROPAGATION_REQUIRED,ISOLATION_DEFAULT,readOnly; ''
2019-05-06 11:12:38,731 DEBUG (org.springframework.transaction.annotation.AnnotationTransactionAttributeSource:108) - Adding transactional method 'TopicDao.find' with attribute: PROPAGATION_REQUIRED,ISOLATION_DEFAULT,readOnly; ''
2019-05-06 11:12:38,731 DEBUG (org.springframework.aop.framework.CglibAopProxy:831) - Unable to apply any optimisations to advised method: public java.util.List com.smart.dao.BaseDao.find(java.lang.String,java.lang.Object[])
2019-05-06 11:12:38,731 DEBUG (org.springframework.aop.framework.CglibAopProxy:831) - Unable to apply any optimisations to advised method: public java.util.List com.smart.dao.BaseDao.find(java.lang.String,java.lang.Object[])
2019-05-06 11:12:38,732 DEBUG (org.springframework.transaction.annotation.AnnotationTransactionAttributeSource:108) - Adding transactional method 'TopicDao.save' with attribute: PROPAGATION_REQUIRED,ISOLATION_DEFAULT; ''
2019-05-06 11:12:38,732 DEBUG (org.springframework.transaction.annotation.AnnotationTransactionAttributeSource:108) - Adding transactional method 'TopicDao.save' with attribute: PROPAGATION_REQUIRED,ISOLATION_DEFAULT; ''
2019-05-06 11:12:38,732 DEBUG (org.springframework.aop.framework.CglibAopProxy:831) - Unable to apply any optimisations to advised method: public void com.smart.dao.BaseDao.save(java.lang.Object)
2019-05-06 11:12:38,732 DEBUG (org.springframework.aop.framework.CglibAopProxy:831) - Unable to apply any optimisations to advised method: public void com.smart.dao.BaseDao.save(java.lang.Object)
2019-05-06 11:12:38,732 DEBUG (org.springframework.transaction.annotation.AnnotationTransactionAttributeSource:108) - Adding transactional method 'TopicDao.removeAll' with attribute: PROPAGATION_REQUIRED,ISOLATION_DEFAULT,readOnly; ''
2019-05-06 11:12:38,732 DEBUG (org.springframework.transaction.annotation.AnnotationTransactionAttributeSource:108) - Adding transactional method 'TopicDao.removeAll' with attribute: PROPAGATION_REQUIRED,ISOLATION_DEFAULT,readOnly; ''
2019-05-06 11:12:38,732 DEBUG (org.springframework.aop.framework.CglibAopProxy:831) - Unable to apply any optimisations to advised method: public void com.smart.dao.BaseDao.removeAll(java.lang.String)
2019-05-06 11:12:38,732 DEBUG (org.springframework.aop.framework.CglibAopProxy:831) - Unable to apply any optimisations to advised method: public void com.smart.dao.BaseDao.removeAll(java.lang.String)
2019-05-06 11:12:38,733 DEBUG (org.springframework.transaction.annotation.AnnotationTransactionAttributeSource:108) - Adding transactional method 'TopicDao.initialize' with attribute: PROPAGATION_REQUIRED,ISOLATION_DEFAULT,readOnly; ''
2019-05-06 11:12:38,733 DEBUG (org.springframework.transaction.annotation.AnnotationTransactionAttributeSource:108) - Adding transactional method 'TopicDao.initialize' with attribute: PROPAGATION_REQUIRED,ISOLATION_DEFAULT,readOnly; ''
2019-05-06 11:12:38,733 DEBUG (org.springframework.aop.framework.CglibAopProxy:831) - Unable to apply any optimisations to advised method: public void com.smart.dao.BaseDao.initialize(java.lang.Object)
2019-05-06 11:12:38,733 DEBUG (org.springframework.aop.framework.CglibAopProxy:831) - Unable to apply any optimisations to advised method: public void com.smart.dao.BaseDao.initialize(java.lang.Object)
2019-05-06 11:12:38,733 DEBUG (org.springframework.transaction.annotation.AnnotationTransactionAttributeSource:108) - Adding transactional method 'TopicDao.getHibernateTemplate' with attribute: PROPAGATION_REQUIRED,ISOLATION_DEFAULT,readOnly; ''
2019-05-06 11:12:38,733 DEBUG (org.springframework.transaction.annotation.AnnotationTransactionAttributeSource:108) - Adding transactional method 'TopicDao.getHibernateTemplate' with attribute: PROPAGATION_REQUIRED,ISOLATION_DEFAULT,readOnly; ''
2019-05-06 11:12:38,733 DEBUG (org.springframework.aop.framework.CglibAopProxy:831) - Unable to apply any optimisations to advised method: public org.springframework.orm.hibernate4.HibernateTemplate com.smart.dao.BaseDao.getHibernateTemplate()
2019-05-06 11:12:38,733 DEBUG (org.springframework.aop.framework.CglibAopProxy:831) - Unable to apply any optimisations to advised method: public org.springframework.orm.hibernate4.HibernateTemplate com.smart.dao.BaseDao.getHibernateTemplate()
2019-05-06 11:12:38,734 DEBUG (org.springframework.transaction.annotation.AnnotationTransactionAttributeSource:108) - Adding transactional method 'TopicDao.find2' with attribute: PROPAGATION_REQUIRED,ISOLATION_DEFAULT,readOnly; ''
2019-05-06 11:12:38,734 DEBUG (org.springframework.transaction.annotation.AnnotationTransactionAttributeSource:108) - Adding transactional method 'TopicDao.find2' with attribute: PROPAGATION_REQUIRED,ISOLATION_DEFAULT,readOnly; ''
2019-05-06 11:12:38,734 DEBUG (org.springframework.aop.framework.CglibAopProxy:831) - Unable to apply any optimisations to advised method: public java.util.List com.smart.dao.BaseDao.find2(java.lang.String,java.lang.Object[])
2019-05-06 11:12:38,734 DEBUG (org.springframework.aop.framework.CglibAopProxy:831) - Unable to apply any optimisations to advised method: public java.util.List com.smart.dao.BaseDao.find2(java.lang.String,java.lang.Object[])
2019-05-06 11:12:38,735 DEBUG (org.springframework.transaction.annotation.AnnotationTransactionAttributeSource:108) - Adding transactional method 'TopicDao.find2' with attribute: PROPAGATION_REQUIRED,ISOLATION_DEFAULT,readOnly; ''
2019-05-06 11:12:38,735 DEBUG (org.springframework.transaction.annotation.AnnotationTransactionAttributeSource:108) - Adding transactional method 'TopicDao.find2' with attribute: PROPAGATION_REQUIRED,ISOLATION_DEFAULT,readOnly; ''
2019-05-06 11:12:38,735 DEBUG (org.springframework.aop.framework.CglibAopProxy:831) - Unable to apply any optimisations to advised method: public java.util.List com.smart.dao.BaseDao.find2(java.lang.String)
2019-05-06 11:12:38,735 DEBUG (org.springframework.aop.framework.CglibAopProxy:831) - Unable to apply any optimisations to advised method: public java.util.List com.smart.dao.BaseDao.find2(java.lang.String)
2019-05-06 11:12:38,735 DEBUG (org.springframework.transaction.annotation.AnnotationTransactionAttributeSource:108) - Adding transactional method 'TopicDao.pagedQuery' with attribute: PROPAGATION_REQUIRED,ISOLATION_DEFAULT,readOnly; ''
2019-05-06 11:12:38,735 DEBUG (org.springframework.transaction.annotation.AnnotationTransactionAttributeSource:108) - Adding transactional method 'TopicDao.pagedQuery' with attribute: PROPAGATION_REQUIRED,ISOLATION_DEFAULT,readOnly; ''
2019-05-06 11:12:38,736 DEBUG (org.springframework.aop.framework.CglibAopProxy:831) - Unable to apply any optimisations to advised method: public com.smart.dao.Page com.smart.dao.BaseDao.pagedQuery(java.lang.String,int,int,java.lang.Object[])
2019-05-06 11:12:38,736 DEBUG (org.springframework.aop.framework.CglibAopProxy:831) - Unable to apply any optimisations to advised method: public com.smart.dao.Page com.smart.dao.BaseDao.pagedQuery(java.lang.String,int,int,java.lang.Object[])
2019-05-06 11:12:38,736 DEBUG (org.springframework.transaction.annotation.AnnotationTransactionAttributeSource:108) - Adding transactional method 'TopicDao.createQuery' with attribute: PROPAGATION_REQUIRED,ISOLATION_DEFAULT; ''
2019-05-06 11:12:38,736 DEBUG (org.springframework.transaction.annotation.AnnotationTransactionAttributeSource:108) - Adding transactional method 'TopicDao.createQuery' with attribute: PROPAGATION_REQUIRED,ISOLATION_DEFAULT; ''
2019-05-06 11:12:38,736 DEBUG (org.springframework.aop.framework.CglibAopProxy:831) - Unable to apply any optimisations to advised method: public org.hibernate.Query com.smart.dao.BaseDao.createQuery(java.lang.String,java.lang.Object[])
2019-05-06 11:12:38,736 DEBUG (org.springframework.aop.framework.CglibAopProxy:831) - Unable to apply any optimisations to advised method: public org.hibernate.Query com.smart.dao.BaseDao.createQuery(java.lang.String,java.lang.Object[])
2019-05-06 11:12:38,737 DEBUG (org.springframework.transaction.annotation.AnnotationTransactionAttributeSource:108) - Adding transactional method 'TopicDao.setHibernateTemplate' with attribute: PROPAGATION_REQUIRED,ISOLATION_DEFAULT,readOnly; ''
2019-05-06 11:12:38,737 DEBUG (org.springframework.transaction.annotation.AnnotationTransactionAttributeSource:108) - Adding transactional method 'TopicDao.setHibernateTemplate' with attribute: PROPAGATION_REQUIRED,ISOLATION_DEFAULT,readOnly; ''
2019-05-06 11:12:38,737 DEBUG (org.springframework.aop.framework.CglibAopProxy:831) - Unable to apply any optimisations to advised method: public void com.smart.dao.BaseDao.setHibernateTemplate(org.springframework.orm.hibernate4.HibernateTemplate)
2019-05-06 11:12:38,737 DEBUG (org.springframework.aop.framework.CglibAopProxy:831) - Unable to apply any optimisations to advised method: public void com.smart.dao.BaseDao.setHibernateTemplate(org.springframework.orm.hibernate4.HibernateTemplate)
2019-05-06 11:12:38,738 DEBUG (org.springframework.transaction.annotation.AnnotationTransactionAttributeSource:108) - Adding transactional method 'TopicDao.getSession' with attribute: PROPAGATION_REQUIRED,ISOLATION_DEFAULT,readOnly; ''
2019-05-06 11:12:38,738 DEBUG (org.springframework.transaction.annotation.AnnotationTransactionAttributeSource:108) - Adding transactional method 'TopicDao.getSession' with attribute: PROPAGATION_REQUIRED,ISOLATION_DEFAULT,readOnly; ''
2019-05-06 11:12:38,738 DEBUG (org.springframework.aop.framework.CglibAopProxy:831) - Unable to apply any optimisations to advised method: public org.hibernate.Session com.smart.dao.BaseDao.getSession()
2019-05-06 11:12:38,738 DEBUG (org.springframework.aop.framework.CglibAopProxy:831) - Unable to apply any optimisations to advised method: public org.hibernate.Session com.smart.dao.BaseDao.getSession()
2019-05-06 11:12:38,738 DEBUG (org.springframework.transaction.annotation.AnnotationTransactionAttributeSource:108) - Adding transactional method 'TopicDao.setSessionFactory' with attribute: PROPAGATION_REQUIRED,ISOLATION_DEFAULT,readOnly; ''
2019-05-06 11:12:38,738 DEBUG (org.springframework.transaction.annotation.AnnotationTransactionAttributeSource:108) - Adding transactional method 'TopicDao.setSessionFactory' with attribute: PROPAGATION_REQUIRED,ISOLATION_DEFAULT,readOnly; ''
2019-05-06 11:12:38,738 DEBUG (org.springframework.aop.framework.CglibAopProxy:831) - Unable to apply any optimisations to advised method: public void com.smart.dao.BaseDao.setSessionFactory(org.hibernate.SessionFactory)
2019-05-06 11:12:38,738 DEBUG (org.springframework.aop.framework.CglibAopProxy:831) - Unable to apply any optimisations to advised method: public void com.smart.dao.BaseDao.setSessionFactory(org.hibernate.SessionFactory)
2019-05-06 11:12:38,739 DEBUG (org.springframework.transaction.annotation.AnnotationTransactionAttributeSource:108) - Adding transactional method 'TopicDao.loadAll' with attribute: PROPAGATION_REQUIRED,ISOLATION_DEFAULT,readOnly; ''
2019-05-06 11:12:38,739 DEBUG (org.springframework.transaction.annotation.AnnotationTransactionAttributeSource:108) - Adding transactional method 'TopicDao.loadAll' with attribute: PROPAGATION_REQUIRED,ISOLATION_DEFAULT,readOnly; ''
2019-05-06 11:12:38,739 DEBUG (org.springframework.aop.framework.CglibAopProxy:831) - Unable to apply any optimisations to advised method: public java.util.List com.smart.dao.BaseDao.loadAll()
2019-05-06 11:12:38,739 DEBUG (org.springframework.aop.framework.CglibAopProxy:831) - Unable to apply any optimisations to advised method: public java.util.List com.smart.dao.BaseDao.loadAll()
2019-05-06 11:12:38,739 DEBUG (org.springframework.aop.framework.CglibAopProxy:782) - Found finalize() method - using NO_OVERRIDE
2019-05-06 11:12:38,739 DEBUG (org.springframework.aop.framework.CglibAopProxy:782) - Found finalize() method - using NO_OVERRIDE
2019-05-06 11:12:38,740 DEBUG (org.springframework.aop.framework.CglibAopProxy:794) - Found 'equals' method: public boolean java.lang.Object.equals(java.lang.Object)
2019-05-06 11:12:38,740 DEBUG (org.springframework.aop.framework.CglibAopProxy:794) - Found 'equals' method: public boolean java.lang.Object.equals(java.lang.Object)
2019-05-06 11:12:38,740 DEBUG (org.springframework.aop.framework.CglibAopProxy:831) - Unable to apply any optimisations to advised method: public java.lang.String java.lang.Object.toString()
2019-05-06 11:12:38,740 DEBUG (org.springframework.aop.framework.CglibAopProxy:831) - Unable to apply any optimisations to advised method: public java.lang.String java.lang.Object.toString()
2019-05-06 11:12:38,740 DEBUG (org.springframework.aop.framework.CglibAopProxy:799) - Found 'hashCode' method: public native int java.lang.Object.hashCode()
2019-05-06 11:12:38,740 DEBUG (org.springframework.aop.framework.CglibAopProxy:799) - Found 'hashCode' method: public native int java.lang.Object.hashCode()
2019-05-06 11:12:38,740 DEBUG (org.springframework.aop.framework.CglibAopProxy:831) - Unable to apply any optimisations to advised method: protected native java.lang.Object java.lang.Object.clone() throws java.lang.CloneNotSupportedException
2019-05-06 11:12:38,740 DEBUG (org.springframework.aop.framework.CglibAopProxy:831) - Unable to apply any optimisations to advised method: protected native java.lang.Object java.lang.Object.clone() throws java.lang.CloneNotSupportedException
2019-05-06 11:12:38,740 DEBUG (org.springframework.aop.framework.CglibAopProxy:788) - Method is declared on Advised interface: public abstract int org.springframework.aop.framework.Advised.indexOf(org.springframework.aop.Advisor)
2019-05-06 11:12:38,740 DEBUG (org.springframework.aop.framework.CglibAopProxy:788) - Method is declared on Advised interface: public abstract int org.springframework.aop.framework.Advised.indexOf(org.springframework.aop.Advisor)
2019-05-06 11:12:38,741 DEBUG (org.springframework.aop.framework.CglibAopProxy:788) - Method is declared on Advised interface: public abstract int org.springframework.aop.framework.Advised.indexOf(org.aopalliance.aop.Advice)
2019-05-06 11:12:38,741 DEBUG (org.springframework.aop.framework.CglibAopProxy:788) - Method is declared on Advised interface: public abstract int org.springframework.aop.framework.Advised.indexOf(org.aopalliance.aop.Advice)
2019-05-06 11:12:38,741 DEBUG (org.springframework.aop.framework.CglibAopProxy:788) - Method is declared on Advised interface: public abstract boolean org.springframework.aop.framework.Advised.isFrozen()
2019-05-06 11:12:38,741 DEBUG (org.springframework.aop.framework.CglibAopProxy:788) - Method is declared on Advised interface: public abstract boolean org.springframework.aop.framework.Advised.isFrozen()
2019-05-06 11:12:38,741 DEBUG (org.springframework.aop.framework.CglibAopProxy:788) - Method is declared on Advised interface: public abstract void org.springframework.aop.framework.Advised.addAdvice(org.aopalliance.aop.Advice) throws org.springframework.aop.framework.AopConfigException
2019-05-06 11:12:38,741 DEBUG (org.springframework.aop.framework.CglibAopProxy:788) - Method is declared on Advised interface: public abstract void org.springframework.aop.framework.Advised.addAdvice(org.aopalliance.aop.Advice) throws org.springframework.aop.framework.AopConfigException
2019-05-06 11:12:38,741 DEBUG (org.springframework.aop.framework.CglibAopProxy:788) - Method is declared on Advised interface: public abstract void org.springframework.aop.framework.Advised.addAdvice(int,org.aopalliance.aop.Advice) throws org.springframework.aop.framework.AopConfigException
2019-05-06 11:12:38,741 DEBUG (org.springframework.aop.framework.CglibAopProxy:788) - Method is declared on Advised interface: public abstract void org.springframework.aop.framework.Advised.addAdvice(int,org.aopalliance.aop.Advice) throws org.springframework.aop.framework.AopConfigException
2019-05-06 11:12:38,741 DEBUG (org.springframework.aop.framework.CglibAopProxy:788) - Method is declared on Advised interface: public abstract boolean org.springframework.aop.framework.Advised.isPreFiltered()
2019-05-06 11:12:38,741 DEBUG (org.springframework.aop.framework.CglibAopProxy:788) - Method is declared on Advised interface: public abstract boolean org.springframework.aop.framework.Advised.isPreFiltered()
2019-05-06 11:12:38,741 DEBUG (org.springframework.aop.framework.CglibAopProxy:788) - Method is declared on Advised interface: public abstract java.lang.Class[] org.springframework.aop.framework.Advised.getProxiedInterfaces()
2019-05-06 11:12:38,741 DEBUG (org.springframework.aop.framework.CglibAopProxy:788) - Method is declared on Advised interface: public abstract java.lang.Class[] org.springframework.aop.framework.Advised.getProxiedInterfaces()
2019-05-06 11:12:38,742 DEBUG (org.springframework.aop.framework.CglibAopProxy:788) - Method is declared on Advised interface: public abstract boolean org.springframework.aop.framework.Advised.isInterfaceProxied(java.lang.Class)
2019-05-06 11:12:38,742 DEBUG (org.springframework.aop.framework.CglibAopProxy:788) - Method is declared on Advised interface: public abstract boolean org.springframework.aop.framework.Advised.isInterfaceProxied(java.lang.Class)
2019-05-06 11:12:38,742 DEBUG (org.springframework.aop.framework.CglibAopProxy:788) - Method is declared on Advised interface: public abstract org.springframework.aop.Advisor[] org.springframework.aop.framework.Advised.getAdvisors()
2019-05-06 11:12:38,742 DEBUG (org.springframework.aop.framework.CglibAopProxy:788) - Method is declared on Advised interface: public abstract org.springframework.aop.Advisor[] org.springframework.aop.framework.Advised.getAdvisors()
2019-05-06 11:12:38,742 DEBUG (org.springframework.aop.framework.CglibAopProxy:788) - Method is declared on Advised interface: public abstract void org.springframework.aop.framework.Advised.removeAdvisor(int) throws org.springframework.aop.framework.AopConfigException
2019-05-06 11:12:38,742 DEBUG (org.springframework.aop.framework.CglibAopProxy:788) - Method is declared on Advised interface: public abstract void org.springframework.aop.framework.Advised.removeAdvisor(int) throws org.springframework.aop.framework.AopConfigException
2019-05-06 11:12:38,742 DEBUG (org.springframework.aop.framework.CglibAopProxy:788) - Method is declared on Advised interface: public abstract boolean org.springframework.aop.framework.Advised.removeAdvisor(org.springframework.aop.Advisor)
2019-05-06 11:12:38,742 DEBUG (org.springframework.aop.framework.CglibAopProxy:788) - Method is declared on Advised interface: public abstract boolean org.springframework.aop.framework.Advised.removeAdvisor(org.springframework.aop.Advisor)
2019-05-06 11:12:38,742 DEBUG (org.springframework.aop.framework.CglibAopProxy:788) - Method is declared on Advised interface: public abstract boolean org.springframework.aop.framework.Advised.replaceAdvisor(org.springframework.aop.Advisor,org.springframework.aop.Advisor) throws org.springframework.aop.framework.AopConfigException
2019-05-06 11:12:38,742 DEBUG (org.springframework.aop.framework.CglibAopProxy:788) - Method is declared on Advised interface: public abstract boolean org.springframework.aop.framework.Advised.replaceAdvisor(org.springframework.aop.Advisor,org.springframework.aop.Advisor) throws org.springframework.aop.framework.AopConfigException
2019-05-06 11:12:38,743 DEBUG (org.springframework.aop.framework.CglibAopProxy:788) - Method is declared on Advised interface: public abstract boolean org.springframework.aop.framework.Advised.removeAdvice(org.aopalliance.aop.Advice)
2019-05-06 11:12:38,743 DEBUG (org.springframework.aop.framework.CglibAopProxy:788) - Method is declared on Advised interface: public abstract boolean org.springframework.aop.framework.Advised.removeAdvice(org.aopalliance.aop.Advice)
2019-05-06 11:12:38,743 DEBUG (org.springframework.aop.framework.CglibAopProxy:788) - Method is declared on Advised interface: public abstract java.lang.String org.springframework.aop.framework.Advised.toProxyConfigString()
2019-05-06 11:12:38,743 DEBUG (org.springframework.aop.framework.CglibAopProxy:788) - Method is declared on Advised interface: public abstract java.lang.String org.springframework.aop.framework.Advised.toProxyConfigString()
2019-05-06 11:12:38,743 DEBUG (org.springframework.aop.framework.CglibAopProxy:788) - Method is declared on Advised interface: public abstract void org.springframework.aop.framework.Advised.setTargetSource(org.springframework.aop.TargetSource)
2019-05-06 11:12:38,743 DEBUG (org.springframework.aop.framework.CglibAopProxy:788) - Method is declared on Advised interface: public abstract void org.springframework.aop.framework.Advised.setTargetSource(org.springframework.aop.TargetSource)
2019-05-06 11:12:38,743 DEBUG (org.springframework.aop.framework.CglibAopProxy:788) - Method is declared on Advised interface: public abstract org.springframework.aop.TargetSource org.springframework.aop.framework.Advised.getTargetSource()
2019-05-06 11:12:38,743 DEBUG (org.springframework.aop.framework.CglibAopProxy:788) - Method is declared on Advised interface: public abstract org.springframework.aop.TargetSource org.springframework.aop.framework.Advised.getTargetSource()
2019-05-06 11:12:38,744 DEBUG (org.springframework.aop.framework.CglibAopProxy:788) - Method is declared on Advised interface: public abstract boolean org.springframework.aop.framework.Advised.isProxyTargetClass()
2019-05-06 11:12:38,744 DEBUG (org.springframework.aop.framework.CglibAopProxy:788) - Method is declared on Advised interface: public abstract boolean org.springframework.aop.framework.Advised.isProxyTargetClass()
2019-05-06 11:12:38,744 DEBUG (org.springframework.aop.framework.CglibAopProxy:788) - Method is declared on Advised interface: public abstract void org.springframework.aop.framework.Advised.addAdvisor(org.springframework.aop.Advisor) throws org.springframework.aop.framework.AopConfigException
2019-05-06 11:12:38,744 DEBUG (org.springframework.aop.framework.CglibAopProxy:788) - Method is declared on Advised interface: public abstract void org.springframework.aop.framework.Advised.addAdvisor(org.springframework.aop.Advisor) throws org.springframework.aop.framework.AopConfigException
2019-05-06 11:12:38,744 DEBUG (org.springframework.aop.framework.CglibAopProxy:788) - Method is declared on Advised interface: public abstract void org.springframework.aop.framework.Advised.addAdvisor(int,org.springframework.aop.Advisor) throws org.springframework.aop.framework.AopConfigException
2019-05-06 11:12:38,744 DEBUG (org.springframework.aop.framework.CglibAopProxy:788) - Method is declared on Advised interface: public abstract void org.springframework.aop.framework.Advised.addAdvisor(int,org.springframework.aop.Advisor) throws org.springframework.aop.framework.AopConfigException
2019-05-06 11:12:38,744 DEBUG (org.springframework.aop.framework.CglibAopProxy:788) - Method is declared on Advised interface: public abstract void org.springframework.aop.framework.Advised.setPreFiltered(boolean)
2019-05-06 11:12:38,744 DEBUG (org.springframework.aop.framework.CglibAopProxy:788) - Method is declared on Advised interface: public abstract void org.springframework.aop.framework.Advised.setPreFiltered(boolean)
2019-05-06 11:12:38,745 DEBUG (org.springframework.aop.framework.CglibAopProxy:788) - Method is declared on Advised interface: public abstract void org.springframework.aop.framework.Advised.setExposeProxy(boolean)
2019-05-06 11:12:38,745 DEBUG (org.springframework.aop.framework.CglibAopProxy:788) - Method is declared on Advised interface: public abstract void org.springframework.aop.framework.Advised.setExposeProxy(boolean)
2019-05-06 11:12:38,745 DEBUG (org.springframework.aop.framework.CglibAopProxy:788) - Method is declared on Advised interface: public abstract boolean org.springframework.aop.framework.Advised.isExposeProxy()
2019-05-06 11:12:38,745 DEBUG (org.springframework.aop.framework.CglibAopProxy:788) - Method is declared on Advised interface: public abstract boolean org.springframework.aop.framework.Advised.isExposeProxy()
2019-05-06 11:12:38,745 DEBUG (org.springframework.aop.framework.CglibAopProxy:788) - Method is declared on Advised interface: public abstract java.lang.Class org.springframework.aop.TargetClassAware.getTargetClass()
2019-05-06 11:12:38,745 DEBUG (org.springframework.aop.framework.CglibAopProxy:788) - Method is declared on Advised interface: public abstract java.lang.Class org.springframework.aop.TargetClassAware.getTargetClass()
2019-05-06 11:12:38,752 DEBUG (org.springframework.beans.factory.support.DefaultListableBeanFactory:484) - Finished creating instance of bean 'topicDao'
2019-05-06 11:12:38,752 DEBUG (org.springframework.beans.factory.support.DefaultListableBeanFactory:484) - Finished creating instance of bean 'topicDao'
2019-05-06 11:12:38,752 DEBUG (org.springframework.beans.factory.support.DefaultListableBeanFactory:221) - Creating shared instance of singleton bean 'userDao'
2019-05-06 11:12:38,752 DEBUG (org.springframework.beans.factory.support.DefaultListableBeanFactory:221) - Creating shared instance of singleton bean 'userDao'
2019-05-06 11:12:38,752 DEBUG (org.springframework.beans.factory.support.DefaultListableBeanFactory:448) - Creating instance of bean 'userDao'
2019-05-06 11:12:38,752 DEBUG (org.springframework.beans.factory.support.DefaultListableBeanFactory:448) - Creating instance of bean 'userDao'
2019-05-06 11:12:38,754 DEBUG (org.springframework.beans.factory.annotation.InjectionMetadata:72) - Registered injected element on class [com.smart.dao.UserDao]: AutowiredMethodElement for public void com.smart.dao.BaseDao.setHibernateTemplate(org.springframework.orm.hibernate4.HibernateTemplate)
2019-05-06 11:12:38,754 DEBUG (org.springframework.beans.factory.annotation.InjectionMetadata:72) - Registered injected element on class [com.smart.dao.UserDao]: AutowiredMethodElement for public void com.smart.dao.BaseDao.setHibernateTemplate(org.springframework.orm.hibernate4.HibernateTemplate)
2019-05-06 11:12:38,754 DEBUG (org.springframework.beans.factory.annotation.InjectionMetadata:72) - Registered injected element on class [com.smart.dao.UserDao]: AutowiredMethodElement for public void com.smart.dao.BaseDao.setSessionFactory(org.hibernate.SessionFactory)
2019-05-06 11:12:38,754 DEBUG (org.springframework.beans.factory.annotation.InjectionMetadata:72) - Registered injected element on class [com.smart.dao.UserDao]: AutowiredMethodElement for public void com.smart.dao.BaseDao.setSessionFactory(org.hibernate.SessionFactory)
2019-05-06 11:12:38,754 DEBUG (org.springframework.beans.factory.support.DefaultListableBeanFactory:529) - Eagerly caching bean 'userDao' to allow for resolving potential circular references
2019-05-06 11:12:38,754 DEBUG (org.springframework.beans.factory.support.DefaultListableBeanFactory:529) - Eagerly caching bean 'userDao' to allow for resolving potential circular references
2019-05-06 11:12:38,755 DEBUG (org.springframework.beans.factory.annotation.InjectionMetadata:86) - Processing injected element of bean 'userDao': AutowiredMethodElement for public void com.smart.dao.BaseDao.setHibernateTemplate(org.springframework.orm.hibernate4.HibernateTemplate)
2019-05-06 11:12:38,755 DEBUG (org.springframework.beans.factory.annotation.InjectionMetadata:86) - Processing injected element of bean 'userDao': AutowiredMethodElement for public void com.smart.dao.BaseDao.setHibernateTemplate(org.springframework.orm.hibernate4.HibernateTemplate)
2019-05-06 11:12:38,755 DEBUG (org.springframework.beans.factory.support.DefaultListableBeanFactory:250) - Returning cached instance of singleton bean 'hibernateTemplate'
2019-05-06 11:12:38,755 DEBUG (org.springframework.beans.factory.support.DefaultListableBeanFactory:250) - Returning cached instance of singleton bean 'hibernateTemplate'
2019-05-06 11:12:38,755 DEBUG (org.springframework.beans.factory.annotation.AutowiredAnnotationBeanPostProcessor:490) - Autowiring by type from bean name 'userDao' to bean named 'hibernateTemplate'
2019-05-06 11:12:38,755 DEBUG (org.springframework.beans.factory.annotation.AutowiredAnnotationBeanPostProcessor:490) - Autowiring by type from bean name 'userDao' to bean named 'hibernateTemplate'
2019-05-06 11:12:38,755 DEBUG (org.springframework.beans.factory.annotation.InjectionMetadata:86) - Processing injected element of bean 'userDao': AutowiredMethodElement for public void com.smart.dao.BaseDao.setSessionFactory(org.hibernate.SessionFactory)
2019-05-06 11:12:38,755 DEBUG (org.springframework.beans.factory.annotation.InjectionMetadata:86) - Processing injected element of bean 'userDao': AutowiredMethodElement for public void com.smart.dao.BaseDao.setSessionFactory(org.hibernate.SessionFactory)
2019-05-06 11:12:38,756 DEBUG (org.springframework.beans.factory.support.DefaultListableBeanFactory:250) - Returning cached instance of singleton bean 'localSessionFactoryBean'
2019-05-06 11:12:38,756 DEBUG (org.springframework.beans.factory.support.DefaultListableBeanFactory:250) - Returning cached instance of singleton bean 'localSessionFactoryBean'
2019-05-06 11:12:38,756 DEBUG (org.springframework.beans.factory.support.DefaultListableBeanFactory:250) - Returning cached instance of singleton bean 'sessionFactory'
2019-05-06 11:12:38,756 DEBUG (org.springframework.beans.factory.support.DefaultListableBeanFactory:250) - Returning cached instance of singleton bean 'sessionFactory'
2019-05-06 11:12:38,756 DEBUG (org.springframework.beans.factory.annotation.AutowiredAnnotationBeanPostProcessor:490) - Autowiring by type from bean name 'userDao' to bean named 'sessionFactory'
2019-05-06 11:12:38,756 DEBUG (org.springframework.beans.factory.annotation.AutowiredAnnotationBeanPostProcessor:490) - Autowiring by type from bean name 'userDao' to bean named 'sessionFactory'
2019-05-06 11:12:38,757 DEBUG (org.springframework.beans.factory.support.DefaultListableBeanFactory:250) - Returning cached instance of singleton bean 'org.springframework.transaction.config.internalTransactionAdvisor'
2019-05-06 11:12:38,757 DEBUG (org.springframework.beans.factory.support.DefaultListableBeanFactory:250) - Returning cached instance of singleton bean 'org.springframework.transaction.config.internalTransactionAdvisor'
2019-05-06 11:12:38,757 DEBUG (org.springframework.transaction.annotation.AnnotationTransactionAttributeSource:108) - Adding transactional method 'UserDao.getUserByUserName2' with attribute: PROPAGATION_REQUIRED,ISOLATION_DEFAULT,readOnly; ''
2019-05-06 11:12:38,757 DEBUG (org.springframework.transaction.annotation.AnnotationTransactionAttributeSource:108) - Adding transactional method 'UserDao.getUserByUserName2' with attribute: PROPAGATION_REQUIRED,ISOLATION_DEFAULT,readOnly; ''
2019-05-06 11:12:38,757 DEBUG (org.springframework.aop.framework.autoproxy.InfrastructureAdvisorAutoProxyCreator:505) - Creating implicit proxy for bean 'userDao' with 0 common interceptors and 1 specific interceptors
2019-05-06 11:12:38,757 DEBUG (org.springframework.aop.framework.autoproxy.InfrastructureAdvisorAutoProxyCreator:505) - Creating implicit proxy for bean 'userDao' with 0 common interceptors and 1 specific interceptors
2019-05-06 11:12:38,758 DEBUG (org.springframework.aop.framework.CglibAopProxy:158) - Creating CGLIB proxy: target source is SingletonTargetSource for target object [com.smart.dao.UserDao@dd7d5be]
2019-05-06 11:12:38,758 DEBUG (org.springframework.aop.framework.CglibAopProxy:158) - Creating CGLIB proxy: target source is SingletonTargetSource for target object [com.smart.dao.UserDao@dd7d5be]
2019-05-06 11:12:38,758 DEBUG (org.springframework.aop.framework.CglibAopProxy:831) - Unable to apply any optimisations to advised method: public com.smart.domain.User com.smart.dao.UserDao.getUserByUserName2(java.lang.String)
2019-05-06 11:12:38,758 DEBUG (org.springframework.aop.framework.CglibAopProxy:831) - Unable to apply any optimisations to advised method: public com.smart.domain.User com.smart.dao.UserDao.getUserByUserName2(java.lang.String)
2019-05-06 11:12:38,759 DEBUG (org.springframework.transaction.annotation.AnnotationTransactionAttributeSource:108) - Adding transactional method 'UserDao.getUserByUserName' with attribute: PROPAGATION_REQUIRED,ISOLATION_DEFAULT,readOnly; ''
2019-05-06 11:12:38,759 DEBUG (org.springframework.transaction.annotation.AnnotationTransactionAttributeSource:108) - Adding transactional method 'UserDao.getUserByUserName' with attribute: PROPAGATION_REQUIRED,ISOLATION_DEFAULT,readOnly; ''
2019-05-06 11:12:38,759 DEBUG (org.springframework.aop.framework.CglibAopProxy:831) - Unable to apply any optimisations to advised method: public com.smart.domain.User com.smart.dao.UserDao.getUserByUserName(java.lang.String)
2019-05-06 11:12:38,759 DEBUG (org.springframework.aop.framework.CglibAopProxy:831) - Unable to apply any optimisations to advised method: public com.smart.domain.User com.smart.dao.UserDao.getUserByUserName(java.lang.String)
2019-05-06 11:12:38,760 DEBUG (org.springframework.transaction.annotation.AnnotationTransactionAttributeSource:108) - Adding transactional method 'UserDao.queryUserByUserName2' with attribute: PROPAGATION_REQUIRED,ISOLATION_DEFAULT,readOnly; ''
2019-05-06 11:12:38,760 DEBUG (org.springframework.transaction.annotation.AnnotationTransactionAttributeSource:108) - Adding transactional method 'UserDao.queryUserByUserName2' with attribute: PROPAGATION_REQUIRED,ISOLATION_DEFAULT,readOnly; ''
2019-05-06 11:12:38,760 DEBUG (org.springframework.aop.framework.CglibAopProxy:831) - Unable to apply any optimisations to advised method: public java.util.List com.smart.dao.UserDao.queryUserByUserName2(java.lang.String)
2019-05-06 11:12:38,760 DEBUG (org.springframework.aop.framework.CglibAopProxy:831) - Unable to apply any optimisations to advised method: public java.util.List com.smart.dao.UserDao.queryUserByUserName2(java.lang.String)
2019-05-06 11:12:38,760 DEBUG (org.springframework.transaction.annotation.AnnotationTransactionAttributeSource:108) - Adding transactional method 'UserDao.queryUserByUserName' with attribute: PROPAGATION_REQUIRED,ISOLATION_DEFAULT,readOnly; ''
2019-05-06 11:12:38,760 DEBUG (org.springframework.transaction.annotation.AnnotationTransactionAttributeSource:108) - Adding transactional method 'UserDao.queryUserByUserName' with attribute: PROPAGATION_REQUIRED,ISOLATION_DEFAULT,readOnly; ''
2019-05-06 11:12:38,761 DEBUG (org.springframework.aop.framework.CglibAopProxy:831) - Unable to apply any optimisations to advised method: public java.util.List com.smart.dao.UserDao.queryUserByUserName(java.lang.String)
2019-05-06 11:12:38,761 DEBUG (org.springframework.aop.framework.CglibAopProxy:831) - Unable to apply any optimisations to advised method: public java.util.List com.smart.dao.UserDao.queryUserByUserName(java.lang.String)
2019-05-06 11:12:38,761 DEBUG (org.springframework.transaction.annotation.AnnotationTransactionAttributeSource:108) - Adding transactional method 'UserDao.remove' with attribute: PROPAGATION_REQUIRED,ISOLATION_DEFAULT,readOnly; ''
2019-05-06 11:12:38,761 DEBUG (org.springframework.transaction.annotation.AnnotationTransactionAttributeSource:108) - Adding transactional method 'UserDao.remove' with attribute: PROPAGATION_REQUIRED,ISOLATION_DEFAULT,readOnly; ''
2019-05-06 11:12:38,761 DEBUG (org.springframework.aop.framework.CglibAopProxy:831) - Unable to apply any optimisations to advised method: public void com.smart.dao.BaseDao.remove(java.lang.Object)
2019-05-06 11:12:38,761 DEBUG (org.springframework.aop.framework.CglibAopProxy:831) - Unable to apply any optimisations to advised method: public void com.smart.dao.BaseDao.remove(java.lang.Object)
2019-05-06 11:12:38,762 DEBUG (org.springframework.transaction.annotation.AnnotationTransactionAttributeSource:108) - Adding transactional method 'UserDao.get' with attribute: PROPAGATION_REQUIRED,ISOLATION_DEFAULT,readOnly; ''
2019-05-06 11:12:38,762 DEBUG (org.springframework.transaction.annotation.AnnotationTransactionAttributeSource:108) - Adding transactional method 'UserDao.get' with attribute: PROPAGATION_REQUIRED,ISOLATION_DEFAULT,readOnly; ''
2019-05-06 11:12:38,762 DEBUG (org.springframework.aop.framework.CglibAopProxy:831) - Unable to apply any optimisations to advised method: public java.lang.Object com.smart.dao.BaseDao.get(java.io.Serializable)
2019-05-06 11:12:38,762 DEBUG (org.springframework.aop.framework.CglibAopProxy:831) - Unable to apply any optimisations to advised method: public java.lang.Object com.smart.dao.BaseDao.get(java.io.Serializable)
2019-05-06 11:12:38,762 DEBUG (org.springframework.transaction.annotation.AnnotationTransactionAttributeSource:108) - Adding transactional method 'UserDao.update' with attribute: PROPAGATION_REQUIRED,ISOLATION_DEFAULT; ''
2019-05-06 11:12:38,762 DEBUG (org.springframework.transaction.annotation.AnnotationTransactionAttributeSource:108) - Adding transactional method 'UserDao.update' with attribute: PROPAGATION_REQUIRED,ISOLATION_DEFAULT; ''
2019-05-06 11:12:38,762 DEBUG (org.springframework.aop.framework.CglibAopProxy:831) - Unable to apply any optimisations to advised method: public void com.smart.dao.BaseDao.update(java.lang.Object)
2019-05-06 11:12:38,762 DEBUG (org.springframework.aop.framework.CglibAopProxy:831) - Unable to apply any optimisations to advised method: public void com.smart.dao.BaseDao.update(java.lang.Object)
2019-05-06 11:12:38,763 DEBUG (org.springframework.transaction.annotation.AnnotationTransactionAttributeSource:108) - Adding transactional method 'UserDao.load' with attribute: PROPAGATION_REQUIRED,ISOLATION_DEFAULT,readOnly; ''
2019-05-06 11:12:38,763 DEBUG (org.springframework.transaction.annotation.AnnotationTransactionAttributeSource:108) - Adding transactional method 'UserDao.load' with attribute: PROPAGATION_REQUIRED,ISOLATION_DEFAULT,readOnly; ''
2019-05-06 11:12:38,763 DEBUG (org.springframework.aop.framework.CglibAopProxy:831) - Unable to apply any optimisations to advised method: public java.lang.Object com.smart.dao.BaseDao.load(java.io.Serializable)
2019-05-06 11:12:38,763 DEBUG (org.springframework.aop.framework.CglibAopProxy:831) - Unable to apply any optimisations to advised method: public java.lang.Object com.smart.dao.BaseDao.load(java.io.Serializable)
2019-05-06 11:12:38,763 DEBUG (org.springframework.transaction.annotation.AnnotationTransactionAttributeSource:108) - Adding transactional method 'UserDao.find' with attribute: PROPAGATION_REQUIRED,ISOLATION_DEFAULT,readOnly; ''
2019-05-06 11:12:38,763 DEBUG (org.springframework.transaction.annotation.AnnotationTransactionAttributeSource:108) - Adding transactional method 'UserDao.find' with attribute: PROPAGATION_REQUIRED,ISOLATION_DEFAULT,readOnly; ''
2019-05-06 11:12:38,764 DEBUG (org.springframework.aop.framework.CglibAopProxy:831) - Unable to apply any optimisations to advised method: public java.util.List com.smart.dao.BaseDao.find(java.lang.String)
2019-05-06 11:12:38,764 DEBUG (org.springframework.aop.framework.CglibAopProxy:831) - Unable to apply any optimisations to advised method: public java.util.List com.smart.dao.BaseDao.find(java.lang.String)
2019-05-06 11:12:38,764 DEBUG (org.springframework.transaction.annotation.AnnotationTransactionAttributeSource:108) - Adding transactional method 'UserDao.find' with attribute: PROPAGATION_REQUIRED,ISOLATION_DEFAULT,readOnly; ''
2019-05-06 11:12:38,764 DEBUG (org.springframework.transaction.annotation.AnnotationTransactionAttributeSource:108) - Adding transactional method 'UserDao.find' with attribute: PROPAGATION_REQUIRED,ISOLATION_DEFAULT,readOnly; ''
2019-05-06 11:12:38,764 DEBUG (org.springframework.aop.framework.CglibAopProxy:831) - Unable to apply any optimisations to advised method: public java.util.List com.smart.dao.BaseDao.find(java.lang.String,java.lang.Object[])
2019-05-06 11:12:38,764 DEBUG (org.springframework.aop.framework.CglibAopProxy:831) - Unable to apply any optimisations to advised method: public java.util.List com.smart.dao.BaseDao.find(java.lang.String,java.lang.Object[])
2019-05-06 11:12:38,764 DEBUG (org.springframework.transaction.annotation.AnnotationTransactionAttributeSource:108) - Adding transactional method 'UserDao.save' with attribute: PROPAGATION_REQUIRED,ISOLATION_DEFAULT; ''
2019-05-06 11:12:38,764 DEBUG (org.springframework.transaction.annotation.AnnotationTransactionAttributeSource:108) - Adding transactional method 'UserDao.save' with attribute: PROPAGATION_REQUIRED,ISOLATION_DEFAULT; ''
2019-05-06 11:12:38,765 DEBUG (org.springframework.aop.framework.CglibAopProxy:831) - Unable to apply any optimisations to advised method: public void com.smart.dao.BaseDao.save(java.lang.Object)
2019-05-06 11:12:38,765 DEBUG (org.springframework.aop.framework.CglibAopProxy:831) - Unable to apply any optimisations to advised method: public void com.smart.dao.BaseDao.save(java.lang.Object)
2019-05-06 11:12:38,765 DEBUG (org.springframework.transaction.annotation.AnnotationTransactionAttributeSource:108) - Adding transactional method 'UserDao.removeAll' with attribute: PROPAGATION_REQUIRED,ISOLATION_DEFAULT,readOnly; ''
2019-05-06 11:12:38,765 DEBUG (org.springframework.transaction.annotation.AnnotationTransactionAttributeSource:108) - Adding transactional method 'UserDao.removeAll' with attribute: PROPAGATION_REQUIRED,ISOLATION_DEFAULT,readOnly; ''
2019-05-06 11:12:38,765 DEBUG (org.springframework.aop.framework.CglibAopProxy:831) - Unable to apply any optimisations to advised method: public void com.smart.dao.BaseDao.removeAll(java.lang.String)
2019-05-06 11:12:38,765 DEBUG (org.springframework.aop.framework.CglibAopProxy:831) - Unable to apply any optimisations to advised method: public void com.smart.dao.BaseDao.removeAll(java.lang.String)
2019-05-06 11:12:38,766 DEBUG (org.springframework.transaction.annotation.AnnotationTransactionAttributeSource:108) - Adding transactional method 'UserDao.initialize' with attribute: PROPAGATION_REQUIRED,ISOLATION_DEFAULT,readOnly; ''
2019-05-06 11:12:38,766 DEBUG (org.springframework.transaction.annotation.AnnotationTransactionAttributeSource:108) - Adding transactional method 'UserDao.initialize' with attribute: PROPAGATION_REQUIRED,ISOLATION_DEFAULT,readOnly; ''
2019-05-06 11:12:38,766 DEBUG (org.springframework.aop.framework.CglibAopProxy:831) - Unable to apply any optimisations to advised method: public void com.smart.dao.BaseDao.initialize(java.lang.Object)
2019-05-06 11:12:38,766 DEBUG (org.springframework.aop.framework.CglibAopProxy:831) - Unable to apply any optimisations to advised method: public void com.smart.dao.BaseDao.initialize(java.lang.Object)
2019-05-06 11:12:38,767 DEBUG (org.springframework.transaction.annotation.AnnotationTransactionAttributeSource:108) - Adding transactional method 'UserDao.getHibernateTemplate' with attribute: PROPAGATION_REQUIRED,ISOLATION_DEFAULT,readOnly; ''
2019-05-06 11:12:38,767 DEBUG (org.springframework.transaction.annotation.AnnotationTransactionAttributeSource:108) - Adding transactional method 'UserDao.getHibernateTemplate' with attribute: PROPAGATION_REQUIRED,ISOLATION_DEFAULT,readOnly; ''
2019-05-06 11:12:38,767 DEBUG (org.springframework.aop.framework.CglibAopProxy:831) - Unable to apply any optimisations to advised method: public org.springframework.orm.hibernate4.HibernateTemplate com.smart.dao.BaseDao.getHibernateTemplate()
2019-05-06 11:12:38,767 DEBUG (org.springframework.aop.framework.CglibAopProxy:831) - Unable to apply any optimisations to advised method: public org.springframework.orm.hibernate4.HibernateTemplate com.smart.dao.BaseDao.getHibernateTemplate()
2019-05-06 11:12:38,767 DEBUG (org.springframework.transaction.annotation.AnnotationTransactionAttributeSource:108) - Adding transactional method 'UserDao.find2' with attribute: PROPAGATION_REQUIRED,ISOLATION_DEFAULT,readOnly; ''
2019-05-06 11:12:38,767 DEBUG (org.springframework.transaction.annotation.AnnotationTransactionAttributeSource:108) - Adding transactional method 'UserDao.find2' with attribute: PROPAGATION_REQUIRED,ISOLATION_DEFAULT,readOnly; ''
2019-05-06 11:12:38,768 DEBUG (org.springframework.aop.framework.CglibAopProxy:831) - Unable to apply any optimisations to advised method: public java.util.List com.smart.dao.BaseDao.find2(java.lang.String,java.lang.Object[])
2019-05-06 11:12:38,768 DEBUG (org.springframework.aop.framework.CglibAopProxy:831) - Unable to apply any optimisations to advised method: public java.util.List com.smart.dao.BaseDao.find2(java.lang.String,java.lang.Object[])
2019-05-06 11:12:38,768 DEBUG (org.springframework.transaction.annotation.AnnotationTransactionAttributeSource:108) - Adding transactional method 'UserDao.find2' with attribute: PROPAGATION_REQUIRED,ISOLATION_DEFAULT,readOnly; ''
2019-05-06 11:12:38,768 DEBUG (org.springframework.transaction.annotation.AnnotationTransactionAttributeSource:108) - Adding transactional method 'UserDao.find2' with attribute: PROPAGATION_REQUIRED,ISOLATION_DEFAULT,readOnly; ''
2019-05-06 11:12:38,768 DEBUG (org.springframework.aop.framework.CglibAopProxy:831) - Unable to apply any optimisations to advised method: public java.util.List com.smart.dao.BaseDao.find2(java.lang.String)
2019-05-06 11:12:38,768 DEBUG (org.springframework.aop.framework.CglibAopProxy:831) - Unable to apply any optimisations to advised method: public java.util.List com.smart.dao.BaseDao.find2(java.lang.String)
2019-05-06 11:12:38,769 DEBUG (org.springframework.transaction.annotation.AnnotationTransactionAttributeSource:108) - Adding transactional method 'UserDao.pagedQuery' with attribute: PROPAGATION_REQUIRED,ISOLATION_DEFAULT,readOnly; ''
2019-05-06 11:12:38,769 DEBUG (org.springframework.transaction.annotation.AnnotationTransactionAttributeSource:108) - Adding transactional method 'UserDao.pagedQuery' with attribute: PROPAGATION_REQUIRED,ISOLATION_DEFAULT,readOnly; ''
2019-05-06 11:12:38,769 DEBUG (org.springframework.aop.framework.CglibAopProxy:831) - Unable to apply any optimisations to advised method: public com.smart.dao.Page com.smart.dao.BaseDao.pagedQuery(java.lang.String,int,int,java.lang.Object[])
2019-05-06 11:12:38,769 DEBUG (org.springframework.aop.framework.CglibAopProxy:831) - Unable to apply any optimisations to advised method: public com.smart.dao.Page com.smart.dao.BaseDao.pagedQuery(java.lang.String,int,int,java.lang.Object[])
2019-05-06 11:12:38,770 DEBUG (org.springframework.transaction.annotation.AnnotationTransactionAttributeSource:108) - Adding transactional method 'UserDao.createQuery' with attribute: PROPAGATION_REQUIRED,ISOLATION_DEFAULT; ''
2019-05-06 11:12:38,770 DEBUG (org.springframework.transaction.annotation.AnnotationTransactionAttributeSource:108) - Adding transactional method 'UserDao.createQuery' with attribute: PROPAGATION_REQUIRED,ISOLATION_DEFAULT; ''
2019-05-06 11:12:38,770 DEBUG (org.springframework.aop.framework.CglibAopProxy:831) - Unable to apply any optimisations to advised method: public org.hibernate.Query com.smart.dao.BaseDao.createQuery(java.lang.String,java.lang.Object[])
2019-05-06 11:12:38,770 DEBUG (org.springframework.aop.framework.CglibAopProxy:831) - Unable to apply any optimisations to advised method: public org.hibernate.Query com.smart.dao.BaseDao.createQuery(java.lang.String,java.lang.Object[])
2019-05-06 11:12:38,770 DEBUG (org.springframework.transaction.annotation.AnnotationTransactionAttributeSource:108) - Adding transactional method 'UserDao.setHibernateTemplate' with attribute: PROPAGATION_REQUIRED,ISOLATION_DEFAULT,readOnly; ''
2019-05-06 11:12:38,770 DEBUG (org.springframework.transaction.annotation.AnnotationTransactionAttributeSource:108) - Adding transactional method 'UserDao.setHibernateTemplate' with attribute: PROPAGATION_REQUIRED,ISOLATION_DEFAULT,readOnly; ''
2019-05-06 11:12:38,770 DEBUG (org.springframework.aop.framework.CglibAopProxy:831) - Unable to apply any optimisations to advised method: public void com.smart.dao.BaseDao.setHibernateTemplate(org.springframework.orm.hibernate4.HibernateTemplate)
2019-05-06 11:12:38,770 DEBUG (org.springframework.aop.framework.CglibAopProxy:831) - Unable to apply any optimisations to advised method: public void com.smart.dao.BaseDao.setHibernateTemplate(org.springframework.orm.hibernate4.HibernateTemplate)
2019-05-06 11:12:38,771 DEBUG (org.springframework.transaction.annotation.AnnotationTransactionAttributeSource:108) - Adding transactional method 'UserDao.getSession' with attribute: PROPAGATION_REQUIRED,ISOLATION_DEFAULT,readOnly; ''
2019-05-06 11:12:38,771 DEBUG (org.springframework.transaction.annotation.AnnotationTransactionAttributeSource:108) - Adding transactional method 'UserDao.getSession' with attribute: PROPAGATION_REQUIRED,ISOLATION_DEFAULT,readOnly; ''
2019-05-06 11:12:38,771 DEBUG (org.springframework.aop.framework.CglibAopProxy:831) - Unable to apply any optimisations to advised method: public org.hibernate.Session com.smart.dao.BaseDao.getSession()
2019-05-06 11:12:38,771 DEBUG (org.springframework.aop.framework.CglibAopProxy:831) - Unable to apply any optimisations to advised method: public org.hibernate.Session com.smart.dao.BaseDao.getSession()
2019-05-06 11:12:38,771 DEBUG (org.springframework.transaction.annotation.AnnotationTransactionAttributeSource:108) - Adding transactional method 'UserDao.setSessionFactory' with attribute: PROPAGATION_REQUIRED,ISOLATION_DEFAULT,readOnly; ''
2019-05-06 11:12:38,771 DEBUG (org.springframework.transaction.annotation.AnnotationTransactionAttributeSource:108) - Adding transactional method 'UserDao.setSessionFactory' with attribute: PROPAGATION_REQUIRED,ISOLATION_DEFAULT,readOnly; ''
2019-05-06 11:12:38,771 DEBUG (org.springframework.aop.framework.CglibAopProxy:831) - Unable to apply any optimisations to advised method: public void com.smart.dao.BaseDao.setSessionFactory(org.hibernate.SessionFactory)
2019-05-06 11:12:38,771 DEBUG (org.springframework.aop.framework.CglibAopProxy:831) - Unable to apply any optimisations to advised method: public void com.smart.dao.BaseDao.setSessionFactory(org.hibernate.SessionFactory)
2019-05-06 11:12:38,772 DEBUG (org.springframework.transaction.annotation.AnnotationTransactionAttributeSource:108) - Adding transactional method 'UserDao.loadAll' with attribute: PROPAGATION_REQUIRED,ISOLATION_DEFAULT,readOnly; ''
2019-05-06 11:12:38,772 DEBUG (org.springframework.transaction.annotation.AnnotationTransactionAttributeSource:108) - Adding transactional method 'UserDao.loadAll' with attribute: PROPAGATION_REQUIRED,ISOLATION_DEFAULT,readOnly; ''
2019-05-06 11:12:38,772 DEBUG (org.springframework.aop.framework.CglibAopProxy:831) - Unable to apply any optimisations to advised method: public java.util.List com.smart.dao.BaseDao.loadAll()
2019-05-06 11:12:38,772 DEBUG (org.springframework.aop.framework.CglibAopProxy:831) - Unable to apply any optimisations to advised method: public java.util.List com.smart.dao.BaseDao.loadAll()
2019-05-06 11:12:38,772 DEBUG (org.springframework.aop.framework.CglibAopProxy:782) - Found finalize() method - using NO_OVERRIDE
2019-05-06 11:12:38,772 DEBUG (org.springframework.aop.framework.CglibAopProxy:782) - Found finalize() method - using NO_OVERRIDE
2019-05-06 11:12:38,772 DEBUG (org.springframework.aop.framework.CglibAopProxy:794) - Found 'equals' method: public boolean java.lang.Object.equals(java.lang.Object)
2019-05-06 11:12:38,772 DEBUG (org.springframework.aop.framework.CglibAopProxy:794) - Found 'equals' method: public boolean java.lang.Object.equals(java.lang.Object)
2019-05-06 11:12:38,773 DEBUG (org.springframework.aop.framework.CglibAopProxy:831) - Unable to apply any optimisations to advised method: public java.lang.String java.lang.Object.toString()
2019-05-06 11:12:38,773 DEBUG (org.springframework.aop.framework.CglibAopProxy:831) - Unable to apply any optimisations to advised method: public java.lang.String java.lang.Object.toString()
2019-05-06 11:12:38,773 DEBUG (org.springframework.aop.framework.CglibAopProxy:799) - Found 'hashCode' method: public native int java.lang.Object.hashCode()
2019-05-06 11:12:38,773 DEBUG (org.springframework.aop.framework.CglibAopProxy:799) - Found 'hashCode' method: public native int java.lang.Object.hashCode()
2019-05-06 11:12:38,773 DEBUG (org.springframework.aop.framework.CglibAopProxy:831) - Unable to apply any optimisations to advised method: protected native java.lang.Object java.lang.Object.clone() throws java.lang.CloneNotSupportedException
2019-05-06 11:12:38,773 DEBUG (org.springframework.aop.framework.CglibAopProxy:831) - Unable to apply any optimisations to advised method: protected native java.lang.Object java.lang.Object.clone() throws java.lang.CloneNotSupportedException
2019-05-06 11:12:38,773 DEBUG (org.springframework.aop.framework.CglibAopProxy:788) - Method is declared on Advised interface: public abstract int org.springframework.aop.framework.Advised.indexOf(org.springframework.aop.Advisor)
2019-05-06 11:12:38,773 DEBUG (org.springframework.aop.framework.CglibAopProxy:788) - Method is declared on Advised interface: public abstract int org.springframework.aop.framework.Advised.indexOf(org.springframework.aop.Advisor)
2019-05-06 11:12:38,773 DEBUG (org.springframework.aop.framework.CglibAopProxy:788) - Method is declared on Advised interface: public abstract int org.springframework.aop.framework.Advised.indexOf(org.aopalliance.aop.Advice)
2019-05-06 11:12:38,773 DEBUG (org.springframework.aop.framework.CglibAopProxy:788) - Method is declared on Advised interface: public abstract int org.springframework.aop.framework.Advised.indexOf(org.aopalliance.aop.Advice)
2019-05-06 11:12:38,774 DEBUG (org.springframework.aop.framework.CglibAopProxy:788) - Method is declared on Advised interface: public abstract boolean org.springframework.aop.framework.Advised.isFrozen()
2019-05-06 11:12:38,774 DEBUG (org.springframework.aop.framework.CglibAopProxy:788) - Method is declared on Advised interface: public abstract boolean org.springframework.aop.framework.Advised.isFrozen()
2019-05-06 11:12:38,774 DEBUG (org.springframework.aop.framework.CglibAopProxy:788) - Method is declared on Advised interface: public abstract void org.springframework.aop.framework.Advised.addAdvice(org.aopalliance.aop.Advice) throws org.springframework.aop.framework.AopConfigException
2019-05-06 11:12:38,774 DEBUG (org.springframework.aop.framework.CglibAopProxy:788) - Method is declared on Advised interface: public abstract void org.springframework.aop.framework.Advised.addAdvice(org.aopalliance.aop.Advice) throws org.springframework.aop.framework.AopConfigException
2019-05-06 11:12:38,774 DEBUG (org.springframework.aop.framework.CglibAopProxy:788) - Method is declared on Advised interface: public abstract void org.springframework.aop.framework.Advised.addAdvice(int,org.aopalliance.aop.Advice) throws org.springframework.aop.framework.AopConfigException
2019-05-06 11:12:38,774 DEBUG (org.springframework.aop.framework.CglibAopProxy:788) - Method is declared on Advised interface: public abstract void org.springframework.aop.framework.Advised.addAdvice(int,org.aopalliance.aop.Advice) throws org.springframework.aop.framework.AopConfigException
2019-05-06 11:12:38,774 DEBUG (org.springframework.aop.framework.CglibAopProxy:788) - Method is declared on Advised interface: public abstract boolean org.springframework.aop.framework.Advised.isPreFiltered()
2019-05-06 11:12:38,774 DEBUG (org.springframework.aop.framework.CglibAopProxy:788) - Method is declared on Advised interface: public abstract boolean org.springframework.aop.framework.Advised.isPreFiltered()
2019-05-06 11:12:38,774 DEBUG (org.springframework.aop.framework.CglibAopProxy:788) - Method is declared on Advised interface: public abstract java.lang.Class[] org.springframework.aop.framework.Advised.getProxiedInterfaces()
2019-05-06 11:12:38,774 DEBUG (org.springframework.aop.framework.CglibAopProxy:788) - Method is declared on Advised interface: public abstract java.lang.Class[] org.springframework.aop.framework.Advised.getProxiedInterfaces()
2019-05-06 11:12:38,775 DEBUG (org.springframework.aop.framework.CglibAopProxy:788) - Method is declared on Advised interface: public abstract boolean org.springframework.aop.framework.Advised.isInterfaceProxied(java.lang.Class)
2019-05-06 11:12:38,775 DEBUG (org.springframework.aop.framework.CglibAopProxy:788) - Method is declared on Advised interface: public abstract boolean org.springframework.aop.framework.Advised.isInterfaceProxied(java.lang.Class)
2019-05-06 11:12:38,775 DEBUG (org.springframework.aop.framework.CglibAopProxy:788) - Method is declared on Advised interface: public abstract org.springframework.aop.Advisor[] org.springframework.aop.framework.Advised.getAdvisors()
2019-05-06 11:12:38,775 DEBUG (org.springframework.aop.framework.CglibAopProxy:788) - Method is declared on Advised interface: public abstract org.springframework.aop.Advisor[] org.springframework.aop.framework.Advised.getAdvisors()
2019-05-06 11:12:38,775 DEBUG (org.springframework.aop.framework.CglibAopProxy:788) - Method is declared on Advised interface: public abstract void org.springframework.aop.framework.Advised.removeAdvisor(int) throws org.springframework.aop.framework.AopConfigException
2019-05-06 11:12:38,775 DEBUG (org.springframework.aop.framework.CglibAopProxy:788) - Method is declared on Advised interface: public abstract void org.springframework.aop.framework.Advised.removeAdvisor(int) throws org.springframework.aop.framework.AopConfigException
2019-05-06 11:12:38,775 DEBUG (org.springframework.aop.framework.CglibAopProxy:788) - Method is declared on Advised interface: public abstract boolean org.springframework.aop.framework.Advised.removeAdvisor(org.springframework.aop.Advisor)
2019-05-06 11:12:38,775 DEBUG (org.springframework.aop.framework.CglibAopProxy:788) - Method is declared on Advised interface: public abstract boolean org.springframework.aop.framework.Advised.removeAdvisor(org.springframework.aop.Advisor)
2019-05-06 11:12:38,776 DEBUG (org.springframework.aop.framework.CglibAopProxy:788) - Method is declared on Advised interface: public abstract boolean org.springframework.aop.framework.Advised.replaceAdvisor(org.springframework.aop.Advisor,org.springframework.aop.Advisor) throws org.springframework.aop.framework.AopConfigException
2019-05-06 11:12:38,776 DEBUG (org.springframework.aop.framework.CglibAopProxy:788) - Method is declared on Advised interface: public abstract boolean org.springframework.aop.framework.Advised.replaceAdvisor(org.springframework.aop.Advisor,org.springframework.aop.Advisor) throws org.springframework.aop.framework.AopConfigException
2019-05-06 11:12:38,776 DEBUG (org.springframework.aop.framework.CglibAopProxy:788) - Method is declared on Advised interface: public abstract boolean org.springframework.aop.framework.Advised.removeAdvice(org.aopalliance.aop.Advice)
2019-05-06 11:12:38,776 DEBUG (org.springframework.aop.framework.CglibAopProxy:788) - Method is declared on Advised interface: public abstract boolean org.springframework.aop.framework.Advised.removeAdvice(org.aopalliance.aop.Advice)
2019-05-06 11:12:38,776 DEBUG (org.springframework.aop.framework.CglibAopProxy:788) - Method is declared on Advised interface: public abstract java.lang.String org.springframework.aop.framework.Advised.toProxyConfigString()
2019-05-06 11:12:38,776 DEBUG (org.springframework.aop.framework.CglibAopProxy:788) - Method is declared on Advised interface: public abstract java.lang.String org.springframework.aop.framework.Advised.toProxyConfigString()
2019-05-06 11:12:38,777 DEBUG (org.springframework.aop.framework.CglibAopProxy:788) - Method is declared on Advised interface: public abstract void org.springframework.aop.framework.Advised.setTargetSource(org.springframework.aop.TargetSource)
2019-05-06 11:12:38,777 DEBUG (org.springframework.aop.framework.CglibAopProxy:788) - Method is declared on Advised interface: public abstract void org.springframework.aop.framework.Advised.setTargetSource(org.springframework.aop.TargetSource)
2019-05-06 11:12:38,777 DEBUG (org.springframework.aop.framework.CglibAopProxy:788) - Method is declared on Advised interface: public abstract org.springframework.aop.TargetSource org.springframework.aop.framework.Advised.getTargetSource()
2019-05-06 11:12:38,777 DEBUG (org.springframework.aop.framework.CglibAopProxy:788) - Method is declared on Advised interface: public abstract org.springframework.aop.TargetSource org.springframework.aop.framework.Advised.getTargetSource()
2019-05-06 11:12:38,777 DEBUG (org.springframework.aop.framework.CglibAopProxy:788) - Method is declared on Advised interface: public abstract boolean org.springframework.aop.framework.Advised.isProxyTargetClass()
2019-05-06 11:12:38,777 DEBUG (org.springframework.aop.framework.CglibAopProxy:788) - Method is declared on Advised interface: public abstract boolean org.springframework.aop.framework.Advised.isProxyTargetClass()
2019-05-06 11:12:38,777 DEBUG (org.springframework.aop.framework.CglibAopProxy:788) - Method is declared on Advised interface: public abstract void org.springframework.aop.framework.Advised.addAdvisor(org.springframework.aop.Advisor) throws org.springframework.aop.framework.AopConfigException
2019-05-06 11:12:38,777 DEBUG (org.springframework.aop.framework.CglibAopProxy:788) - Method is declared on Advised interface: public abstract void org.springframework.aop.framework.Advised.addAdvisor(org.springframework.aop.Advisor) throws org.springframework.aop.framework.AopConfigException
2019-05-06 11:12:38,777 DEBUG (org.springframework.aop.framework.CglibAopProxy:788) - Method is declared on Advised interface: public abstract void org.springframework.aop.framework.Advised.addAdvisor(int,org.springframework.aop.Advisor) throws org.springframework.aop.framework.AopConfigException
2019-05-06 11:12:38,777 DEBUG (org.springframework.aop.framework.CglibAopProxy:788) - Method is declared on Advised interface: public abstract void org.springframework.aop.framework.Advised.addAdvisor(int,org.springframework.aop.Advisor) throws org.springframework.aop.framework.AopConfigException
2019-05-06 11:12:38,778 DEBUG (org.springframework.aop.framework.CglibAopProxy:788) - Method is declared on Advised interface: public abstract void org.springframework.aop.framework.Advised.setPreFiltered(boolean)
2019-05-06 11:12:38,778 DEBUG (org.springframework.aop.framework.CglibAopProxy:788) - Method is declared on Advised interface: public abstract void org.springframework.aop.framework.Advised.setPreFiltered(boolean)
2019-05-06 11:12:38,778 DEBUG (org.springframework.aop.framework.CglibAopProxy:788) - Method is declared on Advised interface: public abstract void org.springframework.aop.framework.Advised.setExposeProxy(boolean)
2019-05-06 11:12:38,778 DEBUG (org.springframework.aop.framework.CglibAopProxy:788) - Method is declared on Advised interface: public abstract void org.springframework.aop.framework.Advised.setExposeProxy(boolean)
2019-05-06 11:12:38,778 DEBUG (org.springframework.aop.framework.CglibAopProxy:788) - Method is declared on Advised interface: public abstract boolean org.springframework.aop.framework.Advised.isExposeProxy()
2019-05-06 11:12:38,778 DEBUG (org.springframework.aop.framework.CglibAopProxy:788) - Method is declared on Advised interface: public abstract boolean org.springframework.aop.framework.Advised.isExposeProxy()
2019-05-06 11:12:38,778 DEBUG (org.springframework.aop.framework.CglibAopProxy:788) - Method is declared on Advised interface: public abstract java.lang.Class org.springframework.aop.TargetClassAware.getTargetClass()
2019-05-06 11:12:38,778 DEBUG (org.springframework.aop.framework.CglibAopProxy:788) - Method is declared on Advised interface: public abstract java.lang.Class org.springframework.aop.TargetClassAware.getTargetClass()
2019-05-06 11:12:38,787 DEBUG (org.springframework.beans.factory.support.DefaultListableBeanFactory:484) - Finished creating instance of bean 'userDao'
2019-05-06 11:12:38,787 DEBUG (org.springframework.beans.factory.support.DefaultListableBeanFactory:484) - Finished creating instance of bean 'userDao'
2019-05-06 11:12:38,787 DEBUG (org.springframework.beans.factory.support.DefaultListableBeanFactory:250) - Returning cached instance of singleton bean 'org.springframework.transaction.annotation.ProxyTransactionManagementConfiguration'
2019-05-06 11:12:38,787 DEBUG (org.springframework.beans.factory.support.DefaultListableBeanFactory:250) - Returning cached instance of singleton bean 'org.springframework.transaction.annotation.ProxyTransactionManagementConfiguration'
2019-05-06 11:12:38,787 DEBUG (org.springframework.beans.factory.support.DefaultListableBeanFactory:250) - Returning cached instance of singleton bean 'org.springframework.transaction.config.internalTransactionAdvisor'
2019-05-06 11:12:38,787 DEBUG (org.springframework.beans.factory.support.DefaultListableBeanFactory:250) - Returning cached instance of singleton bean 'org.springframework.transaction.config.internalTransactionAdvisor'
2019-05-06 11:12:38,787 DEBUG (org.springframework.beans.factory.support.DefaultListableBeanFactory:250) - Returning cached instance of singleton bean 'transactionAttributeSource'
2019-05-06 11:12:38,787 DEBUG (org.springframework.beans.factory.support.DefaultListableBeanFactory:250) - Returning cached instance of singleton bean 'transactionAttributeSource'
2019-05-06 11:12:38,787 DEBUG (org.springframework.beans.factory.support.DefaultListableBeanFactory:250) - Returning cached instance of singleton bean 'transactionInterceptor'
2019-05-06 11:12:38,787 DEBUG (org.springframework.beans.factory.support.DefaultListableBeanFactory:250) - Returning cached instance of singleton bean 'transactionInterceptor'
2019-05-06 11:12:38,788 DEBUG (org.springframework.beans.factory.support.DefaultListableBeanFactory:221) - Creating shared instance of singleton bean 'org.springframework.transaction.config.internalTransactionalEventListenerFactory'
2019-05-06 11:12:38,788 DEBUG (org.springframework.beans.factory.support.DefaultListableBeanFactory:221) - Creating shared instance of singleton bean 'org.springframework.transaction.config.internalTransactionalEventListenerFactory'
2019-05-06 11:12:38,788 DEBUG (org.springframework.beans.factory.support.DefaultListableBeanFactory:448) - Creating instance of bean 'org.springframework.transaction.config.internalTransactionalEventListenerFactory'
2019-05-06 11:12:38,788 DEBUG (org.springframework.beans.factory.support.DefaultListableBeanFactory:448) - Creating instance of bean 'org.springframework.transaction.config.internalTransactionalEventListenerFactory'
2019-05-06 11:12:38,788 DEBUG (org.springframework.beans.factory.support.DefaultListableBeanFactory:250) - Returning cached instance of singleton bean 'org.springframework.transaction.annotation.ProxyTransactionManagementConfiguration'
2019-05-06 11:12:38,788 DEBUG (org.springframework.beans.factory.support.DefaultListableBeanFactory:250) - Returning cached instance of singleton bean 'org.springframework.transaction.annotation.ProxyTransactionManagementConfiguration'
2019-05-06 11:12:38,791 DEBUG (org.springframework.beans.factory.support.DefaultListableBeanFactory:529) - Eagerly caching bean 'org.springframework.transaction.config.internalTransactionalEventListenerFactory' to allow for resolving potential circular references
2019-05-06 11:12:38,791 DEBUG (org.springframework.beans.factory.support.DefaultListableBeanFactory:529) - Eagerly caching bean 'org.springframework.transaction.config.internalTransactionalEventListenerFactory' to allow for resolving potential circular references
2019-05-06 11:12:38,793 DEBUG (org.springframework.beans.factory.support.DefaultListableBeanFactory:250) - Returning cached instance of singleton bean 'org.springframework.transaction.config.internalTransactionAdvisor'
2019-05-06 11:12:38,793 DEBUG (org.springframework.beans.factory.support.DefaultListableBeanFactory:250) - Returning cached instance of singleton bean 'org.springframework.transaction.config.internalTransactionAdvisor'
2019-05-06 11:12:38,793 DEBUG (org.springframework.beans.factory.support.DefaultListableBeanFactory:484) - Finished creating instance of bean 'org.springframework.transaction.config.internalTransactionalEventListenerFactory'
2019-05-06 11:12:38,793 DEBUG (org.springframework.beans.factory.support.DefaultListableBeanFactory:484) - Finished creating instance of bean 'org.springframework.transaction.config.internalTransactionalEventListenerFactory'
2019-05-06 11:12:38,793 DEBUG (org.springframework.beans.factory.support.DefaultListableBeanFactory:250) - Returning cached instance of singleton bean 'dataSource'
2019-05-06 11:12:38,793 DEBUG (org.springframework.beans.factory.support.DefaultListableBeanFactory:250) - Returning cached instance of singleton bean 'dataSource'
2019-05-06 11:12:38,794 DEBUG (org.springframework.beans.factory.support.DefaultListableBeanFactory:250) - Returning cached instance of singleton bean 'localSessionFactoryBean'
2019-05-06 11:12:38,794 DEBUG (org.springframework.beans.factory.support.DefaultListableBeanFactory:250) - Returning cached instance of singleton bean 'localSessionFactoryBean'
2019-05-06 11:12:38,794 DEBUG (org.springframework.beans.factory.support.DefaultListableBeanFactory:250) - Returning cached instance of singleton bean 'sessionFactory'
2019-05-06 11:12:38,794 DEBUG (org.springframework.beans.factory.support.DefaultListableBeanFactory:250) - Returning cached instance of singleton bean 'sessionFactory'
2019-05-06 11:12:38,794 DEBUG (org.springframework.beans.factory.support.DefaultListableBeanFactory:250) - Returning cached instance of singleton bean 'hibernateTemplate'
2019-05-06 11:12:38,794 DEBUG (org.springframework.beans.factory.support.DefaultListableBeanFactory:250) - Returning cached instance of singleton bean 'hibernateTemplate'
2019-05-06 11:12:38,795 DEBUG (org.springframework.beans.factory.support.DefaultListableBeanFactory:221) - Creating shared instance of singleton bean 'hibernateTransactionManager'
2019-05-06 11:12:38,795 DEBUG (org.springframework.beans.factory.support.DefaultListableBeanFactory:221) - Creating shared instance of singleton bean 'hibernateTransactionManager'
2019-05-06 11:12:38,795 DEBUG (org.springframework.beans.factory.support.DefaultListableBeanFactory:448) - Creating instance of bean 'hibernateTransactionManager'
2019-05-06 11:12:38,795 DEBUG (org.springframework.beans.factory.support.DefaultListableBeanFactory:448) - Creating instance of bean 'hibernateTransactionManager'
2019-05-06 11:12:38,795 DEBUG (org.springframework.beans.factory.support.DefaultListableBeanFactory:250) - Returning cached instance of singleton bean 'daoConfig'
2019-05-06 11:12:38,795 DEBUG (org.springframework.beans.factory.support.DefaultListableBeanFactory:250) - Returning cached instance of singleton bean 'daoConfig'
2019-05-06 11:12:38,798 DEBUG (org.springframework.beans.factory.support.DefaultListableBeanFactory:250) - Returning cached instance of singleton bean 'sessionFactory'
2019-05-06 11:12:38,798 DEBUG (org.springframework.beans.factory.support.DefaultListableBeanFactory:250) - Returning cached instance of singleton bean 'sessionFactory'
2019-05-06 11:12:38,801 DEBUG (org.springframework.beans.factory.support.DefaultListableBeanFactory:529) - Eagerly caching bean 'hibernateTransactionManager' to allow for resolving potential circular references
2019-05-06 11:12:38,801 DEBUG (org.springframework.beans.factory.support.DefaultListableBeanFactory:529) - Eagerly caching bean 'hibernateTransactionManager' to allow for resolving potential circular references
2019-05-06 11:12:38,803 DEBUG (org.springframework.beans.factory.support.DefaultListableBeanFactory:1620) - Invoking afterPropertiesSet() on bean with name 'hibernateTransactionManager'
2019-05-06 11:12:38,803 DEBUG (org.springframework.beans.factory.support.DefaultListableBeanFactory:1620) - Invoking afterPropertiesSet() on bean with name 'hibernateTransactionManager'
2019-05-06 11:12:38,807  INFO (org.springframework.orm.hibernate4.HibernateTransactionManager:360) - Using DataSource [org.apache.commons.dbcp.BasicDataSource@3b1aba88] of Hibernate SessionFactory for HibernateTransactionManager
2019-05-06 11:12:38,807  INFO (org.springframework.orm.hibernate4.HibernateTransactionManager:360) - Using DataSource [org.apache.commons.dbcp.BasicDataSource@3b1aba88] of Hibernate SessionFactory for HibernateTransactionManager
2019-05-06 11:12:38,808 DEBUG (org.springframework.beans.factory.support.DefaultListableBeanFactory:250) - Returning cached instance of singleton bean 'org.springframework.transaction.config.internalTransactionAdvisor'
2019-05-06 11:12:38,808 DEBUG (org.springframework.beans.factory.support.DefaultListableBeanFactory:250) - Returning cached instance of singleton bean 'org.springframework.transaction.config.internalTransactionAdvisor'
2019-05-06 11:12:38,808 DEBUG (org.springframework.beans.factory.support.DefaultListableBeanFactory:484) - Finished creating instance of bean 'hibernateTransactionManager'
2019-05-06 11:12:38,808 DEBUG (org.springframework.beans.factory.support.DefaultListableBeanFactory:484) - Finished creating instance of bean 'hibernateTransactionManager'
2019-05-06 11:12:38,808 DEBUG (org.springframework.beans.factory.support.DefaultListableBeanFactory:250) - Returning cached instance of singleton bean 'org.springframework.aop.config.internalAutoProxyCreator'
2019-05-06 11:12:38,808 DEBUG (org.springframework.beans.factory.support.DefaultListableBeanFactory:250) - Returning cached instance of singleton bean 'org.springframework.aop.config.internalAutoProxyCreator'
2019-05-06 11:12:38,809 DEBUG (org.springframework.beans.factory.support.DefaultListableBeanFactory:250) - Returning cached instance of singleton bean 'org.springframework.context.event.internalEventListenerFactory'
2019-05-06 11:12:38,809 DEBUG (org.springframework.beans.factory.support.DefaultListableBeanFactory:250) - Returning cached instance of singleton bean 'org.springframework.context.event.internalEventListenerFactory'
2019-05-06 11:12:38,809 DEBUG (org.springframework.beans.factory.support.DefaultListableBeanFactory:250) - Returning cached instance of singleton bean 'org.springframework.transaction.config.internalTransactionalEventListenerFactory'
2019-05-06 11:12:38,809 DEBUG (org.springframework.beans.factory.support.DefaultListableBeanFactory:250) - Returning cached instance of singleton bean 'org.springframework.transaction.config.internalTransactionalEventListenerFactory'
2019-05-06 11:12:38,847 DEBUG (org.springframework.context.support.GenericApplicationContext:765) - Unable to locate LifecycleProcessor with name 'lifecycleProcessor': using default [org.springframework.context.support.DefaultLifecycleProcessor@7924ffda]
2019-05-06 11:12:38,847 DEBUG (org.springframework.context.support.GenericApplicationContext:765) - Unable to locate LifecycleProcessor with name 'lifecycleProcessor': using default [org.springframework.context.support.DefaultLifecycleProcessor@7924ffda]
2019-05-06 11:12:38,848 DEBUG (org.springframework.beans.factory.support.DefaultListableBeanFactory:250) - Returning cached instance of singleton bean 'lifecycleProcessor'
2019-05-06 11:12:38,848 DEBUG (org.springframework.beans.factory.support.DefaultListableBeanFactory:250) - Returning cached instance of singleton bean 'lifecycleProcessor'
2019-05-06 11:12:38,851 DEBUG (org.springframework.core.env.PropertySourcesPropertyResolver:81) - Searching for key 'spring.liveBeansView.mbeanDomain' in [systemProperties]
2019-05-06 11:12:38,851 DEBUG (org.springframework.core.env.PropertySourcesPropertyResolver:81) - Searching for key 'spring.liveBeansView.mbeanDomain' in [systemProperties]
2019-05-06 11:12:38,851 DEBUG (org.springframework.core.env.PropertySourcesPropertyResolver:81) - Searching for key 'spring.liveBeansView.mbeanDomain' in [systemEnvironment]
2019-05-06 11:12:38,851 DEBUG (org.springframework.core.env.PropertySourcesPropertyResolver:81) - Searching for key 'spring.liveBeansView.mbeanDomain' in [systemEnvironment]
2019-05-06 11:12:38,851 DEBUG (org.springframework.core.env.PropertySourcesPropertyResolver:81) - Searching for key 'spring.liveBeansView.mbeanDomain' in [class path resource [jdbc.properties]]
2019-05-06 11:12:38,851 DEBUG (org.springframework.core.env.PropertySourcesPropertyResolver:81) - Searching for key 'spring.liveBeansView.mbeanDomain' in [class path resource [jdbc.properties]]
2019-05-06 11:12:38,852 DEBUG (org.springframework.core.env.PropertySourcesPropertyResolver:103) - Could not find key 'spring.liveBeansView.mbeanDomain' in any property source. Returning [null]
2019-05-06 11:12:38,852 DEBUG (org.springframework.core.env.PropertySourcesPropertyResolver:103) - Could not find key 'spring.liveBeansView.mbeanDomain' in any property source. Returning [null]
2019-05-06 11:12:38,854 DEBUG (org.springframework.test.context.cache.DefaultCacheAwareContextLoaderDelegate:118) - Storing ApplicationContext in cache under key [[MergedContextConfiguration@6ff2ffe6 testClass = BoardDaoTest, locations = '{}', classes = '{class com.smart.config.DaoConfig}', contextInitializerClasses = '[]', activeProfiles = '{}', propertySourceLocations = '{}', propertySourceProperties = '{}', contextLoader = 'org.springframework.test.context.support.DelegatingSmartContextLoader', parent = [null]]]
2019-05-06 11:12:38,854 DEBUG (org.springframework.test.context.cache.DefaultCacheAwareContextLoaderDelegate:118) - Storing ApplicationContext in cache under key [[MergedContextConfiguration@6ff2ffe6 testClass = BoardDaoTest, locations = '{}', classes = '{class com.smart.config.DaoConfig}', contextInitializerClasses = '[]', activeProfiles = '{}', propertySourceLocations = '{}', propertySourceProperties = '{}', contextLoader = 'org.springframework.test.context.support.DelegatingSmartContextLoader', parent = [null]]]
2019-05-06 11:12:38,855 DEBUG (org.springframework.test.context.cache:247) - Spring test ApplicationContext cache statistics: [DefaultContextCache@1cb274ec size = 1, parentContextCount = 0, hitCount = 0, missCount = 1]
2019-05-06 11:12:38,855 DEBUG (org.springframework.test.context.cache:247) - Spring test ApplicationContext cache statistics: [DefaultContextCache@1cb274ec size = 1, parentContextCount = 0, hitCount = 0, missCount = 1]
2019-05-06 11:12:38,855 DEBUG (org.springframework.test.context.cache.DefaultCacheAwareContextLoaderDelegate:129) - Retrieved ApplicationContext from cache with key [[MergedContextConfiguration@6ff2ffe6 testClass = BoardDaoTest, locations = '{}', classes = '{class com.smart.config.DaoConfig}', contextInitializerClasses = '[]', activeProfiles = '{}', propertySourceLocations = '{}', propertySourceProperties = '{}', contextLoader = 'org.springframework.test.context.support.DelegatingSmartContextLoader', parent = [null]]]
2019-05-06 11:12:38,855 DEBUG (org.springframework.test.context.cache.DefaultCacheAwareContextLoaderDelegate:129) - Retrieved ApplicationContext from cache with key [[MergedContextConfiguration@6ff2ffe6 testClass = BoardDaoTest, locations = '{}', classes = '{class com.smart.config.DaoConfig}', contextInitializerClasses = '[]', activeProfiles = '{}', propertySourceLocations = '{}', propertySourceProperties = '{}', contextLoader = 'org.springframework.test.context.support.DelegatingSmartContextLoader', parent = [null]]]
2019-05-06 11:12:38,856 DEBUG (org.springframework.test.context.cache:247) - Spring test ApplicationContext cache statistics: [DefaultContextCache@1cb274ec size = 1, parentContextCount = 0, hitCount = 1, missCount = 1]
2019-05-06 11:12:38,856 DEBUG (org.springframework.test.context.cache:247) - Spring test ApplicationContext cache statistics: [DefaultContextCache@1cb274ec size = 1, parentContextCount = 0, hitCount = 1, missCount = 1]
2019-05-06 11:12:38,856 DEBUG (org.springframework.test.context.cache.DefaultCacheAwareContextLoaderDelegate:129) - Retrieved ApplicationContext from cache with key [[MergedContextConfiguration@6ff2ffe6 testClass = BoardDaoTest, locations = '{}', classes = '{class com.smart.config.DaoConfig}', contextInitializerClasses = '[]', activeProfiles = '{}', propertySourceLocations = '{}', propertySourceProperties = '{}', contextLoader = 'org.springframework.test.context.support.DelegatingSmartContextLoader', parent = [null]]]
2019-05-06 11:12:38,856 DEBUG (org.springframework.test.context.cache.DefaultCacheAwareContextLoaderDelegate:129) - Retrieved ApplicationContext from cache with key [[MergedContextConfiguration@6ff2ffe6 testClass = BoardDaoTest, locations = '{}', classes = '{class com.smart.config.DaoConfig}', contextInitializerClasses = '[]', activeProfiles = '{}', propertySourceLocations = '{}', propertySourceProperties = '{}', contextLoader = 'org.springframework.test.context.support.DelegatingSmartContextLoader', parent = [null]]]
2019-05-06 11:12:38,856 DEBUG (org.springframework.test.context.cache:247) - Spring test ApplicationContext cache statistics: [DefaultContextCache@1cb274ec size = 1, parentContextCount = 0, hitCount = 2, missCount = 1]
2019-05-06 11:12:38,856 DEBUG (org.springframework.test.context.cache:247) - Spring test ApplicationContext cache statistics: [DefaultContextCache@1cb274ec size = 1, parentContextCount = 0, hitCount = 2, missCount = 1]
2019-05-06 11:12:38,856 DEBUG (com.github.springtestdbunit.DbUnitTestExecutionListener:121) - DBUnit tests will run using databaseConnection "dataSource", datasets will be loaded using class com.github.springtestdbunit.dataset.FlatXmlDataSetLoader
2019-05-06 11:12:38,857 DEBUG (org.springframework.test.context.cache.DefaultCacheAwareContextLoaderDelegate:129) - Retrieved ApplicationContext from cache with key [[MergedContextConfiguration@6ff2ffe6 testClass = BoardDaoTest, locations = '{}', classes = '{class com.smart.config.DaoConfig}', contextInitializerClasses = '[]', activeProfiles = '{}', propertySourceLocations = '{}', propertySourceProperties = '{}', contextLoader = 'org.springframework.test.context.support.DelegatingSmartContextLoader', parent = [null]]]
2019-05-06 11:12:38,857 DEBUG (org.springframework.test.context.cache.DefaultCacheAwareContextLoaderDelegate:129) - Retrieved ApplicationContext from cache with key [[MergedContextConfiguration@6ff2ffe6 testClass = BoardDaoTest, locations = '{}', classes = '{class com.smart.config.DaoConfig}', contextInitializerClasses = '[]', activeProfiles = '{}', propertySourceLocations = '{}', propertySourceProperties = '{}', contextLoader = 'org.springframework.test.context.support.DelegatingSmartContextLoader', parent = [null]]]
2019-05-06 11:12:38,857 DEBUG (org.springframework.test.context.cache:247) - Spring test ApplicationContext cache statistics: [DefaultContextCache@1cb274ec size = 1, parentContextCount = 0, hitCount = 3, missCount = 1]
2019-05-06 11:12:38,857 DEBUG (org.springframework.test.context.cache:247) - Spring test ApplicationContext cache statistics: [DefaultContextCache@1cb274ec size = 1, parentContextCount = 0, hitCount = 3, missCount = 1]
2019-05-06 11:12:38,857 DEBUG (org.springframework.beans.factory.support.DefaultListableBeanFactory:250) - Returning cached instance of singleton bean 'dataSource'
2019-05-06 11:12:38,857 DEBUG (org.springframework.beans.factory.support.DefaultListableBeanFactory:250) - Returning cached instance of singleton bean 'dataSource'
2019-05-06 11:12:38,875 DEBUG (org.springframework.test.context.support.DependencyInjectionTestExecutionListener:81) - Performing dependency injection for test context [[DefaultTestContext@25424c71 testClass = BoardDaoTest, testInstance = com.smart.dao.BoardDaoTest@6cd2321b, testMethod = [null], testException = [null], mergedContextConfiguration = [MergedContextConfiguration@6ff2ffe6 testClass = BoardDaoTest, locations = '{}', classes = '{class com.smart.config.DaoConfig}', contextInitializerClasses = '[]', activeProfiles = '{}', propertySourceLocations = '{}', propertySourceProperties = '{}', contextLoader = 'org.springframework.test.context.support.DelegatingSmartContextLoader', parent = [null]]]].
2019-05-06 11:12:38,875 DEBUG (org.springframework.test.context.support.DependencyInjectionTestExecutionListener:81) - Performing dependency injection for test context [[DefaultTestContext@25424c71 testClass = BoardDaoTest, testInstance = com.smart.dao.BoardDaoTest@6cd2321b, testMethod = [null], testException = [null], mergedContextConfiguration = [MergedContextConfiguration@6ff2ffe6 testClass = BoardDaoTest, locations = '{}', classes = '{class com.smart.config.DaoConfig}', contextInitializerClasses = '[]', activeProfiles = '{}', propertySourceLocations = '{}', propertySourceProperties = '{}', contextLoader = 'org.springframework.test.context.support.DelegatingSmartContextLoader', parent = [null]]]].
2019-05-06 11:12:38,876 DEBUG (org.springframework.test.context.cache.DefaultCacheAwareContextLoaderDelegate:129) - Retrieved ApplicationContext from cache with key [[MergedContextConfiguration@6ff2ffe6 testClass = BoardDaoTest, locations = '{}', classes = '{class com.smart.config.DaoConfig}', contextInitializerClasses = '[]', activeProfiles = '{}', propertySourceLocations = '{}', propertySourceProperties = '{}', contextLoader = 'org.springframework.test.context.support.DelegatingSmartContextLoader', parent = [null]]]
2019-05-06 11:12:38,876 DEBUG (org.springframework.test.context.cache.DefaultCacheAwareContextLoaderDelegate:129) - Retrieved ApplicationContext from cache with key [[MergedContextConfiguration@6ff2ffe6 testClass = BoardDaoTest, locations = '{}', classes = '{class com.smart.config.DaoConfig}', contextInitializerClasses = '[]', activeProfiles = '{}', propertySourceLocations = '{}', propertySourceProperties = '{}', contextLoader = 'org.springframework.test.context.support.DelegatingSmartContextLoader', parent = [null]]]
2019-05-06 11:12:38,876 DEBUG (org.springframework.test.context.cache:247) - Spring test ApplicationContext cache statistics: [DefaultContextCache@1cb274ec size = 1, parentContextCount = 0, hitCount = 4, missCount = 1]
2019-05-06 11:12:38,876 DEBUG (org.springframework.test.context.cache:247) - Spring test ApplicationContext cache statistics: [DefaultContextCache@1cb274ec size = 1, parentContextCount = 0, hitCount = 4, missCount = 1]
2019-05-06 11:12:38,878 DEBUG (org.springframework.beans.factory.annotation.InjectionMetadata:86) - Processing injected element of bean 'com.smart.dao.BoardDaoTest': AutowiredFieldElement for private com.smart.dao.BoardDao com.smart.dao.BoardDaoTest.boardDao
2019-05-06 11:12:38,878 DEBUG (org.springframework.beans.factory.annotation.InjectionMetadata:86) - Processing injected element of bean 'com.smart.dao.BoardDaoTest': AutowiredFieldElement for private com.smart.dao.BoardDao com.smart.dao.BoardDaoTest.boardDao
2019-05-06 11:12:38,878 DEBUG (org.springframework.beans.factory.support.DefaultListableBeanFactory:250) - Returning cached instance of singleton bean 'boardDao'
2019-05-06 11:12:38,878 DEBUG (org.springframework.beans.factory.support.DefaultListableBeanFactory:250) - Returning cached instance of singleton bean 'boardDao'
2019-05-06 11:12:38,878 DEBUG (org.springframework.beans.factory.annotation.AutowiredAnnotationBeanPostProcessor:490) - Autowiring by type from bean name 'com.smart.dao.BoardDaoTest' to bean named 'boardDao'
2019-05-06 11:12:38,878 DEBUG (org.springframework.beans.factory.annotation.AutowiredAnnotationBeanPostProcessor:490) - Autowiring by type from bean name 'com.smart.dao.BoardDaoTest' to bean named 'boardDao'
2019-05-06 11:12:38,879 DEBUG (org.springframework.beans.factory.support.DefaultListableBeanFactory:250) - Returning cached instance of singleton bean 'org.springframework.transaction.config.internalTransactionAdvisor'
2019-05-06 11:12:38,879 DEBUG (org.springframework.beans.factory.support.DefaultListableBeanFactory:250) - Returning cached instance of singleton bean 'org.springframework.transaction.config.internalTransactionAdvisor'
2019-05-06 11:12:38,879 DEBUG (org.springframework.transaction.annotation.AnnotationTransactionAttributeSource:108) - Adding transactional method 'BoardDaoTest.getBoard' with attribute: PROPAGATION_REQUIRED,ISOLATION_DEFAULT; ''
2019-05-06 11:12:38,879 DEBUG (org.springframework.transaction.annotation.AnnotationTransactionAttributeSource:108) - Adding transactional method 'BoardDaoTest.getBoard' with attribute: PROPAGATION_REQUIRED,ISOLATION_DEFAULT; ''
2019-05-06 11:12:38,879 DEBUG (org.springframework.aop.framework.autoproxy.InfrastructureAdvisorAutoProxyCreator:505) - Creating implicit proxy for bean 'com.smart.dao.BoardDaoTest' with 0 common interceptors and 1 specific interceptors
2019-05-06 11:12:38,879 DEBUG (org.springframework.aop.framework.autoproxy.InfrastructureAdvisorAutoProxyCreator:505) - Creating implicit proxy for bean 'com.smart.dao.BoardDaoTest' with 0 common interceptors and 1 specific interceptors
2019-05-06 11:12:38,879 DEBUG (org.springframework.aop.framework.CglibAopProxy:158) - Creating CGLIB proxy: target source is SingletonTargetSource for target object [com.smart.dao.BoardDaoTest@6cd2321b]
2019-05-06 11:12:38,879 DEBUG (org.springframework.aop.framework.CglibAopProxy:158) - Creating CGLIB proxy: target source is SingletonTargetSource for target object [com.smart.dao.BoardDaoTest@6cd2321b]
2019-05-06 11:12:38,880 DEBUG (org.springframework.aop.framework.CglibAopProxy:831) - Unable to apply any optimisations to advised method: public void com.smart.dao.BoardDaoTest.getBoard()
2019-05-06 11:12:38,880 DEBUG (org.springframework.aop.framework.CglibAopProxy:831) - Unable to apply any optimisations to advised method: public void com.smart.dao.BoardDaoTest.getBoard()
2019-05-06 11:12:38,880 DEBUG (org.springframework.transaction.annotation.AnnotationTransactionAttributeSource:108) - Adding transactional method 'BoardDaoTest.addBoard' with attribute: PROPAGATION_REQUIRED,ISOLATION_DEFAULT; ''
2019-05-06 11:12:38,880 DEBUG (org.springframework.transaction.annotation.AnnotationTransactionAttributeSource:108) - Adding transactional method 'BoardDaoTest.addBoard' with attribute: PROPAGATION_REQUIRED,ISOLATION_DEFAULT; ''
2019-05-06 11:12:38,880 DEBUG (org.springframework.aop.framework.CglibAopProxy:831) - Unable to apply any optimisations to advised method: public void com.smart.dao.BoardDaoTest.addBoard() throws java.lang.Exception
2019-05-06 11:12:38,880 DEBUG (org.springframework.aop.framework.CglibAopProxy:831) - Unable to apply any optimisations to advised method: public void com.smart.dao.BoardDaoTest.addBoard() throws java.lang.Exception
2019-05-06 11:12:38,880 DEBUG (org.springframework.aop.framework.CglibAopProxy:782) - Found finalize() method - using NO_OVERRIDE
2019-05-06 11:12:38,880 DEBUG (org.springframework.aop.framework.CglibAopProxy:782) - Found finalize() method - using NO_OVERRIDE
2019-05-06 11:12:38,880 DEBUG (org.springframework.aop.framework.CglibAopProxy:794) - Found 'equals' method: public boolean java.lang.Object.equals(java.lang.Object)
2019-05-06 11:12:38,880 DEBUG (org.springframework.aop.framework.CglibAopProxy:794) - Found 'equals' method: public boolean java.lang.Object.equals(java.lang.Object)
2019-05-06 11:12:38,881 DEBUG (org.springframework.aop.framework.CglibAopProxy:831) - Unable to apply any optimisations to advised method: public java.lang.String java.lang.Object.toString()
2019-05-06 11:12:38,881 DEBUG (org.springframework.aop.framework.CglibAopProxy:831) - Unable to apply any optimisations to advised method: public java.lang.String java.lang.Object.toString()
2019-05-06 11:12:38,881 DEBUG (org.springframework.aop.framework.CglibAopProxy:799) - Found 'hashCode' method: public native int java.lang.Object.hashCode()
2019-05-06 11:12:38,881 DEBUG (org.springframework.aop.framework.CglibAopProxy:799) - Found 'hashCode' method: public native int java.lang.Object.hashCode()
2019-05-06 11:12:38,881 DEBUG (org.springframework.aop.framework.CglibAopProxy:831) - Unable to apply any optimisations to advised method: protected native java.lang.Object java.lang.Object.clone() throws java.lang.CloneNotSupportedException
2019-05-06 11:12:38,881 DEBUG (org.springframework.aop.framework.CglibAopProxy:831) - Unable to apply any optimisations to advised method: protected native java.lang.Object java.lang.Object.clone() throws java.lang.CloneNotSupportedException
2019-05-06 11:12:38,881 DEBUG (org.springframework.aop.framework.CglibAopProxy:788) - Method is declared on Advised interface: public abstract int org.springframework.aop.framework.Advised.indexOf(org.springframework.aop.Advisor)
2019-05-06 11:12:38,881 DEBUG (org.springframework.aop.framework.CglibAopProxy:788) - Method is declared on Advised interface: public abstract int org.springframework.aop.framework.Advised.indexOf(org.springframework.aop.Advisor)
2019-05-06 11:12:38,881 DEBUG (org.springframework.aop.framework.CglibAopProxy:788) - Method is declared on Advised interface: public abstract int org.springframework.aop.framework.Advised.indexOf(org.aopalliance.aop.Advice)
2019-05-06 11:12:38,881 DEBUG (org.springframework.aop.framework.CglibAopProxy:788) - Method is declared on Advised interface: public abstract int org.springframework.aop.framework.Advised.indexOf(org.aopalliance.aop.Advice)
2019-05-06 11:12:38,881 DEBUG (org.springframework.aop.framework.CglibAopProxy:788) - Method is declared on Advised interface: public abstract boolean org.springframework.aop.framework.Advised.isFrozen()
2019-05-06 11:12:38,881 DEBUG (org.springframework.aop.framework.CglibAopProxy:788) - Method is declared on Advised interface: public abstract boolean org.springframework.aop.framework.Advised.isFrozen()
2019-05-06 11:12:38,882 DEBUG (org.springframework.aop.framework.CglibAopProxy:788) - Method is declared on Advised interface: public abstract void org.springframework.aop.framework.Advised.addAdvice(org.aopalliance.aop.Advice) throws org.springframework.aop.framework.AopConfigException
2019-05-06 11:12:38,882 DEBUG (org.springframework.aop.framework.CglibAopProxy:788) - Method is declared on Advised interface: public abstract void org.springframework.aop.framework.Advised.addAdvice(org.aopalliance.aop.Advice) throws org.springframework.aop.framework.AopConfigException
2019-05-06 11:12:38,882 DEBUG (org.springframework.aop.framework.CglibAopProxy:788) - Method is declared on Advised interface: public abstract void org.springframework.aop.framework.Advised.addAdvice(int,org.aopalliance.aop.Advice) throws org.springframework.aop.framework.AopConfigException
2019-05-06 11:12:38,882 DEBUG (org.springframework.aop.framework.CglibAopProxy:788) - Method is declared on Advised interface: public abstract void org.springframework.aop.framework.Advised.addAdvice(int,org.aopalliance.aop.Advice) throws org.springframework.aop.framework.AopConfigException
2019-05-06 11:12:38,882 DEBUG (org.springframework.aop.framework.CglibAopProxy:788) - Method is declared on Advised interface: public abstract boolean org.springframework.aop.framework.Advised.isPreFiltered()
2019-05-06 11:12:38,882 DEBUG (org.springframework.aop.framework.CglibAopProxy:788) - Method is declared on Advised interface: public abstract boolean org.springframework.aop.framework.Advised.isPreFiltered()
2019-05-06 11:12:38,882 DEBUG (org.springframework.aop.framework.CglibAopProxy:788) - Method is declared on Advised interface: public abstract java.lang.Class[] org.springframework.aop.framework.Advised.getProxiedInterfaces()
2019-05-06 11:12:38,882 DEBUG (org.springframework.aop.framework.CglibAopProxy:788) - Method is declared on Advised interface: public abstract java.lang.Class[] org.springframework.aop.framework.Advised.getProxiedInterfaces()
2019-05-06 11:12:38,882 DEBUG (org.springframework.aop.framework.CglibAopProxy:788) - Method is declared on Advised interface: public abstract boolean org.springframework.aop.framework.Advised.isInterfaceProxied(java.lang.Class)
2019-05-06 11:12:38,882 DEBUG (org.springframework.aop.framework.CglibAopProxy:788) - Method is declared on Advised interface: public abstract boolean org.springframework.aop.framework.Advised.isInterfaceProxied(java.lang.Class)
2019-05-06 11:12:38,882 DEBUG (org.springframework.aop.framework.CglibAopProxy:788) - Method is declared on Advised interface: public abstract org.springframework.aop.Advisor[] org.springframework.aop.framework.Advised.getAdvisors()
2019-05-06 11:12:38,882 DEBUG (org.springframework.aop.framework.CglibAopProxy:788) - Method is declared on Advised interface: public abstract org.springframework.aop.Advisor[] org.springframework.aop.framework.Advised.getAdvisors()
2019-05-06 11:12:38,883 DEBUG (org.springframework.aop.framework.CglibAopProxy:788) - Method is declared on Advised interface: public abstract void org.springframework.aop.framework.Advised.removeAdvisor(int) throws org.springframework.aop.framework.AopConfigException
2019-05-06 11:12:38,883 DEBUG (org.springframework.aop.framework.CglibAopProxy:788) - Method is declared on Advised interface: public abstract void org.springframework.aop.framework.Advised.removeAdvisor(int) throws org.springframework.aop.framework.AopConfigException
2019-05-06 11:12:38,883 DEBUG (org.springframework.aop.framework.CglibAopProxy:788) - Method is declared on Advised interface: public abstract boolean org.springframework.aop.framework.Advised.removeAdvisor(org.springframework.aop.Advisor)
2019-05-06 11:12:38,883 DEBUG (org.springframework.aop.framework.CglibAopProxy:788) - Method is declared on Advised interface: public abstract boolean org.springframework.aop.framework.Advised.removeAdvisor(org.springframework.aop.Advisor)
2019-05-06 11:12:38,883 DEBUG (org.springframework.aop.framework.CglibAopProxy:788) - Method is declared on Advised interface: public abstract boolean org.springframework.aop.framework.Advised.replaceAdvisor(org.springframework.aop.Advisor,org.springframework.aop.Advisor) throws org.springframework.aop.framework.AopConfigException
2019-05-06 11:12:38,883 DEBUG (org.springframework.aop.framework.CglibAopProxy:788) - Method is declared on Advised interface: public abstract boolean org.springframework.aop.framework.Advised.replaceAdvisor(org.springframework.aop.Advisor,org.springframework.aop.Advisor) throws org.springframework.aop.framework.AopConfigException
2019-05-06 11:12:38,883 DEBUG (org.springframework.aop.framework.CglibAopProxy:788) - Method is declared on Advised interface: public abstract boolean org.springframework.aop.framework.Advised.removeAdvice(org.aopalliance.aop.Advice)
2019-05-06 11:12:38,883 DEBUG (org.springframework.aop.framework.CglibAopProxy:788) - Method is declared on Advised interface: public abstract boolean org.springframework.aop.framework.Advised.removeAdvice(org.aopalliance.aop.Advice)
2019-05-06 11:12:38,883 DEBUG (org.springframework.aop.framework.CglibAopProxy:788) - Method is declared on Advised interface: public abstract java.lang.String org.springframework.aop.framework.Advised.toProxyConfigString()
2019-05-06 11:12:38,883 DEBUG (org.springframework.aop.framework.CglibAopProxy:788) - Method is declared on Advised interface: public abstract java.lang.String org.springframework.aop.framework.Advised.toProxyConfigString()
2019-05-06 11:12:38,883 DEBUG (org.springframework.aop.framework.CglibAopProxy:788) - Method is declared on Advised interface: public abstract void org.springframework.aop.framework.Advised.setTargetSource(org.springframework.aop.TargetSource)
2019-05-06 11:12:38,883 DEBUG (org.springframework.aop.framework.CglibAopProxy:788) - Method is declared on Advised interface: public abstract void org.springframework.aop.framework.Advised.setTargetSource(org.springframework.aop.TargetSource)
2019-05-06 11:12:38,884 DEBUG (org.springframework.aop.framework.CglibAopProxy:788) - Method is declared on Advised interface: public abstract org.springframework.aop.TargetSource org.springframework.aop.framework.Advised.getTargetSource()
2019-05-06 11:12:38,884 DEBUG (org.springframework.aop.framework.CglibAopProxy:788) - Method is declared on Advised interface: public abstract org.springframework.aop.TargetSource org.springframework.aop.framework.Advised.getTargetSource()
2019-05-06 11:12:38,884 DEBUG (org.springframework.aop.framework.CglibAopProxy:788) - Method is declared on Advised interface: public abstract boolean org.springframework.aop.framework.Advised.isProxyTargetClass()
2019-05-06 11:12:38,884 DEBUG (org.springframework.aop.framework.CglibAopProxy:788) - Method is declared on Advised interface: public abstract boolean org.springframework.aop.framework.Advised.isProxyTargetClass()
2019-05-06 11:12:38,884 DEBUG (org.springframework.aop.framework.CglibAopProxy:788) - Method is declared on Advised interface: public abstract void org.springframework.aop.framework.Advised.addAdvisor(org.springframework.aop.Advisor) throws org.springframework.aop.framework.AopConfigException
2019-05-06 11:12:38,884 DEBUG (org.springframework.aop.framework.CglibAopProxy:788) - Method is declared on Advised interface: public abstract void org.springframework.aop.framework.Advised.addAdvisor(org.springframework.aop.Advisor) throws org.springframework.aop.framework.AopConfigException
2019-05-06 11:12:38,884 DEBUG (org.springframework.aop.framework.CglibAopProxy:788) - Method is declared on Advised interface: public abstract void org.springframework.aop.framework.Advised.addAdvisor(int,org.springframework.aop.Advisor) throws org.springframework.aop.framework.AopConfigException
2019-05-06 11:12:38,884 DEBUG (org.springframework.aop.framework.CglibAopProxy:788) - Method is declared on Advised interface: public abstract void org.springframework.aop.framework.Advised.addAdvisor(int,org.springframework.aop.Advisor) throws org.springframework.aop.framework.AopConfigException
2019-05-06 11:12:38,884 DEBUG (org.springframework.aop.framework.CglibAopProxy:788) - Method is declared on Advised interface: public abstract void org.springframework.aop.framework.Advised.setPreFiltered(boolean)
2019-05-06 11:12:38,884 DEBUG (org.springframework.aop.framework.CglibAopProxy:788) - Method is declared on Advised interface: public abstract void org.springframework.aop.framework.Advised.setPreFiltered(boolean)
2019-05-06 11:12:38,884 DEBUG (org.springframework.aop.framework.CglibAopProxy:788) - Method is declared on Advised interface: public abstract void org.springframework.aop.framework.Advised.setExposeProxy(boolean)
2019-05-06 11:12:38,884 DEBUG (org.springframework.aop.framework.CglibAopProxy:788) - Method is declared on Advised interface: public abstract void org.springframework.aop.framework.Advised.setExposeProxy(boolean)
2019-05-06 11:12:38,885 DEBUG (org.springframework.aop.framework.CglibAopProxy:788) - Method is declared on Advised interface: public abstract boolean org.springframework.aop.framework.Advised.isExposeProxy()
2019-05-06 11:12:38,885 DEBUG (org.springframework.aop.framework.CglibAopProxy:788) - Method is declared on Advised interface: public abstract boolean org.springframework.aop.framework.Advised.isExposeProxy()
2019-05-06 11:12:38,885 DEBUG (org.springframework.aop.framework.CglibAopProxy:788) - Method is declared on Advised interface: public abstract java.lang.Class org.springframework.aop.TargetClassAware.getTargetClass()
2019-05-06 11:12:38,885 DEBUG (org.springframework.aop.framework.CglibAopProxy:788) - Method is declared on Advised interface: public abstract java.lang.Class org.springframework.aop.TargetClassAware.getTargetClass()
2019-05-06 11:12:38,892 DEBUG (org.springframework.transaction.annotation.AnnotationTransactionAttributeSource:108) - Adding transactional method 'BoardDaoTest.addBoard' with attribute: PROPAGATION_REQUIRED,ISOLATION_DEFAULT; ''
2019-05-06 11:12:38,892 DEBUG (org.springframework.transaction.annotation.AnnotationTransactionAttributeSource:108) - Adding transactional method 'BoardDaoTest.addBoard' with attribute: PROPAGATION_REQUIRED,ISOLATION_DEFAULT; ''
2019-05-06 11:12:38,894 DEBUG (org.springframework.test.context.transaction.TransactionalTestExecutionListener:180) - Explicit transaction definition [PROPAGATION_REQUIRED,ISOLATION_DEFAULT; ''] found for test context [DefaultTestContext@25424c71 testClass = BoardDaoTest, testInstance = com.smart.dao.BoardDaoTest@6cd2321b, testMethod = addBoard@BoardDaoTest, testException = [null], mergedContextConfiguration = [MergedContextConfiguration@6ff2ffe6 testClass = BoardDaoTest, locations = '{}', classes = '{class com.smart.config.DaoConfig}', contextInitializerClasses = '[]', activeProfiles = '{}', propertySourceLocations = '{}', propertySourceProperties = '{}', contextLoader = 'org.springframework.test.context.support.DelegatingSmartContextLoader', parent = [null]]]
2019-05-06 11:12:38,894 DEBUG (org.springframework.test.context.transaction.TransactionalTestExecutionListener:180) - Explicit transaction definition [PROPAGATION_REQUIRED,ISOLATION_DEFAULT; ''] found for test context [DefaultTestContext@25424c71 testClass = BoardDaoTest, testInstance = com.smart.dao.BoardDaoTest@6cd2321b, testMethod = addBoard@BoardDaoTest, testException = [null], mergedContextConfiguration = [MergedContextConfiguration@6ff2ffe6 testClass = BoardDaoTest, locations = '{}', classes = '{class com.smart.config.DaoConfig}', contextInitializerClasses = '[]', activeProfiles = '{}', propertySourceLocations = '{}', propertySourceProperties = '{}', contextLoader = 'org.springframework.test.context.support.DelegatingSmartContextLoader', parent = [null]]]
2019-05-06 11:12:38,894 DEBUG (org.springframework.test.context.transaction.TransactionalTestExecutionListener:531) - Retrieved @TransactionConfiguration [null] for test class [com.smart.dao.BoardDaoTest].
2019-05-06 11:12:38,894 DEBUG (org.springframework.test.context.transaction.TransactionalTestExecutionListener:531) - Retrieved @TransactionConfiguration [null] for test class [com.smart.dao.BoardDaoTest].
2019-05-06 11:12:38,895 DEBUG (org.springframework.test.context.transaction.TransactionalTestExecutionListener:539) - Using TransactionConfigurationAttributes [TransactionConfigurationAttributes@77ba86c6 transactionManagerName = '', defaultRollback = true] for test class [com.smart.dao.BoardDaoTest].
2019-05-06 11:12:38,895 DEBUG (org.springframework.test.context.transaction.TransactionalTestExecutionListener:539) - Using TransactionConfigurationAttributes [TransactionConfigurationAttributes@77ba86c6 transactionManagerName = '', defaultRollback = true] for test class [com.smart.dao.BoardDaoTest].
2019-05-06 11:12:38,895 DEBUG (org.springframework.test.context.cache.DefaultCacheAwareContextLoaderDelegate:129) - Retrieved ApplicationContext from cache with key [[MergedContextConfiguration@6ff2ffe6 testClass = BoardDaoTest, locations = '{}', classes = '{class com.smart.config.DaoConfig}', contextInitializerClasses = '[]', activeProfiles = '{}', propertySourceLocations = '{}', propertySourceProperties = '{}', contextLoader = 'org.springframework.test.context.support.DelegatingSmartContextLoader', parent = [null]]]
2019-05-06 11:12:38,895 DEBUG (org.springframework.test.context.cache.DefaultCacheAwareContextLoaderDelegate:129) - Retrieved ApplicationContext from cache with key [[MergedContextConfiguration@6ff2ffe6 testClass = BoardDaoTest, locations = '{}', classes = '{class com.smart.config.DaoConfig}', contextInitializerClasses = '[]', activeProfiles = '{}', propertySourceLocations = '{}', propertySourceProperties = '{}', contextLoader = 'org.springframework.test.context.support.DelegatingSmartContextLoader', parent = [null]]]
2019-05-06 11:12:38,895 DEBUG (org.springframework.test.context.cache:247) - Spring test ApplicationContext cache statistics: [DefaultContextCache@1cb274ec size = 1, parentContextCount = 0, hitCount = 5, missCount = 1]
2019-05-06 11:12:38,895 DEBUG (org.springframework.test.context.cache:247) - Spring test ApplicationContext cache statistics: [DefaultContextCache@1cb274ec size = 1, parentContextCount = 0, hitCount = 5, missCount = 1]
2019-05-06 11:12:38,895 DEBUG (org.springframework.beans.factory.support.DefaultListableBeanFactory:250) - Returning cached instance of singleton bean 'hibernateTransactionManager'
2019-05-06 11:12:38,895 DEBUG (org.springframework.beans.factory.support.DefaultListableBeanFactory:250) - Returning cached instance of singleton bean 'hibernateTransactionManager'
2019-05-06 11:12:38,897 DEBUG (org.springframework.test.context.transaction.TransactionalTestExecutionListener:414) - No method-level @Rollback override: using default rollback [true] for test context [DefaultTestContext@25424c71 testClass = BoardDaoTest, testInstance = com.smart.dao.BoardDaoTest@6cd2321b, testMethod = addBoard@BoardDaoTest, testException = [null], mergedContextConfiguration = [MergedContextConfiguration@6ff2ffe6 testClass = BoardDaoTest, locations = '{}', classes = '{class com.smart.config.DaoConfig}', contextInitializerClasses = '[]', activeProfiles = '{}', propertySourceLocations = '{}', propertySourceProperties = '{}', contextLoader = 'org.springframework.test.context.support.DelegatingSmartContextLoader', parent = [null]]].
2019-05-06 11:12:38,897 DEBUG (org.springframework.test.context.transaction.TransactionalTestExecutionListener:414) - No method-level @Rollback override: using default rollback [true] for test context [DefaultTestContext@25424c71 testClass = BoardDaoTest, testInstance = com.smart.dao.BoardDaoTest@6cd2321b, testMethod = addBoard@BoardDaoTest, testException = [null], mergedContextConfiguration = [MergedContextConfiguration@6ff2ffe6 testClass = BoardDaoTest, locations = '{}', classes = '{class com.smart.config.DaoConfig}', contextInitializerClasses = '[]', activeProfiles = '{}', propertySourceLocations = '{}', propertySourceProperties = '{}', contextLoader = 'org.springframework.test.context.support.DelegatingSmartContextLoader', parent = [null]]].
2019-05-06 11:12:38,899 DEBUG (org.springframework.orm.hibernate4.HibernateTransactionManager:367) - Creating new transaction with name [com.smart.dao.BoardDaoTest.addBoard]: PROPAGATION_REQUIRED,ISOLATION_DEFAULT; ''
2019-05-06 11:12:38,899 DEBUG (org.springframework.orm.hibernate4.HibernateTransactionManager:367) - Creating new transaction with name [com.smart.dao.BoardDaoTest.addBoard]: PROPAGATION_REQUIRED,ISOLATION_DEFAULT; ''
2019-05-06 11:12:38,929 DEBUG (org.springframework.orm.hibernate4.HibernateTransactionManager:438) - Opened new Session [SessionImpl(PersistenceContext[entityKeys=[],collectionKeys=[]];ActionQueue[insertions=[] updates=[] deletions=[] collectionCreations=[] collectionRemovals=[] collectionUpdates=[] unresolvedInsertDependencies=UnresolvedEntityInsertActions[]])] for Hibernate transaction
2019-05-06 11:12:38,929 DEBUG (org.springframework.orm.hibernate4.HibernateTransactionManager:438) - Opened new Session [SessionImpl(PersistenceContext[entityKeys=[],collectionKeys=[]];ActionQueue[insertions=[] updates=[] deletions=[] collectionCreations=[] collectionRemovals=[] collectionUpdates=[] unresolvedInsertDependencies=UnresolvedEntityInsertActions[]])] for Hibernate transaction
2019-05-06 11:12:38,930 DEBUG (org.springframework.orm.hibernate4.HibernateTransactionManager:448) - Preparing JDBC Connection of Hibernate Session [SessionImpl(PersistenceContext[entityKeys=[],collectionKeys=[]];ActionQueue[insertions=[] updates=[] deletions=[] collectionCreations=[] collectionRemovals=[] collectionUpdates=[] unresolvedInsertDependencies=UnresolvedEntityInsertActions[]])]
2019-05-06 11:12:38,930 DEBUG (org.springframework.orm.hibernate4.HibernateTransactionManager:448) - Preparing JDBC Connection of Hibernate Session [SessionImpl(PersistenceContext[entityKeys=[],collectionKeys=[]];ActionQueue[insertions=[] updates=[] deletions=[] collectionCreations=[] collectionRemovals=[] collectionUpdates=[] unresolvedInsertDependencies=UnresolvedEntityInsertActions[]])]
2019-05-06 11:12:38,930 DEBUG (org.hibernate.engine.jdbc.internal.LogicalConnectionImpl:212) - Obtaining JDBC connection
2019-05-06 11:12:38,931 DEBUG (org.hibernate.engine.jdbc.spi.SqlExceptionHelper:139) - Could not open connection [n/a]
org.apache.commons.dbcp.SQLNestedException: Cannot create JDBC driver of class 'org.postgresql.Driver' for connect URL 'æ]]>&#x95;<![CDATA[°æ]]>&#x8d;<![CDATA[®åº]]>&#x93;<![CDATA[è¿]]>&#x9e;<![CDATA[æ]]>&#x8e;<![CDATA[¥'
	at org.apache.commons.dbcp.BasicDataSource.createConnectionFactory(BasicDataSource.java:1452)
	at org.apache.commons.dbcp.BasicDataSource.createDataSource(BasicDataSource.java:1371)
	at org.apache.commons.dbcp.BasicDataSource.getConnection(BasicDataSource.java:1044)
	at org.hibernate.service.jdbc.connections.internal.DatasourceConnectionProviderImpl.getConnection(DatasourceConnectionProviderImpl.java:141)
	at org.hibernate.internal.AbstractSessionImpl$NonContextualJdbcConnectionAccess.obtainConnection(AbstractSessionImpl.java:292)
	at org.hibernate.engine.jdbc.internal.LogicalConnectionImpl.obtainConnection(LogicalConnectionImpl.java:214)
	at org.hibernate.engine.jdbc.internal.LogicalConnectionImpl.getConnection(LogicalConnectionImpl.java:157)
	at org.hibernate.internal.SessionImpl.connection(SessionImpl.java:549)
	at org.springframework.orm.hibernate4.HibernateTransactionManager.doBegin(HibernateTransactionManager.java:450)
	at org.springframework.transaction.support.AbstractPlatformTransactionManager.getTransaction(AbstractPlatformTransactionManager.java:373)
	at org.springframework.test.context.transaction.TransactionContext.startTransaction(TransactionContext.java:98)
	at org.springframework.test.context.transaction.TransactionalTestExecutionListener.beforeTestMethod(TransactionalTestExecutionListener.java:194)
	at com.github.springtestdbunit.TestExecutionListenerChain$3.call(TestExecutionListenerChain.java:94)
	at com.github.springtestdbunit.TestExecutionListenerChain.runChain(TestExecutionListenerChain.java:127)
	at com.github.springtestdbunit.TestExecutionListenerChain.forwards(TestExecutionListenerChain.java:116)
	at com.github.springtestdbunit.TestExecutionListenerChain.beforeTestMethod(TestExecutionListenerChain.java:92)
	at org.springframework.test.context.TestContextManager.beforeTestMethod(TestContextManager.java:265)
	at org.springframework.test.context.junit4.statements.RunBeforeTestMethodCallbacks.evaluate(RunBeforeTestMethodCallbacks.java:74)
	at org.springframework.test.context.junit4.statements.RunAfterTestMethodCallbacks.evaluate(RunAfterTestMethodCallbacks.java:86)
	at org.springframework.test.context.junit4.statements.SpringRepeat.evaluate(SpringRepeat.java:84)
	at org.junit.runners.ParentRunner.runLeaf(ParentRunner.java:325)
	at org.springframework.test.context.junit4.SpringJUnit4ClassRunner.runChild(SpringJUnit4ClassRunner.java:254)
	at org.springframework.test.context.junit4.SpringJUnit4ClassRunner.runChild(SpringJUnit4ClassRunner.java:89)
	at org.junit.runners.ParentRunner$3.run(ParentRunner.java:290)
	at org.junit.runners.ParentRunner$1.schedule(ParentRunner.java:71)
	at org.junit.runners.ParentRunner.runChildren(ParentRunner.java:288)
	at org.junit.runners.ParentRunner.access$000(ParentRunner.java:58)
	at org.junit.runners.ParentRunner$2.evaluate(ParentRunner.java:268)
	at org.springframework.test.context.junit4.statements.RunBeforeTestClassCallbacks.evaluate(RunBeforeTestClassCallbacks.java:61)
	at org.springframework.test.context.junit4.statements.RunAfterTestClassCallbacks.evaluate(RunAfterTestClassCallbacks.java:70)
	at org.junit.runners.ParentRunner.run(ParentRunner.java:363)
	at org.springframework.test.context.junit4.SpringJUnit4ClassRunner.run(SpringJUnit4ClassRunner.java:193)
	at org.gradle.api.internal.tasks.testing.junit.JUnitTestClassExecutor.runTestClass(JUnitTestClassExecutor.java:106)
	at org.gradle.api.internal.tasks.testing.junit.JUnitTestClassExecutor.execute(JUnitTestClassExecutor.java:58)
	at org.gradle.api.internal.tasks.testing.junit.JUnitTestClassExecutor.execute(JUnitTestClassExecutor.java:38)
	at org.gradle.api.internal.tasks.testing.junit.AbstractJUnitTestClassProcessor.processTestClass(AbstractJUnitTestClassProcessor.java:66)
	at org.gradle.api.internal.tasks.testing.SuiteTestClassProcessor.processTestClass(SuiteTestClassProcessor.java:51)
	at sun.reflect.NativeMethodAccessorImpl.invoke0(Native Method)
	at sun.reflect.NativeMethodAccessorImpl.invoke(NativeMethodAccessorImpl.java:62)
	at sun.reflect.DelegatingMethodAccessorImpl.invoke(DelegatingMethodAccessorImpl.java:43)
	at java.lang.reflect.Method.invoke(Method.java:498)
	at org.gradle.internal.dispatch.ReflectionDispatch.dispatch(ReflectionDispatch.java:35)
	at org.gradle.internal.dispatch.ReflectionDispatch.dispatch(ReflectionDispatch.java:24)
	at org.gradle.internal.dispatch.ContextClassLoaderDispatch.dispatch(ContextClassLoaderDispatch.java:32)
	at org.gradle.internal.dispatch.ProxyDispatchAdapter$DispatchingInvocationHandler.invoke(ProxyDispatchAdapter.java:93)
	at com.sun.proxy.$Proxy2.processTestClass(Unknown Source)
	at org.gradle.api.internal.tasks.testing.worker.TestWorker.processTestClass(TestWorker.java:117)
	at sun.reflect.NativeMethodAccessorImpl.invoke0(Native Method)
	at sun.reflect.NativeMethodAccessorImpl.invoke(NativeMethodAccessorImpl.java:62)
	at sun.reflect.DelegatingMethodAccessorImpl.invoke(DelegatingMethodAccessorImpl.java:43)
	at java.lang.reflect.Method.invoke(Method.java:498)
	at org.gradle.internal.dispatch.ReflectionDispatch.dispatch(ReflectionDispatch.java:35)
	at org.gradle.internal.dispatch.ReflectionDispatch.dispatch(ReflectionDispatch.java:24)
	at org.gradle.internal.remote.internal.hub.MessageHubBackedObjectConnection$DispatchWrapper.dispatch(MessageHubBackedObjectConnection.java:155)
	at org.gradle.internal.remote.internal.hub.MessageHubBackedObjectConnection$DispatchWrapper.dispatch(MessageHubBackedObjectConnection.java:137)
	at org.gradle.internal.remote.internal.hub.MessageHub$Handler.run(MessageHub.java:404)
	at org.gradle.internal.concurrent.ExecutorPolicy$CatchAndRecordFailures.onExecute(ExecutorPolicy.java:63)
	at org.gradle.internal.concurrent.ManagedExecutorImpl$1.run(ManagedExecutorImpl.java:46)
	at java.util.concurrent.ThreadPoolExecutor.runWorker(ThreadPoolExecutor.java:1149)
	at java.util.concurrent.ThreadPoolExecutor$Worker.run(ThreadPoolExecutor.java:624)
	at org.gradle.internal.concurrent.ThreadFactoryImpl$ManagedThreadRunnable.run(ThreadFactoryImpl.java:55)
	at java.lang.Thread.run(Thread.java:748)
Caused by: java.sql.SQLException: No suitable driver
	at java.sql.DriverManager.getDriver(DriverManager.java:315)
	at org.apache.commons.dbcp.BasicDataSource.createConnectionFactory(BasicDataSource.java:1437)
	... 61 more
2019-05-06 11:12:38,933  WARN (org.hibernate.engine.jdbc.spi.SqlExceptionHelper:143) - SQL Error: 0, SQLState: null
2019-05-06 11:12:38,933 ERROR (org.hibernate.engine.jdbc.spi.SqlExceptionHelper:144) - Cannot create JDBC driver of class 'org.postgresql.Driver' for connect URL 'æ]]>&#x95;<![CDATA[°æ]]>&#x8d;<![CDATA[®åº]]>&#x93;<![CDATA[è¿]]>&#x9e;<![CDATA[æ]]>&#x8e;<![CDATA[¥'
2019-05-06 11:12:38,960 DEBUG (com.github.springtestdbunit.DbUnitTestExecutionListener:189) - Executing Setup of @DatabaseTest using CLEAN_INSERT on [AbstractDataSet[_orderedTableNameMap=null]]
2019-05-06 11:12:38,970 DEBUG (org.springframework.jdbc.datasource.DataSourceUtils:110) - Fetching JDBC Connection from DataSource
2019-05-06 11:12:38,970 DEBUG (org.springframework.jdbc.datasource.DataSourceUtils:110) - Fetching JDBC Connection from DataSource
va.util.concurrent.ThreadPoolExecutor$Worker.run(ThreadPoolExecutor.java:624)
	at org.gradle.internal.concurrent.ThreadFactoryImpl$ManagedThreadRunnable.run(ThreadFactoryImpl.java:55)
	at java.lang.Thread.run(Thread.java:748)
Cannot create JDBC driver of class 'org.postgresql.Driver' for connect URL 'æ]]>&#x95;<![CDATA[°æ]]>&#x8d;<![CDATA[®åº]]>&#x93;<![CDATA[è¿]]>&#x9e;<![CDATA[æ]]>&#x8e;<![CDATA[¥'
java.sql.SQLException: No suitable driver
	at java.sql.DriverManager.getDriver(DriverManager.java:315)
	at org.apache.commons.dbcp.BasicDataSource.createConnectionFactory(BasicDataSource.java:1437)
	at org.apache.commons.dbcp.BasicDataSource.createDataSource(BasicDataSource.java:1371)
	at org.apache.commons.dbcp.BasicDataSource.getConnection(BasicDataSource.java:1044)
	at org.hibernate.service.jdbc.connections.internal.DatasourceConnectionProviderImpl.getConnection(DatasourceConnectionProviderImpl.java:141)
	at org.hibernate.internal.AbstractSessionImpl$NonContextualJdbcConnectionAccess.obtainConnection(AbstractSessionImpl.java:292)
	at org.hibernate.engine.jdbc.internal.LogicalConnectionImpl.obtainConnection(LogicalConnectionImpl.java:214)
	at org.hibernate.engine.jdbc.internal.LogicalConnectionImpl.getConnection(LogicalConnectionImpl.java:157)
	at org.hibernate.internal.SessionImpl.connection(SessionImpl.java:549)
	at org.springframework.orm.hibernate4.HibernateTransactionManager.doBegin(HibernateTransactionManager.java:450)
	at org.springframework.transaction.support.AbstractPlatformTransactionManager.getTransaction(AbstractPlatformTransactionManager.java:373)
	at org.springframework.test.context.transaction.TransactionContext.startTransaction(TransactionContext.java:98)
	at org.springframework.test.context.transaction.TransactionalTestExecutionListener.beforeTestMethod(TransactionalTestExecutionListener.java:194)
	at com.github.springtestdbunit.TestExecutionListenerChain$3.call(TestExecutionListenerChain.java:94)
	at com.github.springtestdbunit.TestExecutionListenerChain.runChain(TestExecutionListenerChain.java:127)
	at com.github.springtestdbunit.TestExecutionListenerChain.forwards(TestExecutionListenerChain.java:116)
	at com.github.springtestdbunit.TestExecutionListenerChain.beforeTestMethod(TestExecutionListenerChain.java:92)
	at org.springframework.test.context.TestContextManager.beforeTestMethod(TestContextManager.java:265)
	at org.springframework.test.context.junit4.statements.RunBeforeTestMethodCallbacks.evaluate(RunBeforeTestMethodCallbacks.java:74)
	at org.springframework.test.context.junit4.statements.RunAfterTestMethodCallbacks.evaluate(RunAfterTestMethodCallbacks.java:86)
	at org.springframework.test.context.junit4.statements.SpringRepeat.evaluate(SpringRepeat.java:84)
	at org.junit.runners.ParentRunner.runLeaf(ParentRunner.java:325)
	at org.springframework.test.context.junit4.SpringJUnit4ClassRunner.runChild(SpringJUnit4ClassRunner.java:254)
	at org.springframework.test.context.junit4.SpringJUnit4ClassRunner.runChild(SpringJUnit4ClassRunner.java:89)
	at org.junit.runners.ParentRunner$3.run(ParentRunner.java:290)
	at org.junit.runners.ParentRunner$1.schedule(ParentRunner.java:71)
	at org.junit.runners.ParentRunner.runChildren(ParentRunner.java:288)
	at org.junit.runners.ParentRunner.access$000(ParentRunner.java:58)
	at org.junit.runners.ParentRunner$2.evaluate(ParentRunner.java:268)
	at org.springframework.test.context.junit4.statements.RunBeforeTestClassCallbacks.evaluate(RunBeforeTestClassCallbacks.java:61)
	at org.springframework.test.context.junit4.statements.RunAfterTestClassCallbacks.evaluate(RunAfterTestClassCallbacks.java:70)
	at org.junit.runners.ParentRunner.run(ParentRunner.java:363)
	at org.springframework.test.context.junit4.SpringJUnit4ClassRunner.run(SpringJUnit4ClassRunner.java:193)
	at org.gradle.api.internal.tasks.testing.junit.JUnitTestClassExecutor.runTestClass(JUnitTestClassExecutor.java:106)
	at org.gradle.api.internal.tasks.testing.junit.JUnitTestClassExecutor.execute(JUnitTestClassExecutor.java:58)
	at org.gradle.api.internal.tasks.testing.junit.JUnitTestClassExecutor.execute(JUnitTestClassExecutor.java:38)
	at org.gradle.api.internal.tasks.testing.junit.AbstractJUnitTestClassProcessor.processTestClass(AbstractJUnitTestClassProcessor.java:66)
	at org.gradle.api.internal.tasks.testing.SuiteTestClassProcessor.processTestClass(SuiteTestClassProcessor.java:51)
	at sun.reflect.NativeMethodAccessorImpl.invoke0(Native Method)
	at sun.reflect.NativeMethodAccessorImpl.invoke(NativeMethodAccessorImpl.java:62)
	at sun.reflect.DelegatingMethodAccessorImpl.invoke(DelegatingMethodAccessorImpl.java:43)
	at java.lang.reflect.Method.invoke(Method.java:498)
	at org.gradle.internal.dispatch.ReflectionDispatch.dispatch(ReflectionDispatch.java:35)
	at org.gradle.internal.dispatch.ReflectionDispatch.dispatch(ReflectionDispatch.java:24)
	at org.gradle.internal.dispatch.ContextClassLoaderDispatch.dispatch(ContextClassLoaderDispatch.java:32)
	at org.gradle.internal.dispatch.ProxyDispatchAdapter$DispatchingInvocationHandler.invoke(ProxyDispatchAdapter.java:93)
	at com.sun.proxy.$Proxy2.processTestClass(Unknown Source)
	at org.gradle.api.internal.tasks.testing.worker.TestWorker.processTestClass(TestWorker.java:117)
	at sun.reflect.NativeMethodAccessorImpl.invoke0(Native Method)
	at sun.reflect.NativeMethodAccessorImpl.invoke(NativeMethodAccessorImpl.java:62)
	at sun.reflect.DelegatingMethodAccessorImpl.invoke(DelegatingMethodAccessorImpl.java:43)
	at java.lang.reflect.Method.invoke(Method.java:498)
	at org.gradle.internal.dispatch.ReflectionDispatch.dispatch(ReflectionDispatch.java:35)
	at org.gradle.internal.dispatch.ReflectionDispatch.dispatch(ReflectionDispatch.java:24)
	at org.gradle.internal.remote.internal.hub.MessageHubBackedObjectConnection$DispatchWrapper.dispatch(MessageHubBackedObjectConnection.java:155)
	at org.gradle.internal.remote.internal.hub.MessageHubBackedObjectConnection$DispatchWrapper.dispatch(MessageHubBackedObjectConnection.java:137)
	at org.gradle.internal.remote.internal.hub.MessageHub$Handler.run(MessageHub.java:404)
	at org.gradle.internal.concurrent.ExecutorPolicy$CatchAndRecordFailures.onExecute(ExecutorPolicy.java:63)
	at org.gradle.internal.concurrent.ManagedExecutorImpl$1.run(ManagedExecutorImpl.java:46)
	at java.util.concurrent.ThreadPoolExecutor.runWorker(ThreadPoolExecutor.java:1149)
	at java.util.concurrent.ThreadPoolExecutor$Worker.run(ThreadPoolExecutor.java:624)
	at org.gradle.internal.concurrent.ThreadFactoryImpl$ManagedThreadRunnable.run(ThreadFactoryImpl.java:55)
	at java.lang.Thread.run(Thread.java:748)
Cannot create JDBC driver of class 'org.postgresql.Driver' for connect URL 'æ]]>&#x95;<![CDATA[°æ]]>&#x8d;<![CDATA[®åº]]>&#x93;<![CDATA[è¿]]>&#x9e;<![CDATA[æ]]>&#x8e;<![CDATA[¥'
java.sql.SQLException: No suitable driver
	at java.sql.DriverManager.getDriver(DriverManager.java:315)
	at org.apache.commons.dbcp.BasicDataSource.createConnectionFactory(BasicDataSource.java:1437)
	at org.apache.commons.dbcp.BasicDataSource.createDataSource(BasicDataSource.java:1371)
	at org.apache.commons.dbcp.BasicDataSource.getConnection(BasicDataSource.java:1044)
	at org.springframework.jdbc.datasource.DataSourceUtils.doGetConnection(DataSourceUtils.java:111)
	at org.springframework.jdbc.datasource.TransactionAwareDataSourceProxy$TransactionAwareInvocationHandler.invoke(TransactionAwareDataSourceProxy.java:225)
	at com.sun.proxy.$Proxy53.createStatement(Unknown Source)
	at org.dbunit.database.statement.AbstractBatchStatement.<init>(AbstractBatchStatement.java:50)
	at org.dbunit.database.statement.SimpleStatement.<init>(SimpleStatement.java:49)
	at org.dbunit.database.statement.PreparedStatementFactory.createBatchStatement(PreparedStatementFactory.java:57)
	at org.dbunit.operation.DeleteAllOperation.execute(DeleteAllOperation.java:85)
	at org.dbunit.operation.CompositeOperation.execute(CompositeOperation.java:79)
	at com.github.springtestdbunit.DbUnitRunner.setupOrTeardown(DbUnitRunner.java:194)
	at com.github.springtestdbunit.DbUnitRunner.beforeTestMethod(DbUnitRunner.java:66)
	at com.github.springtestdbunit.DbUnitTestExecutionListener.beforeTestMethod(DbUnitTestExecutionListener.java:185)
	at com.github.springtestdbunit.TestExecutionListenerChain$3.call(TestExecutionListenerChain.java:94)
	at com.github.springtestdbunit.TestExecutionListenerC2019-05-06 11:12:38,971  WARN (org.springframework.test.context.TestContextManager:268) - Caught exception while allowing TestExecutionListener [com.github.springtestdbunit.TransactionDbUnitTestExecutionListener@370c9af3] to process 'before' execution of test method [public void com.smart.dao.BoardDaoTest.addBoard() throws java.lang.Exception] for test instance [com.smart.dao.BoardDaoTest@6cd2321b]
org.apache.commons.dbcp.SQLNestedException: Cannot create JDBC driver of class 'org.postgresql.Driver' for connect URL 'æ]]>&#x95;<![CDATA[°æ]]>&#x8d;<![CDATA[®åº]]>&#x93;<![CDATA[è¿]]>&#x9e;<![CDATA[æ]]>&#x8e;<![CDATA[¥'
	at org.apache.commons.dbcp.BasicDataSource.createConnectionFactory(BasicDataSource.java:1452)
	at org.apache.commons.dbcp.BasicDataSource.createDataSource(BasicDataSource.java:1371)
	at org.apache.commons.dbcp.BasicDataSource.getConnection(BasicDataSource.java:1044)
	at org.springframework.jdbc.datasource.DataSourceUtils.doGetConnection(DataSourceUtils.java:111)
	at org.springframework.jdbc.datasource.TransactionAwareDataSourceProxy$TransactionAwareInvocationHandler.invoke(TransactionAwareDataSourceProxy.java:225)
	at com.sun.proxy.$Proxy53.createStatement(Unknown Source)
	at org.dbunit.database.statement.AbstractBatchStatement.<init>(AbstractBatchStatement.java:50)
	at org.dbunit.database.statement.SimpleStatement.<init>(SimpleStatement.java:49)
	at org.dbunit.database.statement.PreparedStatementFactory.createBatchStatement(PreparedStatementFactory.java:57)
	at org.dbunit.operation.DeleteAllOperation.execute(DeleteAllOperation.java:85)
	at org.dbunit.operation.CompositeOperation.execute(CompositeOperation.java:79)
	at com.github.springtestdbunit.DbUnitRunner.setupOrTeardown(DbUnitRunner.java:194)
	at com.github.springtestdbunit.DbUnitRunner.beforeTestMethod(DbUnitRunner.java:66)
	at com.github.springtestdbunit.DbUnitTestExecutionListener.beforeTestMethod(DbUnitTestExecutionListener.java:185)
	at com.github.springtestdbunit.TestExecutionListenerChain$3.call(TestExecutionListenerChain.java:94)
	at com.github.springtestdbunit.TestExecutionListenerChain.runChain(TestExecutionListenerChain.java:127)
	at com.github.springtestdbunit.TestExecutionListenerChain.forwards(TestExecutionListenerChain.java:116)
	at com.github.springtestdbunit.TestExecutionListenerChain.beforeTestMethod(TestExecutionListenerChain.java:92)
	at org.springframework.test.context.TestContextManager.beforeTestMethod(TestContextManager.java:265)
	at org.springframework.test.context.junit4.statements.RunBeforeTestMethodCallbacks.evaluate(RunBeforeTestMethodCallbacks.java:74)
	at org.springframework.test.context.junit4.statements.RunAfterTestMethodCallbacks.evaluate(RunAfterTestMethodCallbacks.java:86)
	at org.springframework.test.context.junit4.statements.SpringRepeat.evaluate(SpringRepeat.java:84)
	at org.junit.runners.ParentRunner.runLeaf(ParentRunner.java:325)
	at org.springframework.test.context.junit4.SpringJUnit4ClassRunner.runChild(SpringJUnit4ClassRunner.java:254)
	at org.springframework.test.context.junit4.SpringJUnit4ClassRunner.runChild(SpringJUnit4ClassRunner.java:89)
	at org.junit.runners.ParentRunner$3.run(ParentRunner.java:290)
	at org.junit.runners.ParentRunner$1.schedule(ParentRunner.java:71)
	at org.junit.runners.ParentRunner.runChildren(ParentRunner.java:288)
	at org.junit.runners.ParentRunner.access$000(ParentRunner.java:58)
	at org.junit.runners.ParentRunner$2.evaluate(ParentRunner.java:268)
	at org.springframework.test.context.junit4.statements.RunBeforeTestClassCallbacks.evaluate(RunBeforeTestClassCallbacks.java:61)
	at org.springframework.test.context.junit4.statements.RunAfterTestClassCallbacks.evaluate(RunAfterTestClassCallbacks.java:70)
	at org.junit.runners.ParentRunner.run(ParentRunner.java:363)
	at org.springframework.test.context.junit4.SpringJUnit4ClassRunner.run(SpringJUnit4ClassRunner.java:193)
	at org.gradle.api.internal.tasks.testing.junit.JUnitTestClassExecutor.runTestClass(JUnitTestClassExecutor.java:106)
	at org.gradle.api.internal.tasks.testing.junit.JUnitTestClassExecutor.execute(JUnitTestClassExecutor.java:58)
	at org.gradle.api.internal.tasks.testing.junit.JUnitTestClassExecutor.execute(JUnitTestClassExecutor.java:38)
	at org.gradle.api.internal.tasks.testing.junit.AbstractJUnitTestClassProcessor.processTestClass(AbstractJUnitTestClassProcessor.java:66)
	at org.gradle.api.internal.tasks.testing.SuiteTestClassProcessor.processTestClass(SuiteTestClassProcessor.java:51)
	at sun.reflect.NativeMethodAccessorImpl.invoke0(Native Method)
	at sun.reflect.NativeMethodAccessorImpl.invoke(NativeMethodAccessorImpl.java:62)
	at sun.reflect.DelegatingMethodAccessorImpl.invoke(DelegatingMethodAccessorImpl.java:43)
	at java.lang.reflect.Method.invoke(Method.java:498)
	at org.gradle.internal.dispatch.ReflectionDispatch.dispatch(ReflectionDispatch.java:35)
	at org.gradle.internal.dispatch.ReflectionDispatch.dispatch(ReflectionDispatch.java:24)
	at org.gradle.internal.dispatch.ContextClassLoaderDispatch.dispatch(ContextClassLoaderDispatch.java:32)
	at org.gradle.internal.dispatch.ProxyDispatchAdapter$DispatchingInvocationHandler.invoke(ProxyDispatchAdapter.java:93)
	at com.sun.proxy.$Proxy2.processTestClass(Unknown Source)
	at org.gradle.api.internal.tasks.testing.worker.TestWorker.processTestClass(TestWorker.java:117)
	at sun.reflect.NativeMethodAccessorImpl.invoke0(Native Method)
	at sun.reflect.NativeMethodAccessorImpl.invoke(NativeMethodAccessorImpl.java:62)
	at sun.reflect.DelegatingMethodAccessorImpl.invoke(DelegatingMethodAccessorImpl.java:43)
	at java.lang.reflect.Method.invoke(Method.java:498)
	at org.gradle.internal.dispatch.ReflectionDispatch.dispatch(ReflectionDispatch.java:35)
	at org.gradle.internal.dispatch.ReflectionDispatch.dispatch(ReflectionDispatch.java:24)
	at org.gradle.internal.remote.internal.hub.MessageHubBackedObjectConnection$DispatchWrapper.dispatch(MessageHubBackedObjectConnection.java:155)
	at org.gradle.internal.remote.internal.hub.MessageHubBackedObjectConnection$DispatchWrapper.dispatch(MessageHubBackedObjectConnection.java:137)
	at org.gradle.internal.remote.internal.hub.MessageHub$Handler.run(MessageHub.java:404)
	at org.gradle.internal.concurrent.ExecutorPolicy$CatchAndRecordFailures.onExecute(ExecutorPolicy.java:63)
	at org.gradle.internal.concurrent.ManagedExecutorImpl$1.run(ManagedExecutorImpl.java:46)
	at java.util.concurrent.ThreadPoolExecutor.runWorker(ThreadPoolExecutor.java:1149)
	at java.util.concurrent.ThreadPoolExecutor$Worker.run(ThreadPoolExecutor.java:624)
	at org.gradle.internal.concurrent.ThreadFactoryImpl$ManagedThreadRunnable.run(ThreadFactoryImpl.java:55)
	at java.lang.Thread.run(Thread.java:748)
Caused by: java.sql.SQLException: No suitable driver
	at java.sql.DriverManager.getDriver(DriverManager.java:315)
	at org.apache.commons.dbcp.BasicDataSource.createConnectionFactory(BasicDataSource.java:1437)
	... 63 more
2019-05-06 11:12:38,971  WARN (org.springframework.test.context.TestContextManager:268) - Caught exception while allowing TestExecutionListener [com.github.springtestdbunit.TransactionDbUnitTestExecutionListener@370c9af3] to process 'before' execution of test method [public void com.smart.dao.BoardDaoTest.addBoard() throws java.lang.Exception] for test instance [com.smart.dao.BoardDaoTest@6cd2321b]
org.apache.commons.dbcp.SQLNestedException: Cannot create JDBC driver of class 'org.postgresql.Driver' for connect URL 'æ]]>&#x95;<![CDATA[°æ]]>&#x8d;<![CDATA[®åº]]>&#x93;<![CDATA[è¿]]>&#x9e;<![CDATA[æ]]>&#x8e;<![CDATA[¥'
	at org.apache.commons.dbcp.BasicDataSource.createConnectionFactory(BasicDataSource.java:1452)
	at org.apache.commons.dbcp.BasicDataSource.createDataSource(BasicDataSource.java:1371)
	at org.apache.commons.dbcp.BasicDataSource.getConnection(BasicDataSource.java:1044)
	at org.springframework.jdbc.datasource.DataSourceUtils.doGetConnection(DataSourceUtils.java:111)
	at org.springframework.jdbc.datasource.TransactionAwareDataSourceProxy$TransactionAwareInvocationHandler.invoke(TransactionAwareDataSourceProxy.java:225)
	at com.sun.proxy.$Proxy53.createStatement(Unknown Source)
	at org.dbunit.database.statement.AbstractBatchStatement.<init>(AbstractBatchStatement.java:50)
	at org.dbunit.database.statement.SimpleStatement.<init>(SimpleStatement.java:49)
	at org.dbunit.database.statement.PreparedStatementFactory.createBatchStatement(PreparedStatementFactory.java:57)
	at org.dbunit.operation.DeleteAllOperation.execute(DeleteAllOperation.java:85)
	at org.dbunit.operation.CompositeOperation.execute(CompositeOperation.java:79)
	at com.github.springtestdbunit.DbUnitRunner.setupOrTeardown(DbUnitRunner.java:194)
	at com.github.springtestdbunit.DbUnitRunner.beforeTestMethod(DbUnitRunner.java:66)
	at com.github.springtestdbunit.DbUnitTestExecutionListener.beforeTestMethod(DbUnitTestExecutionListener.java:185)
	at com.github.springtestdbunit.TestExecutionListenerChain$3.call(TestExecutionListenerChain.java:94)
	at com.github.springtestdbunit.TestExecutionListenerChain.runChain(TestExecutionListenerChain.java:127)
	at com.github.springtestdbunit.TestExecutionListenerChain.forwards(TestExecutionListenerChain.java:116)
	at com.github.springtestdbunit.TestExecutionListenerChain.beforeTestMethod(TestExecutionListenerChain.java:92)
	at org.springframework.test.context.TestContextManager.beforeTestMethod(TestContextManager.java:265)
	at org.springframework.test.context.junit4.statements.RunBeforeTestMethodCallbacks.evaluate(RunBeforeTestMethodCallbacks.java:74)
	at org.springframework.test.context.junit4.statements.RunAfterTestMethodCallbacks.evaluate(RunAfterTestMethodCallbacks.java:86)
	at org.springframework.test.context.junit4.statements.SpringRepeat.evaluate(SpringRepeat.java:84)
	at org.junit.runners.ParentRunner.runLeaf(ParentRunner.java:325)
	at org.springframework.test.context.junit4.SpringJUnit4ClassRunner.runChild(SpringJUnit4ClassRunner.java:254)
	at org.springframework.test.context.junit4.SpringJUnit4ClassRunner.runChild(SpringJUnit4ClassRunner.java:89)
	at org.junit.runners.ParentRunner$3.run(ParentRunner.java:290)
	at org.junit.runners.ParentRunner$1.schedule(ParentRunner.java:71)
	at org.junit.runners.ParentRunner.runChildren(ParentRunner.java:288)
	at org.junit.runners.ParentRunner.access$000(ParentRunner.java:58)
	at org.junit.runners.ParentRunner$2.evaluate(ParentRunner.java:268)
	at org.springframework.test.context.junit4.statements.RunBeforeTestClassCallbacks.evaluate(RunBeforeTestClassCallbacks.java:61)
	at org.springframework.test.context.junit4.statements.RunAfterTestClassCallbacks.evaluate(RunAfterTestClassCallbacks.java:70)
	at org.junit.runners.ParentRunner.run(ParentRunner.java:363)
	at org.springframework.test.context.junit4.SpringJUnit4ClassRunner.run(SpringJUnit4ClassRunner.java:193)
	at org.gradle.api.internal.tasks.testing.junit.JUnitTestClassExecutor.runTestClass(JUnitTestClassExecutor.java:106)
	at org.gradle.api.internal.tasks.testing.junit.JUnitTestClassExecutor.execute(JUnitTestClassExecutor.java:58)
	at org.gradle.api.internal.tasks.testing.junit.JUnitTestClassExecutor.execute(JUnitTestClassExecutor.java:38)
	at org.gradle.api.internal.tasks.testing.junit.AbstractJUnitTestClassProcessor.processTestClass(AbstractJUnitTestClassProcessor.java:66)
	at org.gradle.api.internal.tasks.testing.SuiteTestClassProcessor.processTestClass(SuiteTestClassProcessor.java:51)
	at sun.reflect.NativeMethodAccessorImpl.invoke0(Native Method)
	at sun.reflect.NativeMethodAccessorImpl.invoke(NativeMethodAccessorImpl.java:62)
	at sun.reflect.DelegatingMethodAccessorImpl.invoke(DelegatingMethodAccessorImpl.java:43)
	at java.lang.reflect.Method.invoke(Method.java:498)
	at org.gradle.internal.dispatch.ReflectionDispatch.dispatch(ReflectionDispatch.java:35)
	at org.gradle.internal.dispatch.ReflectionDispatch.dispatch(ReflectionDispatch.java:24)
	at org.gradle.internal.dispatch.ContextClassLoaderDispatch.dispatch(ContextClassLoaderDispatch.java:32)
	at org.gradle.internal.dispatch.ProxyDispatchAdapter$DispatchingInvocationHandler.invoke(ProxyDispatchAdapter.java:93)
	at com.sun.proxy.$Proxy2.processTestClass(Unknown Source)
	at org.gradle.api.internal.tasks.testing.worker.TestWorker.processTestClass(TestWorker.java:117)
	at sun.reflect.NativeMethodAccessorImpl.invoke0(Native Method)
	at sun.reflect.NativeMethodAccessorImpl.invoke(NativeMethodAccessorImpl.java:62)
	at sun.reflect.DelegatingMethodAccessorImpl.invoke(DelegatingMethodAccessorImpl.java:43)
	at java.lang.reflect.Method.invoke(Method.java:498)
	at org.gradle.internal.dispatch.ReflectionDispatch.dispatch(ReflectionDispatch.java:35)
	at org.gradle.internal.dispatch.ReflectionDispatch.dispatch(ReflectionDispatch.java:24)
	at org.gradle.internal.remote.internal.hub.MessageHubBackedObjectConnection$DispatchWrapper.dispatch(MessageHubBackedObjectConnection.java:155)
	at org.gradle.internal.remote.internal.hub.MessageHubBackedObjectConnection$DispatchWrapper.dispatch(MessageHubBackedObjectConnection.java:137)
	at org.gradle.internal.remote.internal.hub.MessageHub$Handler.run(MessageHub.java:404)
	at org.gradle.internal.concurrent.ExecutorPolicy$CatchAndRecordFailures.onExecute(ExecutorPolicy.java:63)
	at org.gradle.internal.concurrent.ManagedExecutorImpl$1.run(ManagedExecutorImpl.java:46)
	at java.util.concurrent.ThreadPoolExecutor.runWorker(ThreadPoolExecutor.java:1149)
	at java.util.concurrent.ThreadPoolExecutor$Worker.run(ThreadPoolExecutor.java:624)
	at org.gradle.internal.concurrent.ThreadFactoryImpl$ManagedThreadRunnable.run(ThreadFactoryImpl.java:55)
	at java.lang.Thread.run(Thread.java:748)
Caused by: java.sql.SQLException: No suitable driver
	at java.sql.DriverManager.getDriver(DriverManager.java:315)
	at org.apache.commons.dbcp.BasicDataSource.createConnectionFactory(BasicDataSource.java:1437)
	... 63 more
2019-05-06 11:12:38,974 DEBUG (org.springframework.test.context.support.AbstractDirtiesContextTestExecutionListener:106) - After test method: context [DefaultTestContext@25424c71 testClass = BoardDaoTest, testInstance = com.smart.dao.BoardDaoTest@6cd2321b, testMethod = addBoard@BoardDaoTest, testException = org.apache.commons.dbcp.SQLNestedException: Cannot create JDBC driver of class 'org.postgresql.Driver' for connect URL 'æ]]>&#x95;<![CDATA[°æ]]>&#x8d;<![CDATA[®åº]]>&#x93;<![CDATA[è¿]]>&#x9e;<![CDATA[æ]]>&#x8e;<![CDATA[¥', mergedContextConfiguration = [MergedContextConfiguration@6ff2ffe6 testClass = BoardDaoTest, locations = '{}', classes = '{class com.smart.config.DaoConfig}', contextInitializerClasses = '[]', activeProfiles = '{}', propertySourceLocations = '{}', propertySourceProperties = '{}', contextLoader = 'org.springframework.test.context.support.DelegatingSmartContextLoader', parent = [null]]], class annotated with @DirtiesContext [false] with mode [null], method annotated with @DirtiesContext [false] with mode [null].
2019-05-06 11:12:38,974 DEBUG (org.springframework.test.context.support.AbstractDirtiesContextTestExecutionListener:106) - After test method: context [DefaultTestContext@25424c71 testClass = BoardDaoTest, testInstance = com.smart.dao.BoardDaoTest@6cd2321b, testMethod = addBoard@BoardDaoTest, testException = org.apache.commons.dbcp.SQLNestedException: Cannot create JDBC driver of class 'org.postgresql.Driver' for connect URL 'æ]]>&#x95;<![CDATA[°æ]]>&#x8d;<![CDATA[®åº]]>&#x93;<![CDATA[è¿]]>&#x9e;<![CDATA[æ]]>&#x8e;<![CDATA[¥', mergedContextConfiguration = [MergedContextConfiguration@6ff2ffe6 testClass = BoardDaoTest, locations = '{}', classes = '{class com.smart.config.DaoConfig}', contextInitializerClasses = '[]', activeProfiles = '{}', propertySourceLocations = '{}', propertySourceProperties = '{}', contextLoader = 'org.springframework.test.context.support.DelegatingSmartContextLoader', parent = [null]]], class annotated with @DirtiesContext [false] with mode [null], method annotated with @DirtiesContext [false] with mode [null].
2019-05-06 11:12:38,975 DEBUG (com.github.springtestdbunit.DbUnitTestExecutionListener:130) - Skipping @DatabaseTest expectation due to test exception class org.apache.commons.dbcp.SQLNestedException
2019-05-06 11:12:38,976 DEBUG (org.springframework.test.annotation.ProfileValueUtils:71) - Retrieved @ProfileValueSourceConfiguration [null] for test class [com.smart.dao.BoardDaoTest]
2019-05-06 11:12:38,976 DEBUG (org.springframework.test.annotation.ProfileValueUtils:71) - Retrieved @ProfileValueSourceConfiguration [null] for test class [com.smart.dao.BoardDaoTest]
2019-05-06 11:12:38,976 DEBUG (org.springframework.test.annotation.ProfileValueUtils:83) - Retrieved ProfileValueSource type [class org.springframework.test.annotation.SystemProfileValueSource] for class [com.smart.dao.BoardDaoTest]
2019-05-06 11:12:38,976 DEBUG (org.springframework.test.annotation.ProfileValueUtils:83) - Retrieved ProfileValueSource type [class org.springframework.test.annotation.SystemProfileValueSource] for class [com.smart.dao.BoardDaoTest]
2019-05-06 11:12:38,976 DEBUG (com.github.springtestdbunit.DbUnitTestExecutionListener:92) - Preparing test instance class com.smart.dao.BoardDaoTest for DBUnit
2019-05-06 11:12:38,977 DEBUG (org.springframework.test.context.cache.DefaultCacheAwareContextLoaderDelegate:129) - Retrieved ApplicationContext from cache with key [[MergedContextConfiguration@6ff2ffe6 testClass = BoardDaoTest, locations = '{}', classes = '{class com.smart.config.DaoConfig}', contextInitializerClasses = '[]', activeProfiles = '{}', propertySourceLocations = '{}', propertySourceProperties = '{}', contextLoader = 'org.springframework.test.context.support.DelegatingSmartContextLoader', parent = [null]]]
2019-05-06 11:12:38,977 DEBUG (org.springframework.test.context.cache.DefaultCacheAwareContextLoaderDelegate:129) - Retrieved ApplicationContext from cache with key [[MergedContextConfiguration@6ff2ffe6 testClass = BoardDaoTest, locations = '{}', classes = '{class com.smart.config.DaoConfig}', contextInitializerClasses = '[]', activeProfiles = '{}', propertySourceLocations = '{}', propertySourceProperties = '{}', contextLoader = 'org.springframework.test.context.support.DelegatingSmartContextLoader', parent = [null]]]
2019-05-06 11:12:38,977 DEBUG (org.springframework.test.context.cache:247) - Spring test ApplicationContext cache statistics: [DefaultContextCache@1cb274ec size = 1, parentContextCount = 0, hitCount = 6, missCount = 1]
2019-05-06 11:12:38,977 DEBUG (org.springframework.test.context.cache:247) - Spring test ApplicationContext cache statistics: [DefaultContextCache@1cb274ec size = 1, parentContextCount = 0, hitCount = 6, missCount = 1]
2019-05-06 11:12:38,977 DEBUG (org.springframework.test.context.cache.DefaultCacheAwareContextLoaderDelegate:129) - Retrieved ApplicationContext from cache with key [[MergedContextConfiguration@6ff2ffe6 testClass = BoardDaoTest, locations = '{}', classes = '{class com.smart.config.DaoConfig}', contextInitializerClasses = '[]', activeProfiles = '{}', propertySourceLocations = '{}', propertySourceProperties = '{}', contextLoader = 'org.springframework.test.context.support.DelegatingSmartContextLoader', parent = [null]]]
2019-05-06 11:12:38,977 DEBUG (org.springframework.test.context.cache.DefaultCacheAwareContextLoaderDelegate:129) - Retrieved ApplicationContext from cache with key [[MergedContextConfiguration@6ff2ffe6 testClass = BoardDaoTest, locations = '{}', classes = '{class com.smart.config.DaoConfig}', contextInitializerClasses = '[]', activeProfiles = '{}', propertySourceLocations = '{}', propertySourceProperties = '{}', contextLoader = 'org.springframework.test.context.support.DelegatingSmartContextLoader', parent = [null]]]
2019-05-06 11:12:38,977 DEBUG (org.springframework.test.context.cache:247) - Spring test ApplicationContext cache statistics: [DefaultContextCache@1cb274ec size = 1, parentContextCount = 0, hitCount = 7, missCount = 1]
2019-05-06 11:12:38,977 DEBUG (org.springframework.test.context.cache:247) - Spring test ApplicationContext cache statistics: [DefaultContextCache@1cb274ec size = 1, parentContextCount = 0, hitCount = 7, missCount = 1]
2019-05-06 11:12:38,977 DEBUG (org.springframework.test.context.cache.DefaultCacheAwareContextLoaderDelegate:129) - Retrieved ApplicationContext from cache with key [[MergedContextConfiguration@6ff2ffe6 testClass = BoardDaoTest, locations = '{}', classes = '{class com.smart.config.DaoConfig}', contextInitializerClasses = '[]', activeProfiles = '{}', propertySourceLocations = '{}', propertySourceProperties = '{}', contextLoader = 'org.springframework.test.context.support.DelegatingSmartContextLoader', parent = [null]]]
2019-05-06 11:12:38,977 DEBUG (org.springframework.test.context.cache.DefaultCacheAwareContextLoaderDelegate:129) - Retrieved ApplicationContext from cache with key [[MergedContextConfiguration@6ff2ffe6 testClass = BoardDaoTest, locations = '{}', classes = '{class com.smart.config.DaoConfig}', contextInitializerClasses = '[]', activeProfiles = '{}', propertySourceLocations = '{}', propertySourceProperties = '{}', contextLoader = 'org.springframework.test.context.support.DelegatingSmartContextLoader', parent = [null]]]
2019-05-06 11:12:38,978 DEBUG (org.springframework.test.context.cache:247) - Spring test ApplicationContext cache statistics: [DefaultContextCache@1cb274ec size = 1, parentContextCount = 0, hitCount = 8, missCount = 1]
2019-05-06 11:12:38,978 DEBUG (org.springframework.test.context.cache:247) - Spring test ApplicationContext cache statistics: [DefaultContextCache@1cb274ec size = 1, parentContextCount = 0, hitCount = 8, missCount = 1]
2019-05-06 11:12:38,978 DEBUG (com.github.springtestdbunit.DbUnitTestExecutionListener:121) - DBUnit tests will run using databaseConnection "dataSource", datasets will be loaded using class com.github.springtestdbunit.dataset.FlatXmlDataSetLoader
2019-05-06 11:12:38,978 DEBUG (org.springframework.test.context.cache.DefaultCacheAwareContextLoaderDelegate:129) - Retrieved ApplicationContext from cache with key [[MergedContextConfiguration@6ff2ffe6 testClass = BoardDaoTest, locations = '{}', classes = '{class com.smart.config.DaoConfig}', contextInitializerClasses = '[]', activeProfiles = '{}', propertySourceLocations = '{}', propertySourceProperties = '{}', contextLoader = 'org.springframework.test.context.support.DelegatingSmartContextLoader', parent = [null]]]
2019-05-06 11:12:38,978 DEBUG (org.springframework.test.context.cache.DefaultCacheAwareContextLoaderDelegate:129) - Retrieved ApplicationContext from cache with key [[MergedContextConfiguration@6ff2ffe6 testClass = BoardDaoTest, locations = '{}', classes = '{class com.smart.config.DaoConfig}', contextInitializerClasses = '[]', activeProfiles = '{}', propertySourceLocations = '{}', propertySourceProperties = '{}', contextLoader = 'org.springframework.test.context.support.DelegatingSmartContextLoader', parent = [null]]]
2019-05-06 11:12:38,978 DEBUG (org.springframework.test.context.cache:247) - Spring test ApplicationContext cache statistics: [DefaultContextCache@1cb274ec size = 1, parentContextCount = 0, hitCount = 9, missCount = 1]
2019-05-06 11:12:38,978 DEBUG (org.springframework.test.context.cache:247) - Spring test ApplicationContext cache statistics: [DefaultContextCache@1cb274ec size = 1, parentContextCount = 0, hitCount = 9, missCount = 1]
2019-05-06 11:12:38,978 DEBUG (org.springframework.beans.factory.support.DefaultListableBeanFactory:250) - Returning cached instance of singleton bean 'dataSource'
2019-05-06 11:12:38,978 DEBUG (org.springframework.beans.factory.support.DefaultListableBeanFactory:250) - Returning cached instance of singleton bean 'dataSource'
2019-05-06 11:12:38,978 DEBUG (org.springframework.test.context.support.DependencyInjectionTestExecutionListener:81) - Performing dependency injection for test context [[DefaultTestContext@25424c71 testClass = BoardDaoTest, testInstance = com.smart.dao.BoardDaoTest@4fb0d0a6, testMethod = [null], testException = [null], mergedContextConfiguration = [MergedContextConfiguration@6ff2ffe6 testClass = BoardDaoTest, locations = '{}', classes = '{class com.smart.config.DaoConfig}', contextInitializerClasses = '[]', activeProfiles = '{}', propertySourceLocations = '{}', propertySourceProperties = '{}', contextLoader = 'org.springframework.test.context.support.DelegatingSmartContextLoader', parent = [null]]]].
2019-05-06 11:12:38,978 DEBUG (org.springframework.test.context.support.DependencyInjectionTestExecutionListener:81) - Performing dependency injection for test context [[DefaultTestContext@25424c71 testClass = BoardDaoTest, testInstance = com.smart.dao.BoardDaoTest@4fb0d0a6, testMethod = [null], testException = [null], mergedContextConfiguration = [MergedContextConfiguration@6ff2ffe6 testClass = BoardDaoTest, locations = '{}', classes = '{class com.smart.config.DaoConfig}', contextInitializerClasses = '[]', activeProfiles = '{}', propertySourceLocations = '{}', propertySourceProperties = '{}', contextLoader = 'org.springframework.test.context.support.DelegatingSmartContextLoader', parent = [null]]]].
2019-05-06 11:12:38,978 DEBUG (org.springframework.test.context.cache.DefaultCacheAwareContextLoaderDelegate:129) - Retrieved ApplicationContext from cache with key [[MergedContextConfiguration@6ff2ffe6 testClass = BoardDaoTest, locations = '{}', classes = '{class com.smart.config.DaoConfig}', contextInitializerClasses = '[]', activeProfiles = '{}', propertySourceLocations = '{}', propertySourceProperties = '{}', contextLoader = 'org.springframework.test.context.support.DelegatingSmartContextLoader', parent = [null]]]
2019-05-06 11:12:38,978 DEBUG (org.springframework.test.context.cache.DefaultCacheAwareContextLoaderDelegate:129) - Retrieved ApplicationContext from cache with key [[MergedContextConfiguration@6ff2ffe6 testClass = BoardDaoTest, locations = '{}', classes = '{class com.smart.config.DaoConfig}', contextInitializerClasses = '[]', activeProfiles = '{}', propertySourceLocations = '{}', propertySourceProperties = '{}', contextLoader = 'org.springframework.test.context.support.DelegatingSmartContextLoader', parent = [null]]]
2019-05-06 11:12:38,979 DEBUG (org.springframework.test.context.cache:247) - Spring test ApplicationContext cache statistics: [DefaultContextCache@1cb274ec size = 1, parentContextCount = 0, hitCount = 10, missCount = 1]
2019-05-06 11:12:38,979 DEBUG (org.springframework.test.context.cache:247) - Spring test ApplicationContext cache statistics: [DefaultContextCache@1cb274ec size = 1, parentContextCount = 0, hitCount = 10, missCount = 1]
2019-05-06 11:12:38,979 DEBUG (org.springframework.beans.factory.annotation.InjectionMetadata:86) - Processing injected element of bean 'com.smart.dao.BoardDaoTest': AutowiredFieldElement for private com.smart.dao.BoardDao com.smart.dao.BoardDaoTest.boardDao
2019-05-06 11:12:38,979 DEBUG (org.springframework.beans.factory.annotation.InjectionMetadata:86) - Processing injected element of bean 'com.smart.dao.BoardDaoTest': AutowiredFieldElement for private com.smart.dao.BoardDao com.smart.dao.BoardDaoTest.boardDao
2019-05-06 11:12:38,979 DEBUG (org.springframework.beans.factory.support.DefaultListableBeanFactory:250) - Returning cached instance of singleton bean 'boardDao'
2019-05-06 11:12:38,979 DEBUG (org.springframework.beans.factory.support.DefaultListableBeanFactory:250) - Returning cached instance of singleton bean 'boardDao'
2019-05-06 11:12:38,979 DEBUG (org.springframework.beans.factory.support.DefaultListableBeanFactory:250) - Returning cached instance of singleton bean 'org.springframework.transaction.config.internalTransactionAdvisor'
2019-05-06 11:12:38,979 DEBUG (org.springframework.beans.factory.support.DefaultListableBeanFactory:250) - Returning cached instance of singleton bean 'org.springframework.transaction.config.internalTransactionAdvisor'
2019-05-06 11:12:38,979 DEBUG (org.springframework.aop.framework.autoproxy.InfrastructureAdvisorAutoProxyCreator:505) - Creating implicit proxy for bean 'com.smart.dao.BoardDaoTest' with 0 common interceptors and 1 specific interceptors
2019-05-06 11:12:38,979 DEBUG (org.springframework.aop.framework.autoproxy.InfrastructureAdvisorAutoProxyCreator:505) - Creating implicit proxy for bean 'com.smart.dao.BoardDaoTest' with 0 common interceptors and 1 specific interceptors
2019-05-06 11:12:38,979 DEBUG (org.springframework.aop.framework.CglibAopProxy:158) - Creating CGLIB proxy: target source is SingletonTargetSource for target object [com.smart.dao.BoardDaoTest@4fb0d0a6]
2019-05-06 11:12:38,979 DEBUG (org.springframework.aop.framework.CglibAopProxy:158) - Creating CGLIB proxy: target source is SingletonTargetSource for target object [com.smart.dao.BoardDaoTest@4fb0d0a6]
2019-05-06 11:12:38,980 DEBUG (org.springframework.transaction.annotation.AnnotationTransactionAttributeSource:108) - Adding transactional method 'BoardDaoTest.getBoard' with attribute: PROPAGATION_REQUIRED,ISOLATION_DEFAULT; ''
2019-05-06 11:12:38,980 DEBUG (org.springframework.transaction.annotation.AnnotationTransactionAttributeSource:108) - Adding transactional method 'BoardDaoTest.getBoard' with attribute: PROPAGATION_REQUIRED,ISOLATION_DEFAULT; ''
2019-05-06 11:12:38,980 DEBUG (org.springframework.test.context.transaction.TransactionalTestExecutionListener:180) - Explicit transaction definition [PROPAGATION_REQUIRED,ISOLATION_DEFAULT; ''] found for test context [DefaultTestContext@25424c71 testClass = BoardDaoTest, testInstance = com.smart.dao.BoardDaoTest@4fb0d0a6, testMethod = getBoard@BoardDaoTest, testException = [null], mergedContextConfiguration = [MergedContextConfiguration@6ff2ffe6 testClass = BoardDaoTest, locations = '{}', classes = '{class com.smart.config.DaoConfig}', contextInitializerClasses = '[]', activeProfiles = '{}', propertySourceLocations = '{}', propertySourceProperties = '{}', contextLoader = 'org.springframework.test.context.support.DelegatingSmartContextLoader', parent = [null]]]
2019-05-06 11:12:38,980 DEBUG (org.springframework.test.context.transaction.TransactionalTestExecutionListener:180) - Explicit transaction definition [PROPAGATION_REQUIRED,ISOLATION_DEFAULT; ''] found for test context [DefaultTestContext@25424c71 testClass = BoardDaoTest, testInstance = com.smart.dao.BoardDaoTest@4fb0d0a6, testMethod = getBoard@BoardDaoTest, testException = [null], mergedContextConfiguration = [MergedContextConfiguration@6ff2ffe6 testClass = BoardDaoTest, locations = '{}', classes = '{class com.smart.config.DaoConfig}', contextInitializerClasses = '[]', activeProfiles = '{}', propertySourceLocations = '{}', propertySourceProperties = '{}', contextLoader = 'org.springframework.test.context.support.DelegatingSmartContextLoader', parent = [null]]]
2019-05-06 11:12:38,980 DEBUG (org.springframework.test.context.cache.DefaultCacheAwareContextLoaderDelegate:129) - Retrieved ApplicationContext from cache with key [[MergedContextConfiguration@6ff2ffe6 testClass = BoardDaoTest, locations = '{}', classes = '{class com.smart.config.DaoConfig}', contextInitializerClasses = '[]', activeProfiles = '{}', propertySourceLocations = '{}', propertySourceProperties = '{}', contextLoader = 'org.springframework.test.context.support.DelegatingSmartContextLoader', parent = [null]]]
2019-05-06 11:12:38,980 DEBUG (org.springframework.test.context.cache.DefaultCacheAwareContextLoaderDelegate:129) - Retrieved ApplicationContext from cache with key [[MergedContextConfiguration@6ff2ffe6 testClass = BoardDaoTest, locations = '{}', classes = '{class com.smart.config.DaoConfig}', contextInitializerClasses = '[]', activeProfiles = '{}', propertySourceLocations = '{}', propertySourceProperties = '{}', contextLoader = 'org.springframework.test.context.support.DelegatingSmartContextLoader', parent = [null]]]
2019-05-06 11:12:38,980 DEBUG (org.springframework.test.context.cache:247) - Spring test ApplicationContext cache statistics: [DefaultContextCache@1cb274ec size = 1, parentContextCount = 0, hitCount = 11, missCount = 1]
2019-05-06 11:12:38,980 DEBUG (org.springframework.test.context.cache:247) - Spring test ApplicationContext cache statistics: [DefaultContextCache@1cb274ec size = 1, parentContextCount = 0, hitCount = 11, missCount = 1]
2019-05-06 11:12:38,980 DEBUG (org.springframework.beans.factory.support.DefaultListableBeanFactory:250) - Returning cached instance of singleton bean 'hibernateTransactionManager'
2019-05-06 11:12:38,980 DEBUG (org.springframework.beans.factory.support.DefaultListableBeanFactory:250) - Returning cached instance of singleton bean 'hibernateTransactionManager'
2019-05-06 11:12:38,981 DEBUG (org.springframework.test.context.transaction.TransactionalTestExecutionListener:414) - No method-level @Rollback override: using default rollback [true] for test context [DefaultTestContext@25424c71 testClass = BoardDaoTest, testInstance = com.smart.dao.BoardDaoTest@4fb0d0a6, testMethod = getBoard@BoardDaoTest, testException = [null], mergedContextConfiguration = [MergedContextConfiguration@6ff2ffe6 testClass = BoardDaoTest, locations = '{}', classes = '{class com.smart.config.DaoConfig}', contextInitializerClasses = '[]', activeProfiles = '{}', propertySourceLocations = '{}', propertySourceProperties = '{}', contextLoader = 'org.springframework.test.context.support.DelegatingSmartContextLoader', parent = [null]]].
2019-05-06 11:12:38,981 DEBUG (org.springframework.test.context.transaction.TransactionalTestExecutionListener:414) - No method-level @Rollback override: using default rollback [true] for test context [DefaultTestContext@25424c71 testClass = BoardDaoTest, testInstance = com.smart.dao.BoardDaoTest@4fb0d0a6, testMethod = getBoard@BoardDaoTest, testException = [null], mergedContextConfiguration = [MergedContextConfiguration@6ff2ffe6 testClass = BoardDaoTest, locations = '{}', classes = '{class com.smart.config.DaoConfig}', contextInitializerClasses = '[]', activeProfiles = '{}', propertySourceLocations = '{}', propertySourceProperties = '{}', contextLoader = 'org.springframework.test.context.support.DelegatingSmartContextLoader', parent = [null]]].
2019-05-06 11:12:38,981 DEBUG (org.springframework.orm.hibernate4.HibernateTransactionManager:367) - Creating new transaction with name [com.smart.dao.BoardDaoTest.getBoard]: PROPAGATION_REQUIRED,ISOLATION_DEFAULT; ''
2019-05-06 11:12:38,981 DEBUG (org.springframework.orm.hibernate4.HibernateTransactionManager:367) - Creating new transaction with name [com.smart.dao.BoardDaoTest.getBoard]: PROPAGATION_REQUIRED,ISOLATION_DEFAULT; ''
2019-05-06 11:12:38,981 DEBUG (org.springframework.orm.hibernate4.HibernateTransactionManager:438) - Opened new Session [SessionImpl(PersistenceContext[entityKeys=[],collectionKeys=[]];ActionQueue[insertions=[] updates=[] deletions=[] collectionCreations=[] collectionRemovals=[] collectionUpdates=[] unresolvedInsertDependencies=UnresolvedEntityInsertActions[]])] for Hibernate transaction
2019-05-06 11:12:38,981 DEBUG (org.springframework.orm.hibernate4.HibernateTransactionManager:438) - Opened new Session [SessionImpl(PersistenceContext[entityKeys=[],collectionKeys=[]];ActionQueue[insertions=[] updates=[] deletions=[] collectionCreations=[] collectionRemovals=[] collectionUpdates=[] unresolvedInsertDependencies=UnresolvedEntityInsertActions[]])] for Hibernate transaction
2019-05-06 11:12:38,981 DEBUG (org.springframework.orm.hibernate4.HibernateTransactionManager:448) - Preparing JDBC Connection of Hibernate Session [SessionImpl(PersistenceContext[entityKeys=[],collectionKeys=[]];ActionQueue[insertions=[] updates=[] deletions=[] collectionCreations=[] collectionRemovals=[] collectionUpdates=[] unresolvedInsertDependencies=UnresolvedEntityInsertActions[]])]
2019-05-06 11:12:38,981 DEBUG (org.springframework.orm.hibernate4.HibernateTransactionManager:448) - Preparing JDBC Connection of Hibernate Session [SessionImpl(PersistenceContext[entityKeys=[],collectionKeys=[]];ActionQueue[insertions=[] updates=[] deletions=[] collectionCreations=[] collectionRemovals=[] collectionUpdates=[] unresolvedInsertDependencies=UnresolvedEntityInsertActions[]])]
2019-05-06 11:12:38,981 DEBUG (org.hibernate.engine.jdbc.internal.LogicalConnectionImpl:212) - Obtaining JDBC connection
hain.runChain(TestExecutionListenerChain.java:127)
	at com.github.springtestdbunit.TestExecutionListenerChain.forwards(TestExecutionListenerChain.java:116)
	at com.github.springtestdbunit.TestExecutionListenerChain.beforeTestMethod(TestExecutionListenerChain.java:92)
	at org.springframework.test.context.TestContextManager.beforeTestMethod(TestContextManager.java:265)
	at org.springframework.test.context.junit4.statements.RunBeforeTestMethodCallbacks.evaluate(RunBeforeTestMethodCallbacks.java:74)
	at org.springframework.test.context.junit4.statements.RunAfterTestMethodCallbacks.evaluate(RunAfterTestMethodCallbacks.java:86)
	at org.springframework.test.context.junit4.statements.SpringRepeat.evaluate(SpringRepeat.java:84)
	at org.junit.runners.ParentRunner.runLeaf(ParentRunner.java:325)
	at org.springframework.test.context.junit4.SpringJUnit4ClassRunner.runChild(SpringJUnit4ClassRunner.java:254)
	at org.springframework.test.context.junit4.SpringJUnit4ClassRunner.runChild(SpringJUnit4ClassRunner.java:89)
	at org.junit.runners.ParentRunner$3.run(ParentRunner.java:290)
	at org.junit.runners.ParentRunner$1.schedule(ParentRunner.java:71)
	at org.junit.runners.ParentRunner.runChildren(ParentRunner.java:288)
	at org.junit.runners.ParentRunner.access$000(ParentRunner.java:58)
	at org.junit.runners.ParentRunner$2.evaluate(ParentRunner.java:268)
	at org.springframework.test.context.junit4.statements.RunBeforeTestClassCallbacks.evaluate(RunBeforeTestClassCallbacks.java:61)
	at org.springframework.test.context.junit4.statements.RunAfterTestClassCallbacks.evaluate(RunAfterTestClassCallbacks.java:70)
	at org.junit.runners.ParentRunner.run(ParentRunner.java:363)
	at org.springframework.test.context.junit4.SpringJUnit4ClassRunner.run(SpringJUnit4ClassRunner.java:193)
	at org.gradle.api.internal.tasks.testing.junit.JUnitTestClassExecutor.runTestClass(JUnitTestClassExecutor.java:106)
	at org.gradle.api.internal.tasks.testing.junit.JUnitTestClassExecutor.execute(JUnitTestClassExecutor.java:58)
	at org.gradle.api.internal.tasks.testing.junit.JUnitTestClassExecutor.execute(JUnitTestClassExecutor.java:38)
	at org.gradle.api.internal.tasks.testing.junit.AbstractJUnitTestClassProcessor.processTestClass(AbstractJUnitTestClassProcessor.java:66)
	at org.gradle.api.internal.tasks.testing.SuiteTestClassProcessor.processTestClass(SuiteTestClassProcessor.java:51)
	at sun.reflect.NativeMethodAccessorImpl.invoke0(Native Method)
	at sun.reflect.NativeMethodAccessorImpl.invoke(NativeMethodAccessorImpl.java:62)
	at sun.reflect.DelegatingMethodAccessorImpl.invoke(DelegatingMethodAccessorImpl.java:43)
	at java.lang.reflect.Method.invoke(Method.java:498)
	at org.gradle.internal.dispatch.ReflectionDispatch.dispatch(ReflectionDispatch.java:35)
	at org.gradle.internal.dispatch.ReflectionDispatch.dispatch(ReflectionDispatch.java:24)
	at org.gradle.internal.dispatch.ContextClassLoaderDispatch.dispatch(ContextClassLoaderDispatch.java:32)
	at org.gradle.internal.dispatch.ProxyDispatchAdapter$DispatchingInvocationHandler.invoke(ProxyDispatchAdapter.java:93)
	at com.sun.proxy.$Proxy2.processTestClass(Unknown Source)
	at org.gradle.api.internal.tasks.testing.worker.TestWorker.processTestClass(TestWorker.java:117)
	at sun.reflect.NativeMethodAccessorImpl.invoke0(Native Method)
	at sun.reflect.NativeMethodAccessorImpl.invoke(NativeMethodAccessorImpl.java:62)
	at sun.reflect.DelegatingMethodAccessorImpl.invoke(DelegatingMethodAccessorImpl.java:43)
	at java.lang.reflect.Method.invoke(Method.java:498)
	at org.gradle.internal.dispatch.ReflectionDispatch.dispatch(ReflectionDispatch.java:35)
	at org.gradle.internal.dispatch.ReflectionDispatch.dispatch(ReflectionDispatch.java:24)
	at org.gradle.internal.remote.internal.hub.MessageHubBackedObjectConnection$DispatchWrapper.dispatch(MessageHubBackedObjectConnection.java:155)
	at org.gradle.internal.remote.internal.hub.MessageHubBackedObjectConnection$DispatchWrapper.dispatch(MessageHubBackedObjectConnection.java:137)
	at org.gradle.internal.remote.internal.hub.MessageHub$Handler.run(MessageHub.java:404)
	at org.gradle.internal.concurrent.ExecutorPolicy$CatchAndRecordFailures.onExecute(ExecutorPolicy.java:63)
	at org.gradle.internal.concurrent.ManagedExecutorImpl$1.run(ManagedExecutorImpl.java:46)
	at java.util.concurrent.ThreadPoolExecutor.runWorker(ThreadPoolExecutor.java:1149)
	at java.util.concurrent.ThreadPoolExecutor$Worker.run(ThreadPoolExecutor.java:624)
	at org.gradle.internal.concurrent.ThreadFactoryImpl$ManagedThreadRunnable.run(ThreadFactoryImpl.java:55)
	at java.lang.Thread.run(Thread.java:748)
Cannot create JDBC driver of class 'org.postgresql.Driver' for connect URL 'æ]]>&#x95;<![CDATA[°æ]]>&#x8d;<![CDATA[®åº]]>&#x93;<![CDATA[è¿]]>&#x9e;<![CDATA[æ]]>&#x8e;<![CDATA[¥'
java.sql.SQLException: No suitable driver
	at java.sql.DriverManager.getDriver(DriverManager.java:315)
	at org.apache.commons.dbcp.BasicDataSource.createConnectionFactory(BasicDataSource.java:1437)
	at org.apache.commons.dbcp.BasicDataSource.createDataSource(BasicDataSource.java:1371)
	at org.apache.commons.dbcp.BasicDataSource.getConnection(BasicDataSource.java:1044)
	at org.hibernate.service.jdbc.connections.internal.DatasourceConnectionProviderImpl.getConnection(DatasourceConnectionProviderImpl.java:141)
	at org.hibernate.internal.AbstractSessionImpl$NonContextualJdbcConnectionAccess.obtainConnection(AbstractSessionImpl.java:292)
	at org.hibernate.engine.jdbc.internal.LogicalConnectionImpl.obtainConnection(LogicalConnectionImpl.java:214)
	at org.hibernate.engine.jdbc.internal.LogicalConnectionImpl.getConnection(LogicalConnectionImpl.java:157)
	at org.hibernate.internal.SessionImpl.connection(SessionImpl.java:549)
	at org.springframework.orm.hibernate4.HibernateTransactionManager.doBegin(HibernateTransactionManager.java:450)
	at org.springframework.transaction.support.AbstractPlatformTransactionManager.getTransaction(AbstractPlatformTransactionManager.java:373)
	at org.springframework.test.context.transaction.TransactionContext.startTransaction(TransactionContext.java:98)
	at org.springframework.test.context.transaction.TransactionalTestExecutionListener.beforeTestMethod(TransactionalTestExecutionListener.java:194)
	at com.github.springtestdbunit.TestExecutionListenerChain$3.call(TestExecutionListenerChain.java:94)
	at com.github.springtestdbunit.TestExecutionListenerChain.runChain(TestExecutionListenerChain.java:127)
	at com.github.springtestdbunit.TestExecutionListenerChain.forwards(TestExecutionListenerChain.java:116)
	at com.github.springtestdbunit.TestExecutionListenerChain.beforeTestMethod(TestExecutionListenerChain.java:92)
	at org.springframework.test.context.TestContextManager.beforeTestMethod(TestContextManager.java:265)
	at org.springframework.test.context.junit4.statements.RunBeforeTestMethodCallbacks.evaluate(RunBeforeTestMethodCallbacks.java:74)
	at org.springframework.test.context.junit4.statements.RunAfterTestMethodCallbacks.evaluate(RunAfterTestMethodCallbacks.java:86)
	at org.springframework.test.context.junit4.statements.SpringRepeat.evaluate(SpringRepeat.java:84)
	at org.junit.runners.ParentRunner.runLeaf(ParentRunner.java:325)
	at org.springframework.test.context.junit4.SpringJUnit4ClassRunner.runChild(SpringJUnit4ClassRunner.java:254)
	at org.springframework.test.context.junit4.SpringJUnit4ClassRunner.runChild(SpringJUnit4ClassRunner.java:89)
	at org.junit.runners.ParentRunner$3.run(ParentRunner.java:290)
	at org.junit.runners.ParentRunner$1.schedule(ParentRunner.java:71)
	at org.junit.runners.ParentRunner.runChildren(ParentRunner.java:288)
	at org.junit.runners.ParentRunner.access$000(ParentRunner.java:58)
	at org.junit.runners.ParentRunner$2.evaluate(ParentRunner.java:268)
	at org.springframework.test.context.junit4.statements.RunBeforeTestClassCallbacks.evaluate(RunBeforeTestClassCallbacks.java:61)
	at org.springframework.test.context.junit4.statements.RunAfterTestClassCallbacks.evaluate(RunAfterTestClassCallbacks.java:70)
	at org.junit.runners.ParentRunner.run(ParentRunner.java:363)
	at org.springframework.test.context.junit4.SpringJUnit4ClassRunner.run(SpringJUnit4ClassRunner.java:193)
	at org.gradle.api.internal.tasks.testing.junit.JUnitTestClassExecutor.runTestClass(JUnitTestClassExecutor.java:106)
	at org.grad2019-05-06 11:12:38,982 DEBUG (org.hibernate.engine.jdbc.spi.SqlExceptionHelper:139) - Could not open connection [n/a]
org.apache.commons.dbcp.SQLNestedException: Cannot create JDBC driver of class 'org.postgresql.Driver' for connect URL 'æ]]>&#x95;<![CDATA[°æ]]>&#x8d;<![CDATA[®åº]]>&#x93;<![CDATA[è¿]]>&#x9e;<![CDATA[æ]]>&#x8e;<![CDATA[¥'
	at org.apache.commons.dbcp.BasicDataSource.createConnectionFactory(BasicDataSource.java:1452)
	at org.apache.commons.dbcp.BasicDataSource.createDataSource(BasicDataSource.java:1371)
	at org.apache.commons.dbcp.BasicDataSource.getConnection(BasicDataSource.java:1044)
	at org.hibernate.service.jdbc.connections.internal.DatasourceConnectionProviderImpl.getConnection(DatasourceConnectionProviderImpl.java:141)
	at org.hibernate.internal.AbstractSessionImpl$NonContextualJdbcConnectionAccess.obtainConnection(AbstractSessionImpl.java:292)
	at org.hibernate.engine.jdbc.internal.LogicalConnectionImpl.obtainConnection(LogicalConnectionImpl.java:214)
	at org.hibernate.engine.jdbc.internal.LogicalConnectionImpl.getConnection(LogicalConnectionImpl.java:157)
	at org.hibernate.internal.SessionImpl.connection(SessionImpl.java:549)
	at org.springframework.orm.hibernate4.HibernateTransactionManager.doBegin(HibernateTransactionManager.java:450)
	at org.springframework.transaction.support.AbstractPlatformTransactionManager.getTransaction(AbstractPlatformTransactionManager.java:373)
	at org.springframework.test.context.transaction.TransactionContext.startTransaction(TransactionContext.java:98)
	at org.springframework.test.context.transaction.TransactionalTestExecutionListener.beforeTestMethod(TransactionalTestExecutionListener.java:194)
	at com.github.springtestdbunit.TestExecutionListenerChain$3.call(TestExecutionListenerChain.java:94)
	at com.github.springtestdbunit.TestExecutionListenerChain.runChain(TestExecutionListenerChain.java:127)
	at com.github.springtestdbunit.TestExecutionListenerChain.forwards(TestExecutionListenerChain.java:116)
	at com.github.springtestdbunit.TestExecutionListenerChain.beforeTestMethod(TestExecutionListenerChain.java:92)
	at org.springframework.test.context.TestContextManager.beforeTestMethod(TestContextManager.java:265)
	at org.springframework.test.context.junit4.statements.RunBeforeTestMethodCallbacks.evaluate(RunBeforeTestMethodCallbacks.java:74)
	at org.springframework.test.context.junit4.statements.RunAfterTestMethodCallbacks.evaluate(RunAfterTestMethodCallbacks.java:86)
	at org.springframework.test.context.junit4.statements.SpringRepeat.evaluate(SpringRepeat.java:84)
	at org.junit.runners.ParentRunner.runLeaf(ParentRunner.java:325)
	at org.springframework.test.context.junit4.SpringJUnit4ClassRunner.runChild(SpringJUnit4ClassRunner.java:254)
	at org.springframework.test.context.junit4.SpringJUnit4ClassRunner.runChild(SpringJUnit4ClassRunner.java:89)
	at org.junit.runners.ParentRunner$3.run(ParentRunner.java:290)
	at org.junit.runners.ParentRunner$1.schedule(ParentRunner.java:71)
	at org.junit.runners.ParentRunner.runChildren(ParentRunner.java:288)
	at org.junit.runners.ParentRunner.access$000(ParentRunner.java:58)
	at org.junit.runners.ParentRunner$2.evaluate(ParentRunner.java:268)
	at org.springframework.test.context.junit4.statements.RunBeforeTestClassCallbacks.evaluate(RunBeforeTestClassCallbacks.java:61)
	at org.springframework.test.context.junit4.statements.RunAfterTestClassCallbacks.evaluate(RunAfterTestClassCallbacks.java:70)
	at org.junit.runners.ParentRunner.run(ParentRunner.java:363)
	at org.springframework.test.context.junit4.SpringJUnit4ClassRunner.run(SpringJUnit4ClassRunner.java:193)
	at org.gradle.api.internal.tasks.testing.junit.JUnitTestClassExecutor.runTestClass(JUnitTestClassExecutor.java:106)
	at org.gradle.api.internal.tasks.testing.junit.JUnitTestClassExecutor.execute(JUnitTestClassExecutor.java:58)
	at org.gradle.api.internal.tasks.testing.junit.JUnitTestClassExecutor.execute(JUnitTestClassExecutor.java:38)
	at org.gradle.api.internal.tasks.testing.junit.AbstractJUnitTestClassProcessor.processTestClass(AbstractJUnitTestClassProcessor.java:66)
	at org.gradle.api.internal.tasks.testing.SuiteTestClassProcessor.processTestClass(SuiteTestClassProcessor.java:51)
	at sun.reflect.NativeMethodAccessorImpl.invoke0(Native Method)
	at sun.reflect.NativeMethodAccessorImpl.invoke(NativeMethodAccessorImpl.java:62)
	at sun.reflect.DelegatingMethodAccessorImpl.invoke(DelegatingMethodAccessorImpl.java:43)
	at java.lang.reflect.Method.invoke(Method.java:498)
	at org.gradle.internal.dispatch.ReflectionDispatch.dispatch(ReflectionDispatch.java:35)
	at org.gradle.internal.dispatch.ReflectionDispatch.dispatch(ReflectionDispatch.java:24)
	at org.gradle.internal.dispatch.ContextClassLoaderDispatch.dispatch(ContextClassLoaderDispatch.java:32)
	at org.gradle.internal.dispatch.ProxyDispatchAdapter$DispatchingInvocationHandler.invoke(ProxyDispatchAdapter.java:93)
	at com.sun.proxy.$Proxy2.processTestClass(Unknown Source)
	at org.gradle.api.internal.tasks.testing.worker.TestWorker.processTestClass(TestWorker.java:117)
	at sun.reflect.NativeMethodAccessorImpl.invoke0(Native Method)
	at sun.reflect.NativeMethodAccessorImpl.invoke(NativeMethodAccessorImpl.java:62)
	at sun.reflect.DelegatingMethodAccessorImpl.invoke(DelegatingMethodAccessorImpl.java:43)
	at java.lang.reflect.Method.invoke(Method.java:498)
	at org.gradle.internal.dispatch.ReflectionDispatch.dispatch(ReflectionDispatch.java:35)
	at org.gradle.internal.dispatch.ReflectionDispatch.dispatch(ReflectionDispatch.java:24)
	at org.gradle.internal.remote.internal.hub.MessageHubBackedObjectConnection$DispatchWrapper.dispatch(MessageHubBackedObjectConnection.java:155)
	at org.gradle.internal.remote.internal.hub.MessageHubBackedObjectConnection$DispatchWrapper.dispatch(MessageHubBackedObjectConnection.java:137)
	at org.gradle.internal.remote.internal.hub.MessageHub$Handler.run(MessageHub.java:404)
	at org.gradle.internal.concurrent.ExecutorPolicy$CatchAndRecordFailures.onExecute(ExecutorPolicy.java:63)
	at org.gradle.internal.concurrent.ManagedExecutorImpl$1.run(ManagedExecutorImpl.java:46)
	at java.util.concurrent.ThreadPoolExecutor.runWorker(ThreadPoolExecutor.java:1149)
	at java.util.concurrent.ThreadPoolExecutor$Worker.run(ThreadPoolExecutor.java:624)
	at org.gradle.internal.concurrent.ThreadFactoryImpl$ManagedThreadRunnable.run(ThreadFactoryImpl.java:55)
	at java.lang.Thread.run(Thread.java:748)
Caused by: java.sql.SQLException: No suitable driver
	at java.sql.DriverManager.getDriver(DriverManager.java:315)
	at org.apache.commons.dbcp.BasicDataSource.createConnectionFactory(BasicDataSource.java:1437)
	... 61 more
2019-05-06 11:12:38,983  WARN (org.hibernate.engine.jdbc.spi.SqlExceptionHelper:143) - SQL Error: 0, SQLState: null
2019-05-06 11:12:38,983 ERROR (org.hibernate.engine.jdbc.spi.SqlExceptionHelper:144) - Cannot create JDBC driver of class 'org.postgresql.Driver' for connect URL 'æ]]>&#x95;<![CDATA[°æ]]>&#x8d;<![CDATA[®åº]]>&#x93;<![CDATA[è¿]]>&#x9e;<![CDATA[æ]]>&#x8e;<![CDATA[¥'
2019-05-06 11:12:38,986 DEBUG (com.github.springtestdbunit.DbUnitTestExecutionListener:189) - Executing Setup of @DatabaseTest using CLEAN_INSERT on [AbstractDataSet[_orderedTableNameMap=null]]
2019-05-06 11:12:38,987 DEBUG (org.springframework.jdbc.datasource.DataSourceUtils:110) - Fetching JDBC Connection from DataSource
2019-05-06 11:12:38,987 DEBUG (org.springframework.jdbc.datasource.DataSourceUtils:110) - Fetching JDBC Connection from DataSource
le.api.internal.tasks.testing.junit.JUnitTestClassExecutor.execute(JUnitTestClassExecutor.java:58)
	at org.gradle.api.internal.tasks.testing.junit.JUnitTestClassExecutor.execute(JUnitTestClassExecutor.java:38)
	at org.gradle.api.internal.tasks.testing.junit.AbstractJUnitTestClassProcessor.processTestClass(AbstractJUnitTestClassProcessor.java:66)
	at org.gradle.api.internal.tasks.testing.SuiteTestClassProcessor.processTestClass(SuiteTestClassProcessor.java:51)
	at sun.reflect.NativeMethodAccessorImpl.invoke0(Native Method)
	at sun.reflect.NativeMethodAccessorImpl.invoke(NativeMethodAccessorImpl.java:62)
	at sun.reflect.DelegatingMethodAccessorImpl.invoke(DelegatingMethodAccessorImpl.java:43)
	at java.lang.reflect.Method.invoke(Method.java:498)
	at org.gradle.internal.dispatch.ReflectionDispatch.dispatch(ReflectionDispatch.java:35)
	at org.gradle.internal.dispatch.ReflectionDispatch.dispatch(ReflectionDispatch.java:24)
	at org.gradle.internal.dispatch.ContextClassLoaderDispatch.dispatch(ContextClassLoaderDispatch.java:32)
	at org.gradle.internal.dispatch.ProxyDispatchAdapter$DispatchingInvocationHandler.invoke(ProxyDispatchAdapter.java:93)
	at com.sun.proxy.$Proxy2.processTestClass(Unknown Source)
	at org.gradle.api.internal.tasks.testing.worker.TestWorker.processTestClass(TestWorker.java:117)
	at sun.reflect.NativeMethodAccessorImpl.invoke0(Native Method)
	at sun.reflect.NativeMethodAccessorImpl.invoke(NativeMethodAccessorImpl.java:62)
	at sun.reflect.DelegatingMethodAccessorImpl.invoke(DelegatingMethodAccessorImpl.java:43)
	at java.lang.reflect.Method.invoke(Method.java:498)
	at org.gradle.internal.dispatch.ReflectionDispatch.dispatch(ReflectionDispatch.java:35)
	at org.gradle.internal.dispatch.ReflectionDispatch.dispatch(ReflectionDispatch.java:24)
	at org.gradle.internal.remote.internal.hub.MessageHubBackedObjectConnection$DispatchWrapper.dispatch(MessageHubBackedObjectConnection.java:155)
	at org.gradle.internal.remote.internal.hub.MessageHubBackedObjectConnection$DispatchWrapper.dispatch(MessageHubBackedObjectConnection.java:137)
	at org.gradle.internal.remote.internal.hub.MessageHub$Handler.run(MessageHub.java:404)
	at org.gradle.internal.concurrent.ExecutorPolicy$CatchAndRecordFailures.onExecute(ExecutorPolicy.java:63)
	at org.gradle.internal.concurrent.ManagedExecutorImpl$1.run(ManagedExecutorImpl.java:46)
	at java.util.concurrent.ThreadPoolExecutor.runWorker(ThreadPoolExecutor.java:1149)
	at java.util.concurrent.ThreadPoolExecutor$Worker.run(ThreadPoolExecutor.java:624)
	at org.gradle.internal.concurrent.ThreadFactoryImpl$ManagedThreadRunnable.run(ThreadFactoryImpl.java:55)
	at java.lang.Thread.run(Thread.java:748)
Cannot create JDBC driver of class 'org.postgresql.Driver' for connect URL 'æ]]>&#x95;<![CDATA[°æ]]>&#x8d;<![CDATA[®åº]]>&#x93;<![CDATA[è¿]]>&#x9e;<![CDATA[æ]]>&#x8e;<![CDATA[¥'
java.sql.SQLException: No suitable driver
	at java.sql.DriverManager.getDriver(DriverManager.java:315)
	at org.apache.commons.dbcp.BasicDataSource.createConnectionFactory(BasicDataSource.java:1437)
	at org.apache.commons.dbcp.BasicDataSource.createDataSource(BasicDataSource.java:1371)
	at org.apache.commons.dbcp.BasicDataSource.getConnection(BasicDataSource.java:1044)
	at org.springframework.jdbc.datasource.DataSourceUtils.doGetConnection(DataSourceUtils.java:111)
	at org.springframework.jdbc.datasource.TransactionAwareDataSourceProxy$TransactionAwareInvocationHandler.invoke(TransactionAwareDataSourceProxy.java:225)
	at com.sun.proxy.$Proxy53.createStatement(Unknown Source)
	at org.dbunit.database.statement.AbstractBatchStatement.<init>(AbstractBatchStatement.java:50)
	at org.dbunit.database.statement.SimpleStatement.<init>(SimpleStatement.java:49)
	at org.dbunit.database.statement.PreparedStatementFactory.createBatchStatement(PreparedStatementFactory.java:57)
	at org.dbunit.operation.DeleteAllOperation.execute(DeleteAllOperation.java:85)
	at org.dbunit.operation.CompositeOperation.execute(CompositeOperation.java:79)
	at com.github.springtestdbunit.DbUnitRunner.setupOrTeardown(DbUnitRunner.java:194)
	at com.github.springtestdbunit.DbUnitRunner.beforeTestMethod(DbUnitRunner.java:66)
	at com.github.springtestdbunit.DbUnitTestExecutionListener.beforeTestMethod(DbUnitTestExecutionListener.java:185)
	at com.github.springtestdbunit.TestExecutionListenerChain$3.call(TestExecutionListenerChain.java:94)
	at com.github.springtestdbunit.TestExecutionListenerChain.runChain(TestExecutionListenerChain.java:127)
	at com.github.springtestdbunit.TestExecutionListenerChain.forwards(TestExecutionListenerChain.java:116)
	at com.github.springtestdbunit.TestExecutionListenerChain.beforeTestMethod(TestExecutionListenerChain.java:92)
	at org.springframework.test.context.TestContextManager.beforeTestMethod(TestContextManager.java:265)
	at org.springframework.test.context.junit4.statements.RunBeforeTestMethodCallbacks.evaluate(RunBeforeTestMethodCallbacks.java:74)
	at org.springframework.test.context.junit4.statements.RunAfterTestMethodCallbacks.evaluate(RunAfterTestMethodCallbacks.java:86)
	at org.springframework.test.context.junit4.statements.SpringRepeat.evaluate(SpringRepeat.java:84)
	at org.junit.runners.ParentRunner.runLeaf(ParentRunner.java:325)
	at org.springframework.test.context.junit4.SpringJUnit4ClassRunner.runChild(SpringJUnit4ClassRunner.java:254)
	at org.springframework.test.context.junit4.SpringJUnit4ClassRunner.runChild(SpringJUnit4ClassRunner.java:89)
	at org.junit.runners.ParentRunner$3.run(ParentRunner.java:290)
	at org.junit.runners.ParentRunner$1.schedule(ParentRunner.java:71)
	at org.junit.runners.ParentRunner.runChildren(ParentRunner.java:288)
	at org.junit.runners.ParentRunner.access$000(ParentRunner.java:58)
	at org.junit.runners.ParentRunner$2.evaluate(ParentRunner.java:268)
	at org.springframework.test.context.junit4.statements.RunBeforeTestClassCallbacks.evaluate(RunBeforeTestClassCallbacks.java:61)
	at org.springframework.test.context.junit4.statements.RunAfterTestClassCallbacks.evaluate(RunAfterTestClassCallbacks.java:70)
	at org.junit.runners.ParentRunner.run(ParentRunner.java:363)
	at org.springframework.test.context.junit4.SpringJUnit4ClassRunner.run(SpringJUnit4ClassRunner.java:193)
	at org.gradle.api.internal.tasks.testing.junit.JUnitTestClassExecutor.runTestClass(JUnitTestClassExecutor.java:106)
	at org.gradle.api.internal.tasks.testing.junit.JUnitTestClassExecutor.execute(JUnitTestClassExecutor.java:58)
	at org.gradle.api.internal.tasks.testing.junit.JUnitTestClassExecutor.execute(JUnitTestClassExecutor.java:38)
	at org.gradle.api.internal.tasks.testing.junit.AbstractJUnitTestClassProcessor.processTestClass(AbstractJUnitTestClassProcessor.java:66)
	at org.gradle.api.internal.tasks.testing.SuiteTestClassProcessor.processTestClass(SuiteTestClassProcessor.java:51)
	at sun.reflect.NativeMethodAccessorImpl.invoke0(Native Method)
	at sun.reflect.NativeMethodAccessorImpl.invoke(NativeMethodAccessorImpl.java:62)
	at sun.reflect.DelegatingMethodAccessorImpl.invoke(DelegatingMethodAccessorImpl.java:43)
	at java.lang.reflect.Method.invoke(Method.java:498)
	at org.gradle.internal.dispatch.ReflectionDispatch.dispatch(ReflectionDispatch.java:35)
	at org.gradle.internal.dispatch.ReflectionDispatch.dispatch(ReflectionDispatch.java:24)
	at org.gradle.internal.dispatch.ContextClassLoaderDispatch.dispatch(ContextClassLoaderDispatch.java:32)
	at org.gradle.internal.dispatch.ProxyDispatchAdapter$DispatchingInvocationHandler.invoke(ProxyDispatchAdapter.java:93)
	at com.sun.proxy.$Proxy2.processTestClass(Unknown Source)
	at org.gradle.api.internal.tasks.testing.worker.TestWorker.processTestClass(TestWorker.java:117)
	at sun.reflect.NativeMethodAccessorImpl.invoke0(Native Method)
	at sun.reflect.NativeMethodAccessorImpl.invoke(NativeMethodAccessorImpl.java:62)
	at sun.reflect.DelegatingMethodAccessorImpl.invoke(DelegatingMethodAccessorImpl.java:43)
	at java.lang.reflect.Method.invoke(Method.java:498)
	at org.gradle.internal.dispatch.ReflectionDispatch.dispatch(ReflectionDispatch.java:35)
	at org.gradle.internal.dispatch.ReflectionDispatch.dispatch(ReflectionDispatch.java:24)
	at org.gradle.internal.remote.internal.hub.MessageHubBackedObjectConnection$DispatchWrapper.dispatch(MessageHubBackedObjectConnection.java:155)
	at or2019-05-06 11:12:38,988  WARN (org.springframework.test.context.TestContextManager:268) - Caught exception while allowing TestExecutionListener [com.github.springtestdbunit.TransactionDbUnitTestExecutionListener@370c9af3] to process 'before' execution of test method [public void com.smart.dao.BoardDaoTest.getBoard()] for test instance [com.smart.dao.BoardDaoTest@4fb0d0a6]
org.apache.commons.dbcp.SQLNestedException: Cannot create JDBC driver of class 'org.postgresql.Driver' for connect URL 'æ]]>&#x95;<![CDATA[°æ]]>&#x8d;<![CDATA[®åº]]>&#x93;<![CDATA[è¿]]>&#x9e;<![CDATA[æ]]>&#x8e;<![CDATA[¥'
	at org.apache.commons.dbcp.BasicDataSource.createConnectionFactory(BasicDataSource.java:1452)
	at org.apache.commons.dbcp.BasicDataSource.createDataSource(BasicDataSource.java:1371)
	at org.apache.commons.dbcp.BasicDataSource.getConnection(BasicDataSource.java:1044)
	at org.springframework.jdbc.datasource.DataSourceUtils.doGetConnection(DataSourceUtils.java:111)
	at org.springframework.jdbc.datasource.TransactionAwareDataSourceProxy$TransactionAwareInvocationHandler.invoke(TransactionAwareDataSourceProxy.java:225)
	at com.sun.proxy.$Proxy53.createStatement(Unknown Source)
	at org.dbunit.database.statement.AbstractBatchStatement.<init>(AbstractBatchStatement.java:50)
	at org.dbunit.database.statement.SimpleStatement.<init>(SimpleStatement.java:49)
	at org.dbunit.database.statement.PreparedStatementFactory.createBatchStatement(PreparedStatementFactory.java:57)
	at org.dbunit.operation.DeleteAllOperation.execute(DeleteAllOperation.java:85)
	at org.dbunit.operation.CompositeOperation.execute(CompositeOperation.java:79)
	at com.github.springtestdbunit.DbUnitRunner.setupOrTeardown(DbUnitRunner.java:194)
	at com.github.springtestdbunit.DbUnitRunner.beforeTestMethod(DbUnitRunner.java:66)
	at com.github.springtestdbunit.DbUnitTestExecutionListener.beforeTestMethod(DbUnitTestExecutionListener.java:185)
	at com.github.springtestdbunit.TestExecutionListenerChain$3.call(TestExecutionListenerChain.java:94)
	at com.github.springtestdbunit.TestExecutionListenerChain.runChain(TestExecutionListenerChain.java:127)
	at com.github.springtestdbunit.TestExecutionListenerChain.forwards(TestExecutionListenerChain.java:116)
	at com.github.springtestdbunit.TestExecutionListenerChain.beforeTestMethod(TestExecutionListenerChain.java:92)
	at org.springframework.test.context.TestContextManager.beforeTestMethod(TestContextManager.java:265)
	at org.springframework.test.context.junit4.statements.RunBeforeTestMethodCallbacks.evaluate(RunBeforeTestMethodCallbacks.java:74)
	at org.springframework.test.context.junit4.statements.RunAfterTestMethodCallbacks.evaluate(RunAfterTestMethodCallbacks.java:86)
	at org.springframework.test.context.junit4.statements.SpringRepeat.evaluate(SpringRepeat.java:84)
	at org.junit.runners.ParentRunner.runLeaf(ParentRunner.java:325)
	at org.springframework.test.context.junit4.SpringJUnit4ClassRunner.runChild(SpringJUnit4ClassRunner.java:254)
	at org.springframework.test.context.junit4.SpringJUnit4ClassRunner.runChild(SpringJUnit4ClassRunner.java:89)
	at org.junit.runners.ParentRunner$3.run(ParentRunner.java:290)
	at org.junit.runners.ParentRunner$1.schedule(ParentRunner.java:71)
	at org.junit.runners.ParentRunner.runChildren(ParentRunner.java:288)
	at org.junit.runners.ParentRunner.access$000(ParentRunner.java:58)
	at org.junit.runners.ParentRunner$2.evaluate(ParentRunner.java:268)
	at org.springframework.test.context.junit4.statements.RunBeforeTestClassCallbacks.evaluate(RunBeforeTestClassCallbacks.java:61)
	at org.springframework.test.context.junit4.statements.RunAfterTestClassCallbacks.evaluate(RunAfterTestClassCallbacks.java:70)
	at org.junit.runners.ParentRunner.run(ParentRunner.java:363)
	at org.springframework.test.context.junit4.SpringJUnit4ClassRunner.run(SpringJUnit4ClassRunner.java:193)
	at org.gradle.api.internal.tasks.testing.junit.JUnitTestClassExecutor.runTestClass(JUnitTestClassExecutor.java:106)
	at org.gradle.api.internal.tasks.testing.junit.JUnitTestClassExecutor.execute(JUnitTestClassExecutor.java:58)
	at org.gradle.api.internal.tasks.testing.junit.JUnitTestClassExecutor.execute(JUnitTestClassExecutor.java:38)
	at org.gradle.api.internal.tasks.testing.junit.AbstractJUnitTestClassProcessor.processTestClass(AbstractJUnitTestClassProcessor.java:66)
	at org.gradle.api.internal.tasks.testing.SuiteTestClassProcessor.processTestClass(SuiteTestClassProcessor.java:51)
	at sun.reflect.NativeMethodAccessorImpl.invoke0(Native Method)
	at sun.reflect.NativeMethodAccessorImpl.invoke(NativeMethodAccessorImpl.java:62)
	at sun.reflect.DelegatingMethodAccessorImpl.invoke(DelegatingMethodAccessorImpl.java:43)
	at java.lang.reflect.Method.invoke(Method.java:498)
	at org.gradle.internal.dispatch.ReflectionDispatch.dispatch(ReflectionDispatch.java:35)
	at org.gradle.internal.dispatch.ReflectionDispatch.dispatch(ReflectionDispatch.java:24)
	at org.gradle.internal.dispatch.ContextClassLoaderDispatch.dispatch(ContextClassLoaderDispatch.java:32)
	at org.gradle.internal.dispatch.ProxyDispatchAdapter$DispatchingInvocationHandler.invoke(ProxyDispatchAdapter.java:93)
	at com.sun.proxy.$Proxy2.processTestClass(Unknown Source)
	at org.gradle.api.internal.tasks.testing.worker.TestWorker.processTestClass(TestWorker.java:117)
	at sun.reflect.NativeMethodAccessorImpl.invoke0(Native Method)
	at sun.reflect.NativeMethodAccessorImpl.invoke(NativeMethodAccessorImpl.java:62)
	at sun.reflect.DelegatingMethodAccessorImpl.invoke(DelegatingMethodAccessorImpl.java:43)
	at java.lang.reflect.Method.invoke(Method.java:498)
	at org.gradle.internal.dispatch.ReflectionDispatch.dispatch(ReflectionDispatch.java:35)
	at org.gradle.internal.dispatch.ReflectionDispatch.dispatch(ReflectionDispatch.java:24)
	at org.gradle.internal.remote.internal.hub.MessageHubBackedObjectConnection$DispatchWrapper.dispatch(MessageHubBackedObjectConnection.java:155)
	at org.gradle.internal.remote.internal.hub.MessageHubBackedObjectConnection$DispatchWrapper.dispatch(MessageHubBackedObjectConnection.java:137)
	at org.gradle.internal.remote.internal.hub.MessageHub$Handler.run(MessageHub.java:404)
	at org.gradle.internal.concurrent.ExecutorPolicy$CatchAndRecordFailures.onExecute(ExecutorPolicy.java:63)
	at org.gradle.internal.concurrent.ManagedExecutorImpl$1.run(ManagedExecutorImpl.java:46)
	at java.util.concurrent.ThreadPoolExecutor.runWorker(ThreadPoolExecutor.java:1149)
	at java.util.concurrent.ThreadPoolExecutor$Worker.run(ThreadPoolExecutor.java:624)
	at org.gradle.internal.concurrent.ThreadFactoryImpl$ManagedThreadRunnable.run(ThreadFactoryImpl.java:55)
	at java.lang.Thread.run(Thread.java:748)
Caused by: java.sql.SQLException: No suitable driver
	at java.sql.DriverManager.getDriver(DriverManager.java:315)
	at org.apache.commons.dbcp.BasicDataSource.createConnectionFactory(BasicDataSource.java:1437)
	... 63 more
2019-05-06 11:12:38,988  WARN (org.springframework.test.context.TestContextManager:268) - Caught exception while allowing TestExecutionListener [com.github.springtestdbunit.TransactionDbUnitTestExecutionListener@370c9af3] to process 'before' execution of test method [public void com.smart.dao.BoardDaoTest.getBoard()] for test instance [com.smart.dao.BoardDaoTest@4fb0d0a6]
org.apache.commons.dbcp.SQLNestedException: Cannot create JDBC driver of class 'org.postgresql.Driver' for connect URL 'æ]]>&#x95;<![CDATA[°æ]]>&#x8d;<![CDATA[®åº]]>&#x93;<![CDATA[è¿]]>&#x9e;<![CDATA[æ]]>&#x8e;<![CDATA[¥'
	at org.apache.commons.dbcp.BasicDataSource.createConnectionFactory(BasicDataSource.java:1452)
	at org.apache.commons.dbcp.BasicDataSource.createDataSource(BasicDataSource.java:1371)
	at org.apache.commons.dbcp.BasicDataSource.getConnection(BasicDataSource.java:1044)
	at org.springframework.jdbc.datasource.DataSourceUtils.doGetConnection(DataSourceUtils.java:111)
	at org.springframework.jdbc.datasource.TransactionAwareDataSourceProxy$TransactionAwareInvocationHandler.invoke(TransactionAwareDataSourceProxy.java:225)
	at com.sun.proxy.$Proxy53.createStatement(Unknown Source)
	at org.dbunit.database.statement.AbstractBatchStatement.<init>(AbstractBatchStatement.java:50)
	at org.dbunit.database.statement.SimpleStatement.<init>(SimpleStatement.java:49)
	at org.dbunit.database.statement.PreparedStatementFactory.createBatchStatement(PreparedStatementFactory.java:57)
	at org.dbunit.operation.DeleteAllOperation.execute(DeleteAllOperation.java:85)
	at org.dbunit.operation.CompositeOperation.execute(CompositeOperation.java:79)
	at com.github.springtestdbunit.DbUnitRunner.setupOrTeardown(DbUnitRunner.java:194)
	at com.github.springtestdbunit.DbUnitRunner.beforeTestMethod(DbUnitRunner.java:66)
	at com.github.springtestdbunit.DbUnitTestExecutionListener.beforeTestMethod(DbUnitTestExecutionListener.java:185)
	at com.github.springtestdbunit.TestExecutionListenerChain$3.call(TestExecutionListenerChain.java:94)
	at com.github.springtestdbunit.TestExecutionListenerChain.runChain(TestExecutionListenerChain.java:127)
	at com.github.springtestdbunit.TestExecutionListenerChain.forwards(TestExecutionListenerChain.java:116)
	at com.github.springtestdbunit.TestExecutionListenerChain.beforeTestMethod(TestExecutionListenerChain.java:92)
	at org.springframework.test.context.TestContextManager.beforeTestMethod(TestContextManager.java:265)
	at org.springframework.test.context.junit4.statements.RunBeforeTestMethodCallbacks.evaluate(RunBeforeTestMethodCallbacks.java:74)
	at org.springframework.test.context.junit4.statements.RunAfterTestMethodCallbacks.evaluate(RunAfterTestMethodCallbacks.java:86)
	at org.springframework.test.context.junit4.statements.SpringRepeat.evaluate(SpringRepeat.java:84)
	at org.junit.runners.ParentRunner.runLeaf(ParentRunner.java:325)
	at org.springframework.test.context.junit4.SpringJUnit4ClassRunner.runChild(SpringJUnit4ClassRunner.java:254)
	at org.springframework.test.context.junit4.SpringJUnit4ClassRunner.runChild(SpringJUnit4ClassRunner.java:89)
	at org.junit.runners.ParentRunner$3.run(ParentRunner.java:290)
	at org.junit.runners.ParentRunner$1.schedule(ParentRunner.java:71)
	at org.junit.runners.ParentRunner.runChildren(ParentRunner.java:288)
	at org.junit.runners.ParentRunner.access$000(ParentRunner.java:58)
	at org.junit.runners.ParentRunner$2.evaluate(ParentRunner.java:268)
	at org.springframework.test.context.junit4.statements.RunBeforeTestClassCallbacks.evaluate(RunBeforeTestClassCallbacks.java:61)
	at org.springframework.test.context.junit4.statements.RunAfterTestClassCallbacks.evaluate(RunAfterTestClassCallbacks.java:70)
	at org.junit.runners.ParentRunner.run(ParentRunner.java:363)
	at org.springframework.test.context.junit4.SpringJUnit4ClassRunner.run(SpringJUnit4ClassRunner.java:193)
	at org.gradle.api.internal.tasks.testing.junit.JUnitTestClassExecutor.runTestClass(JUnitTestClassExecutor.java:106)
	at org.gradle.api.internal.tasks.testing.junit.JUnitTestClassExecutor.execute(JUnitTestClassExecutor.java:58)
	at org.gradle.api.internal.tasks.testing.junit.JUnitTestClassExecutor.execute(JUnitTestClassExecutor.java:38)
	at org.gradle.api.internal.tasks.testing.junit.AbstractJUnitTestClassProcessor.processTestClass(AbstractJUnitTestClassProcessor.java:66)
	at org.gradle.api.internal.tasks.testing.SuiteTestClassProcessor.processTestClass(SuiteTestClassProcessor.java:51)
	at sun.reflect.NativeMethodAccessorImpl.invoke0(Native Method)
	at sun.reflect.NativeMethodAccessorImpl.invoke(NativeMethodAccessorImpl.java:62)
	at sun.reflect.DelegatingMethodAccessorImpl.invoke(DelegatingMethodAccessorImpl.java:43)
	at java.lang.reflect.Method.invoke(Method.java:498)
	at org.gradle.internal.dispatch.ReflectionDispatch.dispatch(ReflectionDispatch.java:35)
	at org.gradle.internal.dispatch.ReflectionDispatch.dispatch(ReflectionDispatch.java:24)
	at org.gradle.internal.dispatch.ContextClassLoaderDispatch.dispatch(ContextClassLoaderDispatch.java:32)
	at org.gradle.internal.dispatch.ProxyDispatchAdapter$DispatchingInvocationHandler.invoke(ProxyDispatchAdapter.java:93)
	at com.sun.proxy.$Proxy2.processTestClass(Unknown Source)
	at org.gradle.api.internal.tasks.testing.worker.TestWorker.processTestClass(TestWorker.java:117)
	at sun.reflect.NativeMethodAccessorImpl.invoke0(Native Method)
	at sun.reflect.NativeMethodAccessorImpl.invoke(NativeMethodAccessorImpl.java:62)
	at sun.reflect.DelegatingMethodAccessorImpl.invoke(DelegatingMethodAccessorImpl.java:43)
	at java.lang.reflect.Method.invoke(Method.java:498)
	at org.gradle.internal.dispatch.ReflectionDispatch.dispatch(ReflectionDispatch.java:35)
	at org.gradle.internal.dispatch.ReflectionDispatch.dispatch(ReflectionDispatch.java:24)
	at org.gradle.internal.remote.internal.hub.MessageHubBackedObjectConnection$DispatchWrapper.dispatch(MessageHubBackedObjectConnection.java:155)
	at org.gradle.internal.remote.internal.hub.MessageHubBackedObjectConnection$DispatchWrapper.dispatch(MessageHubBackedObjectConnection.java:137)
	at org.gradle.internal.remote.internal.hub.MessageHub$Handler.run(MessageHub.java:404)
	at org.gradle.internal.concurrent.ExecutorPolicy$CatchAndRecordFailures.onExecute(ExecutorPolicy.java:63)
	at org.gradle.internal.concurrent.ManagedExecutorImpl$1.run(ManagedExecutorImpl.java:46)
	at java.util.concurrent.ThreadPoolExecutor.runWorker(ThreadPoolExecutor.java:1149)
	at java.util.concurrent.ThreadPoolExecutor$Worker.run(ThreadPoolExecutor.java:624)
	at org.gradle.internal.concurrent.ThreadFactoryImpl$ManagedThreadRunnable.run(ThreadFactoryImpl.java:55)
	at java.lang.Thread.run(Thread.java:748)
Caused by: java.sql.SQLException: No suitable driver
	at java.sql.DriverManager.getDriver(DriverManager.java:315)
	at org.apache.commons.dbcp.BasicDataSource.createConnectionFactory(BasicDataSource.java:1437)
	... 63 more
2019-05-06 11:12:38,989 DEBUG (org.springframework.test.context.support.AbstractDirtiesContextTestExecutionListener:106) - After test method: context [DefaultTestContext@25424c71 testClass = BoardDaoTest, testInstance = com.smart.dao.BoardDaoTest@4fb0d0a6, testMethod = getBoard@BoardDaoTest, testException = org.apache.commons.dbcp.SQLNestedException: Cannot create JDBC driver of class 'org.postgresql.Driver' for connect URL 'æ]]>&#x95;<![CDATA[°æ]]>&#x8d;<![CDATA[®åº]]>&#x93;<![CDATA[è¿]]>&#x9e;<![CDATA[æ]]>&#x8e;<![CDATA[¥', mergedContextConfiguration = [MergedContextConfiguration@6ff2ffe6 testClass = BoardDaoTest, locations = '{}', classes = '{class com.smart.config.DaoConfig}', contextInitializerClasses = '[]', activeProfiles = '{}', propertySourceLocations = '{}', propertySourceProperties = '{}', contextLoader = 'org.springframework.test.context.support.DelegatingSmartContextLoader', parent = [null]]], class annotated with @DirtiesContext [false] with mode [null], method annotated with @DirtiesContext [false] with mode [null].
2019-05-06 11:12:38,989 DEBUG (org.springframework.test.context.support.AbstractDirtiesContextTestExecutionListener:106) - After test method: context [DefaultTestContext@25424c71 testClass = BoardDaoTest, testInstance = com.smart.dao.BoardDaoTest@4fb0d0a6, testMethod = getBoard@BoardDaoTest, testException = org.apache.commons.dbcp.SQLNestedException: Cannot create JDBC driver of class 'org.postgresql.Driver' for connect URL 'æ]]>&#x95;<![CDATA[°æ]]>&#x8d;<![CDATA[®åº]]>&#x93;<![CDATA[è¿]]>&#x9e;<![CDATA[æ]]>&#x8e;<![CDATA[¥', mergedContextConfiguration = [MergedContextConfiguration@6ff2ffe6 testClass = BoardDaoTest, locations = '{}', classes = '{class com.smart.config.DaoConfig}', contextInitializerClasses = '[]', activeProfiles = '{}', propertySourceLocations = '{}', propertySourceProperties = '{}', contextLoader = 'org.springframework.test.context.support.DelegatingSmartContextLoader', parent = [null]]], class annotated with @DirtiesContext [false] with mode [null], method annotated with @DirtiesContext [false] with mode [null].
2019-05-06 11:12:38,990 DEBUG (com.github.springtestdbunit.DbUnitTestExecutionListener:130) - Skipping @DatabaseTest expectation due to test exception class org.apache.commons.dbcp.SQLNestedException
2019-05-06 11:12:38,990 DEBUG (org.springframework.test.context.support.AbstractDirtiesContextTestExecutionListener:141) - After test class: context [DefaultTestContext@25424c71 testClass = BoardDaoTest, testInstance = [null], testMethod = [null], testException = [null], mergedContextConfiguration = [MergedContextConfiguration@6ff2ffe6 testClass = BoardDaoTest, locations = '{}', classes = '{class com.smart.config.DaoConfig}', contextInitializerClasses = '[]', activeProfiles = '{}', propertySourceLocations = '{}', propertySourceProperties = '{}', contextLoader = 'org.springframework.test.context.support.DelegatingSmartContextLoader', parent = [null]]], class annotated with @DirtiesContext [false] with mode [null].
2019-05-06 11:12:38,990 DEBUG (org.springframework.test.context.support.AbstractDirtiesContextTestExecutionListener:141) - After test class: context [DefaultTestContext@25424c71 testClass = BoardDaoTest, testInstance = [null], testMethod = [null], testException = [null], mergedContextConfiguration = [MergedContextConfiguration@6ff2ffe6 testClass = BoardDaoTest, locations = '{}', classes = '{class com.smart.config.DaoConfig}', contextInitializerClasses = '[]', activeProfiles = '{}', propertySourceLocations = '{}', propertySourceProperties = '{}', contextLoader = 'org.springframework.test.context.support.DelegatingSmartContextLoader', parent = [null]]], class annotated with @DirtiesContext [false] with mode [null].
]]></system-out>
  <system-err><![CDATA[SLF4J: Class path contains multiple SLF4J bindings.
SLF4J: Found binding in [jar:file:/Users/eugeneyoung/.gradle/caches/modules-2/files-2.1/org.slf4j/slf4j-nop/1.7.12/8052427115f80679a17bd2af659c760df39829bd/slf4j-nop-1.7.12.jar!/org/slf4j/impl/StaticLoggerBinder.class]
SLF4J: Found binding in [jar:file:/Users/eugeneyoung/.gradle/caches/modules-2/files-2.1/org.slf4j/slf4j-log4j12/1.7.5/6edffc576ce104ec769d954618764f39f0f0f10d/slf4j-log4j12-1.7.5.jar!/org/slf4j/impl/StaticLoggerBinder.class]
SLF4J: See http://www.slf4j.org/codes.html#multiple_bindings for an explanation.
SLF4J: Actual binding is of type [org.slf4j.helpers.NOPLoggerFactory]
]]></system-err>
</testsuite>
