<?xml version="1.0" encoding="UTF-8"?>
<testsuite name="com.smart.dao.MyTest" tests="1" skipped="0" failures="1" errors="0" timestamp="2019-10-10T14:58:08" hostname="Eugene.lan" time="0.117">
  <properties/>
  <testcase name="find" classname="com.smart.dao.MyTest" time="0.117">
    <failure message="java.lang.NullPointerException" type="java.lang.NullPointerException">java.lang.NullPointerException
	at com.smart.dao.MyTest.find(MyTest.java:32)
	at sun.reflect.NativeMethodAccessorImpl.invoke0(Native Method)
	at sun.reflect.NativeMethodAccessorImpl.invoke(NativeMethodAccessorImpl.java:62)
	at sun.reflect.DelegatingMethodAccessorImpl.invoke(DelegatingMethodAccessorImpl.java:43)
	at java.lang.reflect.Method.invoke(Method.java:498)
	at org.junit.runners.model.FrameworkMethod$1.runReflectiveCall(FrameworkMethod.java:50)
	at org.junit.internal.runners.model.ReflectiveCallable.run(ReflectiveCallable.java:12)
	at org.junit.runners.model.FrameworkMethod.invokeExplosively(FrameworkMethod.java:47)
	at org.junit.internal.runners.statements.InvokeMethod.evaluate(InvokeMethod.java:17)
	at org.springframework.test.context.junit4.statements.RunBeforeTestMethodCallbacks.evaluate(RunBeforeTestMethodCallbacks.java:75)
	at org.springframework.test.context.junit4.statements.RunAfterTestMethodCallbacks.evaluate(RunAfterTestMethodCallbacks.java:86)
	at org.springframework.test.context.junit4.statements.SpringRepeat.evaluate(SpringRepeat.java:84)
	at org.junit.runners.ParentRunner.runLeaf(ParentRunner.java:325)
	at org.springframework.test.context.junit4.SpringJUnit4ClassRunner.runChild(SpringJUnit4ClassRunner.java:254)
	at org.springframework.test.context.junit4.SpringJUnit4ClassRunner.runChild(SpringJUnit4ClassRunner.java:89)
	at org.junit.runners.ParentRunner$3.run(ParentRunner.java:290)
	at org.junit.runners.ParentRunner$1.schedule(ParentRunner.java:71)
	at org.junit.runners.ParentRunner.runChildren(ParentRunner.java:288)
	at org.junit.runners.ParentRunner.access$000(ParentRunner.java:58)
	at org.junit.runners.ParentRunner$2.evaluate(ParentRunner.java:268)
	at org.springframework.test.context.junit4.statements.RunBeforeTestClassCallbacks.evaluate(RunBeforeTestClassCallbacks.java:61)
	at org.springframework.test.context.junit4.statements.RunAfterTestClassCallbacks.evaluate(RunAfterTestClassCallbacks.java:70)
	at org.junit.runners.ParentRunner.run(ParentRunner.java:363)
	at org.springframework.test.context.junit4.SpringJUnit4ClassRunner.run(SpringJUnit4ClassRunner.java:193)
	at org.gradle.api.internal.tasks.testing.junit.JUnitTestClassExecutor.runTestClass(JUnitTestClassExecutor.java:106)
	at org.gradle.api.internal.tasks.testing.junit.JUnitTestClassExecutor.execute(JUnitTestClassExecutor.java:58)
	at org.gradle.api.internal.tasks.testing.junit.JUnitTestClassExecutor.execute(JUnitTestClassExecutor.java:38)
	at org.gradle.api.internal.tasks.testing.junit.AbstractJUnitTestClassProcessor.processTestClass(AbstractJUnitTestClassProcessor.java:66)
	at org.gradle.api.internal.tasks.testing.SuiteTestClassProcessor.processTestClass(SuiteTestClassProcessor.java:51)
	at sun.reflect.NativeMethodAccessorImpl.invoke0(Native Method)
	at sun.reflect.NativeMethodAccessorImpl.invoke(NativeMethodAccessorImpl.java:62)
	at sun.reflect.DelegatingMethodAccessorImpl.invoke(DelegatingMethodAccessorImpl.java:43)
	at java.lang.reflect.Method.invoke(Method.java:498)
	at org.gradle.internal.dispatch.ReflectionDispatch.dispatch(ReflectionDispatch.java:35)
	at org.gradle.internal.dispatch.ReflectionDispatch.dispatch(ReflectionDispatch.java:24)
	at org.gradle.internal.dispatch.ContextClassLoaderDispatch.dispatch(ContextClassLoaderDispatch.java:32)
	at org.gradle.internal.dispatch.ProxyDispatchAdapter$DispatchingInvocationHandler.invoke(ProxyDispatchAdapter.java:93)
	at com.sun.proxy.$Proxy2.processTestClass(Unknown Source)
	at org.gradle.api.internal.tasks.testing.worker.TestWorker.processTestClass(TestWorker.java:117)
	at sun.reflect.NativeMethodAccessorImpl.invoke0(Native Method)
	at sun.reflect.NativeMethodAccessorImpl.invoke(NativeMethodAccessorImpl.java:62)
	at sun.reflect.DelegatingMethodAccessorImpl.invoke(DelegatingMethodAccessorImpl.java:43)
	at java.lang.reflect.Method.invoke(Method.java:498)
	at org.gradle.internal.dispatch.ReflectionDispatch.dispatch(ReflectionDispatch.java:35)
	at org.gradle.internal.dispatch.ReflectionDispatch.dispatch(ReflectionDispatch.java:24)
	at org.gradle.internal.remote.internal.hub.MessageHubBackedObjectConnection$DispatchWrapper.dispatch(MessageHubBackedObjectConnection.java:155)
	at org.gradle.internal.remote.internal.hub.MessageHubBackedObjectConnection$DispatchWrapper.dispatch(MessageHubBackedObjectConnection.java:137)
	at org.gradle.internal.remote.internal.hub.MessageHub$Handler.run(MessageHub.java:404)
	at org.gradle.internal.concurrent.ExecutorPolicy$CatchAndRecordFailures.onExecute(ExecutorPolicy.java:63)
	at org.gradle.internal.concurrent.ManagedExecutorImpl$1.run(ManagedExecutorImpl.java:46)
	at java.util.concurrent.ThreadPoolExecutor.runWorker(ThreadPoolExecutor.java:1149)
	at java.util.concurrent.ThreadPoolExecutor$Worker.run(ThreadPoolExecutor.java:624)
	at org.gradle.internal.concurrent.ThreadFactoryImpl$ManagedThreadRunnable.run(ThreadFactoryImpl.java:55)
	at java.lang.Thread.run(Thread.java:748)
</failure>
  </testcase>
  <system-out><![CDATA[2019-10-10 22:58:08,076 DEBUG (org.hibernate.engine.jdbc.internal.LogicalConnectionImpl:212) - Obtaining JDBC connection
2019-10-10 22:58:08,077 DEBUG (org.hibernate.engine.jdbc.internal.LogicalConnectionImpl:218) - Obtained JDBC connection
2019-10-10 22:58:08,078 DEBUG (org.hibernate.engine.transaction.spi.AbstractTransactionImpl:158) - begin
2019-10-10 22:58:08,078 DEBUG (org.hibernate.engine.transaction.internal.jdbc.JdbcTransaction:69) - initial autocommit status: true
2019-10-10 22:58:08,078 DEBUG (org.hibernate.engine.transaction.internal.jdbc.JdbcTransaction:71) - disabling autocommit
2019-10-10 22:58:08,124 DEBUG (org.hibernate.hql.internal.ast.QueryTranslatorImpl:265) - parse() - HQL: from com.smart.domain.User u where u.userName = :param1
2019-10-10 22:58:08,132 DEBUG (org.hibernate.hql.internal.ast.QueryTranslatorImpl:283) - --- HQL AST ---
 \-[QUERY] Node: 'query'
    +-[SELECT_FROM] Node: 'SELECT_FROM'
    |  \-[FROM] Node: 'from'
    |     \-[RANGE] Node: 'RANGE'
    |        +-[DOT] Node: '.'
    |        |  +-[DOT] Node: '.'
    |        |  |  +-[DOT] Node: '.'
    |        |  |  |  +-[IDENT] Node: 'com'
    |        |  |  |  \-[IDENT] Node: 'smart'
    |        |  |  \-[IDENT] Node: 'domain'
    |        |  \-[IDENT] Node: 'User'
    |        \-[ALIAS] Node: 'u'
    \-[WHERE] Node: 'where'
       \-[EQ] Node: '='
          +-[DOT] Node: '.'
          |  +-[IDENT] Node: 'u'
          |  \-[IDENT] Node: 'userName'
          \-[COLON] Node: ':'
             \-[IDENT] Node: 'param1'

2019-10-10 22:58:08,132 DEBUG (org.hibernate.hql.internal.ast.ErrorCounter:82) - throwQueryException() : no errors
2019-10-10 22:58:08,151 DEBUG (org.hibernate.hql.internal.antlr.HqlSqlBaseWalker:121) - select << begin [level=1, statement=select]
2019-10-10 22:58:08,162 DEBUG (org.hibernate.hql.internal.ast.tree.FromElement:157) - FromClause{level=1} : com.smart.domain.User (u) -> user0_
2019-10-10 22:58:08,163 DEBUG (org.hibernate.hql.internal.ast.tree.FromReferenceNode:74) - Resolved : u -> user0_.user_id
2019-10-10 22:58:08,164 DEBUG (org.hibernate.hql.internal.ast.tree.DotNode:599) - getDataType() : userName -> org.hibernate.type.StringType@29f90ce8
2019-10-10 22:58:08,165 DEBUG (org.hibernate.hql.internal.ast.tree.FromReferenceNode:74) - Resolved : u.userName -> user0_.user_name
2019-10-10 22:58:08,166 DEBUG (org.hibernate.hql.internal.antlr.HqlSqlBaseWalker:125) - select : finishing up [level=1, statement=select]
2019-10-10 22:58:08,166 DEBUG (org.hibernate.hql.internal.ast.HqlSqlWalker:629) - processQuery() :  ( SELECT ( FromClause{level=1} t_user user0_ ) ( where ( = ( user0_.user_name user0_.user_id userName ) ? ) ) )
2019-10-10 22:58:08,169 DEBUG (org.hibernate.hql.internal.ast.HqlSqlWalker:869) - Derived SELECT clause created.
2019-10-10 22:58:08,173 DEBUG (org.hibernate.hql.internal.ast.util.JoinProcessor:175) - Using FROM fragment [t_user user0_]
2019-10-10 22:58:08,174 DEBUG (org.hibernate.hql.internal.antlr.HqlSqlBaseWalker:129) - select >> end [level=1, statement=select]
2019-10-10 22:58:08,175 DEBUG (org.hibernate.hql.internal.ast.QueryTranslatorImpl:252) - --- SQL AST ---
 \-[SELECT] QueryNode: 'SELECT'  querySpaces (t_user)
    +-[SELECT_CLAUSE] SelectClause: '{derived select clause}'
    |  +-[SELECT_EXPR] SelectExpressionImpl: 'user0_.user_id as user1_5_' {FromElement{explicit,not a collection join,not a fetch join,fetch non-lazy properties,classAlias=u,role=null,tableName=t_user,tableAlias=user0_,origin=null,columns={,className=com.smart.domain.User}}}
    |  \-[SQL_TOKEN] SqlFragment: 'user0_.credit as credit2_5_, user0_.last_ip as last3_5_, user0_.last_visit as last4_5_, user0_.locked as locked5_5_, user0_.password as password6_5_, user0_.user_name as user7_5_, user0_.user_type as user8_5_'
    +-[FROM] FromClause: 'from' FromClause{level=1, fromElementCounter=1, fromElements=1, fromElementByClassAlias=[u], fromElementByTableAlias=[user0_], fromElementsByPath=[], collectionJoinFromElementsByPath=[], impliedElements=[]}
    |  \-[FROM_FRAGMENT] FromElement: 't_user user0_' FromElement{explicit,not a collection join,not a fetch join,fetch non-lazy properties,classAlias=u,role=null,tableName=t_user,tableAlias=user0_,origin=null,columns={,className=com.smart.domain.User}}
    \-[WHERE] SqlNode: 'where'
       \-[EQ] BinaryLogicOperatorNode: '='
          +-[DOT] DotNode: 'user0_.user_name' {propertyName=userName,dereferenceType=ALL,propertyPath=userName,path=u.userName,tableAlias=user0_,className=com.smart.domain.User,classAlias=u}
          |  +-[ALIAS_REF] IdentNode: 'user0_.user_id' {alias=u, className=com.smart.domain.User, tableAlias=user0_}
          |  \-[IDENT] IdentNode: 'userName' {originalText=userName}
          \-[NAMED_PARAM] ParameterNode: '?' {name=param1, expectedType=org.hibernate.type.StringType@29f90ce8}

2019-10-10 22:58:08,175 DEBUG (org.hibernate.hql.internal.ast.ErrorCounter:82) - throwQueryException() : no errors
2019-10-10 22:58:08,180 DEBUG (org.hibernate.hql.internal.ast.QueryTranslatorImpl:235) - HQL: from com.smart.domain.User u where u.userName = :param1
2019-10-10 22:58:08,181 DEBUG (org.hibernate.hql.internal.ast.QueryTranslatorImpl:236) - SQL: select user0_.user_id as user1_5_, user0_.credit as credit2_5_, user0_.last_ip as last3_5_, user0_.last_visit as last4_5_, user0_.locked as locked5_5_, user0_.password as password6_5_, user0_.user_name as user7_5_, user0_.user_type as user8_5_ from t_user user0_ where user0_.user_name=?
2019-10-10 22:58:08,181 DEBUG (org.hibernate.hql.internal.ast.ErrorCounter:82) - throwQueryException() : no errors
2019-10-10 22:58:08,187 DEBUG (org.hibernate.SQL:104) - select user0_.user_id as user1_5_, user0_.credit as credit2_5_, user0_.last_ip as last3_5_, user0_.last_visit as last4_5_, user0_.locked as locked5_5_, user0_.password as password6_5_, user0_.user_name as user7_5_, user0_.user_type as user8_5_ from t_user user0_ where user0_.user_name=?
Hibernate: select user0_.user_id as user1_5_, user0_.credit as credit2_5_, user0_.last_ip as last3_5_, user0_.last_visit as last4_5_, user0_.locked as locked5_5_, user0_.password as password6_5_, user0_.user_name as user7_5_, user0_.user_type as user8_5_ from t_user user0_ where user0_.user_name=?
2019-10-10 22:58:08,188 DEBUG (org.hibernate.stat.internal.ConcurrentStatisticsImpl:411) - HHH000117: HQL: from User u where u.userName = :param1, time: 1ms, rows: 0
2019-10-10 22:58:08,189 DEBUG (org.hibernate.engine.transaction.spi.AbstractTransactionImpl:173) - committing
2019-10-10 22:58:08,190 DEBUG (org.hibernate.engine.transaction.internal.jdbc.JdbcTransaction:113) - committed JDBC Connection
2019-10-10 22:58:08,190 DEBUG (org.hibernate.engine.transaction.internal.jdbc.JdbcTransaction:126) - re-enabling autocommit
2019-10-10 22:58:08,191 DEBUG (org.hibernate.engine.jdbc.internal.LogicalConnectionImpl:232) - Releasing JDBC connection
2019-10-10 22:58:08,191 DEBUG (org.hibernate.engine.jdbc.internal.LogicalConnectionImpl:250) - Released JDBC connection
]]></system-out>
  <system-err><![CDATA[]]></system-err>
</testsuite>
