<?xml version="1.0" encoding="UTF-8"?>
<testsuite name="com.smart.service.UserServiceTest" tests="1" skipped="0" failures="1" errors="0" timestamp="2019-10-10T14:58:08" hostname="Eugene.lan" time="0.0">
  <properties/>
  <testcase name="register" classname="com.smart.service.UserServiceTest" time="0.0">
    <failure message="java.lang.IllegalStateException: Failed to load ApplicationContext" type="java.lang.IllegalStateException">java.lang.IllegalStateException: Failed to load ApplicationContext
	at org.springframework.test.context.cache.DefaultCacheAwareContextLoaderDelegate.loadContext(DefaultCacheAwareContextLoaderDelegate.java:124)
	at org.springframework.test.context.support.DefaultTestContext.getApplicationContext(DefaultTestContext.java:83)
	at org.springframework.test.context.support.DependencyInjectionTestExecutionListener.injectDependencies(DependencyInjectionTestExecutionListener.java:117)
	at org.springframework.test.context.support.DependencyInjectionTestExecutionListener.prepareTestInstance(DependencyInjectionTestExecutionListener.java:83)
	at org.springframework.test.context.TestContextManager.prepareTestInstance(TestContextManager.java:228)
	at org.springframework.test.context.junit4.SpringJUnit4ClassRunner.createTest(SpringJUnit4ClassRunner.java:230)
	at org.springframework.test.context.junit4.SpringJUnit4ClassRunner$1.runReflectiveCall(SpringJUnit4ClassRunner.java:289)
	at org.junit.internal.runners.model.ReflectiveCallable.run(ReflectiveCallable.java:12)
	at org.springframework.test.context.junit4.SpringJUnit4ClassRunner.methodBlock(SpringJUnit4ClassRunner.java:291)
	at org.springframework.test.context.junit4.SpringJUnit4ClassRunner.runChild(SpringJUnit4ClassRunner.java:249)
	at org.springframework.test.context.junit4.SpringJUnit4ClassRunner.runChild(SpringJUnit4ClassRunner.java:89)
	at org.junit.runners.ParentRunner$3.run(ParentRunner.java:290)
	at org.junit.runners.ParentRunner$1.schedule(ParentRunner.java:71)
	at org.junit.runners.ParentRunner.runChildren(ParentRunner.java:288)
	at org.junit.runners.ParentRunner.access$000(ParentRunner.java:58)
	at org.junit.runners.ParentRunner$2.evaluate(ParentRunner.java:268)
	at org.springframework.test.context.junit4.statements.RunBeforeTestClassCallbacks.evaluate(RunBeforeTestClassCallbacks.java:61)
	at org.springframework.test.context.junit4.statements.RunAfterTestClassCallbacks.evaluate(RunAfterTestClassCallbacks.java:70)
	at org.junit.runners.ParentRunner.run(ParentRunner.java:363)
	at org.springframework.test.context.junit4.SpringJUnit4ClassRunner.run(SpringJUnit4ClassRunner.java:193)
	at org.gradle.api.internal.tasks.testing.junit.JUnitTestClassExecutor.runTestClass(JUnitTestClassExecutor.java:106)
	at org.gradle.api.internal.tasks.testing.junit.JUnitTestClassExecutor.execute(JUnitTestClassExecutor.java:58)
	at org.gradle.api.internal.tasks.testing.junit.JUnitTestClassExecutor.execute(JUnitTestClassExecutor.java:38)
	at org.gradle.api.internal.tasks.testing.junit.AbstractJUnitTestClassProcessor.processTestClass(AbstractJUnitTestClassProcessor.java:66)
	at org.gradle.api.internal.tasks.testing.SuiteTestClassProcessor.processTestClass(SuiteTestClassProcessor.java:51)
	at sun.reflect.NativeMethodAccessorImpl.invoke0(Native Method)
	at sun.reflect.NativeMethodAccessorImpl.invoke(NativeMethodAccessorImpl.java:62)
	at sun.reflect.DelegatingMethodAccessorImpl.invoke(DelegatingMethodAccessorImpl.java:43)
	at java.lang.reflect.Method.invoke(Method.java:498)
	at org.gradle.internal.dispatch.ReflectionDispatch.dispatch(ReflectionDispatch.java:35)
	at org.gradle.internal.dispatch.ReflectionDispatch.dispatch(ReflectionDispatch.java:24)
	at org.gradle.internal.dispatch.ContextClassLoaderDispatch.dispatch(ContextClassLoaderDispatch.java:32)
	at org.gradle.internal.dispatch.ProxyDispatchAdapter$DispatchingInvocationHandler.invoke(ProxyDispatchAdapter.java:93)
	at com.sun.proxy.$Proxy2.processTestClass(Unknown Source)
	at org.gradle.api.internal.tasks.testing.worker.TestWorker.processTestClass(TestWorker.java:117)
	at sun.reflect.NativeMethodAccessorImpl.invoke0(Native Method)
	at sun.reflect.NativeMethodAccessorImpl.invoke(NativeMethodAccessorImpl.java:62)
	at sun.reflect.DelegatingMethodAccessorImpl.invoke(DelegatingMethodAccessorImpl.java:43)
	at java.lang.reflect.Method.invoke(Method.java:498)
	at org.gradle.internal.dispatch.ReflectionDispatch.dispatch(ReflectionDispatch.java:35)
	at org.gradle.internal.dispatch.ReflectionDispatch.dispatch(ReflectionDispatch.java:24)
	at org.gradle.internal.remote.internal.hub.MessageHubBackedObjectConnection$DispatchWrapper.dispatch(MessageHubBackedObjectConnection.java:155)
	at org.gradle.internal.remote.internal.hub.MessageHubBackedObjectConnection$DispatchWrapper.dispatch(MessageHubBackedObjectConnection.java:137)
	at org.gradle.internal.remote.internal.hub.MessageHub$Handler.run(MessageHub.java:404)
	at org.gradle.internal.concurrent.ExecutorPolicy$CatchAndRecordFailures.onExecute(ExecutorPolicy.java:63)
	at org.gradle.internal.concurrent.ManagedExecutorImpl$1.run(ManagedExecutorImpl.java:46)
	at java.util.concurrent.ThreadPoolExecutor.runWorker(ThreadPoolExecutor.java:1149)
	at java.util.concurrent.ThreadPoolExecutor$Worker.run(ThreadPoolExecutor.java:624)
	at org.gradle.internal.concurrent.ThreadFactoryImpl$ManagedThreadRunnable.run(ThreadFactoryImpl.java:55)
	at java.lang.Thread.run(Thread.java:748)
Caused by: org.springframework.beans.factory.BeanCreationException: Error creating bean with name 'boardDao': Injection of autowired dependencies failed; nested exception is org.springframework.beans.factory.BeanCreationException: Could not autowire method: public void com.smart.dao.BaseDao.setSessionFactory(org.hibernate.SessionFactory); nested exception is org.springframework.beans.factory.BeanCreationException: Error creating bean with name 'localSessionFactoryBean' defined in com.smart.config.DaoConfig: Invocation of init method failed; nested exception is org.hibernate.service.spi.ServiceException: Unable to create requested service [org.hibernate.engine.spi.CacheImplementor]
	at org.springframework.beans.factory.annotation.AutowiredAnnotationBeanPostProcessor.postProcessPropertyValues(AutowiredAnnotationBeanPostProcessor.java:334)
	at org.springframework.beans.factory.support.AbstractAutowireCapableBeanFactory.populateBean(AbstractAutowireCapableBeanFactory.java:1214)
	at org.springframework.beans.factory.support.AbstractAutowireCapableBeanFactory.doCreateBean(AbstractAutowireCapableBeanFactory.java:543)
	at org.springframework.beans.factory.support.AbstractAutowireCapableBeanFactory.createBean(AbstractAutowireCapableBeanFactory.java:482)
	at org.springframework.beans.factory.support.AbstractBeanFactory$1.getObject(AbstractBeanFactory.java:306)
	at org.springframework.beans.factory.support.DefaultSingletonBeanRegistry.getSingleton(DefaultSingletonBeanRegistry.java:230)
	at org.springframework.beans.factory.support.AbstractBeanFactory.doGetBean(AbstractBeanFactory.java:302)
	at org.springframework.beans.factory.support.AbstractBeanFactory.getBean(AbstractBeanFactory.java:197)
	at org.springframework.beans.factory.support.DefaultListableBeanFactory.preInstantiateSingletons(DefaultListableBeanFactory.java:772)
	at org.springframework.context.support.AbstractApplicationContext.finishBeanFactoryInitialization(AbstractApplicationContext.java:839)
	at org.springframework.context.support.AbstractApplicationContext.refresh(AbstractApplicationContext.java:538)
	at org.springframework.test.context.support.AbstractGenericContextLoader.loadContext(AbstractGenericContextLoader.java:125)
	at org.springframework.test.context.support.AbstractGenericContextLoader.loadContext(AbstractGenericContextLoader.java:60)
	at org.springframework.test.context.support.AbstractDelegatingSmartContextLoader.delegateLoading(AbstractDelegatingSmartContextLoader.java:109)
	at org.springframework.test.context.support.AbstractDelegatingSmartContextLoader.loadContext(AbstractDelegatingSmartContextLoader.java:261)
	at org.springframework.test.context.cache.DefaultCacheAwareContextLoaderDelegate.loadContextInternal(DefaultCacheAwareContextLoaderDelegate.java:98)
	at org.springframework.test.context.cache.DefaultCacheAwareContextLoaderDelegate.loadContext(DefaultCacheAwareContextLoaderDelegate.java:116)
	... 49 more
Caused by: org.springframework.beans.factory.BeanCreationException: Could not autowire method: public void com.smart.dao.BaseDao.setSessionFactory(org.hibernate.SessionFactory); nested exception is org.springframework.beans.factory.BeanCreationException: Error creating bean with name 'localSessionFactoryBean' defined in com.smart.config.DaoConfig: Invocation of init method failed; nested exception is org.hibernate.service.spi.ServiceException: Unable to create requested service [org.hibernate.engine.spi.CacheImplementor]
	at org.springframework.beans.factory.annotation.AutowiredAnnotationBeanPostProcessor$AutowiredMethodElement.inject(AutowiredAnnotationBeanPostProcessor.java:661)
	at org.springframework.beans.factory.annotation.InjectionMetadata.inject(InjectionMetadata.java:88)
	at org.springframework.beans.factory.annotation.AutowiredAnnotationBeanPostProcessor.postProcessPropertyValues(AutowiredAnnotationBeanPostProcessor.java:331)
	... 65 more
Caused by: org.springframework.beans.factory.BeanCreationException: Error creating bean with name 'localSessionFactoryBean' defined in com.smart.config.DaoConfig: Invocation of init method failed; nested exception is org.hibernate.service.spi.ServiceException: Unable to create requested service [org.hibernate.engine.spi.CacheImplementor]
	at org.springframework.beans.factory.support.AbstractAutowireCapableBeanFactory.initializeBean(AbstractAutowireCapableBeanFactory.java:1578)
	at org.springframework.beans.factory.support.AbstractAutowireCapableBeanFactory.doCreateBean(AbstractAutowireCapableBeanFactory.java:545)
	at org.springframework.beans.factory.support.AbstractAutowireCapableBeanFactory.createBean(AbstractAutowireCapableBeanFactory.java:482)
	at org.springframework.beans.factory.support.AbstractBeanFactory$1.getObject(AbstractBeanFactory.java:306)
	at org.springframework.beans.factory.support.DefaultSingletonBeanRegistry.getSingleton(DefaultSingletonBeanRegistry.java:230)
	at org.springframework.beans.factory.support.AbstractBeanFactory.doGetBean(AbstractBeanFactory.java:302)
	at org.springframework.beans.factory.support.AbstractBeanFactory.getBean(AbstractBeanFactory.java:197)
	at org.springframework.beans.factory.support.DefaultListableBeanFactory.findAutowireCandidates(DefaultListableBeanFactory.java:1192)
	at org.springframework.beans.factory.support.DefaultListableBeanFactory.doResolveDependency(DefaultListableBeanFactory.java:1116)
	at org.springframework.beans.factory.support.DefaultListableBeanFactory.resolveDependency(DefaultListableBeanFactory.java:1014)
	at org.springframework.beans.factory.annotation.AutowiredAnnotationBeanPostProcessor$AutowiredMethodElement.inject(AutowiredAnnotationBeanPostProcessor.java:618)
	... 67 more
Caused by: org.hibernate.service.spi.ServiceException: Unable to create requested service [org.hibernate.engine.spi.CacheImplementor]
	at org.hibernate.service.internal.AbstractServiceRegistryImpl.createService(AbstractServiceRegistryImpl.java:186)
	at org.hibernate.service.internal.AbstractServiceRegistryImpl.initializeService(AbstractServiceRegistryImpl.java:150)
	at org.hibernate.service.internal.AbstractServiceRegistryImpl.getService(AbstractServiceRegistryImpl.java:131)
	at org.hibernate.internal.SessionFactoryImpl.&lt;init&gt;(SessionFactoryImpl.java:264)
	at org.hibernate.cfg.Configuration.buildSessionFactory(Configuration.java:1750)
	at org.hibernate.cfg.Configuration.buildSessionFactory(Configuration.java:1788)
	at org.springframework.orm.hibernate4.LocalSessionFactoryBuilder.buildSessionFactory(LocalSessionFactoryBuilder.java:372)
	at org.springframework.orm.hibernate4.LocalSessionFactoryBean.buildSessionFactory(LocalSessionFactoryBean.java:454)
	at org.springframework.orm.hibernate4.LocalSessionFactoryBean.afterPropertiesSet(LocalSessionFactoryBean.java:439)
	at org.springframework.beans.factory.support.AbstractAutowireCapableBeanFactory.invokeInitMethods(AbstractAutowireCapableBeanFactory.java:1637)
	at org.springframework.beans.factory.support.AbstractAutowireCapableBeanFactory.initializeBean(AbstractAutowireCapableBeanFactory.java:1574)
	... 77 more
Caused by: org.hibernate.cache.CacheException: net.sf.ehcache.CacheException: Another unnamed CacheManager already exists in the same VM. Please provide unique names for each CacheManager in the config or do one of following:
1. Use one of the CacheManager.create() static factory methods to reuse same CacheManager with same name or create one if necessary
2. Shutdown the earlier cacheManager before creating new one with same name.
The source of the existing CacheManager is: DefaultConfigurationSource [ ehcache.xml or ehcache-failsafe.xml ]
	at org.hibernate.cache.ehcache.EhCacheRegionFactory.start(EhCacheRegionFactory.java:110)
	at org.hibernate.internal.CacheImpl.&lt;init&gt;(CacheImpl.java:70)
	at org.hibernate.engine.spi.CacheInitiator.initiateService(CacheInitiator.java:40)
	at org.hibernate.engine.spi.CacheInitiator.initiateService(CacheInitiator.java:35)
	at org.hibernate.service.internal.SessionFactoryServiceRegistryImpl.initiateService(SessionFactoryServiceRegistryImpl.java:91)
	at org.hibernate.service.internal.AbstractServiceRegistryImpl.createService(AbstractServiceRegistryImpl.java:176)
	... 87 more
Caused by: net.sf.ehcache.CacheException: Another unnamed CacheManager already exists in the same VM. Please provide unique names for each CacheManager in the config or do one of following:
1. Use one of the CacheManager.create() static factory methods to reuse same CacheManager with same name or create one if necessary
2. Shutdown the earlier cacheManager before creating new one with same name.
The source of the existing CacheManager is: DefaultConfigurationSource [ ehcache.xml or ehcache-failsafe.xml ]
	at net.sf.ehcache.CacheManager.assertNoCacheManagerExistsWithSameName(CacheManager.java:628)
	at net.sf.ehcache.CacheManager.init(CacheManager.java:392)
	at net.sf.ehcache.CacheManager.&lt;init&gt;(CacheManager.java:270)
	at org.hibernate.cache.ehcache.EhCacheRegionFactory.start(EhCacheRegionFactory.java:83)
	... 92 more
</failure>
  </testcase>
  <system-out><![CDATA[2019-10-10 22:58:08,293 DEBUG (org.hibernate.type.BasicTypeRegistry:148) - Adding type registration boolean -> org.hibernate.type.BooleanType@2d01ae66
2019-10-10 22:58:08,294 DEBUG (org.hibernate.type.BasicTypeRegistry:148) - Adding type registration boolean -> org.hibernate.type.BooleanType@2d01ae66
2019-10-10 22:58:08,294 DEBUG (org.hibernate.type.BasicTypeRegistry:148) - Adding type registration java.lang.Boolean -> org.hibernate.type.BooleanType@2d01ae66
2019-10-10 22:58:08,294 DEBUG (org.hibernate.type.BasicTypeRegistry:148) - Adding type registration numeric_boolean -> org.hibernate.type.NumericBooleanType@70edec05
2019-10-10 22:58:08,294 DEBUG (org.hibernate.type.BasicTypeRegistry:148) - Adding type registration true_false -> org.hibernate.type.TrueFalseType@42e6b2b6
2019-10-10 22:58:08,295 DEBUG (org.hibernate.type.BasicTypeRegistry:148) - Adding type registration yes_no -> org.hibernate.type.YesNoType@49bd6031
2019-10-10 22:58:08,295 DEBUG (org.hibernate.type.BasicTypeRegistry:148) - Adding type registration byte -> org.hibernate.type.ByteType@73b27c95
2019-10-10 22:58:08,295 DEBUG (org.hibernate.type.BasicTypeRegistry:148) - Adding type registration byte -> org.hibernate.type.ByteType@73b27c95
2019-10-10 22:58:08,295 DEBUG (org.hibernate.type.BasicTypeRegistry:148) - Adding type registration java.lang.Byte -> org.hibernate.type.ByteType@73b27c95
2019-10-10 22:58:08,296 DEBUG (org.hibernate.type.BasicTypeRegistry:148) - Adding type registration character -> org.hibernate.type.CharacterType@65607cae
2019-10-10 22:58:08,296 DEBUG (org.hibernate.type.BasicTypeRegistry:148) - Adding type registration char -> org.hibernate.type.CharacterType@65607cae
2019-10-10 22:58:08,296 DEBUG (org.hibernate.type.BasicTypeRegistry:148) - Adding type registration java.lang.Character -> org.hibernate.type.CharacterType@65607cae
2019-10-10 22:58:08,296 DEBUG (org.hibernate.type.BasicTypeRegistry:148) - Adding type registration short -> org.hibernate.type.ShortType@7c2b02e6
2019-10-10 22:58:08,296 DEBUG (org.hibernate.type.BasicTypeRegistry:148) - Adding type registration short -> org.hibernate.type.ShortType@7c2b02e6
2019-10-10 22:58:08,297 DEBUG (org.hibernate.type.BasicTypeRegistry:148) - Adding type registration java.lang.Short -> org.hibernate.type.ShortType@7c2b02e6
2019-10-10 22:58:08,297 DEBUG (org.hibernate.type.BasicTypeRegistry:148) - Adding type registration integer -> org.hibernate.type.IntegerType@2d2e100
2019-10-10 22:58:08,297 DEBUG (org.hibernate.type.BasicTypeRegistry:148) - Adding type registration int -> org.hibernate.type.IntegerType@2d2e100
2019-10-10 22:58:08,297 DEBUG (org.hibernate.type.BasicTypeRegistry:148) - Adding type registration java.lang.Integer -> org.hibernate.type.IntegerType@2d2e100
2019-10-10 22:58:08,297 DEBUG (org.hibernate.type.BasicTypeRegistry:148) - Adding type registration long -> org.hibernate.type.LongType@3d32044c
2019-10-10 22:58:08,297 DEBUG (org.hibernate.type.BasicTypeRegistry:148) - Adding type registration long -> org.hibernate.type.LongType@3d32044c
2019-10-10 22:58:08,298 DEBUG (org.hibernate.type.BasicTypeRegistry:148) - Adding type registration java.lang.Long -> org.hibernate.type.LongType@3d32044c
2019-10-10 22:58:08,298 DEBUG (org.hibernate.type.BasicTypeRegistry:148) - Adding type registration float -> org.hibernate.type.FloatType@18e166de
2019-10-10 22:58:08,298 DEBUG (org.hibernate.type.BasicTypeRegistry:148) - Adding type registration float -> org.hibernate.type.FloatType@18e166de
2019-10-10 22:58:08,298 DEBUG (org.hibernate.type.BasicTypeRegistry:148) - Adding type registration java.lang.Float -> org.hibernate.type.FloatType@18e166de
2019-10-10 22:58:08,298 DEBUG (org.hibernate.type.BasicTypeRegistry:148) - Adding type registration double -> org.hibernate.type.DoubleType@6df0656f
2019-10-10 22:58:08,299 DEBUG (org.hibernate.type.BasicTypeRegistry:148) - Adding type registration double -> org.hibernate.type.DoubleType@6df0656f
2019-10-10 22:58:08,299 DEBUG (org.hibernate.type.BasicTypeRegistry:148) - Adding type registration java.lang.Double -> org.hibernate.type.DoubleType@6df0656f
2019-10-10 22:58:08,299 DEBUG (org.hibernate.type.BasicTypeRegistry:148) - Adding type registration big_decimal -> org.hibernate.type.BigDecimalType@10f23b21
2019-10-10 22:58:08,299 DEBUG (org.hibernate.type.BasicTypeRegistry:148) - Adding type registration java.math.BigDecimal -> org.hibernate.type.BigDecimalType@10f23b21
2019-10-10 22:58:08,299 DEBUG (org.hibernate.type.BasicTypeRegistry:148) - Adding type registration big_integer -> org.hibernate.type.BigIntegerType@5f342cd1
2019-10-10 22:58:08,300 DEBUG (org.hibernate.type.BasicTypeRegistry:148) - Adding type registration java.math.BigInteger -> org.hibernate.type.BigIntegerType@5f342cd1
2019-10-10 22:58:08,300 DEBUG (org.hibernate.type.BasicTypeRegistry:148) - Adding type registration string -> org.hibernate.type.StringType@29f90ce8
2019-10-10 22:58:08,300 DEBUG (org.hibernate.type.BasicTypeRegistry:148) - Adding type registration java.lang.String -> org.hibernate.type.StringType@29f90ce8
2019-10-10 22:58:08,300 DEBUG (org.hibernate.type.BasicTypeRegistry:148) - Adding type registration nstring -> org.hibernate.type.StringNVarcharType@5cad3ce5
2019-10-10 22:58:08,300 DEBUG (org.hibernate.type.BasicTypeRegistry:148) - Adding type registration ncharacter -> org.hibernate.type.CharacterNCharType@2c6a2de6
2019-10-10 22:58:08,301 DEBUG (org.hibernate.type.BasicTypeRegistry:148) - Adding type registration url -> org.hibernate.type.UrlType@3961edf2
2019-10-10 22:58:08,301 DEBUG (org.hibernate.type.BasicTypeRegistry:148) - Adding type registration java.net.URL -> org.hibernate.type.UrlType@3961edf2
2019-10-10 22:58:08,301 DEBUG (org.hibernate.type.BasicTypeRegistry:148) - Adding type registration date -> org.hibernate.type.DateType@43e7596d
2019-10-10 22:58:08,301 DEBUG (org.hibernate.type.BasicTypeRegistry:148) - Adding type registration java.sql.Date -> org.hibernate.type.DateType@43e7596d
2019-10-10 22:58:08,302 DEBUG (org.hibernate.type.BasicTypeRegistry:148) - Adding type registration time -> org.hibernate.type.TimeType@749a09c7
2019-10-10 22:58:08,302 DEBUG (org.hibernate.type.BasicTypeRegistry:148) - Adding type registration java.sql.Time -> org.hibernate.type.TimeType@749a09c7
2019-10-10 22:58:08,302 DEBUG (org.hibernate.type.BasicTypeRegistry:148) - Adding type registration timestamp -> org.hibernate.type.TimestampType@6a147f88
2019-10-10 22:58:08,302 DEBUG (org.hibernate.type.BasicTypeRegistry:148) - Adding type registration java.sql.Timestamp -> org.hibernate.type.TimestampType@6a147f88
2019-10-10 22:58:08,302 DEBUG (org.hibernate.type.BasicTypeRegistry:148) - Adding type registration java.util.Date -> org.hibernate.type.TimestampType@6a147f88
2019-10-10 22:58:08,303 DEBUG (org.hibernate.type.BasicTypeRegistry:148) - Adding type registration dbtimestamp -> org.hibernate.type.DbTimestampType@7faf8b2a
2019-10-10 22:58:08,303 DEBUG (org.hibernate.type.BasicTypeRegistry:148) - Adding type registration calendar -> org.hibernate.type.CalendarType@680867b4
2019-10-10 22:58:08,303 DEBUG (org.hibernate.type.BasicTypeRegistry:148) - Adding type registration java.util.Calendar -> org.hibernate.type.CalendarType@680867b4
2019-10-10 22:58:08,303 DEBUG (org.hibernate.type.BasicTypeRegistry:148) - Adding type registration java.util.GregorianCalendar -> org.hibernate.type.CalendarType@680867b4
2019-10-10 22:58:08,303 DEBUG (org.hibernate.type.BasicTypeRegistry:148) - Adding type registration calendar_date -> org.hibernate.type.CalendarDateType@2c186e6f
2019-10-10 22:58:08,304 DEBUG (org.hibernate.type.BasicTypeRegistry:148) - Adding type registration locale -> org.hibernate.type.LocaleType@ebbb2db
2019-10-10 22:58:08,304 DEBUG (org.hibernate.type.BasicTypeRegistry:148) - Adding type registration java.util.Locale -> org.hibernate.type.LocaleType@ebbb2db
2019-10-10 22:58:08,304 DEBUG (org.hibernate.type.BasicTypeRegistry:148) - Adding type registration currency -> org.hibernate.type.CurrencyType@1dcc8f08
2019-10-10 22:58:08,304 DEBUG (org.hibernate.type.BasicTypeRegistry:148) - Adding type registration java.util.Currency -> org.hibernate.type.CurrencyType@1dcc8f08
2019-10-10 22:58:08,304 DEBUG (org.hibernate.type.BasicTypeRegistry:148) - Adding type registration timezone -> org.hibernate.type.TimeZoneType@1d2ba79a
2019-10-10 22:58:08,304 DEBUG (org.hibernate.type.BasicTypeRegistry:148) - Adding type registration java.util.TimeZone -> org.hibernate.type.TimeZoneType@1d2ba79a
2019-10-10 22:58:08,305 DEBUG (org.hibernate.type.BasicTypeRegistry:148) - Adding type registration class -> org.hibernate.type.ClassType@2f320fea
2019-10-10 22:58:08,305 DEBUG (org.hibernate.type.BasicTypeRegistry:148) - Adding type registration java.lang.Class -> org.hibernate.type.ClassType@2f320fea
2019-10-10 22:58:08,305 DEBUG (org.hibernate.type.BasicTypeRegistry:148) - Adding type registration uuid-binary -> org.hibernate.type.UUIDBinaryType@4298c6a
2019-10-10 22:58:08,305 DEBUG (org.hibernate.type.BasicTypeRegistry:148) - Adding type registration java.util.UUID -> org.hibernate.type.UUIDBinaryType@4298c6a
2019-10-10 22:58:08,306 DEBUG (org.hibernate.type.BasicTypeRegistry:148) - Adding type registration uuid-char -> org.hibernate.type.UUIDCharType@5e277669
2019-10-10 22:58:08,306 DEBUG (org.hibernate.type.BasicTypeRegistry:148) - Adding type registration pg-uuid -> org.hibernate.type.PostgresUUIDType@6ffc426a
2019-10-10 22:58:08,306 DEBUG (org.hibernate.type.BasicTypeRegistry:148) - Adding type registration binary -> org.hibernate.type.BinaryType@5a14633c
2019-10-10 22:58:08,306 DEBUG (org.hibernate.type.BasicTypeRegistry:148) - Adding type registration byte[] -> org.hibernate.type.BinaryType@5a14633c
2019-10-10 22:58:08,306 DEBUG (org.hibernate.type.BasicTypeRegistry:148) - Adding type registration [B -> org.hibernate.type.BinaryType@5a14633c
2019-10-10 22:58:08,307 DEBUG (org.hibernate.type.BasicTypeRegistry:148) - Adding type registration wrapper-binary -> org.hibernate.type.WrapperBinaryType@52a599f8
2019-10-10 22:58:08,307 DEBUG (org.hibernate.type.BasicTypeRegistry:148) - Adding type registration Byte[] -> org.hibernate.type.WrapperBinaryType@52a599f8
2019-10-10 22:58:08,307 DEBUG (org.hibernate.type.BasicTypeRegistry:148) - Adding type registration [Ljava.lang.Byte; -> org.hibernate.type.WrapperBinaryType@52a599f8
2019-10-10 22:58:08,307 DEBUG (org.hibernate.type.BasicTypeRegistry:148) - Adding type registration image -> org.hibernate.type.ImageType@30e4a4ba
2019-10-10 22:58:08,307 DEBUG (org.hibernate.type.BasicTypeRegistry:148) - Adding type registration characters -> org.hibernate.type.CharArrayType@18ac084b
2019-10-10 22:58:08,308 DEBUG (org.hibernate.type.BasicTypeRegistry:148) - Adding type registration char[] -> org.hibernate.type.CharArrayType@18ac084b
2019-10-10 22:58:08,308 DEBUG (org.hibernate.type.BasicTypeRegistry:148) - Adding type registration [C -> org.hibernate.type.CharArrayType@18ac084b
2019-10-10 22:58:08,308 DEBUG (org.hibernate.type.BasicTypeRegistry:148) - Adding type registration wrapper-characters -> org.hibernate.type.CharacterArrayType@5f9e5f06
2019-10-10 22:58:08,308 DEBUG (org.hibernate.type.BasicTypeRegistry:148) - Adding type registration [Ljava.lang.Character; -> org.hibernate.type.CharacterArrayType@5f9e5f06
2019-10-10 22:58:08,308 DEBUG (org.hibernate.type.BasicTypeRegistry:148) - Adding type registration Character[] -> org.hibernate.type.CharacterArrayType@5f9e5f06
2019-10-10 22:58:08,309 DEBUG (org.hibernate.type.BasicTypeRegistry:148) - Adding type registration text -> org.hibernate.type.TextType@4bdf3a37
2019-10-10 22:58:08,309 DEBUG (org.hibernate.type.BasicTypeRegistry:148) - Adding type registration ntext -> org.hibernate.type.NTextType@496e658b
2019-10-10 22:58:08,309 DEBUG (org.hibernate.type.BasicTypeRegistry:148) - Adding type registration blob -> org.hibernate.type.BlobType@10554faf
2019-10-10 22:58:08,309 DEBUG (org.hibernate.type.BasicTypeRegistry:148) - Adding type registration java.sql.Blob -> org.hibernate.type.BlobType@10554faf
2019-10-10 22:58:08,309 DEBUG (org.hibernate.type.BasicTypeRegistry:148) - Adding type registration materialized_blob -> org.hibernate.type.MaterializedBlobType@2e3c3ab5
2019-10-10 22:58:08,310 DEBUG (org.hibernate.type.BasicTypeRegistry:148) - Adding type registration clob -> org.hibernate.type.ClobType@b00e5a7
2019-10-10 22:58:08,310 DEBUG (org.hibernate.type.BasicTypeRegistry:148) - Adding type registration java.sql.Clob -> org.hibernate.type.ClobType@b00e5a7
2019-10-10 22:58:08,310 DEBUG (org.hibernate.type.BasicTypeRegistry:148) - Adding type registration nclob -> org.hibernate.type.NClobType@76968edc
2019-10-10 22:58:08,311 DEBUG (org.hibernate.type.BasicTypeRegistry:148) - Adding type registration java.sql.NClob -> org.hibernate.type.NClobType@76968edc
2019-10-10 22:58:08,311 DEBUG (org.hibernate.type.BasicTypeRegistry:148) - Adding type registration materialized_clob -> org.hibernate.type.MaterializedClobType@57683668
2019-10-10 22:58:08,311 DEBUG (org.hibernate.type.BasicTypeRegistry:148) - Adding type registration materialized_nclob -> org.hibernate.type.MaterializedNClobType@694a2bf8
2019-10-10 22:58:08,311 DEBUG (org.hibernate.type.BasicTypeRegistry:148) - Adding type registration serializable -> org.hibernate.type.SerializableType@2ddb7622
2019-10-10 22:58:08,311 DEBUG (org.hibernate.type.BasicTypeRegistry:148) - Adding type registration object -> org.hibernate.type.ObjectType@507cc9ed
2019-10-10 22:58:08,311 DEBUG (org.hibernate.type.BasicTypeRegistry:148) - Adding type registration java.lang.Object -> org.hibernate.type.ObjectType@507cc9ed
2019-10-10 22:58:08,312 DEBUG (org.hibernate.type.BasicTypeRegistry:148) - Adding type registration imm_date -> org.hibernate.type.AdaptedImmutableType@62f783ea
2019-10-10 22:58:08,312 DEBUG (org.hibernate.type.BasicTypeRegistry:148) - Adding type registration imm_time -> org.hibernate.type.AdaptedImmutableType@38813b73
2019-10-10 22:58:08,312 DEBUG (org.hibernate.type.BasicTypeRegistry:148) - Adding type registration imm_timestamp -> org.hibernate.type.AdaptedImmutableType@4e7262d8
2019-10-10 22:58:08,312 DEBUG (org.hibernate.type.BasicTypeRegistry:148) - Adding type registration imm_dbtimestamp -> org.hibernate.type.AdaptedImmutableType@1d9297d9
2019-10-10 22:58:08,312 DEBUG (org.hibernate.type.BasicTypeRegistry:148) - Adding type registration imm_calendar -> org.hibernate.type.AdaptedImmutableType@4324af52
2019-10-10 22:58:08,313 DEBUG (org.hibernate.type.BasicTypeRegistry:148) - Adding type registration imm_calendar_date -> org.hibernate.type.AdaptedImmutableType@72cf5ee6
2019-10-10 22:58:08,313 DEBUG (org.hibernate.type.BasicTypeRegistry:148) - Adding type registration imm_binary -> org.hibernate.type.AdaptedImmutableType@2ff686c5
2019-10-10 22:58:08,313 DEBUG (org.hibernate.type.BasicTypeRegistry:148) - Adding type registration imm_serializable -> org.hibernate.type.AdaptedImmutableType@2653e0bd
2019-10-10 22:58:08,314 DEBUG (org.hibernate.id.factory.internal.DefaultIdentifierGeneratorFactory:93) - Registering IdentifierGenerator strategy [uuid2] -> [org.hibernate.id.UUIDGenerator]
2019-10-10 22:58:08,314 DEBUG (org.hibernate.id.factory.internal.DefaultIdentifierGeneratorFactory:93) - Registering IdentifierGenerator strategy [guid] -> [org.hibernate.id.GUIDGenerator]
2019-10-10 22:58:08,314 DEBUG (org.hibernate.id.factory.internal.DefaultIdentifierGeneratorFactory:93) - Registering IdentifierGenerator strategy [uuid] -> [org.hibernate.id.UUIDHexGenerator]
2019-10-10 22:58:08,314 DEBUG (org.hibernate.id.factory.internal.DefaultIdentifierGeneratorFactory:93) - Registering IdentifierGenerator strategy [uuid.hex] -> [org.hibernate.id.UUIDHexGenerator]
2019-10-10 22:58:08,314 DEBUG (org.hibernate.id.factory.internal.DefaultIdentifierGeneratorFactory:93) - Registering IdentifierGenerator strategy [hilo] -> [org.hibernate.id.TableHiLoGenerator]
2019-10-10 22:58:08,315 DEBUG (org.hibernate.id.factory.internal.DefaultIdentifierGeneratorFactory:93) - Registering IdentifierGenerator strategy [assigned] -> [org.hibernate.id.Assigned]
2019-10-10 22:58:08,315 DEBUG (org.hibernate.id.factory.internal.DefaultIdentifierGeneratorFactory:93) - Registering IdentifierGenerator strategy [identity] -> [org.hibernate.id.IdentityGenerator]
2019-10-10 22:58:08,315 DEBUG (org.hibernate.id.factory.internal.DefaultIdentifierGeneratorFactory:93) - Registering IdentifierGenerator strategy [select] -> [org.hibernate.id.SelectGenerator]
2019-10-10 22:58:08,315 DEBUG (org.hibernate.id.factory.internal.DefaultIdentifierGeneratorFactory:93) - Registering IdentifierGenerator strategy [sequence] -> [org.hibernate.id.SequenceGenerator]
2019-10-10 22:58:08,315 DEBUG (org.hibernate.id.factory.internal.DefaultIdentifierGeneratorFactory:93) - Registering IdentifierGenerator strategy [seqhilo] -> [org.hibernate.id.SequenceHiLoGenerator]
2019-10-10 22:58:08,315 DEBUG (org.hibernate.id.factory.internal.DefaultIdentifierGeneratorFactory:93) - Registering IdentifierGenerator strategy [increment] -> [org.hibernate.id.IncrementGenerator]
2019-10-10 22:58:08,316 DEBUG (org.hibernate.id.factory.internal.DefaultIdentifierGeneratorFactory:93) - Registering IdentifierGenerator strategy [foreign] -> [org.hibernate.id.ForeignGenerator]
2019-10-10 22:58:08,316 DEBUG (org.hibernate.id.factory.internal.DefaultIdentifierGeneratorFactory:93) - Registering IdentifierGenerator strategy [sequence-identity] -> [org.hibernate.id.SequenceIdentityGenerator]
2019-10-10 22:58:08,316 DEBUG (org.hibernate.id.factory.internal.DefaultIdentifierGeneratorFactory:93) - Registering IdentifierGenerator strategy [enhanced-sequence] -> [org.hibernate.id.enhanced.SequenceStyleGenerator]
2019-10-10 22:58:08,316 DEBUG (org.hibernate.id.factory.internal.DefaultIdentifierGeneratorFactory:93) - Registering IdentifierGenerator strategy [enhanced-table] -> [org.hibernate.id.enhanced.TableGenerator]
2019-10-10 22:58:08,319 DEBUG (org.hibernate.integrator.internal.IntegratorServiceImpl:59) - Adding Integrator [org.hibernate.cfg.beanvalidation.BeanValidationIntegrator].
2019-10-10 22:58:08,320 DEBUG (org.hibernate.cfg.Configuration:1735) - Preparing to build session factory with filters : {}
2019-10-10 22:58:08,320 DEBUG (org.hibernate.cfg.Configuration:3416) - Processing hbm.xml files
2019-10-10 22:58:08,320 DEBUG (org.hibernate.cfg.Configuration:3446) - Process annotated classes
2019-10-10 22:58:08,321 DEBUG (org.hibernate.cfg.AnnotationBinder:531) - Binding entity from annotated class: com.smart.domain.Board
2019-10-10 22:58:08,321 DEBUG (org.hibernate.cfg.Ejb3Column:196) - Binding column: Ejb3DiscriminatorColumn{logicalColumnName'DTYPE', discriminatorTypeName='string'}
2019-10-10 22:58:08,321 DEBUG (org.hibernate.cfg.annotations.EntityBinder:394) - Import with entity name Board
2019-10-10 22:58:08,322 DEBUG (org.hibernate.cfg.annotations.EntityBinder:564) - Bind entity com.smart.domain.Board on table t_board
2019-10-10 22:58:08,323 DEBUG (org.hibernate.cfg.Ejb3Column:196) - Binding column: Ejb3Column{table=org.hibernate.mapping.Table(t_board), mappingColumn=board_id, insertable=true, updatable=true, unique=false}
2019-10-10 22:58:08,323 DEBUG (org.hibernate.cfg.annotations.PropertyBinder:179) - MetadataSourceProcessor property boardId with lazy=false
2019-10-10 22:58:08,323 DEBUG (org.hibernate.cfg.annotations.SimpleValueBinder:331) - building SimpleValue for boardId
2019-10-10 22:58:08,324 DEBUG (org.hibernate.cfg.annotations.PropertyBinder:260) - Building property boardId
2019-10-10 22:58:08,324 DEBUG (org.hibernate.cfg.Ejb3Column:196) - Binding column: Ejb3Column{table=org.hibernate.mapping.Table(t_board), mappingColumn=board_desc, insertable=true, updatable=true, unique=false}
2019-10-10 22:58:08,324 DEBUG (org.hibernate.cfg.annotations.PropertyBinder:179) - MetadataSourceProcessor property boardDesc with lazy=false
2019-10-10 22:58:08,325 DEBUG (org.hibernate.cfg.annotations.SimpleValueBinder:331) - building SimpleValue for boardDesc
2019-10-10 22:58:08,325 DEBUG (org.hibernate.cfg.annotations.PropertyBinder:260) - Building property boardDesc
2019-10-10 22:58:08,325 DEBUG (org.hibernate.cfg.Ejb3Column:196) - Binding column: Ejb3Column{table=org.hibernate.mapping.Table(t_board), mappingColumn=board_name, insertable=true, updatable=true, unique=false}
2019-10-10 22:58:08,326 DEBUG (org.hibernate.cfg.annotations.PropertyBinder:179) - MetadataSourceProcessor property boardName with lazy=false
2019-10-10 22:58:08,326 DEBUG (org.hibernate.cfg.annotations.SimpleValueBinder:331) - building SimpleValue for boardName
2019-10-10 22:58:08,326 DEBUG (org.hibernate.cfg.annotations.PropertyBinder:260) - Building property boardName
2019-10-10 22:58:08,326 DEBUG (org.hibernate.cfg.Ejb3Column:196) - Binding column: Ejb3Column{table=org.hibernate.mapping.Table(t_board), mappingColumn=topic_num, insertable=true, updatable=true, unique=false}
2019-10-10 22:58:08,327 DEBUG (org.hibernate.cfg.annotations.PropertyBinder:179) - MetadataSourceProcessor property topicNum with lazy=false
2019-10-10 22:58:08,327 DEBUG (org.hibernate.cfg.annotations.SimpleValueBinder:331) - building SimpleValue for topicNum
2019-10-10 22:58:08,327 DEBUG (org.hibernate.cfg.annotations.PropertyBinder:260) - Building property topicNum
2019-10-10 22:58:08,328 DEBUG (org.hibernate.cfg.Ejb3Column:196) - Binding column: Ejb3Column{table=org.hibernate.mapping.Table(t_board), mappingColumn=null, insertable=true, updatable=true, unique=false}
2019-10-10 22:58:08,328 DEBUG (org.hibernate.cfg.Ejb3Column:196) - Binding column: Ejb3Column{table=org.hibernate.mapping.Table(t_board), mappingColumn=element, insertable=true, updatable=true, unique=false}
2019-10-10 22:58:08,328 DEBUG (org.hibernate.cfg.Ejb3Column:196) - Binding column: Ejb3Column{table=org.hibernate.mapping.Table(t_board), mappingColumn=users_KEY, insertable=true, updatable=true, unique=false}
2019-10-10 22:58:08,329 DEBUG (org.hibernate.cfg.Ejb3Column:196) - Binding column: Ejb3JoinColumn{logicalColumnName='users_KEY', referencedColumn='null', mappedBy='null'}
2019-10-10 22:58:08,329 DEBUG (org.hibernate.cfg.Ejb3Column:196) - Binding column: Ejb3JoinColumn{logicalColumnName='null', referencedColumn='null', mappedBy='manBoards'}
2019-10-10 22:58:08,329 DEBUG (org.hibernate.cfg.Ejb3Column:196) - Binding column: Ejb3JoinColumn{logicalColumnName='null', referencedColumn='null', mappedBy='manBoards'}
2019-10-10 22:58:08,329 DEBUG (org.hibernate.cfg.annotations.CollectionBinder:400) - Collection role: com.smart.domain.Board.users
2019-10-10 22:58:08,330 DEBUG (org.hibernate.cfg.annotations.PropertyBinder:260) - Building property users
2019-10-10 22:58:08,330 DEBUG (org.hibernate.cfg.AnnotationBinder:531) - Binding entity from annotated class: com.smart.domain.LoginLog
2019-10-10 22:58:08,330 DEBUG (org.hibernate.cfg.Ejb3Column:196) - Binding column: Ejb3DiscriminatorColumn{logicalColumnName'DTYPE', discriminatorTypeName='string'}
2019-10-10 22:58:08,331 DEBUG (org.hibernate.cfg.annotations.EntityBinder:394) - Import with entity name LoginLog
2019-10-10 22:58:08,331 DEBUG (org.hibernate.cfg.annotations.EntityBinder:564) - Bind entity com.smart.domain.LoginLog on table t_login_log
2019-10-10 22:58:08,331 DEBUG (org.hibernate.cfg.Ejb3Column:196) - Binding column: Ejb3Column{table=org.hibernate.mapping.Table(t_login_log), mappingColumn=login_log_id, insertable=true, updatable=true, unique=false}
2019-10-10 22:58:08,332 DEBUG (org.hibernate.cfg.annotations.PropertyBinder:179) - MetadataSourceProcessor property loginLogId with lazy=false
2019-10-10 22:58:08,332 DEBUG (org.hibernate.cfg.annotations.SimpleValueBinder:331) - building SimpleValue for loginLogId
2019-10-10 22:58:08,332 DEBUG (org.hibernate.cfg.annotations.PropertyBinder:260) - Building property loginLogId
2019-10-10 22:58:08,333 DEBUG (org.hibernate.cfg.Ejb3Column:196) - Binding column: Ejb3Column{table=org.hibernate.mapping.Table(t_login_log), mappingColumn=ip, insertable=true, updatable=true, unique=false}
2019-10-10 22:58:08,333 DEBUG (org.hibernate.cfg.annotations.PropertyBinder:179) - MetadataSourceProcessor property ip with lazy=false
2019-10-10 22:58:08,333 DEBUG (org.hibernate.cfg.annotations.SimpleValueBinder:331) - building SimpleValue for ip
2019-10-10 22:58:08,333 DEBUG (org.hibernate.cfg.annotations.PropertyBinder:260) - Building property ip
2019-10-10 22:58:08,333 DEBUG (org.hibernate.cfg.Ejb3Column:196) - Binding column: Ejb3Column{table=org.hibernate.mapping.Table(t_login_log), mappingColumn=login_datetime, insertable=true, updatable=true, unique=false}
2019-10-10 22:58:08,334 DEBUG (org.hibernate.cfg.annotations.PropertyBinder:179) - MetadataSourceProcessor property loginDate with lazy=false
2019-10-10 22:58:08,334 DEBUG (org.hibernate.cfg.annotations.SimpleValueBinder:331) - building SimpleValue for loginDate
2019-10-10 22:58:08,334 DEBUG (org.hibernate.cfg.annotations.PropertyBinder:260) - Building property loginDate
2019-10-10 22:58:08,335 DEBUG (org.hibernate.cfg.Ejb3Column:196) - Binding column: Ejb3JoinColumn{logicalColumnName='user_id', referencedColumn='', mappedBy=''}
2019-10-10 22:58:08,335 DEBUG (org.hibernate.cfg.Ejb3Column:196) - Binding column: Ejb3Column{table=org.hibernate.mapping.Table(t_login_log), mappingColumn=user, insertable=true, updatable=true, unique=false}
2019-10-10 22:58:08,335 DEBUG (org.hibernate.cfg.annotations.PropertyBinder:260) - Building property user
2019-10-10 22:58:08,336 DEBUG (org.hibernate.cfg.AnnotationBinder:531) - Binding entity from annotated class: com.smart.domain.Post
2019-10-10 22:58:08,336 DEBUG (org.hibernate.cfg.Ejb3Column:196) - Binding column: Ejb3DiscriminatorColumn{logicalColumnName'post_type', discriminatorTypeName='string'}
2019-10-10 22:58:08,336 DEBUG (org.hibernate.cfg.annotations.EntityBinder:394) - Import with entity name Post
2019-10-10 22:58:08,337 DEBUG (org.hibernate.cfg.annotations.EntityBinder:564) - Bind entity com.smart.domain.Post on table t_post
2019-10-10 22:58:08,338 DEBUG (org.hibernate.cfg.Ejb3Column:196) - Binding column: Ejb3Column{table=org.hibernate.mapping.Table(t_post), mappingColumn=post_id, insertable=true, updatable=true, unique=false}
2019-10-10 22:58:08,338 DEBUG (org.hibernate.cfg.annotations.PropertyBinder:179) - MetadataSourceProcessor property postId with lazy=false
2019-10-10 22:58:08,339 DEBUG (org.hibernate.cfg.annotations.SimpleValueBinder:331) - building SimpleValue for postId
2019-10-10 22:58:08,339 DEBUG (org.hibernate.cfg.annotations.PropertyBinder:260) - Building property postId
2019-10-10 22:58:08,339 DEBUG (org.hibernate.cfg.Ejb3Column:196) - Binding column: Ejb3Column{table=org.hibernate.mapping.Table(t_post), mappingColumn=board_id, insertable=true, updatable=true, unique=false}
2019-10-10 22:58:08,339 DEBUG (org.hibernate.cfg.annotations.PropertyBinder:179) - MetadataSourceProcessor property boardId with lazy=false
2019-10-10 22:58:08,340 DEBUG (org.hibernate.cfg.annotations.SimpleValueBinder:331) - building SimpleValue for boardId
2019-10-10 22:58:08,340 DEBUG (org.hibernate.cfg.annotations.PropertyBinder:260) - Building property boardId
2019-10-10 22:58:08,340 DEBUG (org.hibernate.cfg.Ejb3Column:196) - Binding column: Ejb3Column{table=org.hibernate.mapping.Table(t_post), mappingColumn=create_time, insertable=true, updatable=true, unique=false}
2019-10-10 22:58:08,341 DEBUG (org.hibernate.cfg.annotations.PropertyBinder:179) - MetadataSourceProcessor property createTime with lazy=false
2019-10-10 22:58:08,341 DEBUG (org.hibernate.cfg.annotations.SimpleValueBinder:331) - building SimpleValue for createTime
2019-10-10 22:58:08,341 DEBUG (org.hibernate.cfg.annotations.PropertyBinder:260) - Building property createTime
2019-10-10 22:58:08,342 DEBUG (org.hibernate.cfg.Ejb3Column:196) - Binding column: Ejb3Column{table=org.hibernate.mapping.Table(t_post), mappingColumn=post_text, insertable=true, updatable=true, unique=false}
2019-10-10 22:58:08,342 DEBUG (org.hibernate.cfg.annotations.PropertyBinder:179) - MetadataSourceProcessor property postText with lazy=false
2019-10-10 22:58:08,342 DEBUG (org.hibernate.cfg.annotations.SimpleValueBinder:331) - building SimpleValue for postText
2019-10-10 22:58:08,343 DEBUG (org.hibernate.cfg.annotations.PropertyBinder:260) - Building property postText
2019-10-10 22:58:08,343 DEBUG (org.hibernate.cfg.Ejb3Column:196) - Binding column: Ejb3Column{table=org.hibernate.mapping.Table(t_post), mappingColumn=post_title, insertable=true, updatable=true, unique=false}
2019-10-10 22:58:08,343 DEBUG (org.hibernate.cfg.annotations.PropertyBinder:179) - MetadataSourceProcessor property postTitle with lazy=false
2019-10-10 22:58:08,343 DEBUG (org.hibernate.cfg.annotations.SimpleValueBinder:331) - building SimpleValue for postTitle
2019-10-10 22:58:08,344 DEBUG (org.hibernate.cfg.annotations.PropertyBinder:260) - Building property postTitle
2019-10-10 22:58:08,344 DEBUG (org.hibernate.cfg.Ejb3Column:196) - Binding column: Ejb3JoinColumn{logicalColumnName='topic_id', referencedColumn='', mappedBy=''}
2019-10-10 22:58:08,344 DEBUG (org.hibernate.cfg.Ejb3Column:196) - Binding column: Ejb3Column{table=org.hibernate.mapping.Table(t_post), mappingColumn=topic, insertable=true, updatable=true, unique=false}
2019-10-10 22:58:08,344 DEBUG (org.hibernate.cfg.annotations.PropertyBinder:260) - Building property topic
2019-10-10 22:58:08,345 DEBUG (org.hibernate.cfg.Ejb3Column:196) - Binding column: Ejb3JoinColumn{logicalColumnName='user_id', referencedColumn='', mappedBy=''}
2019-10-10 22:58:08,345 DEBUG (org.hibernate.cfg.Ejb3Column:196) - Binding column: Ejb3Column{table=org.hibernate.mapping.Table(t_post), mappingColumn=user, insertable=true, updatable=true, unique=false}
2019-10-10 22:58:08,345 DEBUG (org.hibernate.cfg.annotations.PropertyBinder:260) - Building property user
2019-10-10 22:58:08,345 DEBUG (org.hibernate.cfg.AnnotationBinder:531) - Binding entity from annotated class: com.smart.domain.MainPost
2019-10-10 22:58:08,346  WARN (org.hibernate.cfg.AnnotationBinder:735) - HHH000133: Discriminator column has to be defined in the root entity, it will be ignored in subclass: com.smart.domain.MainPost
2019-10-10 22:58:08,346 DEBUG (org.hibernate.cfg.annotations.EntityBinder:394) - Import with entity name MainPost
2019-10-10 22:58:08,346 DEBUG (org.hibernate.cfg.AnnotationBinder:531) - Binding entity from annotated class: com.smart.domain.Topic
2019-10-10 22:58:08,346 DEBUG (org.hibernate.cfg.Ejb3Column:196) - Binding column: Ejb3DiscriminatorColumn{logicalColumnName'DTYPE', discriminatorTypeName='string'}
2019-10-10 22:58:08,347 DEBUG (org.hibernate.cfg.annotations.EntityBinder:394) - Import with entity name Topic
2019-10-10 22:58:08,347 DEBUG (org.hibernate.cfg.annotations.EntityBinder:564) - Bind entity com.smart.domain.Topic on table t_topic
2019-10-10 22:58:08,348 DEBUG (org.hibernate.cfg.Ejb3Column:196) - Binding column: Ejb3Column{table=org.hibernate.mapping.Table(t_topic), mappingColumn=topic_id, insertable=true, updatable=true, unique=false}
2019-10-10 22:58:08,349 DEBUG (org.hibernate.cfg.annotations.PropertyBinder:179) - MetadataSourceProcessor property topicId with lazy=false
2019-10-10 22:58:08,349 DEBUG (org.hibernate.cfg.annotations.SimpleValueBinder:331) - building SimpleValue for topicId
2019-10-10 22:58:08,349 DEBUG (org.hibernate.cfg.annotations.PropertyBinder:260) - Building property topicId
2019-10-10 22:58:08,349 DEBUG (org.hibernate.cfg.Ejb3Column:196) - Binding column: Ejb3Column{table=org.hibernate.mapping.Table(t_topic), mappingColumn=board_id, insertable=true, updatable=true, unique=false}
2019-10-10 22:58:08,350 DEBUG (org.hibernate.cfg.annotations.PropertyBinder:179) - MetadataSourceProcessor property boardId with lazy=false
2019-10-10 22:58:08,350 DEBUG (org.hibernate.cfg.annotations.SimpleValueBinder:331) - building SimpleValue for boardId
2019-10-10 22:58:08,350 DEBUG (org.hibernate.cfg.annotations.PropertyBinder:260) - Building property boardId
2019-10-10 22:58:08,351 DEBUG (org.hibernate.cfg.Ejb3Column:196) - Binding column: Ejb3Column{table=org.hibernate.mapping.Table(t_topic), mappingColumn=create_time, insertable=true, updatable=true, unique=false}
2019-10-10 22:58:08,351 DEBUG (org.hibernate.cfg.annotations.PropertyBinder:179) - MetadataSourceProcessor property createTime with lazy=false
2019-10-10 22:58:08,351 DEBUG (org.hibernate.cfg.annotations.SimpleValueBinder:331) - building SimpleValue for createTime
2019-10-10 22:58:08,351 DEBUG (org.hibernate.cfg.annotations.PropertyBinder:260) - Building property createTime
2019-10-10 22:58:08,351 DEBUG (org.hibernate.cfg.Ejb3Column:196) - Binding column: Ejb3Column{table=org.hibernate.mapping.Table(t_topic), mappingColumn=digest, insertable=true, updatable=true, unique=false}
2019-10-10 22:58:08,352 DEBUG (org.hibernate.cfg.annotations.PropertyBinder:179) - MetadataSourceProcessor property digest with lazy=false
2019-10-10 22:58:08,352 DEBUG (org.hibernate.cfg.annotations.SimpleValueBinder:331) - building SimpleValue for digest
2019-10-10 22:58:08,352 DEBUG (org.hibernate.cfg.annotations.PropertyBinder:260) - Building property digest
2019-10-10 22:58:08,352 DEBUG (org.hibernate.cfg.Ejb3Column:196) - Binding column: Ejb3Column{table=org.hibernate.mapping.Table(t_topic), mappingColumn=last_post, insertable=true, updatable=true, unique=false}
2019-10-10 22:58:08,352 DEBUG (org.hibernate.cfg.annotations.PropertyBinder:179) - MetadataSourceProcessor property lastPost with lazy=false
2019-10-10 22:58:08,353 DEBUG (org.hibernate.cfg.annotations.SimpleValueBinder:331) - building SimpleValue for lastPost
2019-10-10 22:58:08,353 DEBUG (org.hibernate.cfg.annotations.PropertyBinder:260) - Building property lastPost
2019-10-10 22:58:08,353 DEBUG (org.hibernate.cfg.Ejb3Column:196) - Binding column: Ejb3Column{table=org.hibernate.mapping.Table(t_topic), mappingColumn=topic_replies, insertable=true, updatable=true, unique=false}
2019-10-10 22:58:08,353 DEBUG (org.hibernate.cfg.annotations.PropertyBinder:179) - MetadataSourceProcessor property replies with lazy=false
2019-10-10 22:58:08,354 DEBUG (org.hibernate.cfg.annotations.SimpleValueBinder:331) - building SimpleValue for replies
2019-10-10 22:58:08,354 DEBUG (org.hibernate.cfg.annotations.PropertyBinder:260) - Building property replies
2019-10-10 22:58:08,354 DEBUG (org.hibernate.cfg.Ejb3Column:196) - Binding column: Ejb3Column{table=org.hibernate.mapping.Table(t_topic), mappingColumn=topic_title, insertable=true, updatable=true, unique=false}
2019-10-10 22:58:08,355 DEBUG (org.hibernate.cfg.annotations.PropertyBinder:179) - MetadataSourceProcessor property topicTitle with lazy=false
2019-10-10 22:58:08,355 DEBUG (org.hibernate.cfg.annotations.SimpleValueBinder:331) - building SimpleValue for topicTitle
2019-10-10 22:58:08,355 DEBUG (org.hibernate.cfg.annotations.PropertyBinder:260) - Building property topicTitle
2019-10-10 22:58:08,356 DEBUG (org.hibernate.cfg.Ejb3Column:196) - Binding column: Ejb3JoinColumn{logicalColumnName='user_id', referencedColumn='', mappedBy=''}
2019-10-10 22:58:08,356 DEBUG (org.hibernate.cfg.Ejb3Column:196) - Binding column: Ejb3Column{table=org.hibernate.mapping.Table(t_topic), mappingColumn=user, insertable=true, updatable=true, unique=false}
2019-10-10 22:58:08,356 DEBUG (org.hibernate.cfg.annotations.PropertyBinder:260) - Building property user
2019-10-10 22:58:08,357 DEBUG (org.hibernate.cfg.Ejb3Column:196) - Binding column: Ejb3Column{table=org.hibernate.mapping.Table(t_topic), mappingColumn=topic_views, insertable=true, updatable=true, unique=false}
2019-10-10 22:58:08,357 DEBUG (org.hibernate.cfg.annotations.PropertyBinder:179) - MetadataSourceProcessor property views with lazy=false
2019-10-10 22:58:08,357 DEBUG (org.hibernate.cfg.annotations.SimpleValueBinder:331) - building SimpleValue for views
2019-10-10 22:58:08,357 DEBUG (org.hibernate.cfg.annotations.PropertyBinder:260) - Building property views
2019-10-10 22:58:08,357 DEBUG (org.hibernate.cfg.AnnotationBinder:531) - Binding entity from annotated class: com.smart.domain.User
2019-10-10 22:58:08,358 DEBUG (org.hibernate.cfg.Ejb3Column:196) - Binding column: Ejb3DiscriminatorColumn{logicalColumnName'DTYPE', discriminatorTypeName='string'}
2019-10-10 22:58:08,358 DEBUG (org.hibernate.cfg.annotations.EntityBinder:394) - Import with entity name User
2019-10-10 22:58:08,358 DEBUG (org.hibernate.cfg.annotations.EntityBinder:564) - Bind entity com.smart.domain.User on table t_user
2019-10-10 22:58:08,359 DEBUG (org.hibernate.cfg.Ejb3Column:196) - Binding column: Ejb3Column{table=org.hibernate.mapping.Table(t_user), mappingColumn=user_id, insertable=true, updatable=true, unique=false}
2019-10-10 22:58:08,359 DEBUG (org.hibernate.cfg.annotations.PropertyBinder:179) - MetadataSourceProcessor property userId with lazy=false
2019-10-10 22:58:08,359 DEBUG (org.hibernate.cfg.annotations.SimpleValueBinder:331) - building SimpleValue for userId
2019-10-10 22:58:08,360 DEBUG (org.hibernate.cfg.annotations.PropertyBinder:260) - Building property userId
2019-10-10 22:58:08,360 DEBUG (org.hibernate.cfg.Ejb3Column:196) - Binding column: Ejb3Column{table=org.hibernate.mapping.Table(t_user), mappingColumn=credit, insertable=true, updatable=true, unique=false}
2019-10-10 22:58:08,360 DEBUG (org.hibernate.cfg.annotations.PropertyBinder:179) - MetadataSourceProcessor property credit with lazy=false
2019-10-10 22:58:08,360 DEBUG (org.hibernate.cfg.annotations.SimpleValueBinder:331) - building SimpleValue for credit
2019-10-10 22:58:08,360 DEBUG (org.hibernate.cfg.annotations.PropertyBinder:260) - Building property credit
2019-10-10 22:58:08,361 DEBUG (org.hibernate.cfg.Ejb3Column:196) - Binding column: Ejb3Column{table=org.hibernate.mapping.Table(t_user), mappingColumn=last_ip, insertable=true, updatable=true, unique=false}
2019-10-10 22:58:08,361 DEBUG (org.hibernate.cfg.annotations.PropertyBinder:179) - MetadataSourceProcessor property lastIp with lazy=false
2019-10-10 22:58:08,361 DEBUG (org.hibernate.cfg.annotations.SimpleValueBinder:331) - building SimpleValue for lastIp
2019-10-10 22:58:08,361 DEBUG (org.hibernate.cfg.annotations.PropertyBinder:260) - Building property lastIp
2019-10-10 22:58:08,361 DEBUG (org.hibernate.cfg.Ejb3Column:196) - Binding column: Ejb3Column{table=org.hibernate.mapping.Table(t_user), mappingColumn=last_visit, insertable=true, updatable=true, unique=false}
2019-10-10 22:58:08,362 DEBUG (org.hibernate.cfg.annotations.PropertyBinder:179) - MetadataSourceProcessor property lastVisit with lazy=false
2019-10-10 22:58:08,362 DEBUG (org.hibernate.cfg.annotations.SimpleValueBinder:331) - building SimpleValue for lastVisit
2019-10-10 22:58:08,362 DEBUG (org.hibernate.cfg.annotations.PropertyBinder:260) - Building property lastVisit
2019-10-10 22:58:08,362 DEBUG (org.hibernate.cfg.Ejb3Column:196) - Binding column: Ejb3Column{table=org.hibernate.mapping.Table(t_user), mappingColumn=locked, insertable=true, updatable=true, unique=false}
2019-10-10 22:58:08,362 DEBUG (org.hibernate.cfg.annotations.PropertyBinder:179) - MetadataSourceProcessor property locked with lazy=false
2019-10-10 22:58:08,363 DEBUG (org.hibernate.cfg.annotations.SimpleValueBinder:331) - building SimpleValue for locked
2019-10-10 22:58:08,363 DEBUG (org.hibernate.cfg.annotations.PropertyBinder:260) - Building property locked
2019-10-10 22:58:08,363 DEBUG (org.hibernate.cfg.Ejb3Column:196) - Binding column: Ejb3Column{table=org.hibernate.mapping.Table(t_user), mappingColumn=null, insertable=true, updatable=true, unique=false}
2019-10-10 22:58:08,363 DEBUG (org.hibernate.cfg.Ejb3Column:196) - Binding column: Ejb3Column{table=org.hibernate.mapping.Table(t_user), mappingColumn=element, insertable=true, updatable=true, unique=false}
2019-10-10 22:58:08,364 DEBUG (org.hibernate.cfg.Ejb3Column:196) - Binding column: Ejb3Column{table=org.hibernate.mapping.Table(t_user), mappingColumn=manBoards_KEY, insertable=true, updatable=true, unique=false}
2019-10-10 22:58:08,364 DEBUG (org.hibernate.cfg.Ejb3Column:196) - Binding column: Ejb3JoinColumn{logicalColumnName='manBoards_KEY', referencedColumn='null', mappedBy='null'}
2019-10-10 22:58:08,364 DEBUG (org.hibernate.cfg.Ejb3Column:196) - Binding column: Ejb3JoinColumn{logicalColumnName='user_id', referencedColumn='', mappedBy=''}
2019-10-10 22:58:08,364 DEBUG (org.hibernate.cfg.Ejb3Column:196) - Binding column: Ejb3JoinColumn{logicalColumnName='board_id', referencedColumn='', mappedBy=''}
2019-10-10 22:58:08,364 DEBUG (org.hibernate.cfg.annotations.CollectionBinder:400) - Collection role: com.smart.domain.User.manBoards
2019-10-10 22:58:08,365 DEBUG (org.hibernate.cfg.annotations.PropertyBinder:260) - Building property manBoards
2019-10-10 22:58:08,365 DEBUG (org.hibernate.cfg.Ejb3Column:196) - Binding column: Ejb3Column{table=org.hibernate.mapping.Table(t_user), mappingColumn=password, insertable=true, updatable=true, unique=false}
2019-10-10 22:58:08,365 DEBUG (org.hibernate.cfg.annotations.PropertyBinder:179) - MetadataSourceProcessor property password with lazy=false
2019-10-10 22:58:08,365 DEBUG (org.hibernate.cfg.annotations.SimpleValueBinder:331) - building SimpleValue for password
2019-10-10 22:58:08,366 DEBUG (org.hibernate.cfg.annotations.PropertyBinder:260) - Building property password
2019-10-10 22:58:08,366 DEBUG (org.hibernate.cfg.Ejb3Column:196) - Binding column: Ejb3Column{table=org.hibernate.mapping.Table(t_user), mappingColumn=user_name, insertable=true, updatable=true, unique=false}
2019-10-10 22:58:08,366 DEBUG (org.hibernate.cfg.annotations.PropertyBinder:179) - MetadataSourceProcessor property userName with lazy=false
2019-10-10 22:58:08,366 DEBUG (org.hibernate.cfg.annotations.SimpleValueBinder:331) - building SimpleValue for userName
2019-10-10 22:58:08,366 DEBUG (org.hibernate.cfg.annotations.PropertyBinder:260) - Building property userName
2019-10-10 22:58:08,367 DEBUG (org.hibernate.cfg.Ejb3Column:196) - Binding column: Ejb3Column{table=org.hibernate.mapping.Table(t_user), mappingColumn=user_type, insertable=true, updatable=true, unique=false}
2019-10-10 22:58:08,367 DEBUG (org.hibernate.cfg.annotations.PropertyBinder:179) - MetadataSourceProcessor property userType with lazy=false
2019-10-10 22:58:08,367 DEBUG (org.hibernate.cfg.annotations.SimpleValueBinder:331) - building SimpleValue for userType
2019-10-10 22:58:08,367 DEBUG (org.hibernate.cfg.annotations.PropertyBinder:260) - Building property userType
2019-10-10 22:58:08,367 DEBUG (org.hibernate.cfg.annotations.SimpleValueBinder:369) - Setting SimpleValue typeName for boardId
2019-10-10 22:58:08,368 DEBUG (org.hibernate.cfg.annotations.SimpleValueBinder:369) - Setting SimpleValue typeName for boardDesc
2019-10-10 22:58:08,368 DEBUG (org.hibernate.cfg.annotations.SimpleValueBinder:369) - Setting SimpleValue typeName for boardName
2019-10-10 22:58:08,368 DEBUG (org.hibernate.cfg.annotations.SimpleValueBinder:369) - Setting SimpleValue typeName for topicNum
2019-10-10 22:58:08,368 DEBUG (org.hibernate.cfg.annotations.SimpleValueBinder:369) - Setting SimpleValue typeName for loginLogId
2019-10-10 22:58:08,368 DEBUG (org.hibernate.cfg.annotations.SimpleValueBinder:369) - Setting SimpleValue typeName for ip
2019-10-10 22:58:08,368 DEBUG (org.hibernate.cfg.annotations.SimpleValueBinder:369) - Setting SimpleValue typeName for loginDate
2019-10-10 22:58:08,368 DEBUG (org.hibernate.cfg.annotations.SimpleValueBinder:369) - Setting SimpleValue typeName for postId
2019-10-10 22:58:08,369 DEBUG (org.hibernate.cfg.annotations.SimpleValueBinder:369) - Setting SimpleValue typeName for boardId
2019-10-10 22:58:08,369 DEBUG (org.hibernate.cfg.annotations.SimpleValueBinder:369) - Setting SimpleValue typeName for createTime
2019-10-10 22:58:08,369 DEBUG (org.hibernate.cfg.annotations.SimpleValueBinder:369) - Setting SimpleValue typeName for postText
2019-10-10 22:58:08,369 DEBUG (org.hibernate.cfg.annotations.SimpleValueBinder:369) - Setting SimpleValue typeName for postTitle
2019-10-10 22:58:08,369 DEBUG (org.hibernate.cfg.annotations.SimpleValueBinder:369) - Setting SimpleValue typeName for topicId
2019-10-10 22:58:08,369 DEBUG (org.hibernate.cfg.annotations.SimpleValueBinder:369) - Setting SimpleValue typeName for boardId
2019-10-10 22:58:08,370 DEBUG (org.hibernate.cfg.annotations.SimpleValueBinder:369) - Setting SimpleValue typeName for createTime
2019-10-10 22:58:08,370 DEBUG (org.hibernate.cfg.annotations.SimpleValueBinder:369) - Setting SimpleValue typeName for digest
2019-10-10 22:58:08,370 DEBUG (org.hibernate.cfg.annotations.SimpleValueBinder:369) - Setting SimpleValue typeName for lastPost
2019-10-10 22:58:08,370 DEBUG (org.hibernate.cfg.annotations.SimpleValueBinder:369) - Setting SimpleValue typeName for replies
2019-10-10 22:58:08,370 DEBUG (org.hibernate.cfg.annotations.SimpleValueBinder:369) - Setting SimpleValue typeName for topicTitle
2019-10-10 22:58:08,371 DEBUG (org.hibernate.cfg.annotations.SimpleValueBinder:369) - Setting SimpleValue typeName for views
2019-10-10 22:58:08,371 DEBUG (org.hibernate.cfg.annotations.SimpleValueBinder:369) - Setting SimpleValue typeName for userId
2019-10-10 22:58:08,371 DEBUG (org.hibernate.cfg.annotations.SimpleValueBinder:369) - Setting SimpleValue typeName for credit
2019-10-10 22:58:08,371 DEBUG (org.hibernate.cfg.annotations.SimpleValueBinder:369) - Setting SimpleValue typeName for lastIp
2019-10-10 22:58:08,371 DEBUG (org.hibernate.cfg.annotations.SimpleValueBinder:369) - Setting SimpleValue typeName for lastVisit
2019-10-10 22:58:08,371 DEBUG (org.hibernate.cfg.annotations.SimpleValueBinder:369) - Setting SimpleValue typeName for locked
2019-10-10 22:58:08,372 DEBUG (org.hibernate.cfg.annotations.SimpleValueBinder:369) - Setting SimpleValue typeName for password
2019-10-10 22:58:08,372 DEBUG (org.hibernate.cfg.annotations.SimpleValueBinder:369) - Setting SimpleValue typeName for userName
2019-10-10 22:58:08,372 DEBUG (org.hibernate.cfg.annotations.SimpleValueBinder:369) - Setting SimpleValue typeName for userType
2019-10-10 22:58:08,372 DEBUG (org.hibernate.cfg.Configuration:1406) - Processing fk mappings (*ToOne and JoinedSubclass)
2019-10-10 22:58:08,373 DEBUG (org.hibernate.cfg.Configuration:1585) - Processing extends queue
2019-10-10 22:58:08,373 DEBUG (org.hibernate.cfg.Configuration:1643) - Processing extends queue
2019-10-10 22:58:08,373 DEBUG (org.hibernate.cfg.Configuration:1588) - Processing collection mappings
2019-10-10 22:58:08,373 DEBUG (org.hibernate.cfg.CollectionSecondPass:64) - Second pass for collection: com.smart.domain.User.manBoards
2019-10-10 22:58:08,373 DEBUG (org.hibernate.cfg.annotations.CollectionBinder:1049) - Binding as ManyToMany: com.smart.domain.User.manBoards
2019-10-10 22:58:08,374 DEBUG (org.hibernate.cfg.CollectionSecondPass:80) - Mapped collection key: user_id, element: board_id
2019-10-10 22:58:08,374 DEBUG (org.hibernate.cfg.CollectionSecondPass:64) - Second pass for collection: com.smart.domain.Board.users
2019-10-10 22:58:08,374 DEBUG (org.hibernate.cfg.annotations.CollectionBinder:1049) - Binding as ManyToMany: com.smart.domain.Board.users
2019-10-10 22:58:08,374 DEBUG (org.hibernate.cfg.annotations.TableBinder:332) - Retrieving property com.smart.domain.User.manBoards
2019-10-10 22:58:08,375 DEBUG (org.hibernate.cfg.CollectionSecondPass:80) - Mapped collection key: board_id, element: user_id
2019-10-10 22:58:08,375 DEBUG (org.hibernate.cfg.Configuration:1598) - Processing native query and ResultSetMapping mappings
2019-10-10 22:58:08,375 DEBUG (org.hibernate.cfg.Configuration:1606) - Processing association property references
2019-10-10 22:58:08,375 DEBUG (org.hibernate.cfg.Configuration:1628) - Creating tables' unique integer identifiers
2019-10-10 22:58:08,375 DEBUG (org.hibernate.cfg.Configuration:1629) - Processing foreign key constraints
2019-10-10 22:58:08,375 DEBUG (org.hibernate.cfg.Configuration:1700) - Resolving reference to class: com.smart.domain.Board
2019-10-10 22:58:08,376 DEBUG (org.hibernate.cfg.Configuration:1700) - Resolving reference to class: com.smart.domain.User
2019-10-10 22:58:08,376 DEBUG (org.hibernate.cfg.Configuration:1700) - Resolving reference to class: com.smart.domain.User
2019-10-10 22:58:08,376 DEBUG (org.hibernate.cfg.Configuration:1700) - Resolving reference to class: com.smart.domain.Topic
2019-10-10 22:58:08,376 DEBUG (org.hibernate.cfg.Configuration:1700) - Resolving reference to class: com.smart.domain.User
2019-10-10 22:58:08,376 DEBUG (org.hibernate.cfg.Configuration:1700) - Resolving reference to class: com.smart.domain.User
2019-10-10 22:58:08,388 DEBUG (org.hibernate.engine.jdbc.internal.JdbcServicesImpl:121) - Database ->
       name : PostgreSQL
    version : 11.3
      major : 11
      minor : 3
2019-10-10 22:58:08,388 DEBUG (org.hibernate.engine.jdbc.internal.JdbcServicesImpl:127) - Driver ->
       name : PostgreSQL JDBC Driver
    version : 42.2.5
      major : 42
      minor : 2
2019-10-10 22:58:08,388 DEBUG (org.hibernate.engine.jdbc.internal.JdbcServicesImpl:133) - JDBC version : 4.2
2019-10-10 22:58:08,463  INFO (org.hibernate.dialect.Dialect:128) - HHH000400: Using dialect: org.hibernate.dialect.PostgreSQL82Dialect
2019-10-10 22:58:08,464  INFO (org.hibernate.engine.jdbc.internal.LobCreatorBuilder:120) - HHH000424: Disabling contextual LOB creation as createClob() method threw error : java.lang.reflect.InvocationTargetException
2019-10-10 22:58:08,464 DEBUG (org.hibernate.cfg.SettingsFactory:114) - Automatic flush during beforeCompletion(): disabled
2019-10-10 22:58:08,464 DEBUG (org.hibernate.cfg.SettingsFactory:120) - Automatic session close at end of transaction: disabled
2019-10-10 22:58:08,465 DEBUG (org.hibernate.cfg.SettingsFactory:131) - JDBC batch size: 15
2019-10-10 22:58:08,465 DEBUG (org.hibernate.cfg.SettingsFactory:137) - JDBC batch updates for versioned data: disabled
2019-10-10 22:58:08,465 DEBUG (org.hibernate.cfg.SettingsFactory:147) - Scrollable result sets: enabled
2019-10-10 22:58:08,465 DEBUG (org.hibernate.cfg.SettingsFactory:153) - Wrap result sets: disabled
2019-10-10 22:58:08,465 DEBUG (org.hibernate.cfg.SettingsFactory:159) - JDBC3 getGeneratedKeys(): enabled
2019-10-10 22:58:08,466 DEBUG (org.hibernate.cfg.SettingsFactory:171) - multi-tenancy strategy : NONE
2019-10-10 22:58:08,466 DEBUG (org.hibernate.cfg.SettingsFactory:177) - Connection release mode: auto
2019-10-10 22:58:08,466  INFO (org.hibernate.engine.transaction.internal.TransactionFactoryInitiator:68) - HHH000399: Using default transaction strategy (direct JDBC transactions)
2019-10-10 22:58:08,466 DEBUG (org.hibernate.cfg.SettingsFactory:199) - Using BatchFetchStyle : LEGACY
2019-10-10 22:58:08,467 DEBUG (org.hibernate.cfg.SettingsFactory:224) - Default batch fetch size: 1
2019-10-10 22:58:08,467 DEBUG (org.hibernate.cfg.SettingsFactory:230) - Generate SQL with comments: disabled
2019-10-10 22:58:08,467 DEBUG (org.hibernate.cfg.SettingsFactory:236) - Order SQL updates by primary key: disabled
2019-10-10 22:58:08,467 DEBUG (org.hibernate.cfg.SettingsFactory:242) - Order SQL inserts for batching: disabled
2019-10-10 22:58:08,467 DEBUG (org.hibernate.cfg.SettingsFactory:250) - Default null ordering: none
2019-10-10 22:58:08,468 DEBUG (org.hibernate.cfg.SettingsFactory:541) - Query translator: org.hibernate.hql.internal.ast.ASTQueryTranslatorFactory
2019-10-10 22:58:08,468  INFO (org.hibernate.hql.internal.ast.ASTQueryTranslatorFactory:48) - HHH000397: Using ASTQueryTranslatorFactory
2019-10-10 22:58:08,468 DEBUG (org.hibernate.cfg.SettingsFactory:260) - Query language substitutions: {}
2019-10-10 22:58:08,468 DEBUG (org.hibernate.cfg.SettingsFactory:266) - JPA-QL strict compliance: disabled
2019-10-10 22:58:08,469 DEBUG (org.hibernate.cfg.SettingsFactory:274) - Second-level cache: enabled
2019-10-10 22:58:08,469 DEBUG (org.hibernate.cfg.SettingsFactory:280) - Query cache: disabled
2019-10-10 22:58:08,469 DEBUG (org.hibernate.cfg.SettingsFactory:481) - Cache region factory : org.hibernate.cache.ehcache.EhCacheRegionFactory
2019-10-10 22:58:08,469 DEBUG (org.hibernate.cfg.SettingsFactory:295) - Optimize cache for minimal puts: enabled
2019-10-10 22:58:08,469 DEBUG (org.hibernate.cfg.SettingsFactory:310) - Structured second-level cache entries: disabled
2019-10-10 22:58:08,469 DEBUG (org.hibernate.cfg.SettingsFactory:320) - Second-level cache direct-reference entries: disabled
2019-10-10 22:58:08,470 DEBUG (org.hibernate.cfg.SettingsFactory:328) - Statistics: enabled
2019-10-10 22:58:08,470 DEBUG (org.hibernate.cfg.SettingsFactory:334) - Deleted entity synthetic identifier rollback: disabled
2019-10-10 22:58:08,470 DEBUG (org.hibernate.cfg.SettingsFactory:358) - Default entity-mode: pojo
2019-10-10 22:58:08,470 DEBUG (org.hibernate.cfg.SettingsFactory:364) - Named query checking : enabled
2019-10-10 22:58:08,470 DEBUG (org.hibernate.cfg.SettingsFactory:370) - Check Nullability in Core (should be disabled when Bean Validation is on): enabled
2019-10-10 22:58:08,471 DEBUG (org.hibernate.cfg.SettingsFactory:388) - Allow initialization of lazy state outside session : : disabled
2019-10-10 22:58:08,471 DEBUG (org.hibernate.cfg.SettingsFactory:398) - JTA Track by Thread: enabled
2019-10-10 22:58:08,471 DEBUG (org.hibernate.internal.SessionFactoryImpl:225) - Building session factory
]]></system-out>
  <system-err><![CDATA[]]></system-err>
</testsuite>
