<?xml version="1.0" encoding="UTF-8"?>
<testsuite name="com.smart.service.UserServiceTest" tests="1" skipped="0" failures="1" errors="0" timestamp="2019-05-06T03:12:39" hostname="Eugene.lan" time="0.0">
  <properties/>
  <testcase name="register" classname="com.smart.service.UserServiceTest" time="0.0">
    <failure message="java.lang.IllegalStateException: Failed to load ApplicationContext" type="java.lang.IllegalStateException">java.lang.IllegalStateException: Failed to load ApplicationContext
	at org.springframework.test.context.cache.DefaultCacheAwareContextLoaderDelegate.loadContext(DefaultCacheAwareContextLoaderDelegate.java:124)
	at org.springframework.test.context.support.DefaultTestContext.getApplicationContext(DefaultTestContext.java:83)
	at org.springframework.test.context.support.DependencyInjectionTestExecutionListener.injectDependencies(DependencyInjectionTestExecutionListener.java:117)
	at org.springframework.test.context.support.DependencyInjectionTestExecutionListener.prepareTestInstance(DependencyInjectionTestExecutionListener.java:83)
	at org.springframework.test.context.TestContextManager.prepareTestInstance(TestContextManager.java:228)
	at org.springframework.test.context.junit4.SpringJUnit4ClassRunner.createTest(SpringJUnit4ClassRunner.java:230)
	at org.springframework.test.context.junit4.SpringJUnit4ClassRunner$1.runReflectiveCall(SpringJUnit4ClassRunner.java:289)
	at org.junit.internal.runners.model.ReflectiveCallable.run(ReflectiveCallable.java:12)
	at org.springframework.test.context.junit4.SpringJUnit4ClassRunner.methodBlock(SpringJUnit4ClassRunner.java:291)
	at org.springframework.test.context.junit4.SpringJUnit4ClassRunner.runChild(SpringJUnit4ClassRunner.java:249)
	at org.springframework.test.context.junit4.SpringJUnit4ClassRunner.runChild(SpringJUnit4ClassRunner.java:89)
	at org.junit.runners.ParentRunner$3.run(ParentRunner.java:290)
	at org.junit.runners.ParentRunner$1.schedule(ParentRunner.java:71)
	at org.junit.runners.ParentRunner.runChildren(ParentRunner.java:288)
	at org.junit.runners.ParentRunner.access$000(ParentRunner.java:58)
	at org.junit.runners.ParentRunner$2.evaluate(ParentRunner.java:268)
	at org.springframework.test.context.junit4.statements.RunBeforeTestClassCallbacks.evaluate(RunBeforeTestClassCallbacks.java:61)
	at org.springframework.test.context.junit4.statements.RunAfterTestClassCallbacks.evaluate(RunAfterTestClassCallbacks.java:70)
	at org.junit.runners.ParentRunner.run(ParentRunner.java:363)
	at org.springframework.test.context.junit4.SpringJUnit4ClassRunner.run(SpringJUnit4ClassRunner.java:193)
	at org.gradle.api.internal.tasks.testing.junit.JUnitTestClassExecutor.runTestClass(JUnitTestClassExecutor.java:106)
	at org.gradle.api.internal.tasks.testing.junit.JUnitTestClassExecutor.execute(JUnitTestClassExecutor.java:58)
	at org.gradle.api.internal.tasks.testing.junit.JUnitTestClassExecutor.execute(JUnitTestClassExecutor.java:38)
	at org.gradle.api.internal.tasks.testing.junit.AbstractJUnitTestClassProcessor.processTestClass(AbstractJUnitTestClassProcessor.java:66)
	at org.gradle.api.internal.tasks.testing.SuiteTestClassProcessor.processTestClass(SuiteTestClassProcessor.java:51)
	at sun.reflect.NativeMethodAccessorImpl.invoke0(Native Method)
	at sun.reflect.NativeMethodAccessorImpl.invoke(NativeMethodAccessorImpl.java:62)
	at sun.reflect.DelegatingMethodAccessorImpl.invoke(DelegatingMethodAccessorImpl.java:43)
	at java.lang.reflect.Method.invoke(Method.java:498)
	at org.gradle.internal.dispatch.ReflectionDispatch.dispatch(ReflectionDispatch.java:35)
	at org.gradle.internal.dispatch.ReflectionDispatch.dispatch(ReflectionDispatch.java:24)
	at org.gradle.internal.dispatch.ContextClassLoaderDispatch.dispatch(ContextClassLoaderDispatch.java:32)
	at org.gradle.internal.dispatch.ProxyDispatchAdapter$DispatchingInvocationHandler.invoke(ProxyDispatchAdapter.java:93)
	at com.sun.proxy.$Proxy2.processTestClass(Unknown Source)
	at org.gradle.api.internal.tasks.testing.worker.TestWorker.processTestClass(TestWorker.java:117)
	at sun.reflect.NativeMethodAccessorImpl.invoke0(Native Method)
	at sun.reflect.NativeMethodAccessorImpl.invoke(NativeMethodAccessorImpl.java:62)
	at sun.reflect.DelegatingMethodAccessorImpl.invoke(DelegatingMethodAccessorImpl.java:43)
	at java.lang.reflect.Method.invoke(Method.java:498)
	at org.gradle.internal.dispatch.ReflectionDispatch.dispatch(ReflectionDispatch.java:35)
	at org.gradle.internal.dispatch.ReflectionDispatch.dispatch(ReflectionDispatch.java:24)
	at org.gradle.internal.remote.internal.hub.MessageHubBackedObjectConnection$DispatchWrapper.dispatch(MessageHubBackedObjectConnection.java:155)
	at org.gradle.internal.remote.internal.hub.MessageHubBackedObjectConnection$DispatchWrapper.dispatch(MessageHubBackedObjectConnection.java:137)
	at org.gradle.internal.remote.internal.hub.MessageHub$Handler.run(MessageHub.java:404)
	at org.gradle.internal.concurrent.ExecutorPolicy$CatchAndRecordFailures.onExecute(ExecutorPolicy.java:63)
	at org.gradle.internal.concurrent.ManagedExecutorImpl$1.run(ManagedExecutorImpl.java:46)
	at java.util.concurrent.ThreadPoolExecutor.runWorker(ThreadPoolExecutor.java:1149)
	at java.util.concurrent.ThreadPoolExecutor$Worker.run(ThreadPoolExecutor.java:624)
	at org.gradle.internal.concurrent.ThreadFactoryImpl$ManagedThreadRunnable.run(ThreadFactoryImpl.java:55)
	at java.lang.Thread.run(Thread.java:748)
Caused by: org.springframework.beans.factory.BeanCreationException: Error creating bean with name 'boardDao': Injection of autowired dependencies failed; nested exception is org.springframework.beans.factory.BeanCreationException: Could not autowire method: public void com.smart.dao.BaseDao.setHibernateTemplate(org.springframework.orm.hibernate4.HibernateTemplate); nested exception is org.springframework.beans.factory.BeanCreationException: Error creating bean with name 'hibernateTemplate' defined in com.smart.config.DaoConfig: Bean instantiation via factory method failed; nested exception is org.springframework.beans.BeanInstantiationException: Failed to instantiate [org.springframework.orm.hibernate4.HibernateTemplate]: Factory method 'hibernateTemplate' threw exception; nested exception is org.springframework.beans.factory.BeanCreationException: Error creating bean with name 'sessionFactory' defined in com.smart.config.DaoConfig: Bean instantiation via factory method failed; nested exception is org.springframework.beans.BeanInstantiationException: Failed to instantiate [org.hibernate.SessionFactory]: Factory method 'sessionFactory' threw exception; nested exception is org.springframework.beans.factory.BeanCreationException: Error creating bean with name 'localSessionFactoryBean' defined in com.smart.config.DaoConfig: Invocation of init method failed; nested exception is org.hibernate.service.spi.ServiceException: Unable to create requested service [org.hibernate.engine.spi.CacheImplementor]
	at org.springframework.beans.factory.annotation.AutowiredAnnotationBeanPostProcessor.postProcessPropertyValues(AutowiredAnnotationBeanPostProcessor.java:334)
	at org.springframework.beans.factory.support.AbstractAutowireCapableBeanFactory.populateBean(AbstractAutowireCapableBeanFactory.java:1214)
	at org.springframework.beans.factory.support.AbstractAutowireCapableBeanFactory.doCreateBean(AbstractAutowireCapableBeanFactory.java:543)
	at org.springframework.beans.factory.support.AbstractAutowireCapableBeanFactory.createBean(AbstractAutowireCapableBeanFactory.java:482)
	at org.springframework.beans.factory.support.AbstractBeanFactory$1.getObject(AbstractBeanFactory.java:305)
	at org.springframework.beans.factory.support.DefaultSingletonBeanRegistry.getSingleton(DefaultSingletonBeanRegistry.java:230)
	at org.springframework.beans.factory.support.AbstractBeanFactory.doGetBean(AbstractBeanFactory.java:301)
	at org.springframework.beans.factory.support.AbstractBeanFactory.getBean(AbstractBeanFactory.java:196)
	at org.springframework.beans.factory.support.DefaultListableBeanFactory.preInstantiateSingletons(DefaultListableBeanFactory.java:772)
	at org.springframework.context.support.AbstractApplicationContext.finishBeanFactoryInitialization(AbstractApplicationContext.java:835)
	at org.springframework.context.support.AbstractApplicationContext.refresh(AbstractApplicationContext.java:537)
	at org.springframework.test.context.support.AbstractGenericContextLoader.loadContext(AbstractGenericContextLoader.java:125)
	at org.springframework.test.context.support.AbstractGenericContextLoader.loadContext(AbstractGenericContextLoader.java:60)
	at org.springframework.test.context.support.AbstractDelegatingSmartContextLoader.delegateLoading(AbstractDelegatingSmartContextLoader.java:109)
	at org.springframework.test.context.support.AbstractDelegatingSmartContextLoader.loadContext(AbstractDelegatingSmartContextLoader.java:261)
	at org.springframework.test.context.cache.DefaultCacheAwareContextLoaderDelegate.loadContextInternal(DefaultCacheAwareContextLoaderDelegate.java:98)
	at org.springframework.test.context.cache.DefaultCacheAwareContextLoaderDelegate.loadContext(DefaultCacheAwareContextLoaderDelegate.java:116)
	... 49 more
Caused by: org.springframework.beans.factory.BeanCreationException: Could not autowire method: public void com.smart.dao.BaseDao.setHibernateTemplate(org.springframework.orm.hibernate4.HibernateTemplate); nested exception is org.springframework.beans.factory.BeanCreationException: Error creating bean with name 'hibernateTemplate' defined in com.smart.config.DaoConfig: Bean instantiation via factory method failed; nested exception is org.springframework.beans.BeanInstantiationException: Failed to instantiate [org.springframework.orm.hibernate4.HibernateTemplate]: Factory method 'hibernateTemplate' threw exception; nested exception is org.springframework.beans.factory.BeanCreationException: Error creating bean with name 'sessionFactory' defined in com.smart.config.DaoConfig: Bean instantiation via factory method failed; nested exception is org.springframework.beans.BeanInstantiationException: Failed to instantiate [org.hibernate.SessionFactory]: Factory method 'sessionFactory' threw exception; nested exception is org.springframework.beans.factory.BeanCreationException: Error creating bean with name 'localSessionFactoryBean' defined in com.smart.config.DaoConfig: Invocation of init method failed; nested exception is org.hibernate.service.spi.ServiceException: Unable to create requested service [org.hibernate.engine.spi.CacheImplementor]
	at org.springframework.beans.factory.annotation.AutowiredAnnotationBeanPostProcessor$AutowiredMethodElement.inject(AutowiredAnnotationBeanPostProcessor.java:659)
	at org.springframework.beans.factory.annotation.InjectionMetadata.inject(InjectionMetadata.java:88)
	at org.springframework.beans.factory.annotation.AutowiredAnnotationBeanPostProcessor.postProcessPropertyValues(AutowiredAnnotationBeanPostProcessor.java:331)
	... 65 more
Caused by: org.springframework.beans.factory.BeanCreationException: Error creating bean with name 'hibernateTemplate' defined in com.smart.config.DaoConfig: Bean instantiation via factory method failed; nested exception is org.springframework.beans.BeanInstantiationException: Failed to instantiate [org.springframework.orm.hibernate4.HibernateTemplate]: Factory method 'hibernateTemplate' threw exception; nested exception is org.springframework.beans.factory.BeanCreationException: Error creating bean with name 'sessionFactory' defined in com.smart.config.DaoConfig: Bean instantiation via factory method failed; nested exception is org.springframework.beans.BeanInstantiationException: Failed to instantiate [org.hibernate.SessionFactory]: Factory method 'sessionFactory' threw exception; nested exception is org.springframework.beans.factory.BeanCreationException: Error creating bean with name 'localSessionFactoryBean' defined in com.smart.config.DaoConfig: Invocation of init method failed; nested exception is org.hibernate.service.spi.ServiceException: Unable to create requested service [org.hibernate.engine.spi.CacheImplementor]
	at org.springframework.beans.factory.support.ConstructorResolver.instantiateUsingFactoryMethod(ConstructorResolver.java:599)
	at org.springframework.beans.factory.support.AbstractAutowireCapableBeanFactory.instantiateUsingFactoryMethod(AbstractAutowireCapableBeanFactory.java:1123)
	at org.springframework.beans.factory.support.AbstractAutowireCapableBeanFactory.createBeanInstance(AbstractAutowireCapableBeanFactory.java:1018)
	at org.springframework.beans.factory.support.AbstractAutowireCapableBeanFactory.doCreateBean(AbstractAutowireCapableBeanFactory.java:510)
	at org.springframework.beans.factory.support.AbstractAutowireCapableBeanFactory.createBean(AbstractAutowireCapableBeanFactory.java:482)
	at org.springframework.beans.factory.support.AbstractBeanFactory$1.getObject(AbstractBeanFactory.java:305)
	at org.springframework.beans.factory.support.DefaultSingletonBeanRegistry.getSingleton(DefaultSingletonBeanRegistry.java:230)
	at org.springframework.beans.factory.support.AbstractBeanFactory.doGetBean(AbstractBeanFactory.java:301)
	at org.springframework.beans.factory.support.AbstractBeanFactory.getBean(AbstractBeanFactory.java:196)
	at org.springframework.beans.factory.support.DefaultListableBeanFactory.findAutowireCandidates(DefaultListableBeanFactory.java:1192)
	at org.springframework.beans.factory.support.DefaultListableBeanFactory.doResolveDependency(DefaultListableBeanFactory.java:1116)
	at org.springframework.beans.factory.support.DefaultListableBeanFactory.resolveDependency(DefaultListableBeanFactory.java:1014)
	at org.springframework.beans.factory.annotation.AutowiredAnnotationBeanPostProcessor$AutowiredMethodElement.inject(AutowiredAnnotationBeanPostProcessor.java:616)
	... 67 more
Caused by: org.springframework.beans.BeanInstantiationException: Failed to instantiate [org.springframework.orm.hibernate4.HibernateTemplate]: Factory method 'hibernateTemplate' threw exception; nested exception is org.springframework.beans.factory.BeanCreationException: Error creating bean with name 'sessionFactory' defined in com.smart.config.DaoConfig: Bean instantiation via factory method failed; nested exception is org.springframework.beans.BeanInstantiationException: Failed to instantiate [org.hibernate.SessionFactory]: Factory method 'sessionFactory' threw exception; nested exception is org.springframework.beans.factory.BeanCreationException: Error creating bean with name 'localSessionFactoryBean' defined in com.smart.config.DaoConfig: Invocation of init method failed; nested exception is org.hibernate.service.spi.ServiceException: Unable to create requested service [org.hibernate.engine.spi.CacheImplementor]
	at org.springframework.beans.factory.support.SimpleInstantiationStrategy.instantiate(SimpleInstantiationStrategy.java:189)
	at org.springframework.beans.factory.support.ConstructorResolver.instantiateUsingFactoryMethod(ConstructorResolver.java:588)
	... 79 more
Caused by: org.springframework.beans.factory.BeanCreationException: Error creating bean with name 'sessionFactory' defined in com.smart.config.DaoConfig: Bean instantiation via factory method failed; nested exception is org.springframework.beans.BeanInstantiationException: Failed to instantiate [org.hibernate.SessionFactory]: Factory method 'sessionFactory' threw exception; nested exception is org.springframework.beans.factory.BeanCreationException: Error creating bean with name 'localSessionFactoryBean' defined in com.smart.config.DaoConfig: Invocation of init method failed; nested exception is org.hibernate.service.spi.ServiceException: Unable to create requested service [org.hibernate.engine.spi.CacheImplementor]
	at org.springframework.beans.factory.support.ConstructorResolver.instantiateUsingFactoryMethod(ConstructorResolver.java:599)
	at org.springframework.beans.factory.support.AbstractAutowireCapableBeanFactory.instantiateUsingFactoryMethod(AbstractAutowireCapableBeanFactory.java:1123)
	at org.springframework.beans.factory.support.AbstractAutowireCapableBeanFactory.createBeanInstance(AbstractAutowireCapableBeanFactory.java:1018)
	at org.springframework.beans.factory.support.AbstractAutowireCapableBeanFactory.doCreateBean(AbstractAutowireCapableBeanFactory.java:510)
	at org.springframework.beans.factory.support.AbstractAutowireCapableBeanFactory.createBean(AbstractAutowireCapableBeanFactory.java:482)
	at org.springframework.beans.factory.support.AbstractBeanFactory$1.getObject(AbstractBeanFactory.java:305)
	at org.springframework.beans.factory.support.DefaultSingletonBeanRegistry.getSingleton(DefaultSingletonBeanRegistry.java:230)
	at org.springframework.beans.factory.support.AbstractBeanFactory.doGetBean(AbstractBeanFactory.java:301)
	at org.springframework.beans.factory.support.AbstractBeanFactory.getBean(AbstractBeanFactory.java:196)
	at org.springframework.context.annotation.ConfigurationClassEnhancer$BeanMethodInterceptor.intercept(ConfigurationClassEnhancer.java:331)
	at com.smart.config.DaoConfig$$EnhancerBySpringCGLIB$$b4546b24.sessionFactory(&lt;generated&gt;)
	at com.smart.config.DaoConfig.hibernateTemplate(DaoConfig.java:66)
	at com.smart.config.DaoConfig$$EnhancerBySpringCGLIB$$b4546b24.CGLIB$hibernateTemplate$3(&lt;generated&gt;)
	at com.smart.config.DaoConfig$$EnhancerBySpringCGLIB$$b4546b24$$FastClassBySpringCGLIB$$ff37ed1e.invoke(&lt;generated&gt;)
	at org.springframework.cglib.proxy.MethodProxy.invokeSuper(MethodProxy.java:228)
	at org.springframework.context.annotation.ConfigurationClassEnhancer$BeanMethodInterceptor.intercept(ConfigurationClassEnhancer.java:318)
	at com.smart.config.DaoConfig$$EnhancerBySpringCGLIB$$b4546b24.hibernateTemplate(&lt;generated&gt;)
	at sun.reflect.NativeMethodAccessorImpl.invoke0(Native Method)
	at sun.reflect.NativeMethodAccessorImpl.invoke(NativeMethodAccessorImpl.java:62)
	at sun.reflect.DelegatingMethodAccessorImpl.invoke(DelegatingMethodAccessorImpl.java:43)
	at java.lang.reflect.Method.invoke(Method.java:498)
	at org.springframework.beans.factory.support.SimpleInstantiationStrategy.instantiate(SimpleInstantiationStrategy.java:162)
	... 80 more
Caused by: org.springframework.beans.BeanInstantiationException: Failed to instantiate [org.hibernate.SessionFactory]: Factory method 'sessionFactory' threw exception; nested exception is org.springframework.beans.factory.BeanCreationException: Error creating bean with name 'localSessionFactoryBean' defined in com.smart.config.DaoConfig: Invocation of init method failed; nested exception is org.hibernate.service.spi.ServiceException: Unable to create requested service [org.hibernate.engine.spi.CacheImplementor]
	at org.springframework.beans.factory.support.SimpleInstantiationStrategy.instantiate(SimpleInstantiationStrategy.java:189)
	at org.springframework.beans.factory.support.ConstructorResolver.instantiateUsingFactoryMethod(ConstructorResolver.java:588)
	... 101 more
Caused by: org.springframework.beans.factory.BeanCreationException: Error creating bean with name 'localSessionFactoryBean' defined in com.smart.config.DaoConfig: Invocation of init method failed; nested exception is org.hibernate.service.spi.ServiceException: Unable to create requested service [org.hibernate.engine.spi.CacheImplementor]
	at org.springframework.beans.factory.support.AbstractAutowireCapableBeanFactory.initializeBean(AbstractAutowireCapableBeanFactory.java:1578)
	at org.springframework.beans.factory.support.AbstractAutowireCapableBeanFactory.doCreateBean(AbstractAutowireCapableBeanFactory.java:545)
	at org.springframework.beans.factory.support.AbstractAutowireCapableBeanFactory.createBean(AbstractAutowireCapableBeanFactory.java:482)
	at org.springframework.beans.factory.support.AbstractBeanFactory$1.getObject(AbstractBeanFactory.java:305)
	at org.springframework.beans.factory.support.DefaultSingletonBeanRegistry.getSingleton(DefaultSingletonBeanRegistry.java:230)
	at org.springframework.beans.factory.support.AbstractBeanFactory.doGetBean(AbstractBeanFactory.java:301)
	at org.springframework.beans.factory.support.AbstractBeanFactory.getBean(AbstractBeanFactory.java:196)
	at org.springframework.context.annotation.ConfigurationClassEnhancer$BeanMethodInterceptor.intercept(ConfigurationClassEnhancer.java:294)
	at com.smart.config.DaoConfig$$EnhancerBySpringCGLIB$$b4546b24.localSessionFactoryBean(&lt;generated&gt;)
	at com.smart.config.DaoConfig.sessionFactory(DaoConfig.java:60)
	at com.smart.config.DaoConfig$$EnhancerBySpringCGLIB$$b4546b24.CGLIB$sessionFactory$2(&lt;generated&gt;)
	at com.smart.config.DaoConfig$$EnhancerBySpringCGLIB$$b4546b24$$FastClassBySpringCGLIB$$ff37ed1e.invoke(&lt;generated&gt;)
	at org.springframework.cglib.proxy.MethodProxy.invokeSuper(MethodProxy.java:228)
	at org.springframework.context.annotation.ConfigurationClassEnhancer$BeanMethodInterceptor.intercept(ConfigurationClassEnhancer.java:318)
	at com.smart.config.DaoConfig$$EnhancerBySpringCGLIB$$b4546b24.sessionFactory(&lt;generated&gt;)
	at sun.reflect.NativeMethodAccessorImpl.invoke0(Native Method)
	at sun.reflect.NativeMethodAccessorImpl.invoke(NativeMethodAccessorImpl.java:62)
	at sun.reflect.DelegatingMethodAccessorImpl.invoke(DelegatingMethodAccessorImpl.java:43)
	at java.lang.reflect.Method.invoke(Method.java:498)
	at org.springframework.beans.factory.support.SimpleInstantiationStrategy.instantiate(SimpleInstantiationStrategy.java:162)
	... 102 more
Caused by: org.hibernate.service.spi.ServiceException: Unable to create requested service [org.hibernate.engine.spi.CacheImplementor]
	at org.hibernate.service.internal.AbstractServiceRegistryImpl.createService(AbstractServiceRegistryImpl.java:186)
	at org.hibernate.service.internal.AbstractServiceRegistryImpl.initializeService(AbstractServiceRegistryImpl.java:150)
	at org.hibernate.service.internal.AbstractServiceRegistryImpl.getService(AbstractServiceRegistryImpl.java:131)
	at org.hibernate.internal.SessionFactoryImpl.&lt;init&gt;(SessionFactoryImpl.java:264)
	at org.hibernate.cfg.Configuration.buildSessionFactory(Configuration.java:1750)
	at org.hibernate.cfg.Configuration.buildSessionFactory(Configuration.java:1788)
	at org.springframework.orm.hibernate4.LocalSessionFactoryBuilder.buildSessionFactory(LocalSessionFactoryBuilder.java:372)
	at org.springframework.orm.hibernate4.LocalSessionFactoryBean.buildSessionFactory(LocalSessionFactoryBean.java:454)
	at org.springframework.orm.hibernate4.LocalSessionFactoryBean.afterPropertiesSet(LocalSessionFactoryBean.java:439)
	at org.springframework.beans.factory.support.AbstractAutowireCapableBeanFactory.invokeInitMethods(AbstractAutowireCapableBeanFactory.java:1637)
	at org.springframework.beans.factory.support.AbstractAutowireCapableBeanFactory.initializeBean(AbstractAutowireCapableBeanFactory.java:1574)
	... 121 more
Caused by: org.hibernate.cache.CacheException: net.sf.ehcache.CacheException: Another unnamed CacheManager already exists in the same VM. Please provide unique names for each CacheManager in the config or do one of following:
1. Use one of the CacheManager.create() static factory methods to reuse same CacheManager with same name or create one if necessary
2. Shutdown the earlier cacheManager before creating new one with same name.
The source of the existing CacheManager is: DefaultConfigurationSource [ ehcache.xml or ehcache-failsafe.xml ]
	at org.hibernate.cache.ehcache.EhCacheRegionFactory.start(EhCacheRegionFactory.java:110)
	at org.hibernate.internal.CacheImpl.&lt;init&gt;(CacheImpl.java:70)
	at org.hibernate.engine.spi.CacheInitiator.initiateService(CacheInitiator.java:40)
	at org.hibernate.engine.spi.CacheInitiator.initiateService(CacheInitiator.java:35)
	at org.hibernate.service.internal.SessionFactoryServiceRegistryImpl.initiateService(SessionFactoryServiceRegistryImpl.java:91)
	at org.hibernate.service.internal.AbstractServiceRegistryImpl.createService(AbstractServiceRegistryImpl.java:176)
	... 131 more
Caused by: net.sf.ehcache.CacheException: Another unnamed CacheManager already exists in the same VM. Please provide unique names for each CacheManager in the config or do one of following:
1. Use one of the CacheManager.create() static factory methods to reuse same CacheManager with same name or create one if necessary
2. Shutdown the earlier cacheManager before creating new one with same name.
The source of the existing CacheManager is: DefaultConfigurationSource [ ehcache.xml or ehcache-failsafe.xml ]
	at net.sf.ehcache.CacheManager.assertNoCacheManagerExistsWithSameName(CacheManager.java:628)
	at net.sf.ehcache.CacheManager.init(CacheManager.java:392)
	at net.sf.ehcache.CacheManager.&lt;init&gt;(CacheManager.java:270)
	at org.hibernate.cache.ehcache.EhCacheRegionFactory.start(EhCacheRegionFactory.java:83)
	... 136 more
</failure>
  </testcase>
  <system-out><![CDATA[2019-05-06 11:12:39,039 DEBUG (org.springframework.test.context.junit4.SpringJUnit4ClassRunner:142) - SpringJUnit4ClassRunner constructor called with [class com.smart.service.UserServiceTest]
2019-05-06 11:12:39,039 DEBUG (org.springframework.test.context.junit4.SpringJUnit4ClassRunner:142) - SpringJUnit4ClassRunner constructor called with [class com.smart.service.UserServiceTest]
2019-05-06 11:12:39,040 DEBUG (org.springframework.test.context.BootstrapUtils:96) - Instantiating CacheAwareContextLoaderDelegate from class [org.springframework.test.context.cache.DefaultCacheAwareContextLoaderDelegate]
2019-05-06 11:12:39,040 DEBUG (org.springframework.test.context.BootstrapUtils:96) - Instantiating CacheAwareContextLoaderDelegate from class [org.springframework.test.context.cache.DefaultCacheAwareContextLoaderDelegate]
2019-05-06 11:12:39,040 DEBUG (org.springframework.test.context.BootstrapUtils:79) - Instantiating BootstrapContext using constructor [public org.springframework.test.context.support.DefaultBootstrapContext(java.lang.Class,org.springframework.test.context.CacheAwareContextLoaderDelegate)]
2019-05-06 11:12:39,040 DEBUG (org.springframework.test.context.BootstrapUtils:79) - Instantiating BootstrapContext using constructor [public org.springframework.test.context.support.DefaultBootstrapContext(java.lang.Class,org.springframework.test.context.CacheAwareContextLoaderDelegate)]
2019-05-06 11:12:39,040 DEBUG (org.springframework.test.context.BootstrapUtils:146) - Instantiating TestContextBootstrapper for test class [com.smart.service.UserServiceTest] from class [org.springframework.test.context.support.DefaultTestContextBootstrapper]
2019-05-06 11:12:39,040 DEBUG (org.springframework.test.context.BootstrapUtils:146) - Instantiating TestContextBootstrapper for test class [com.smart.service.UserServiceTest] from class [org.springframework.test.context.support.DefaultTestContextBootstrapper]
2019-05-06 11:12:39,041 DEBUG (org.springframework.test.context.support.AbstractDelegatingSmartContextLoader:97) - Delegating to AnnotationConfigContextLoader to process context configuration [ContextConfigurationAttributes@29e27032 declaringClass = 'com.smart.service.BaseService', classes = '{class com.smart.config.DaoConfig, class com.smart.config.ServiceConfig}', locations = '{}', inheritLocations = true, initializers = '{}', inheritInitializers = true, name = [null], contextLoaderClass = 'org.springframework.test.context.ContextLoader'].
2019-05-06 11:12:39,041 DEBUG (org.springframework.test.context.support.AbstractDelegatingSmartContextLoader:97) - Delegating to AnnotationConfigContextLoader to process context configuration [ContextConfigurationAttributes@29e27032 declaringClass = 'com.smart.service.BaseService', classes = '{class com.smart.config.DaoConfig, class com.smart.config.ServiceConfig}', locations = '{}', inheritLocations = true, initializers = '{}', inheritInitializers = true, name = [null], contextLoaderClass = 'org.springframework.test.context.ContextLoader'].
2019-05-06 11:12:39,041 DEBUG (org.springframework.test.context.support.ActiveProfilesUtils:84) - Could not find an 'annotation declaring class' for annotation type [org.springframework.test.context.ActiveProfiles] and class [com.smart.service.UserServiceTest]
2019-05-06 11:12:39,041 DEBUG (org.springframework.test.context.support.ActiveProfilesUtils:84) - Could not find an 'annotation declaring class' for annotation type [org.springframework.test.context.ActiveProfiles] and class [com.smart.service.UserServiceTest]
2019-05-06 11:12:39,041 DEBUG (org.springframework.test.context.support.DefaultTestContextBootstrapper:130) - @TestExecutionListeners is not present for class [com.smart.service.UserServiceTest]: using defaults.
2019-05-06 11:12:39,041 DEBUG (org.springframework.test.context.support.DefaultTestContextBootstrapper:130) - @TestExecutionListeners is not present for class [com.smart.service.UserServiceTest]: using defaults.
2019-05-06 11:12:39,042  INFO (org.springframework.test.context.support.DefaultTestContextBootstrapper:259) - Loaded default TestExecutionListener class names from location [META-INF/spring.factories]: [org.springframework.test.context.web.ServletTestExecutionListener, org.springframework.test.context.support.DirtiesContextBeforeModesTestExecutionListener, org.springframework.test.context.support.DependencyInjectionTestExecutionListener, org.springframework.test.context.support.DirtiesContextTestExecutionListener, org.springframework.test.context.transaction.TransactionalTestExecutionListener, org.springframework.test.context.jdbc.SqlScriptsTestExecutionListener]
2019-05-06 11:12:39,042  INFO (org.springframework.test.context.support.DefaultTestContextBootstrapper:259) - Loaded default TestExecutionListener class names from location [META-INF/spring.factories]: [org.springframework.test.context.web.ServletTestExecutionListener, org.springframework.test.context.support.DirtiesContextBeforeModesTestExecutionListener, org.springframework.test.context.support.DependencyInjectionTestExecutionListener, org.springframework.test.context.support.DirtiesContextTestExecutionListener, org.springframework.test.context.transaction.TransactionalTestExecutionListener, org.springframework.test.context.jdbc.SqlScriptsTestExecutionListener]
2019-05-06 11:12:39,042  INFO (org.springframework.test.context.support.DefaultTestContextBootstrapper:185) - Using TestExecutionListeners: [org.springframework.test.context.web.ServletTestExecutionListener@45047f0c, org.springframework.test.context.support.DirtiesContextBeforeModesTestExecutionListener@337b772c, org.springframework.test.context.support.DependencyInjectionTestExecutionListener@28433052, org.springframework.test.context.support.DirtiesContextTestExecutionListener@9412f94, org.springframework.test.context.transaction.TransactionalTestExecutionListener@6fdbcdaf, org.springframework.test.context.jdbc.SqlScriptsTestExecutionListener@7f1156f]
2019-05-06 11:12:39,042  INFO (org.springframework.test.context.support.DefaultTestContextBootstrapper:185) - Using TestExecutionListeners: [org.springframework.test.context.web.ServletTestExecutionListener@45047f0c, org.springframework.test.context.support.DirtiesContextBeforeModesTestExecutionListener@337b772c, org.springframework.test.context.support.DependencyInjectionTestExecutionListener@28433052, org.springframework.test.context.support.DirtiesContextTestExecutionListener@9412f94, org.springframework.test.context.transaction.TransactionalTestExecutionListener@6fdbcdaf, org.springframework.test.context.jdbc.SqlScriptsTestExecutionListener@7f1156f]
2019-05-06 11:12:39,043 DEBUG (org.springframework.test.annotation.ProfileValueUtils:71) - Retrieved @ProfileValueSourceConfiguration [null] for test class [com.smart.service.UserServiceTest]
2019-05-06 11:12:39,043 DEBUG (org.springframework.test.annotation.ProfileValueUtils:71) - Retrieved @ProfileValueSourceConfiguration [null] for test class [com.smart.service.UserServiceTest]
2019-05-06 11:12:39,043 DEBUG (org.springframework.test.annotation.ProfileValueUtils:83) - Retrieved ProfileValueSource type [class org.springframework.test.annotation.SystemProfileValueSource] for class [com.smart.service.UserServiceTest]
2019-05-06 11:12:39,043 DEBUG (org.springframework.test.annotation.ProfileValueUtils:83) - Retrieved ProfileValueSource type [class org.springframework.test.annotation.SystemProfileValueSource] for class [com.smart.service.UserServiceTest]
2019-05-06 11:12:39,043 DEBUG (org.springframework.test.annotation.ProfileValueUtils:71) - Retrieved @ProfileValueSourceConfiguration [null] for test class [com.smart.service.UserServiceTest]
2019-05-06 11:12:39,043 DEBUG (org.springframework.test.annotation.ProfileValueUtils:71) - Retrieved @ProfileValueSourceConfiguration [null] for test class [com.smart.service.UserServiceTest]
2019-05-06 11:12:39,043 DEBUG (org.springframework.test.annotation.ProfileValueUtils:83) - Retrieved ProfileValueSource type [class org.springframework.test.annotation.SystemProfileValueSource] for class [com.smart.service.UserServiceTest]
2019-05-06 11:12:39,043 DEBUG (org.springframework.test.annotation.ProfileValueUtils:83) - Retrieved ProfileValueSource type [class org.springframework.test.annotation.SystemProfileValueSource] for class [com.smart.service.UserServiceTest]
2019-05-06 11:12:39,043 DEBUG (org.springframework.test.context.support.AbstractDirtiesContextTestExecutionListener:141) - Before test class: context [DefaultTestContext@36016463 testClass = UserServiceTest, testInstance = [null], testMethod = [null], testException = [null], mergedContextConfiguration = [MergedContextConfiguration@363cc0b8 testClass = UserServiceTest, locations = '{}', classes = '{class com.smart.config.DaoConfig, class com.smart.config.ServiceConfig}', contextInitializerClasses = '[]', activeProfiles = '{}', propertySourceLocations = '{}', propertySourceProperties = '{}', contextLoader = 'org.springframework.test.context.support.DelegatingSmartContextLoader', parent = [null]]], class annotated with @DirtiesContext [false] with mode [null].
2019-05-06 11:12:39,043 DEBUG (org.springframework.test.context.support.AbstractDirtiesContextTestExecutionListener:141) - Before test class: context [DefaultTestContext@36016463 testClass = UserServiceTest, testInstance = [null], testMethod = [null], testException = [null], mergedContextConfiguration = [MergedContextConfiguration@363cc0b8 testClass = UserServiceTest, locations = '{}', classes = '{class com.smart.config.DaoConfig, class com.smart.config.ServiceConfig}', contextInitializerClasses = '[]', activeProfiles = '{}', propertySourceLocations = '{}', propertySourceProperties = '{}', contextLoader = 'org.springframework.test.context.support.DelegatingSmartContextLoader', parent = [null]]], class annotated with @DirtiesContext [false] with mode [null].
2019-05-06 11:12:39,044 DEBUG (org.springframework.test.annotation.ProfileValueUtils:71) - Retrieved @ProfileValueSourceConfiguration [null] for test class [com.smart.service.UserServiceTest]
2019-05-06 11:12:39,044 DEBUG (org.springframework.test.annotation.ProfileValueUtils:71) - Retrieved @ProfileValueSourceConfiguration [null] for test class [com.smart.service.UserServiceTest]
2019-05-06 11:12:39,044 DEBUG (org.springframework.test.annotation.ProfileValueUtils:83) - Retrieved ProfileValueSource type [class org.springframework.test.annotation.SystemProfileValueSource] for class [com.smart.service.UserServiceTest]
2019-05-06 11:12:39,044 DEBUG (org.springframework.test.annotation.ProfileValueUtils:83) - Retrieved ProfileValueSource type [class org.springframework.test.annotation.SystemProfileValueSource] for class [com.smart.service.UserServiceTest]
2019-05-06 11:12:39,045 DEBUG (org.springframework.test.context.support.DependencyInjectionTestExecutionListener:81) - Performing dependency injection for test context [[DefaultTestContext@36016463 testClass = UserServiceTest, testInstance = com.smart.service.UserServiceTest@73bd565, testMethod = [null], testException = [null], mergedContextConfiguration = [MergedContextConfiguration@363cc0b8 testClass = UserServiceTest, locations = '{}', classes = '{class com.smart.config.DaoConfig, class com.smart.config.ServiceConfig}', contextInitializerClasses = '[]', activeProfiles = '{}', propertySourceLocations = '{}', propertySourceProperties = '{}', contextLoader = 'org.springframework.test.context.support.DelegatingSmartContextLoader', parent = [null]]]].
2019-05-06 11:12:39,045 DEBUG (org.springframework.test.context.support.DependencyInjectionTestExecutionListener:81) - Performing dependency injection for test context [[DefaultTestContext@36016463 testClass = UserServiceTest, testInstance = com.smart.service.UserServiceTest@73bd565, testMethod = [null], testException = [null], mergedContextConfiguration = [MergedContextConfiguration@363cc0b8 testClass = UserServiceTest, locations = '{}', classes = '{class com.smart.config.DaoConfig, class com.smart.config.ServiceConfig}', contextInitializerClasses = '[]', activeProfiles = '{}', propertySourceLocations = '{}', propertySourceProperties = '{}', contextLoader = 'org.springframework.test.context.support.DelegatingSmartContextLoader', parent = [null]]]].
2019-05-06 11:12:39,046 DEBUG (org.springframework.test.context.support.AbstractDelegatingSmartContextLoader:107) - Delegating to AnnotationConfigContextLoader to load context from [MergedContextConfiguration@363cc0b8 testClass = UserServiceTest, locations = '{}', classes = '{class com.smart.config.DaoConfig, class com.smart.config.ServiceConfig}', contextInitializerClasses = '[]', activeProfiles = '{}', propertySourceLocations = '{}', propertySourceProperties = '{}', contextLoader = 'org.springframework.test.context.support.DelegatingSmartContextLoader', parent = [null]].
2019-05-06 11:12:39,046 DEBUG (org.springframework.test.context.support.AbstractDelegatingSmartContextLoader:107) - Delegating to AnnotationConfigContextLoader to load context from [MergedContextConfiguration@363cc0b8 testClass = UserServiceTest, locations = '{}', classes = '{class com.smart.config.DaoConfig, class com.smart.config.ServiceConfig}', contextInitializerClasses = '[]', activeProfiles = '{}', propertySourceLocations = '{}', propertySourceProperties = '{}', contextLoader = 'org.springframework.test.context.support.DelegatingSmartContextLoader', parent = [null]].
2019-05-06 11:12:39,047 DEBUG (org.springframework.test.context.support.AbstractGenericContextLoader:107) - Loading ApplicationContext for merged context configuration [[MergedContextConfiguration@363cc0b8 testClass = UserServiceTest, locations = '{}', classes = '{class com.smart.config.DaoConfig, class com.smart.config.ServiceConfig}', contextInitializerClasses = '[]', activeProfiles = '{}', propertySourceLocations = '{}', propertySourceProperties = '{}', contextLoader = 'org.springframework.test.context.support.DelegatingSmartContextLoader', parent = [null]]].
2019-05-06 11:12:39,047 DEBUG (org.springframework.test.context.support.AbstractGenericContextLoader:107) - Loading ApplicationContext for merged context configuration [[MergedContextConfiguration@363cc0b8 testClass = UserServiceTest, locations = '{}', classes = '{class com.smart.config.DaoConfig, class com.smart.config.ServiceConfig}', contextInitializerClasses = '[]', activeProfiles = '{}', propertySourceLocations = '{}', propertySourceProperties = '{}', contextLoader = 'org.springframework.test.context.support.DelegatingSmartContextLoader', parent = [null]]].
2019-05-06 11:12:39,051 DEBUG (org.springframework.core.env.StandardEnvironment:109) - Adding [systemProperties] PropertySource with lowest search precedence
2019-05-06 11:12:39,051 DEBUG (org.springframework.core.env.StandardEnvironment:109) - Adding [systemProperties] PropertySource with lowest search precedence
2019-05-06 11:12:39,052 DEBUG (org.springframework.core.env.StandardEnvironment:109) - Adding [systemEnvironment] PropertySource with lowest search precedence
2019-05-06 11:12:39,052 DEBUG (org.springframework.core.env.StandardEnvironment:109) - Adding [systemEnvironment] PropertySource with lowest search precedence
2019-05-06 11:12:39,052 DEBUG (org.springframework.core.env.StandardEnvironment:127) - Initialized StandardEnvironment with PropertySources [systemProperties,systemEnvironment]
2019-05-06 11:12:39,052 DEBUG (org.springframework.core.env.StandardEnvironment:127) - Initialized StandardEnvironment with PropertySources [systemProperties,systemEnvironment]
2019-05-06 11:12:39,052 DEBUG (org.springframework.test.context.support.AnnotationConfigContextLoader:192) - Registering annotated classes: {class com.smart.config.DaoConfig, class com.smart.config.ServiceConfig}
2019-05-06 11:12:39,052 DEBUG (org.springframework.test.context.support.AnnotationConfigContextLoader:192) - Registering annotated classes: {class com.smart.config.DaoConfig, class com.smart.config.ServiceConfig}
2019-05-06 11:12:39,066  INFO (org.springframework.context.support.GenericApplicationContext:574) - Refreshing org.springframework.context.support.GenericApplicationContext@86ee280: startup date [Mon May 06 11:12:39 CST 2019]; root of context hierarchy
2019-05-06 11:12:39,066  INFO (org.springframework.context.support.GenericApplicationContext:574) - Refreshing org.springframework.context.support.GenericApplicationContext@86ee280: startup date [Mon May 06 11:12:39 CST 2019]; root of context hierarchy
2019-05-06 11:12:39,067 DEBUG (org.springframework.context.support.GenericApplicationContext:608) - Bean factory for org.springframework.context.support.GenericApplicationContext@86ee280: org.springframework.beans.factory.support.DefaultListableBeanFactory@69a3a9a5: defining beans [org.springframework.context.annotation.internalConfigurationAnnotationProcessor,org.springframework.context.annotation.internalAutowiredAnnotationProcessor,org.springframework.context.annotation.internalRequiredAnnotationProcessor,org.springframework.context.annotation.internalCommonAnnotationProcessor,org.springframework.context.annotation.internalPersistenceAnnotationProcessor,org.springframework.context.event.internalEventListenerProcessor,org.springframework.context.event.internalEventListenerFactory,daoConfig,serviceConfig]; root of factory hierarchy
2019-05-06 11:12:39,067 DEBUG (org.springframework.context.support.GenericApplicationContext:608) - Bean factory for org.springframework.context.support.GenericApplicationContext@86ee280: org.springframework.beans.factory.support.DefaultListableBeanFactory@69a3a9a5: defining beans [org.springframework.context.annotation.internalConfigurationAnnotationProcessor,org.springframework.context.annotation.internalAutowiredAnnotationProcessor,org.springframework.context.annotation.internalRequiredAnnotationProcessor,org.springframework.context.annotation.internalCommonAnnotationProcessor,org.springframework.context.annotation.internalPersistenceAnnotationProcessor,org.springframework.context.event.internalEventListenerProcessor,org.springframework.context.event.internalEventListenerFactory,daoConfig,serviceConfig]; root of factory hierarchy
2019-05-06 11:12:39,067 DEBUG (org.springframework.beans.factory.support.DefaultListableBeanFactory:221) - Creating shared instance of singleton bean 'org.springframework.context.annotation.internalConfigurationAnnotationProcessor'
2019-05-06 11:12:39,067 DEBUG (org.springframework.beans.factory.support.DefaultListableBeanFactory:221) - Creating shared instance of singleton bean 'org.springframework.context.annotation.internalConfigurationAnnotationProcessor'
2019-05-06 11:12:39,068 DEBUG (org.springframework.beans.factory.support.DefaultListableBeanFactory:448) - Creating instance of bean 'org.springframework.context.annotation.internalConfigurationAnnotationProcessor'
2019-05-06 11:12:39,068 DEBUG (org.springframework.beans.factory.support.DefaultListableBeanFactory:448) - Creating instance of bean 'org.springframework.context.annotation.internalConfigurationAnnotationProcessor'
2019-05-06 11:12:39,068 DEBUG (org.springframework.beans.factory.support.DefaultListableBeanFactory:529) - Eagerly caching bean 'org.springframework.context.annotation.internalConfigurationAnnotationProcessor' to allow for resolving potential circular references
2019-05-06 11:12:39,068 DEBUG (org.springframework.beans.factory.support.DefaultListableBeanFactory:529) - Eagerly caching bean 'org.springframework.context.annotation.internalConfigurationAnnotationProcessor' to allow for resolving potential circular references
2019-05-06 11:12:39,068 DEBUG (org.springframework.beans.factory.support.DefaultListableBeanFactory:484) - Finished creating instance of bean 'org.springframework.context.annotation.internalConfigurationAnnotationProcessor'
2019-05-06 11:12:39,068 DEBUG (org.springframework.beans.factory.support.DefaultListableBeanFactory:484) - Finished creating instance of bean 'org.springframework.context.annotation.internalConfigurationAnnotationProcessor'
2019-05-06 11:12:39,070 DEBUG (org.springframework.core.env.StandardEnvironment:109) - Adding [class path resource [jdbc.properties]] PropertySource with lowest search precedence
2019-05-06 11:12:39,070 DEBUG (org.springframework.core.env.StandardEnvironment:109) - Adding [class path resource [jdbc.properties]] PropertySource with lowest search precedence
2019-05-06 11:12:39,072 DEBUG (org.springframework.core.env.StandardEnvironment:109) - Adding [systemProperties] PropertySource with lowest search precedence
2019-05-06 11:12:39,072 DEBUG (org.springframework.core.env.StandardEnvironment:109) - Adding [systemProperties] PropertySource with lowest search precedence
2019-05-06 11:12:39,073 DEBUG (org.springframework.core.env.StandardEnvironment:109) - Adding [systemEnvironment] PropertySource with lowest search precedence
2019-05-06 11:12:39,073 DEBUG (org.springframework.core.env.StandardEnvironment:109) - Adding [systemEnvironment] PropertySource with lowest search precedence
2019-05-06 11:12:39,073 DEBUG (org.springframework.core.env.StandardEnvironment:127) - Initialized StandardEnvironment with PropertySources [systemProperties,systemEnvironment]
2019-05-06 11:12:39,073 DEBUG (org.springframework.core.env.StandardEnvironment:127) - Initialized StandardEnvironment with PropertySources [systemProperties,systemEnvironment]
2019-05-06 11:12:39,074 DEBUG (org.springframework.core.io.support.PathMatchingResourcePatternResolver:631) - Looking for matching resources in directory tree [/Users/eugeneyoung/Downloads/ubuntu/GitHub/zero-xml-forum/forum/forum1/build/classes/java/test/com/smart/dao]
2019-05-06 11:12:39,074 DEBUG (org.springframework.core.io.support.PathMatchingResourcePatternResolver:631) - Looking for matching resources in directory tree [/Users/eugeneyoung/Downloads/ubuntu/GitHub/zero-xml-forum/forum/forum1/build/classes/java/test/com/smart/dao]
2019-05-06 11:12:39,074 DEBUG (org.springframework.core.io.support.PathMatchingResourcePatternResolver:693) - Searching directory [/Users/eugeneyoung/Downloads/ubuntu/GitHub/zero-xml-forum/forum/forum1/build/classes/java/test/com/smart/dao] for files matching pattern [/Users/eugeneyoung/Downloads/ubuntu/GitHub/zero-xml-forum/forum/forum1/build/classes/java/test/com/smart/dao/**/*.class]
2019-05-06 11:12:39,074 DEBUG (org.springframework.core.io.support.PathMatchingResourcePatternResolver:693) - Searching directory [/Users/eugeneyoung/Downloads/ubuntu/GitHub/zero-xml-forum/forum/forum1/build/classes/java/test/com/smart/dao] for files matching pattern [/Users/eugeneyoung/Downloads/ubuntu/GitHub/zero-xml-forum/forum/forum1/build/classes/java/test/com/smart/dao/**/*.class]
2019-05-06 11:12:39,076 DEBUG (org.springframework.core.io.support.PathMatchingResourcePatternResolver:631) - Looking for matching resources in directory tree [/Users/eugeneyoung/Downloads/ubuntu/GitHub/zero-xml-forum/forum/forum1/build/classes/java/main/com/smart/dao]
2019-05-06 11:12:39,076 DEBUG (org.springframework.core.io.support.PathMatchingResourcePatternResolver:631) - Looking for matching resources in directory tree [/Users/eugeneyoung/Downloads/ubuntu/GitHub/zero-xml-forum/forum/forum1/build/classes/java/main/com/smart/dao]
2019-05-06 11:12:39,076 DEBUG (org.springframework.core.io.support.PathMatchingResourcePatternResolver:693) - Searching directory [/Users/eugeneyoung/Downloads/ubuntu/GitHub/zero-xml-forum/forum/forum1/build/classes/java/main/com/smart/dao] for files matching pattern [/Users/eugeneyoung/Downloads/ubuntu/GitHub/zero-xml-forum/forum/forum1/build/classes/java/main/com/smart/dao/**/*.class]
2019-05-06 11:12:39,076 DEBUG (org.springframework.core.io.support.PathMatchingResourcePatternResolver:693) - Searching directory [/Users/eugeneyoung/Downloads/ubuntu/GitHub/zero-xml-forum/forum/forum1/build/classes/java/main/com/smart/dao] for files matching pattern [/Users/eugeneyoung/Downloads/ubuntu/GitHub/zero-xml-forum/forum/forum1/build/classes/java/main/com/smart/dao/**/*.class]
2019-05-06 11:12:39,077 DEBUG (org.springframework.core.io.support.PathMatchingResourcePatternResolver:424) - Resolved location pattern [classpath*:com/smart/dao/**/*.class] to resources [file [/Users/eugeneyoung/Downloads/ubuntu/GitHub/zero-xml-forum/forum/forum1/build/classes/java/test/com/smart/dao/BaseDaoTest.class], file [/Users/eugeneyoung/Downloads/ubuntu/GitHub/zero-xml-forum/forum/forum1/build/classes/java/test/com/smart/dao/BoardDaoTest.class], file [/Users/eugeneyoung/Downloads/ubuntu/GitHub/zero-xml-forum/forum/forum1/build/classes/java/test/com/smart/dao/MyTest.class], file [/Users/eugeneyoung/Downloads/ubuntu/GitHub/zero-xml-forum/forum/forum1/build/classes/java/test/com/smart/dao/TestCases.class], file [/Users/eugeneyoung/Downloads/ubuntu/GitHub/zero-xml-forum/forum/forum1/build/classes/java/main/com/smart/dao/BaseDao$1.class], file [/Users/eugeneyoung/Downloads/ubuntu/GitHub/zero-xml-forum/forum/forum1/build/classes/java/main/com/smart/dao/BaseDao$2.class], file [/Users/eugeneyoung/Downloads/ubuntu/GitHub/zero-xml-forum/forum/forum1/build/classes/java/main/com/smart/dao/BaseDao$3.class], file [/Users/eugeneyoung/Downloads/ubuntu/GitHub/zero-xml-forum/forum/forum1/build/classes/java/main/com/smart/dao/BaseDao.class], file [/Users/eugeneyoung/Downloads/ubuntu/GitHub/zero-xml-forum/forum/forum1/build/classes/java/main/com/smart/dao/BoardDao$1.class], file [/Users/eugeneyoung/Downloads/ubuntu/GitHub/zero-xml-forum/forum/forum1/build/classes/java/main/com/smart/dao/BoardDao.class], file [/Users/eugeneyoung/Downloads/ubuntu/GitHub/zero-xml-forum/forum/forum1/build/classes/java/main/com/smart/dao/LoginLogDao.class], file [/Users/eugeneyoung/Downloads/ubuntu/GitHub/zero-xml-forum/forum/forum1/build/classes/java/main/com/smart/dao/Page.class], file [/Users/eugeneyoung/Downloads/ubuntu/GitHub/zero-xml-forum/forum/forum1/build/classes/java/main/com/smart/dao/PostDao.class], file [/Users/eugeneyoung/Downloads/ubuntu/GitHub/zero-xml-forum/forum/forum1/build/classes/java/main/com/smart/dao/TopicDao.class], file [/Users/eugeneyoung/Downloads/ubuntu/GitHub/zero-xml-forum/forum/forum1/build/classes/java/main/com/smart/dao/UserDao.class]]
2019-05-06 11:12:39,077 DEBUG (org.springframework.core.io.support.PathMatchingResourcePatternResolver:424) - Resolved location pattern [classpath*:com/smart/dao/**/*.class] to resources [file [/Users/eugeneyoung/Downloads/ubuntu/GitHub/zero-xml-forum/forum/forum1/build/classes/java/test/com/smart/dao/BaseDaoTest.class], file [/Users/eugeneyoung/Downloads/ubuntu/GitHub/zero-xml-forum/forum/forum1/build/classes/java/test/com/smart/dao/BoardDaoTest.class], file [/Users/eugeneyoung/Downloads/ubuntu/GitHub/zero-xml-forum/forum/forum1/build/classes/java/test/com/smart/dao/MyTest.class], file [/Users/eugeneyoung/Downloads/ubuntu/GitHub/zero-xml-forum/forum/forum1/build/classes/java/test/com/smart/dao/TestCases.class], file [/Users/eugeneyoung/Downloads/ubuntu/GitHub/zero-xml-forum/forum/forum1/build/classes/java/main/com/smart/dao/BaseDao$1.class], file [/Users/eugeneyoung/Downloads/ubuntu/GitHub/zero-xml-forum/forum/forum1/build/classes/java/main/com/smart/dao/BaseDao$2.class], file [/Users/eugeneyoung/Downloads/ubuntu/GitHub/zero-xml-forum/forum/forum1/build/classes/java/main/com/smart/dao/BaseDao$3.class], file [/Users/eugeneyoung/Downloads/ubuntu/GitHub/zero-xml-forum/forum/forum1/build/classes/java/main/com/smart/dao/BaseDao.class], file [/Users/eugeneyoung/Downloads/ubuntu/GitHub/zero-xml-forum/forum/forum1/build/classes/java/main/com/smart/dao/BoardDao$1.class], file [/Users/eugeneyoung/Downloads/ubuntu/GitHub/zero-xml-forum/forum/forum1/build/classes/java/main/com/smart/dao/BoardDao.class], file [/Users/eugeneyoung/Downloads/ubuntu/GitHub/zero-xml-forum/forum/forum1/build/classes/java/main/com/smart/dao/LoginLogDao.class], file [/Users/eugeneyoung/Downloads/ubuntu/GitHub/zero-xml-forum/forum/forum1/build/classes/java/main/com/smart/dao/Page.class], file [/Users/eugeneyoung/Downloads/ubuntu/GitHub/zero-xml-forum/forum/forum1/build/classes/java/main/com/smart/dao/PostDao.class], file [/Users/eugeneyoung/Downloads/ubuntu/GitHub/zero-xml-forum/forum/forum1/build/classes/java/main/com/smart/dao/TopicDao.class], file [/Users/eugeneyoung/Downloads/ubuntu/GitHub/zero-xml-forum/forum/forum1/build/classes/java/main/com/smart/dao/UserDao.class]]
2019-05-06 11:12:39,081 DEBUG (org.springframework.context.annotation.ClassPathBeanDefinitionScanner:286) - Identified candidate component class: file [/Users/eugeneyoung/Downloads/ubuntu/GitHub/zero-xml-forum/forum/forum1/build/classes/java/main/com/smart/dao/BoardDao.class]
2019-05-06 11:12:39,081 DEBUG (org.springframework.context.annotation.ClassPathBeanDefinitionScanner:286) - Identified candidate component class: file [/Users/eugeneyoung/Downloads/ubuntu/GitHub/zero-xml-forum/forum/forum1/build/classes/java/main/com/smart/dao/BoardDao.class]
2019-05-06 11:12:39,081 DEBUG (org.springframework.context.annotation.ClassPathBeanDefinitionScanner:286) - Identified candidate component class: file [/Users/eugeneyoung/Downloads/ubuntu/GitHub/zero-xml-forum/forum/forum1/build/classes/java/main/com/smart/dao/LoginLogDao.class]
2019-05-06 11:12:39,081 DEBUG (org.springframework.context.annotation.ClassPathBeanDefinitionScanner:286) - Identified candidate component class: file [/Users/eugeneyoung/Downloads/ubuntu/GitHub/zero-xml-forum/forum/forum1/build/classes/java/main/com/smart/dao/LoginLogDao.class]
2019-05-06 11:12:39,082 DEBUG (org.springframework.context.annotation.ClassPathBeanDefinitionScanner:286) - Identified candidate component class: file [/Users/eugeneyoung/Downloads/ubuntu/GitHub/zero-xml-forum/forum/forum1/build/classes/java/main/com/smart/dao/PostDao.class]
2019-05-06 11:12:39,082 DEBUG (org.springframework.context.annotation.ClassPathBeanDefinitionScanner:286) - Identified candidate component class: file [/Users/eugeneyoung/Downloads/ubuntu/GitHub/zero-xml-forum/forum/forum1/build/classes/java/main/com/smart/dao/PostDao.class]
2019-05-06 11:12:39,083 DEBUG (org.springframework.context.annotation.ClassPathBeanDefinitionScanner:286) - Identified candidate component class: file [/Users/eugeneyoung/Downloads/ubuntu/GitHub/zero-xml-forum/forum/forum1/build/classes/java/main/com/smart/dao/TopicDao.class]
2019-05-06 11:12:39,083 DEBUG (org.springframework.context.annotation.ClassPathBeanDefinitionScanner:286) - Identified candidate component class: file [/Users/eugeneyoung/Downloads/ubuntu/GitHub/zero-xml-forum/forum/forum1/build/classes/java/main/com/smart/dao/TopicDao.class]
2019-05-06 11:12:39,083 DEBUG (org.springframework.context.annotation.ClassPathBeanDefinitionScanner:286) - Identified candidate component class: file [/Users/eugeneyoung/Downloads/ubuntu/GitHub/zero-xml-forum/forum/forum1/build/classes/java/main/com/smart/dao/UserDao.class]
2019-05-06 11:12:39,083 DEBUG (org.springframework.context.annotation.ClassPathBeanDefinitionScanner:286) - Identified candidate component class: file [/Users/eugeneyoung/Downloads/ubuntu/GitHub/zero-xml-forum/forum/forum1/build/classes/java/main/com/smart/dao/UserDao.class]
2019-05-06 11:12:39,093 DEBUG (org.springframework.core.env.StandardEnvironment:109) - Adding [systemProperties] PropertySource with lowest search precedence
2019-05-06 11:12:39,093 DEBUG (org.springframework.core.env.StandardEnvironment:109) - Adding [systemProperties] PropertySource with lowest search precedence
2019-05-06 11:12:39,093 DEBUG (org.springframework.core.env.StandardEnvironment:109) - Adding [systemEnvironment] PropertySource with lowest search precedence
2019-05-06 11:12:39,093 DEBUG (org.springframework.core.env.StandardEnvironment:109) - Adding [systemEnvironment] PropertySource with lowest search precedence
2019-05-06 11:12:39,094 DEBUG (org.springframework.core.env.StandardEnvironment:127) - Initialized StandardEnvironment with PropertySources [systemProperties,systemEnvironment]
2019-05-06 11:12:39,094 DEBUG (org.springframework.core.env.StandardEnvironment:127) - Initialized StandardEnvironment with PropertySources [systemProperties,systemEnvironment]
2019-05-06 11:12:39,095 DEBUG (org.springframework.core.io.support.PathMatchingResourcePatternResolver:631) - Looking for matching resources in directory tree [/Users/eugeneyoung/Downloads/ubuntu/GitHub/zero-xml-forum/forum/forum1/build/classes/java/test/com/smart/service]
2019-05-06 11:12:39,095 DEBUG (org.springframework.core.io.support.PathMatchingResourcePatternResolver:631) - Looking for matching resources in directory tree [/Users/eugeneyoung/Downloads/ubuntu/GitHub/zero-xml-forum/forum/forum1/build/classes/java/test/com/smart/service]
2019-05-06 11:12:39,095 DEBUG (org.springframework.core.io.support.PathMatchingResourcePatternResolver:693) - Searching directory [/Users/eugeneyoung/Downloads/ubuntu/GitHub/zero-xml-forum/forum/forum1/build/classes/java/test/com/smart/service] for files matching pattern [/Users/eugeneyoung/Downloads/ubuntu/GitHub/zero-xml-forum/forum/forum1/build/classes/java/test/com/smart/service/**/*.class]
2019-05-06 11:12:39,095 DEBUG (org.springframework.core.io.support.PathMatchingResourcePatternResolver:693) - Searching directory [/Users/eugeneyoung/Downloads/ubuntu/GitHub/zero-xml-forum/forum/forum1/build/classes/java/test/com/smart/service] for files matching pattern [/Users/eugeneyoung/Downloads/ubuntu/GitHub/zero-xml-forum/forum/forum1/build/classes/java/test/com/smart/service/**/*.class]
2019-05-06 11:12:39,096 DEBUG (org.springframework.core.io.support.PathMatchingResourcePatternResolver:631) - Looking for matching resources in directory tree [/Users/eugeneyoung/Downloads/ubuntu/GitHub/zero-xml-forum/forum/forum1/build/classes/java/main/com/smart/service]
2019-05-06 11:12:39,096 DEBUG (org.springframework.core.io.support.PathMatchingResourcePatternResolver:631) - Looking for matching resources in directory tree [/Users/eugeneyoung/Downloads/ubuntu/GitHub/zero-xml-forum/forum/forum1/build/classes/java/main/com/smart/service]
2019-05-06 11:12:39,097 DEBUG (org.springframework.core.io.support.PathMatchingResourcePatternResolver:693) - Searching directory [/Users/eugeneyoung/Downloads/ubuntu/GitHub/zero-xml-forum/forum/forum1/build/classes/java/main/com/smart/service] for files matching pattern [/Users/eugeneyoung/Downloads/ubuntu/GitHub/zero-xml-forum/forum/forum1/build/classes/java/main/com/smart/service/**/*.class]
2019-05-06 11:12:39,097 DEBUG (org.springframework.core.io.support.PathMatchingResourcePatternResolver:693) - Searching directory [/Users/eugeneyoung/Downloads/ubuntu/GitHub/zero-xml-forum/forum/forum1/build/classes/java/main/com/smart/service] for files matching pattern [/Users/eugeneyoung/Downloads/ubuntu/GitHub/zero-xml-forum/forum/forum1/build/classes/java/main/com/smart/service/**/*.class]
2019-05-06 11:12:39,097 DEBUG (org.springframework.core.io.support.PathMatchingResourcePatternResolver:424) - Resolved location pattern [classpath*:com/smart/service/**/*.class] to resources [file [/Users/eugeneyoung/Downloads/ubuntu/GitHub/zero-xml-forum/forum/forum1/build/classes/java/test/com/smart/service/BaseService.class], file [/Users/eugeneyoung/Downloads/ubuntu/GitHub/zero-xml-forum/forum/forum1/build/classes/java/test/com/smart/service/UserServiceTest$1.class], file [/Users/eugeneyoung/Downloads/ubuntu/GitHub/zero-xml-forum/forum/forum1/build/classes/java/test/com/smart/service/UserServiceTest.class], file [/Users/eugeneyoung/Downloads/ubuntu/GitHub/zero-xml-forum/forum/forum1/build/classes/java/test/com/smart/service/UserServiceTest2.class], file [/Users/eugeneyoung/Downloads/ubuntu/GitHub/zero-xml-forum/forum/forum1/build/classes/java/main/com/smart/service/ForumService.class], file [/Users/eugeneyoung/Downloads/ubuntu/GitHub/zero-xml-forum/forum/forum1/build/classes/java/main/com/smart/service/UserService.class]]
2019-05-06 11:12:39,097 DEBUG (org.springframework.core.io.support.PathMatchingResourcePatternResolver:424) - Resolved location pattern [classpath*:com/smart/service/**/*.class] to resources [file [/Users/eugeneyoung/Downloads/ubuntu/GitHub/zero-xml-forum/forum/forum1/build/classes/java/test/com/smart/service/BaseService.class], file [/Users/eugeneyoung/Downloads/ubuntu/GitHub/zero-xml-forum/forum/forum1/build/classes/java/test/com/smart/service/UserServiceTest$1.class], file [/Users/eugeneyoung/Downloads/ubuntu/GitHub/zero-xml-forum/forum/forum1/build/classes/java/test/com/smart/service/UserServiceTest.class], file [/Users/eugeneyoung/Downloads/ubuntu/GitHub/zero-xml-forum/forum/forum1/build/classes/java/test/com/smart/service/UserServiceTest2.class], file [/Users/eugeneyoung/Downloads/ubuntu/GitHub/zero-xml-forum/forum/forum1/build/classes/java/main/com/smart/service/ForumService.class], file [/Users/eugeneyoung/Downloads/ubuntu/GitHub/zero-xml-forum/forum/forum1/build/classes/java/main/com/smart/service/UserService.class]]
2019-05-06 11:12:39,099 DEBUG (org.springframework.context.annotation.ClassPathBeanDefinitionScanner:286) - Identified candidate component class: file [/Users/eugeneyoung/Downloads/ubuntu/GitHub/zero-xml-forum/forum/forum1/build/classes/java/main/com/smart/service/ForumService.class]
2019-05-06 11:12:39,099 DEBUG (org.springframework.context.annotation.ClassPathBeanDefinitionScanner:286) - Identified candidate component class: file [/Users/eugeneyoung/Downloads/ubuntu/GitHub/zero-xml-forum/forum/forum1/build/classes/java/main/com/smart/service/ForumService.class]
2019-05-06 11:12:39,100 DEBUG (org.springframework.context.annotation.ClassPathBeanDefinitionScanner:286) - Identified candidate component class: file [/Users/eugeneyoung/Downloads/ubuntu/GitHub/zero-xml-forum/forum/forum1/build/classes/java/main/com/smart/service/UserService.class]
2019-05-06 11:12:39,100 DEBUG (org.springframework.context.annotation.ClassPathBeanDefinitionScanner:286) - Identified candidate component class: file [/Users/eugeneyoung/Downloads/ubuntu/GitHub/zero-xml-forum/forum/forum1/build/classes/java/main/com/smart/service/UserService.class]
2019-05-06 11:12:39,122 DEBUG (org.springframework.context.annotation.ConfigurationClassBeanDefinitionReader:164) - Registered bean definition for imported class 'org.springframework.transaction.annotation.ProxyTransactionManagementConfiguration'
2019-05-06 11:12:39,122 DEBUG (org.springframework.context.annotation.ConfigurationClassBeanDefinitionReader:164) - Registered bean definition for imported class 'org.springframework.transaction.annotation.ProxyTransactionManagementConfiguration'
2019-05-06 11:12:39,123 DEBUG (org.springframework.context.annotation.ConfigurationClassBeanDefinitionReader:256) - Registering bean definition for @Bean method org.springframework.transaction.annotation.ProxyTransactionManagementConfiguration.org.springframework.transaction.config.internalTransactionAdvisor()
2019-05-06 11:12:39,123 DEBUG (org.springframework.context.annotation.ConfigurationClassBeanDefinitionReader:256) - Registering bean definition for @Bean method org.springframework.transaction.annotation.ProxyTransactionManagementConfiguration.org.springframework.transaction.config.internalTransactionAdvisor()
2019-05-06 11:12:39,123 DEBUG (org.springframework.context.annotation.ConfigurationClassBeanDefinitionReader:256) - Registering bean definition for @Bean method org.springframework.transaction.annotation.ProxyTransactionManagementConfiguration.transactionAttributeSource()
2019-05-06 11:12:39,123 DEBUG (org.springframework.context.annotation.ConfigurationClassBeanDefinitionReader:256) - Registering bean definition for @Bean method org.springframework.transaction.annotation.ProxyTransactionManagementConfiguration.transactionAttributeSource()
2019-05-06 11:12:39,123 DEBUG (org.springframework.context.annotation.ConfigurationClassBeanDefinitionReader:256) - Registering bean definition for @Bean method org.springframework.transaction.annotation.ProxyTransactionManagementConfiguration.transactionInterceptor()
2019-05-06 11:12:39,123 DEBUG (org.springframework.context.annotation.ConfigurationClassBeanDefinitionReader:256) - Registering bean definition for @Bean method org.springframework.transaction.annotation.ProxyTransactionManagementConfiguration.transactionInterceptor()
2019-05-06 11:12:39,124 DEBUG (org.springframework.context.annotation.ConfigurationClassBeanDefinitionReader:256) - Registering bean definition for @Bean method org.springframework.transaction.annotation.ProxyTransactionManagementConfiguration.org.springframework.transaction.config.internalTransactionalEventListenerFactory()
2019-05-06 11:12:39,124 DEBUG (org.springframework.context.annotation.ConfigurationClassBeanDefinitionReader:256) - Registering bean definition for @Bean method org.springframework.transaction.annotation.ProxyTransactionManagementConfiguration.org.springframework.transaction.config.internalTransactionalEventListenerFactory()
2019-05-06 11:12:39,124 DEBUG (org.springframework.context.annotation.ConfigurationClassBeanDefinitionReader:256) - Registering bean definition for @Bean method com.smart.config.DaoConfig.dataSource()
2019-05-06 11:12:39,124 DEBUG (org.springframework.context.annotation.ConfigurationClassBeanDefinitionReader:256) - Registering bean definition for @Bean method com.smart.config.DaoConfig.dataSource()
2019-05-06 11:12:39,125 DEBUG (org.springframework.context.annotation.ConfigurationClassBeanDefinitionReader:256) - Registering bean definition for @Bean method com.smart.config.DaoConfig.localSessionFactoryBean()
2019-05-06 11:12:39,125 DEBUG (org.springframework.context.annotation.ConfigurationClassBeanDefinitionReader:256) - Registering bean definition for @Bean method com.smart.config.DaoConfig.localSessionFactoryBean()
2019-05-06 11:12:39,125 DEBUG (org.springframework.context.annotation.ConfigurationClassBeanDefinitionReader:256) - Registering bean definition for @Bean method com.smart.config.DaoConfig.sessionFactory()
2019-05-06 11:12:39,125 DEBUG (org.springframework.context.annotation.ConfigurationClassBeanDefinitionReader:256) - Registering bean definition for @Bean method com.smart.config.DaoConfig.sessionFactory()
2019-05-06 11:12:39,126 DEBUG (org.springframework.context.annotation.ConfigurationClassBeanDefinitionReader:256) - Registering bean definition for @Bean method com.smart.config.DaoConfig.hibernateTemplate()
2019-05-06 11:12:39,126 DEBUG (org.springframework.context.annotation.ConfigurationClassBeanDefinitionReader:256) - Registering bean definition for @Bean method com.smart.config.DaoConfig.hibernateTemplate()
2019-05-06 11:12:39,127 DEBUG (org.springframework.context.annotation.ConfigurationClassBeanDefinitionReader:256) - Registering bean definition for @Bean method com.smart.config.DaoConfig.hibernateTransactionManager()
2019-05-06 11:12:39,127 DEBUG (org.springframework.context.annotation.ConfigurationClassBeanDefinitionReader:256) - Registering bean definition for @Bean method com.smart.config.DaoConfig.hibernateTransactionManager()
2019-05-06 11:12:39,128 DEBUG (org.springframework.context.annotation.ConfigurationClassBeanDefinitionReader:164) - Registered bean definition for imported class 'org.springframework.cache.annotation.ProxyCachingConfiguration'
2019-05-06 11:12:39,128 DEBUG (org.springframework.context.annotation.ConfigurationClassBeanDefinitionReader:164) - Registered bean definition for imported class 'org.springframework.cache.annotation.ProxyCachingConfiguration'
2019-05-06 11:12:39,129 DEBUG (org.springframework.context.annotation.ConfigurationClassBeanDefinitionReader:256) - Registering bean definition for @Bean method org.springframework.cache.annotation.ProxyCachingConfiguration.org.springframework.cache.config.internalCacheAdvisor()
2019-05-06 11:12:39,129 DEBUG (org.springframework.context.annotation.ConfigurationClassBeanDefinitionReader:256) - Registering bean definition for @Bean method org.springframework.cache.annotation.ProxyCachingConfiguration.org.springframework.cache.config.internalCacheAdvisor()
2019-05-06 11:12:39,131 DEBUG (org.springframework.context.annotation.ConfigurationClassBeanDefinitionReader:256) - Registering bean definition for @Bean method org.springframework.cache.annotation.ProxyCachingConfiguration.cacheOperationSource()
2019-05-06 11:12:39,131 DEBUG (org.springframework.context.annotation.ConfigurationClassBeanDefinitionReader:256) - Registering bean definition for @Bean method org.springframework.cache.annotation.ProxyCachingConfiguration.cacheOperationSource()
2019-05-06 11:12:39,133 DEBUG (org.springframework.context.annotation.ConfigurationClassBeanDefinitionReader:256) - Registering bean definition for @Bean method org.springframework.cache.annotation.ProxyCachingConfiguration.cacheInterceptor()
2019-05-06 11:12:39,133 DEBUG (org.springframework.context.annotation.ConfigurationClassBeanDefinitionReader:256) - Registering bean definition for @Bean method org.springframework.cache.annotation.ProxyCachingConfiguration.cacheInterceptor()
2019-05-06 11:12:39,134 DEBUG (org.springframework.context.annotation.ConfigurationClassBeanDefinitionReader:256) - Registering bean definition for @Bean method com.smart.config.ServiceConfig.hibernateTransactionManager()
2019-05-06 11:12:39,134 DEBUG (org.springframework.context.annotation.ConfigurationClassBeanDefinitionReader:256) - Registering bean definition for @Bean method com.smart.config.ServiceConfig.hibernateTransactionManager()
2019-05-06 11:12:39,135  INFO (org.springframework.beans.factory.support.DefaultListableBeanFactory:839) - Overriding bean definition for bean 'hibernateTransactionManager' with a different definition: replacing [Root bean: class [null]; scope=; abstract=false; lazyInit=false; autowireMode=3; dependencyCheck=0; autowireCandidate=true; primary=false; factoryBeanName=daoConfig; factoryMethodName=hibernateTransactionManager; initMethodName=null; destroyMethodName=(inferred); defined in com.smart.config.DaoConfig] with [Root bean: class [null]; scope=; abstract=false; lazyInit=false; autowireMode=3; dependencyCheck=0; autowireCandidate=true; primary=false; factoryBeanName=serviceConfig; factoryMethodName=hibernateTransactionManager; initMethodName=null; destroyMethodName=(inferred); defined in com.smart.config.ServiceConfig]
2019-05-06 11:12:39,135  INFO (org.springframework.beans.factory.support.DefaultListableBeanFactory:839) - Overriding bean definition for bean 'hibernateTransactionManager' with a different definition: replacing [Root bean: class [null]; scope=; abstract=false; lazyInit=false; autowireMode=3; dependencyCheck=0; autowireCandidate=true; primary=false; factoryBeanName=daoConfig; factoryMethodName=hibernateTransactionManager; initMethodName=null; destroyMethodName=(inferred); defined in com.smart.config.DaoConfig] with [Root bean: class [null]; scope=; abstract=false; lazyInit=false; autowireMode=3; dependencyCheck=0; autowireCandidate=true; primary=false; factoryBeanName=serviceConfig; factoryMethodName=hibernateTransactionManager; initMethodName=null; destroyMethodName=(inferred); defined in com.smart.config.ServiceConfig]
2019-05-06 11:12:39,136 DEBUG (org.springframework.context.annotation.ConfigurationClassBeanDefinitionReader:256) - Registering bean definition for @Bean method com.smart.config.ServiceConfig.cacheManager()
2019-05-06 11:12:39,136 DEBUG (org.springframework.context.annotation.ConfigurationClassBeanDefinitionReader:256) - Registering bean definition for @Bean method com.smart.config.ServiceConfig.cacheManager()
2019-05-06 11:12:39,136 DEBUG (org.springframework.context.annotation.ConfigurationClassBeanDefinitionReader:256) - Registering bean definition for @Bean method com.smart.config.ServiceConfig.requestMappingHandlerAdapter()
2019-05-06 11:12:39,136 DEBUG (org.springframework.context.annotation.ConfigurationClassBeanDefinitionReader:256) - Registering bean definition for @Bean method com.smart.config.ServiceConfig.requestMappingHandlerAdapter()
2019-05-06 11:12:39,137 DEBUG (org.springframework.context.annotation.ConfigurationClassBeanDefinitionReader:256) - Registering bean definition for @Bean method com.smart.config.ServiceConfig.ehCacheManagerFactoryBean()
2019-05-06 11:12:39,137 DEBUG (org.springframework.context.annotation.ConfigurationClassBeanDefinitionReader:256) - Registering bean definition for @Bean method com.smart.config.ServiceConfig.ehCacheManagerFactoryBean()
2019-05-06 11:12:39,141 DEBUG (org.springframework.context.annotation.ConfigurationClassEnhancer:111) - Successfully enhanced com.smart.config.DaoConfig; enhanced class name is: com.smart.config.DaoConfig$$EnhancerBySpringCGLIB$$b4546b24
2019-05-06 11:12:39,141 DEBUG (org.springframework.context.annotation.ConfigurationClassEnhancer:111) - Successfully enhanced com.smart.config.DaoConfig; enhanced class name is: com.smart.config.DaoConfig$$EnhancerBySpringCGLIB$$b4546b24
2019-05-06 11:12:39,142 DEBUG (org.springframework.context.annotation.ConfigurationClassPostProcessor:403) - Replacing bean definition 'daoConfig' existing class name 'com.smart.config.DaoConfig' with enhanced class name 'com.smart.config.DaoConfig$$EnhancerBySpringCGLIB$$b4546b24'
2019-05-06 11:12:39,142 DEBUG (org.springframework.context.annotation.ConfigurationClassPostProcessor:403) - Replacing bean definition 'daoConfig' existing class name 'com.smart.config.DaoConfig' with enhanced class name 'com.smart.config.DaoConfig$$EnhancerBySpringCGLIB$$b4546b24'
2019-05-06 11:12:39,144 DEBUG (org.springframework.context.annotation.ConfigurationClassEnhancer:111) - Successfully enhanced com.smart.config.ServiceConfig; enhanced class name is: com.smart.config.ServiceConfig$$EnhancerBySpringCGLIB$$748ce07
2019-05-06 11:12:39,144 DEBUG (org.springframework.context.annotation.ConfigurationClassEnhancer:111) - Successfully enhanced com.smart.config.ServiceConfig; enhanced class name is: com.smart.config.ServiceConfig$$EnhancerBySpringCGLIB$$748ce07
2019-05-06 11:12:39,144 DEBUG (org.springframework.context.annotation.ConfigurationClassPostProcessor:403) - Replacing bean definition 'serviceConfig' existing class name 'com.smart.config.ServiceConfig' with enhanced class name 'com.smart.config.ServiceConfig$$EnhancerBySpringCGLIB$$748ce07'
2019-05-06 11:12:39,144 DEBUG (org.springframework.context.annotation.ConfigurationClassPostProcessor:403) - Replacing bean definition 'serviceConfig' existing class name 'com.smart.config.ServiceConfig' with enhanced class name 'com.smart.config.ServiceConfig$$EnhancerBySpringCGLIB$$748ce07'
2019-05-06 11:12:39,145 DEBUG (org.springframework.context.annotation.ConfigurationClassEnhancer:111) - Successfully enhanced org.springframework.transaction.annotation.ProxyTransactionManagementConfiguration; enhanced class name is: org.springframework.transaction.annotation.ProxyTransactionManagementConfiguration$$EnhancerBySpringCGLIB$$123d6c25
2019-05-06 11:12:39,145 DEBUG (org.springframework.context.annotation.ConfigurationClassEnhancer:111) - Successfully enhanced org.springframework.transaction.annotation.ProxyTransactionManagementConfiguration; enhanced class name is: org.springframework.transaction.annotation.ProxyTransactionManagementConfiguration$$EnhancerBySpringCGLIB$$123d6c25
2019-05-06 11:12:39,145 DEBUG (org.springframework.context.annotation.ConfigurationClassPostProcessor:403) - Replacing bean definition 'org.springframework.transaction.annotation.ProxyTransactionManagementConfiguration' existing class name 'org.springframework.transaction.annotation.ProxyTransactionManagementConfiguration' with enhanced class name 'org.springframework.transaction.annotation.ProxyTransactionManagementConfiguration$$EnhancerBySpringCGLIB$$123d6c25'
2019-05-06 11:12:39,145 DEBUG (org.springframework.context.annotation.ConfigurationClassPostProcessor:403) - Replacing bean definition 'org.springframework.transaction.annotation.ProxyTransactionManagementConfiguration' existing class name 'org.springframework.transaction.annotation.ProxyTransactionManagementConfiguration' with enhanced class name 'org.springframework.transaction.annotation.ProxyTransactionManagementConfiguration$$EnhancerBySpringCGLIB$$123d6c25'
2019-05-06 11:12:39,149 DEBUG (org.springframework.context.annotation.ConfigurationClassEnhancer:111) - Successfully enhanced org.springframework.cache.annotation.ProxyCachingConfiguration; enhanced class name is: org.springframework.cache.annotation.ProxyCachingConfiguration$$EnhancerBySpringCGLIB$$799b3683
2019-05-06 11:12:39,149 DEBUG (org.springframework.context.annotation.ConfigurationClassEnhancer:111) - Successfully enhanced org.springframework.cache.annotation.ProxyCachingConfiguration; enhanced class name is: org.springframework.cache.annotation.ProxyCachingConfiguration$$EnhancerBySpringCGLIB$$799b3683
2019-05-06 11:12:39,150 DEBUG (org.springframework.context.annotation.ConfigurationClassPostProcessor:403) - Replacing bean definition 'org.springframework.cache.annotation.ProxyCachingConfiguration' existing class name 'org.springframework.cache.annotation.ProxyCachingConfiguration' with enhanced class name 'org.springframework.cache.annotation.ProxyCachingConfiguration$$EnhancerBySpringCGLIB$$799b3683'
2019-05-06 11:12:39,150 DEBUG (org.springframework.context.annotation.ConfigurationClassPostProcessor:403) - Replacing bean definition 'org.springframework.cache.annotation.ProxyCachingConfiguration' existing class name 'org.springframework.cache.annotation.ProxyCachingConfiguration' with enhanced class name 'org.springframework.cache.annotation.ProxyCachingConfiguration$$EnhancerBySpringCGLIB$$799b3683'
2019-05-06 11:12:39,151 DEBUG (org.springframework.beans.factory.support.DefaultListableBeanFactory:221) - Creating shared instance of singleton bean 'org.springframework.context.annotation.internalAutowiredAnnotationProcessor'
2019-05-06 11:12:39,151 DEBUG (org.springframework.beans.factory.support.DefaultListableBeanFactory:221) - Creating shared instance of singleton bean 'org.springframework.context.annotation.internalAutowiredAnnotationProcessor'
2019-05-06 11:12:39,151 DEBUG (org.springframework.beans.factory.support.DefaultListableBeanFactory:448) - Creating instance of bean 'org.springframework.context.annotation.internalAutowiredAnnotationProcessor'
2019-05-06 11:12:39,151 DEBUG (org.springframework.beans.factory.support.DefaultListableBeanFactory:448) - Creating instance of bean 'org.springframework.context.annotation.internalAutowiredAnnotationProcessor'
2019-05-06 11:12:39,152 DEBUG (org.springframework.beans.factory.support.DefaultListableBeanFactory:529) - Eagerly caching bean 'org.springframework.context.annotation.internalAutowiredAnnotationProcessor' to allow for resolving potential circular references
2019-05-06 11:12:39,152 DEBUG (org.springframework.beans.factory.support.DefaultListableBeanFactory:529) - Eagerly caching bean 'org.springframework.context.annotation.internalAutowiredAnnotationProcessor' to allow for resolving potential circular references
2019-05-06 11:12:39,152 DEBUG (org.springframework.beans.factory.support.DefaultListableBeanFactory:484) - Finished creating instance of bean 'org.springframework.context.annotation.internalAutowiredAnnotationProcessor'
2019-05-06 11:12:39,152 DEBUG (org.springframework.beans.factory.support.DefaultListableBeanFactory:484) - Finished creating instance of bean 'org.springframework.context.annotation.internalAutowiredAnnotationProcessor'
2019-05-06 11:12:39,152 DEBUG (org.springframework.beans.factory.support.DefaultListableBeanFactory:221) - Creating shared instance of singleton bean 'org.springframework.context.annotation.internalRequiredAnnotationProcessor'
2019-05-06 11:12:39,152 DEBUG (org.springframework.beans.factory.support.DefaultListableBeanFactory:221) - Creating shared instance of singleton bean 'org.springframework.context.annotation.internalRequiredAnnotationProcessor'
2019-05-06 11:12:39,152 DEBUG (org.springframework.beans.factory.support.DefaultListableBeanFactory:448) - Creating instance of bean 'org.springframework.context.annotation.internalRequiredAnnotationProcessor'
2019-05-06 11:12:39,152 DEBUG (org.springframework.beans.factory.support.DefaultListableBeanFactory:448) - Creating instance of bean 'org.springframework.context.annotation.internalRequiredAnnotationProcessor'
2019-05-06 11:12:39,153 DEBUG (org.springframework.beans.factory.support.DefaultListableBeanFactory:529) - Eagerly caching bean 'org.springframework.context.annotation.internalRequiredAnnotationProcessor' to allow for resolving potential circular references
2019-05-06 11:12:39,153 DEBUG (org.springframework.beans.factory.support.DefaultListableBeanFactory:529) - Eagerly caching bean 'org.springframework.context.annotation.internalRequiredAnnotationProcessor' to allow for resolving potential circular references
2019-05-06 11:12:39,153 DEBUG (org.springframework.beans.factory.support.DefaultListableBeanFactory:484) - Finished creating instance of bean 'org.springframework.context.annotation.internalRequiredAnnotationProcessor'
2019-05-06 11:12:39,153 DEBUG (org.springframework.beans.factory.support.DefaultListableBeanFactory:484) - Finished creating instance of bean 'org.springframework.context.annotation.internalRequiredAnnotationProcessor'
2019-05-06 11:12:39,153 DEBUG (org.springframework.beans.factory.support.DefaultListableBeanFactory:221) - Creating shared instance of singleton bean 'org.springframework.context.annotation.internalCommonAnnotationProcessor'
2019-05-06 11:12:39,153 DEBUG (org.springframework.beans.factory.support.DefaultListableBeanFactory:221) - Creating shared instance of singleton bean 'org.springframework.context.annotation.internalCommonAnnotationProcessor'
2019-05-06 11:12:39,153 DEBUG (org.springframework.beans.factory.support.DefaultListableBeanFactory:448) - Creating instance of bean 'org.springframework.context.annotation.internalCommonAnnotationProcessor'
2019-05-06 11:12:39,153 DEBUG (org.springframework.beans.factory.support.DefaultListableBeanFactory:448) - Creating instance of bean 'org.springframework.context.annotation.internalCommonAnnotationProcessor'
2019-05-06 11:12:39,154 DEBUG (org.springframework.beans.factory.support.DefaultListableBeanFactory:529) - Eagerly caching bean 'org.springframework.context.annotation.internalCommonAnnotationProcessor' to allow for resolving potential circular references
2019-05-06 11:12:39,154 DEBUG (org.springframework.beans.factory.support.DefaultListableBeanFactory:529) - Eagerly caching bean 'org.springframework.context.annotation.internalCommonAnnotationProcessor' to allow for resolving potential circular references
2019-05-06 11:12:39,154 DEBUG (org.springframework.beans.factory.support.DefaultListableBeanFactory:484) - Finished creating instance of bean 'org.springframework.context.annotation.internalCommonAnnotationProcessor'
2019-05-06 11:12:39,154 DEBUG (org.springframework.beans.factory.support.DefaultListableBeanFactory:484) - Finished creating instance of bean 'org.springframework.context.annotation.internalCommonAnnotationProcessor'
2019-05-06 11:12:39,154 DEBUG (org.springframework.beans.factory.support.DefaultListableBeanFactory:221) - Creating shared instance of singleton bean 'org.springframework.context.annotation.internalPersistenceAnnotationProcessor'
2019-05-06 11:12:39,154 DEBUG (org.springframework.beans.factory.support.DefaultListableBeanFactory:221) - Creating shared instance of singleton bean 'org.springframework.context.annotation.internalPersistenceAnnotationProcessor'
2019-05-06 11:12:39,154 DEBUG (org.springframework.beans.factory.support.DefaultListableBeanFactory:448) - Creating instance of bean 'org.springframework.context.annotation.internalPersistenceAnnotationProcessor'
2019-05-06 11:12:39,154 DEBUG (org.springframework.beans.factory.support.DefaultListableBeanFactory:448) - Creating instance of bean 'org.springframework.context.annotation.internalPersistenceAnnotationProcessor'
2019-05-06 11:12:39,154 DEBUG (org.springframework.beans.factory.support.DefaultListableBeanFactory:529) - Eagerly caching bean 'org.springframework.context.annotation.internalPersistenceAnnotationProcessor' to allow for resolving potential circular references
2019-05-06 11:12:39,154 DEBUG (org.springframework.beans.factory.support.DefaultListableBeanFactory:529) - Eagerly caching bean 'org.springframework.context.annotation.internalPersistenceAnnotationProcessor' to allow for resolving potential circular references
2019-05-06 11:12:39,154 DEBUG (org.springframework.beans.factory.support.DefaultListableBeanFactory:484) - Finished creating instance of bean 'org.springframework.context.annotation.internalPersistenceAnnotationProcessor'
2019-05-06 11:12:39,154 DEBUG (org.springframework.beans.factory.support.DefaultListableBeanFactory:484) - Finished creating instance of bean 'org.springframework.context.annotation.internalPersistenceAnnotationProcessor'
2019-05-06 11:12:39,155 DEBUG (org.springframework.beans.factory.support.DefaultListableBeanFactory:221) - Creating shared instance of singleton bean 'org.springframework.context.annotation.ConfigurationClassPostProcessor.importAwareProcessor'
2019-05-06 11:12:39,155 DEBUG (org.springframework.beans.factory.support.DefaultListableBeanFactory:221) - Creating shared instance of singleton bean 'org.springframework.context.annotation.ConfigurationClassPostProcessor.importAwareProcessor'
2019-05-06 11:12:39,155 DEBUG (org.springframework.beans.factory.support.DefaultListableBeanFactory:448) - Creating instance of bean 'org.springframework.context.annotation.ConfigurationClassPostProcessor.importAwareProcessor'
2019-05-06 11:12:39,155 DEBUG (org.springframework.beans.factory.support.DefaultListableBeanFactory:448) - Creating instance of bean 'org.springframework.context.annotation.ConfigurationClassPostProcessor.importAwareProcessor'
2019-05-06 11:12:39,155 DEBUG (org.springframework.beans.factory.support.DefaultListableBeanFactory:529) - Eagerly caching bean 'org.springframework.context.annotation.ConfigurationClassPostProcessor.importAwareProcessor' to allow for resolving potential circular references
2019-05-06 11:12:39,155 DEBUG (org.springframework.beans.factory.support.DefaultListableBeanFactory:529) - Eagerly caching bean 'org.springframework.context.annotation.ConfigurationClassPostProcessor.importAwareProcessor' to allow for resolving potential circular references
2019-05-06 11:12:39,155 DEBUG (org.springframework.beans.factory.support.DefaultListableBeanFactory:484) - Finished creating instance of bean 'org.springframework.context.annotation.ConfigurationClassPostProcessor.importAwareProcessor'
2019-05-06 11:12:39,155 DEBUG (org.springframework.beans.factory.support.DefaultListableBeanFactory:484) - Finished creating instance of bean 'org.springframework.context.annotation.ConfigurationClassPostProcessor.importAwareProcessor'
2019-05-06 11:12:39,155 DEBUG (org.springframework.beans.factory.support.DefaultListableBeanFactory:221) - Creating shared instance of singleton bean 'org.springframework.context.annotation.ConfigurationClassPostProcessor.enhancedConfigurationProcessor'
2019-05-06 11:12:39,155 DEBUG (org.springframework.beans.factory.support.DefaultListableBeanFactory:221) - Creating shared instance of singleton bean 'org.springframework.context.annotation.ConfigurationClassPostProcessor.enhancedConfigurationProcessor'
2019-05-06 11:12:39,155 DEBUG (org.springframework.beans.factory.support.DefaultListableBeanFactory:448) - Creating instance of bean 'org.springframework.context.annotation.ConfigurationClassPostProcessor.enhancedConfigurationProcessor'
2019-05-06 11:12:39,155 DEBUG (org.springframework.beans.factory.support.DefaultListableBeanFactory:448) - Creating instance of bean 'org.springframework.context.annotation.ConfigurationClassPostProcessor.enhancedConfigurationProcessor'
2019-05-06 11:12:39,155 DEBUG (org.springframework.beans.factory.support.DefaultListableBeanFactory:529) - Eagerly caching bean 'org.springframework.context.annotation.ConfigurationClassPostProcessor.enhancedConfigurationProcessor' to allow for resolving potential circular references
2019-05-06 11:12:39,155 DEBUG (org.springframework.beans.factory.support.DefaultListableBeanFactory:529) - Eagerly caching bean 'org.springframework.context.annotation.ConfigurationClassPostProcessor.enhancedConfigurationProcessor' to allow for resolving potential circular references
2019-05-06 11:12:39,156 DEBUG (org.springframework.beans.factory.support.DefaultListableBeanFactory:484) - Finished creating instance of bean 'org.springframework.context.annotation.ConfigurationClassPostProcessor.enhancedConfigurationProcessor'
2019-05-06 11:12:39,156 DEBUG (org.springframework.beans.factory.support.DefaultListableBeanFactory:484) - Finished creating instance of bean 'org.springframework.context.annotation.ConfigurationClassPostProcessor.enhancedConfigurationProcessor'
2019-05-06 11:12:39,156 DEBUG (org.springframework.beans.factory.support.DefaultListableBeanFactory:221) - Creating shared instance of singleton bean 'org.springframework.aop.config.internalAutoProxyCreator'
2019-05-06 11:12:39,156 DEBUG (org.springframework.beans.factory.support.DefaultListableBeanFactory:221) - Creating shared instance of singleton bean 'org.springframework.aop.config.internalAutoProxyCreator'
2019-05-06 11:12:39,156 DEBUG (org.springframework.beans.factory.support.DefaultListableBeanFactory:448) - Creating instance of bean 'org.springframework.aop.config.internalAutoProxyCreator'
2019-05-06 11:12:39,156 DEBUG (org.springframework.beans.factory.support.DefaultListableBeanFactory:448) - Creating instance of bean 'org.springframework.aop.config.internalAutoProxyCreator'
2019-05-06 11:12:39,157 DEBUG (org.springframework.beans.factory.support.DefaultListableBeanFactory:529) - Eagerly caching bean 'org.springframework.aop.config.internalAutoProxyCreator' to allow for resolving potential circular references
2019-05-06 11:12:39,157 DEBUG (org.springframework.beans.factory.support.DefaultListableBeanFactory:529) - Eagerly caching bean 'org.springframework.aop.config.internalAutoProxyCreator' to allow for resolving potential circular references
2019-05-06 11:12:39,158 DEBUG (org.springframework.beans.factory.support.DefaultListableBeanFactory:484) - Finished creating instance of bean 'org.springframework.aop.config.internalAutoProxyCreator'
2019-05-06 11:12:39,158 DEBUG (org.springframework.beans.factory.support.DefaultListableBeanFactory:484) - Finished creating instance of bean 'org.springframework.aop.config.internalAutoProxyCreator'
2019-05-06 11:12:39,159 DEBUG (org.springframework.context.support.GenericApplicationContext:714) - Unable to locate MessageSource with name 'messageSource': using default [org.springframework.context.support.DelegatingMessageSource@583a6c7]
2019-05-06 11:12:39,159 DEBUG (org.springframework.context.support.GenericApplicationContext:714) - Unable to locate MessageSource with name 'messageSource': using default [org.springframework.context.support.DelegatingMessageSource@583a6c7]
2019-05-06 11:12:39,159 DEBUG (org.springframework.context.support.GenericApplicationContext:738) - Unable to locate ApplicationEventMulticaster with name 'applicationEventMulticaster': using default [org.springframework.context.event.SimpleApplicationEventMulticaster@41cc5fde]
2019-05-06 11:12:39,159 DEBUG (org.springframework.context.support.GenericApplicationContext:738) - Unable to locate ApplicationEventMulticaster with name 'applicationEventMulticaster': using default [org.springframework.context.event.SimpleApplicationEventMulticaster@41cc5fde]
2019-05-06 11:12:39,160 DEBUG (org.springframework.beans.factory.support.DefaultListableBeanFactory:741) - Pre-instantiating singletons in org.springframework.beans.factory.support.DefaultListableBeanFactory@69a3a9a5: defining beans [org.springframework.context.annotation.internalConfigurationAnnotationProcessor,org.springframework.context.annotation.internalAutowiredAnnotationProcessor,org.springframework.context.annotation.internalRequiredAnnotationProcessor,org.springframework.context.annotation.internalCommonAnnotationProcessor,org.springframework.context.annotation.internalPersistenceAnnotationProcessor,org.springframework.context.event.internalEventListenerProcessor,org.springframework.context.event.internalEventListenerFactory,daoConfig,serviceConfig,org.springframework.context.annotation.ConfigurationClassPostProcessor.importAwareProcessor,org.springframework.context.annotation.ConfigurationClassPostProcessor.enhancedConfigurationProcessor,boardDao,loginLogDao,postDao,topicDao,userDao,forumService,userService,org.springframework.transaction.annotation.ProxyTransactionManagementConfiguration,org.springframework.transaction.config.internalTransactionAdvisor,transactionAttributeSource,transactionInterceptor,org.springframework.transaction.config.internalTransactionalEventListenerFactory,dataSource,localSessionFactoryBean,sessionFactory,hibernateTemplate,hibernateTransactionManager,org.springframework.aop.config.internalAutoProxyCreator,org.springframework.cache.annotation.ProxyCachingConfiguration,org.springframework.cache.config.internalCacheAdvisor,cacheOperationSource,cacheInterceptor,cacheManager,requestMappingHandlerAdapter,ehCacheManagerFactoryBean]; root of factory hierarchy
2019-05-06 11:12:39,160 DEBUG (org.springframework.beans.factory.support.DefaultListableBeanFactory:741) - Pre-instantiating singletons in org.springframework.beans.factory.support.DefaultListableBeanFactory@69a3a9a5: defining beans [org.springframework.context.annotation.internalConfigurationAnnotationProcessor,org.springframework.context.annotation.internalAutowiredAnnotationProcessor,org.springframework.context.annotation.internalRequiredAnnotationProcessor,org.springframework.context.annotation.internalCommonAnnotationProcessor,org.springframework.context.annotation.internalPersistenceAnnotationProcessor,org.springframework.context.event.internalEventListenerProcessor,org.springframework.context.event.internalEventListenerFactory,daoConfig,serviceConfig,org.springframework.context.annotation.ConfigurationClassPostProcessor.importAwareProcessor,org.springframework.context.annotation.ConfigurationClassPostProcessor.enhancedConfigurationProcessor,boardDao,loginLogDao,postDao,topicDao,userDao,forumService,userService,org.springframework.transaction.annotation.ProxyTransactionManagementConfiguration,org.springframework.transaction.config.internalTransactionAdvisor,transactionAttributeSource,transactionInterceptor,org.springframework.transaction.config.internalTransactionalEventListenerFactory,dataSource,localSessionFactoryBean,sessionFactory,hibernateTemplate,hibernateTransactionManager,org.springframework.aop.config.internalAutoProxyCreator,org.springframework.cache.annotation.ProxyCachingConfiguration,org.springframework.cache.config.internalCacheAdvisor,cacheOperationSource,cacheInterceptor,cacheManager,requestMappingHandlerAdapter,ehCacheManagerFactoryBean]; root of factory hierarchy
2019-05-06 11:12:39,161 DEBUG (org.springframework.beans.factory.support.DefaultListableBeanFactory:250) - Returning cached instance of singleton bean 'org.springframework.context.annotation.internalConfigurationAnnotationProcessor'
2019-05-06 11:12:39,161 DEBUG (org.springframework.beans.factory.support.DefaultListableBeanFactory:250) - Returning cached instance of singleton bean 'org.springframework.context.annotation.internalConfigurationAnnotationProcessor'
2019-05-06 11:12:39,161 DEBUG (org.springframework.beans.factory.support.DefaultListableBeanFactory:250) - Returning cached instance of singleton bean 'org.springframework.context.annotation.internalAutowiredAnnotationProcessor'
2019-05-06 11:12:39,161 DEBUG (org.springframework.beans.factory.support.DefaultListableBeanFactory:250) - Returning cached instance of singleton bean 'org.springframework.context.annotation.internalAutowiredAnnotationProcessor'
2019-05-06 11:12:39,161 DEBUG (org.springframework.beans.factory.support.DefaultListableBeanFactory:250) - Returning cached instance of singleton bean 'org.springframework.context.annotation.internalRequiredAnnotationProcessor'
2019-05-06 11:12:39,161 DEBUG (org.springframework.beans.factory.support.DefaultListableBeanFactory:250) - Returning cached instance of singleton bean 'org.springframework.context.annotation.internalRequiredAnnotationProcessor'
2019-05-06 11:12:39,162 DEBUG (org.springframework.beans.factory.support.DefaultListableBeanFactory:250) - Returning cached instance of singleton bean 'org.springframework.context.annotation.internalCommonAnnotationProcessor'
2019-05-06 11:12:39,162 DEBUG (org.springframework.beans.factory.support.DefaultListableBeanFactory:250) - Returning cached instance of singleton bean 'org.springframework.context.annotation.internalCommonAnnotationProcessor'
2019-05-06 11:12:39,162 DEBUG (org.springframework.beans.factory.support.DefaultListableBeanFactory:250) - Returning cached instance of singleton bean 'org.springframework.context.annotation.internalPersistenceAnnotationProcessor'
2019-05-06 11:12:39,162 DEBUG (org.springframework.beans.factory.support.DefaultListableBeanFactory:250) - Returning cached instance of singleton bean 'org.springframework.context.annotation.internalPersistenceAnnotationProcessor'
2019-05-06 11:12:39,162 DEBUG (org.springframework.beans.factory.support.DefaultListableBeanFactory:221) - Creating shared instance of singleton bean 'org.springframework.context.event.internalEventListenerProcessor'
2019-05-06 11:12:39,162 DEBUG (org.springframework.beans.factory.support.DefaultListableBeanFactory:221) - Creating shared instance of singleton bean 'org.springframework.context.event.internalEventListenerProcessor'
2019-05-06 11:12:39,163 DEBUG (org.springframework.beans.factory.support.DefaultListableBeanFactory:448) - Creating instance of bean 'org.springframework.context.event.internalEventListenerProcessor'
2019-05-06 11:12:39,163 DEBUG (org.springframework.beans.factory.support.DefaultListableBeanFactory:448) - Creating instance of bean 'org.springframework.context.event.internalEventListenerProcessor'
2019-05-06 11:12:39,163 DEBUG (org.springframework.beans.factory.support.DefaultListableBeanFactory:529) - Eagerly caching bean 'org.springframework.context.event.internalEventListenerProcessor' to allow for resolving potential circular references
2019-05-06 11:12:39,163 DEBUG (org.springframework.beans.factory.support.DefaultListableBeanFactory:529) - Eagerly caching bean 'org.springframework.context.event.internalEventListenerProcessor' to allow for resolving potential circular references
2019-05-06 11:12:39,164 DEBUG (org.springframework.beans.factory.support.DefaultListableBeanFactory:221) - Creating shared instance of singleton bean 'org.springframework.transaction.config.internalTransactionAdvisor'
2019-05-06 11:12:39,164 DEBUG (org.springframework.beans.factory.support.DefaultListableBeanFactory:221) - Creating shared instance of singleton bean 'org.springframework.transaction.config.internalTransactionAdvisor'
2019-05-06 11:12:39,164 DEBUG (org.springframework.beans.factory.support.DefaultListableBeanFactory:448) - Creating instance of bean 'org.springframework.transaction.config.internalTransactionAdvisor'
2019-05-06 11:12:39,164 DEBUG (org.springframework.beans.factory.support.DefaultListableBeanFactory:448) - Creating instance of bean 'org.springframework.transaction.config.internalTransactionAdvisor'
2019-05-06 11:12:39,165 DEBUG (org.springframework.beans.factory.support.DefaultListableBeanFactory:221) - Creating shared instance of singleton bean 'org.springframework.transaction.annotation.ProxyTransactionManagementConfiguration'
2019-05-06 11:12:39,165 DEBUG (org.springframework.beans.factory.support.DefaultListableBeanFactory:221) - Creating shared instance of singleton bean 'org.springframework.transaction.annotation.ProxyTransactionManagementConfiguration'
2019-05-06 11:12:39,165 DEBUG (org.springframework.beans.factory.support.DefaultListableBeanFactory:448) - Creating instance of bean 'org.springframework.transaction.annotation.ProxyTransactionManagementConfiguration'
2019-05-06 11:12:39,165 DEBUG (org.springframework.beans.factory.support.DefaultListableBeanFactory:448) - Creating instance of bean 'org.springframework.transaction.annotation.ProxyTransactionManagementConfiguration'
2019-05-06 11:12:39,166 DEBUG (org.springframework.beans.factory.annotation.InjectionMetadata:72) - Registered injected element on class [org.springframework.transaction.annotation.ProxyTransactionManagementConfiguration$$EnhancerBySpringCGLIB$$123d6c25]: AutowiredMethodElement for void org.springframework.transaction.annotation.AbstractTransactionManagementConfiguration.setConfigurers(java.util.Collection)
2019-05-06 11:12:39,166 DEBUG (org.springframework.beans.factory.annotation.InjectionMetadata:72) - Registered injected element on class [org.springframework.transaction.annotation.ProxyTransactionManagementConfiguration$$EnhancerBySpringCGLIB$$123d6c25]: AutowiredMethodElement for void org.springframework.transaction.annotation.AbstractTransactionManagementConfiguration.setConfigurers(java.util.Collection)
2019-05-06 11:12:39,166 DEBUG (org.springframework.beans.factory.support.DefaultListableBeanFactory:529) - Eagerly caching bean 'org.springframework.transaction.annotation.ProxyTransactionManagementConfiguration' to allow for resolving potential circular references
2019-05-06 11:12:39,166 DEBUG (org.springframework.beans.factory.support.DefaultListableBeanFactory:529) - Eagerly caching bean 'org.springframework.transaction.annotation.ProxyTransactionManagementConfiguration' to allow for resolving potential circular references
2019-05-06 11:12:39,166 DEBUG (org.springframework.beans.factory.annotation.InjectionMetadata:86) - Processing injected element of bean 'org.springframework.transaction.annotation.ProxyTransactionManagementConfiguration': AutowiredMethodElement for void org.springframework.transaction.annotation.AbstractTransactionManagementConfiguration.setConfigurers(java.util.Collection)
2019-05-06 11:12:39,166 DEBUG (org.springframework.beans.factory.annotation.InjectionMetadata:86) - Processing injected element of bean 'org.springframework.transaction.annotation.ProxyTransactionManagementConfiguration': AutowiredMethodElement for void org.springframework.transaction.annotation.AbstractTransactionManagementConfiguration.setConfigurers(java.util.Collection)
2019-05-06 11:12:39,170 DEBUG (org.springframework.beans.factory.support.DefaultListableBeanFactory:250) - Returning cached instance of singleton bean 'org.springframework.context.annotation.ConfigurationClassPostProcessor.importRegistry'
2019-05-06 11:12:39,170 DEBUG (org.springframework.beans.factory.support.DefaultListableBeanFactory:250) - Returning cached instance of singleton bean 'org.springframework.context.annotation.ConfigurationClassPostProcessor.importRegistry'
2019-05-06 11:12:39,171 DEBUG (org.springframework.aop.framework.autoproxy.BeanFactoryAdvisorRetrievalHelper:87) - Skipping currently created advisor 'org.springframework.transaction.config.internalTransactionAdvisor'
2019-05-06 11:12:39,171 DEBUG (org.springframework.aop.framework.autoproxy.BeanFactoryAdvisorRetrievalHelper:87) - Skipping currently created advisor 'org.springframework.transaction.config.internalTransactionAdvisor'
2019-05-06 11:12:39,172 DEBUG (org.springframework.beans.factory.support.DefaultListableBeanFactory:221) - Creating shared instance of singleton bean 'org.springframework.cache.config.internalCacheAdvisor'
2019-05-06 11:12:39,172 DEBUG (org.springframework.beans.factory.support.DefaultListableBeanFactory:221) - Creating shared instance of singleton bean 'org.springframework.cache.config.internalCacheAdvisor'
2019-05-06 11:12:39,173 DEBUG (org.springframework.beans.factory.support.DefaultListableBeanFactory:448) - Creating instance of bean 'org.springframework.cache.config.internalCacheAdvisor'
2019-05-06 11:12:39,173 DEBUG (org.springframework.beans.factory.support.DefaultListableBeanFactory:448) - Creating instance of bean 'org.springframework.cache.config.internalCacheAdvisor'
2019-05-06 11:12:39,173 DEBUG (org.springframework.beans.factory.support.DefaultListableBeanFactory:221) - Creating shared instance of singleton bean 'org.springframework.cache.annotation.ProxyCachingConfiguration'
2019-05-06 11:12:39,173 DEBUG (org.springframework.beans.factory.support.DefaultListableBeanFactory:221) - Creating shared instance of singleton bean 'org.springframework.cache.annotation.ProxyCachingConfiguration'
2019-05-06 11:12:39,174 DEBUG (org.springframework.beans.factory.support.DefaultListableBeanFactory:448) - Creating instance of bean 'org.springframework.cache.annotation.ProxyCachingConfiguration'
2019-05-06 11:12:39,174 DEBUG (org.springframework.beans.factory.support.DefaultListableBeanFactory:448) - Creating instance of bean 'org.springframework.cache.annotation.ProxyCachingConfiguration'
2019-05-06 11:12:39,184 DEBUG (org.springframework.beans.factory.annotation.InjectionMetadata:72) - Registered injected element on class [org.springframework.cache.annotation.ProxyCachingConfiguration$$EnhancerBySpringCGLIB$$799b3683]: AutowiredMethodElement for void org.springframework.cache.annotation.AbstractCachingConfiguration.setConfigurers(java.util.Collection)
2019-05-06 11:12:39,184 DEBUG (org.springframework.beans.factory.annotation.InjectionMetadata:72) - Registered injected element on class [org.springframework.cache.annotation.ProxyCachingConfiguration$$EnhancerBySpringCGLIB$$799b3683]: AutowiredMethodElement for void org.springframework.cache.annotation.AbstractCachingConfiguration.setConfigurers(java.util.Collection)
2019-05-06 11:12:39,184 DEBUG (org.springframework.beans.factory.support.DefaultListableBeanFactory:529) - Eagerly caching bean 'org.springframework.cache.annotation.ProxyCachingConfiguration' to allow for resolving potential circular references
2019-05-06 11:12:39,184 DEBUG (org.springframework.beans.factory.support.DefaultListableBeanFactory:529) - Eagerly caching bean 'org.springframework.cache.annotation.ProxyCachingConfiguration' to allow for resolving potential circular references
2019-05-06 11:12:39,185 DEBUG (org.springframework.beans.factory.annotation.InjectionMetadata:86) - Processing injected element of bean 'org.springframework.cache.annotation.ProxyCachingConfiguration': AutowiredMethodElement for void org.springframework.cache.annotation.AbstractCachingConfiguration.setConfigurers(java.util.Collection)
2019-05-06 11:12:39,185 DEBUG (org.springframework.beans.factory.annotation.InjectionMetadata:86) - Processing injected element of bean 'org.springframework.cache.annotation.ProxyCachingConfiguration': AutowiredMethodElement for void org.springframework.cache.annotation.AbstractCachingConfiguration.setConfigurers(java.util.Collection)
2019-05-06 11:12:39,186 DEBUG (org.springframework.beans.factory.support.DefaultListableBeanFactory:250) - Returning cached instance of singleton bean 'org.springframework.context.annotation.ConfigurationClassPostProcessor.importRegistry'
2019-05-06 11:12:39,186 DEBUG (org.springframework.beans.factory.support.DefaultListableBeanFactory:250) - Returning cached instance of singleton bean 'org.springframework.context.annotation.ConfigurationClassPostProcessor.importRegistry'
2019-05-06 11:12:39,187 DEBUG (org.springframework.aop.framework.autoproxy.BeanFactoryAdvisorRetrievalHelper:87) - Skipping currently created advisor 'org.springframework.transaction.config.internalTransactionAdvisor'
2019-05-06 11:12:39,187 DEBUG (org.springframework.aop.framework.autoproxy.BeanFactoryAdvisorRetrievalHelper:87) - Skipping currently created advisor 'org.springframework.transaction.config.internalTransactionAdvisor'
2019-05-06 11:12:39,187 DEBUG (org.springframework.aop.framework.autoproxy.BeanFactoryAdvisorRetrievalHelper:87) - Skipping currently created advisor 'org.springframework.cache.config.internalCacheAdvisor'
2019-05-06 11:12:39,187 DEBUG (org.springframework.aop.framework.autoproxy.BeanFactoryAdvisorRetrievalHelper:87) - Skipping currently created advisor 'org.springframework.cache.config.internalCacheAdvisor'
2019-05-06 11:12:39,187 DEBUG (org.springframework.beans.factory.support.DefaultListableBeanFactory:484) - Finished creating instance of bean 'org.springframework.cache.annotation.ProxyCachingConfiguration'
2019-05-06 11:12:39,187 DEBUG (org.springframework.beans.factory.support.DefaultListableBeanFactory:484) - Finished creating instance of bean 'org.springframework.cache.annotation.ProxyCachingConfiguration'
2019-05-06 11:12:39,193 DEBUG (org.springframework.beans.factory.support.DefaultListableBeanFactory:221) - Creating shared instance of singleton bean 'cacheOperationSource'
2019-05-06 11:12:39,193 DEBUG (org.springframework.beans.factory.support.DefaultListableBeanFactory:221) - Creating shared instance of singleton bean 'cacheOperationSource'
2019-05-06 11:12:39,194 DEBUG (org.springframework.beans.factory.support.DefaultListableBeanFactory:448) - Creating instance of bean 'cacheOperationSource'
2019-05-06 11:12:39,194 DEBUG (org.springframework.beans.factory.support.DefaultListableBeanFactory:448) - Creating instance of bean 'cacheOperationSource'
2019-05-06 11:12:39,194 DEBUG (org.springframework.beans.factory.support.DefaultListableBeanFactory:250) - Returning cached instance of singleton bean 'org.springframework.cache.annotation.ProxyCachingConfiguration'
2019-05-06 11:12:39,194 DEBUG (org.springframework.beans.factory.support.DefaultListableBeanFactory:250) - Returning cached instance of singleton bean 'org.springframework.cache.annotation.ProxyCachingConfiguration'
2019-05-06 11:12:39,200 DEBUG (org.springframework.beans.factory.support.DefaultListableBeanFactory:529) - Eagerly caching bean 'cacheOperationSource' to allow for resolving potential circular references
2019-05-06 11:12:39,200 DEBUG (org.springframework.beans.factory.support.DefaultListableBeanFactory:529) - Eagerly caching bean 'cacheOperationSource' to allow for resolving potential circular references
2019-05-06 11:12:39,202 DEBUG (org.springframework.aop.framework.autoproxy.BeanFactoryAdvisorRetrievalHelper:87) - Skipping currently created advisor 'org.springframework.transaction.config.internalTransactionAdvisor'
2019-05-06 11:12:39,202 DEBUG (org.springframework.aop.framework.autoproxy.BeanFactoryAdvisorRetrievalHelper:87) - Skipping currently created advisor 'org.springframework.transaction.config.internalTransactionAdvisor'
2019-05-06 11:12:39,203 DEBUG (org.springframework.aop.framework.autoproxy.BeanFactoryAdvisorRetrievalHelper:87) - Skipping currently created advisor 'org.springframework.cache.config.internalCacheAdvisor'
2019-05-06 11:12:39,203 DEBUG (org.springframework.aop.framework.autoproxy.BeanFactoryAdvisorRetrievalHelper:87) - Skipping currently created advisor 'org.springframework.cache.config.internalCacheAdvisor'
2019-05-06 11:12:39,203 DEBUG (org.springframework.beans.factory.support.DefaultListableBeanFactory:484) - Finished creating instance of bean 'cacheOperationSource'
2019-05-06 11:12:39,203 DEBUG (org.springframework.beans.factory.support.DefaultListableBeanFactory:484) - Finished creating instance of bean 'cacheOperationSource'
2019-05-06 11:12:39,203 DEBUG (org.springframework.beans.factory.support.DefaultListableBeanFactory:221) - Creating shared instance of singleton bean 'cacheInterceptor'
2019-05-06 11:12:39,203 DEBUG (org.springframework.beans.factory.support.DefaultListableBeanFactory:221) - Creating shared instance of singleton bean 'cacheInterceptor'
2019-05-06 11:12:39,204 DEBUG (org.springframework.beans.factory.support.DefaultListableBeanFactory:448) - Creating instance of bean 'cacheInterceptor'
2019-05-06 11:12:39,204 DEBUG (org.springframework.beans.factory.support.DefaultListableBeanFactory:448) - Creating instance of bean 'cacheInterceptor'
2019-05-06 11:12:39,204 DEBUG (org.springframework.beans.factory.support.DefaultListableBeanFactory:250) - Returning cached instance of singleton bean 'org.springframework.cache.annotation.ProxyCachingConfiguration'
2019-05-06 11:12:39,204 DEBUG (org.springframework.beans.factory.support.DefaultListableBeanFactory:250) - Returning cached instance of singleton bean 'org.springframework.cache.annotation.ProxyCachingConfiguration'
2019-05-06 11:12:39,206 DEBUG (org.springframework.beans.factory.support.DefaultListableBeanFactory:250) - Returning cached instance of singleton bean 'cacheOperationSource'
2019-05-06 11:12:39,206 DEBUG (org.springframework.beans.factory.support.DefaultListableBeanFactory:250) - Returning cached instance of singleton bean 'cacheOperationSource'
2019-05-06 11:12:39,208 DEBUG (org.springframework.beans.factory.support.DefaultListableBeanFactory:529) - Eagerly caching bean 'cacheInterceptor' to allow for resolving potential circular references
2019-05-06 11:12:39,208 DEBUG (org.springframework.beans.factory.support.DefaultListableBeanFactory:529) - Eagerly caching bean 'cacheInterceptor' to allow for resolving potential circular references
2019-05-06 11:12:39,211 DEBUG (org.springframework.beans.factory.support.DefaultListableBeanFactory:1620) - Invoking afterPropertiesSet() on bean with name 'cacheInterceptor'
2019-05-06 11:12:39,211 DEBUG (org.springframework.beans.factory.support.DefaultListableBeanFactory:1620) - Invoking afterPropertiesSet() on bean with name 'cacheInterceptor'
2019-05-06 11:12:39,211 DEBUG (org.springframework.beans.factory.support.DefaultListableBeanFactory:484) - Finished creating instance of bean 'cacheInterceptor'
2019-05-06 11:12:39,211 DEBUG (org.springframework.beans.factory.support.DefaultListableBeanFactory:484) - Finished creating instance of bean 'cacheInterceptor'
2019-05-06 11:12:39,212 DEBUG (org.springframework.beans.factory.support.DefaultListableBeanFactory:529) - Eagerly caching bean 'org.springframework.cache.config.internalCacheAdvisor' to allow for resolving potential circular references
2019-05-06 11:12:39,212 DEBUG (org.springframework.beans.factory.support.DefaultListableBeanFactory:529) - Eagerly caching bean 'org.springframework.cache.config.internalCacheAdvisor' to allow for resolving potential circular references
2019-05-06 11:12:39,213 DEBUG (org.springframework.beans.factory.support.DefaultListableBeanFactory:484) - Finished creating instance of bean 'org.springframework.cache.config.internalCacheAdvisor'
2019-05-06 11:12:39,213 DEBUG (org.springframework.beans.factory.support.DefaultListableBeanFactory:484) - Finished creating instance of bean 'org.springframework.cache.config.internalCacheAdvisor'
2019-05-06 11:12:39,216 DEBUG (org.springframework.beans.factory.support.DefaultListableBeanFactory:484) - Finished creating instance of bean 'org.springframework.transaction.annotation.ProxyTransactionManagementConfiguration'
2019-05-06 11:12:39,216 DEBUG (org.springframework.beans.factory.support.DefaultListableBeanFactory:484) - Finished creating instance of bean 'org.springframework.transaction.annotation.ProxyTransactionManagementConfiguration'
2019-05-06 11:12:39,217 DEBUG (org.springframework.beans.factory.support.DefaultListableBeanFactory:221) - Creating shared instance of singleton bean 'transactionAttributeSource'
2019-05-06 11:12:39,217 DEBUG (org.springframework.beans.factory.support.DefaultListableBeanFactory:221) - Creating shared instance of singleton bean 'transactionAttributeSource'
2019-05-06 11:12:39,217 DEBUG (org.springframework.beans.factory.support.DefaultListableBeanFactory:448) - Creating instance of bean 'transactionAttributeSource'
2019-05-06 11:12:39,217 DEBUG (org.springframework.beans.factory.support.DefaultListableBeanFactory:448) - Creating instance of bean 'transactionAttributeSource'
2019-05-06 11:12:39,217 DEBUG (org.springframework.beans.factory.support.DefaultListableBeanFactory:250) - Returning cached instance of singleton bean 'org.springframework.transaction.annotation.ProxyTransactionManagementConfiguration'
2019-05-06 11:12:39,217 DEBUG (org.springframework.beans.factory.support.DefaultListableBeanFactory:250) - Returning cached instance of singleton bean 'org.springframework.transaction.annotation.ProxyTransactionManagementConfiguration'
2019-05-06 11:12:39,218 DEBUG (org.springframework.beans.factory.support.DefaultListableBeanFactory:529) - Eagerly caching bean 'transactionAttributeSource' to allow for resolving potential circular references
2019-05-06 11:12:39,218 DEBUG (org.springframework.beans.factory.support.DefaultListableBeanFactory:529) - Eagerly caching bean 'transactionAttributeSource' to allow for resolving potential circular references
2019-05-06 11:12:39,218 DEBUG (org.springframework.aop.framework.autoproxy.BeanFactoryAdvisorRetrievalHelper:87) - Skipping currently created advisor 'org.springframework.transaction.config.internalTransactionAdvisor'
2019-05-06 11:12:39,218 DEBUG (org.springframework.aop.framework.autoproxy.BeanFactoryAdvisorRetrievalHelper:87) - Skipping currently created advisor 'org.springframework.transaction.config.internalTransactionAdvisor'
2019-05-06 11:12:39,219 DEBUG (org.springframework.beans.factory.support.DefaultListableBeanFactory:250) - Returning cached instance of singleton bean 'org.springframework.cache.config.internalCacheAdvisor'
2019-05-06 11:12:39,219 DEBUG (org.springframework.beans.factory.support.DefaultListableBeanFactory:250) - Returning cached instance of singleton bean 'org.springframework.cache.config.internalCacheAdvisor'
2019-05-06 11:12:39,219 DEBUG (org.springframework.beans.factory.support.DefaultListableBeanFactory:484) - Finished creating instance of bean 'transactionAttributeSource'
2019-05-06 11:12:39,219 DEBUG (org.springframework.beans.factory.support.DefaultListableBeanFactory:484) - Finished creating instance of bean 'transactionAttributeSource'
2019-05-06 11:12:39,220 DEBUG (org.springframework.beans.factory.support.DefaultListableBeanFactory:221) - Creating shared instance of singleton bean 'transactionInterceptor'
2019-05-06 11:12:39,220 DEBUG (org.springframework.beans.factory.support.DefaultListableBeanFactory:221) - Creating shared instance of singleton bean 'transactionInterceptor'
2019-05-06 11:12:39,220 DEBUG (org.springframework.beans.factory.support.DefaultListableBeanFactory:448) - Creating instance of bean 'transactionInterceptor'
2019-05-06 11:12:39,220 DEBUG (org.springframework.beans.factory.support.DefaultListableBeanFactory:448) - Creating instance of bean 'transactionInterceptor'
2019-05-06 11:12:39,220 DEBUG (org.springframework.beans.factory.support.DefaultListableBeanFactory:250) - Returning cached instance of singleton bean 'org.springframework.transaction.annotation.ProxyTransactionManagementConfiguration'
2019-05-06 11:12:39,220 DEBUG (org.springframework.beans.factory.support.DefaultListableBeanFactory:250) - Returning cached instance of singleton bean 'org.springframework.transaction.annotation.ProxyTransactionManagementConfiguration'
2019-05-06 11:12:39,220 DEBUG (org.springframework.beans.factory.support.DefaultListableBeanFactory:250) - Returning cached instance of singleton bean 'transactionAttributeSource'
2019-05-06 11:12:39,220 DEBUG (org.springframework.beans.factory.support.DefaultListableBeanFactory:250) - Returning cached instance of singleton bean 'transactionAttributeSource'
2019-05-06 11:12:39,221 DEBUG (org.springframework.beans.factory.support.DefaultListableBeanFactory:529) - Eagerly caching bean 'transactionInterceptor' to allow for resolving potential circular references
2019-05-06 11:12:39,221 DEBUG (org.springframework.beans.factory.support.DefaultListableBeanFactory:529) - Eagerly caching bean 'transactionInterceptor' to allow for resolving potential circular references
2019-05-06 11:12:39,221 DEBUG (org.springframework.beans.factory.support.DefaultListableBeanFactory:1620) - Invoking afterPropertiesSet() on bean with name 'transactionInterceptor'
2019-05-06 11:12:39,221 DEBUG (org.springframework.beans.factory.support.DefaultListableBeanFactory:1620) - Invoking afterPropertiesSet() on bean with name 'transactionInterceptor'
2019-05-06 11:12:39,222 DEBUG (org.springframework.beans.factory.support.DefaultListableBeanFactory:484) - Finished creating instance of bean 'transactionInterceptor'
2019-05-06 11:12:39,222 DEBUG (org.springframework.beans.factory.support.DefaultListableBeanFactory:484) - Finished creating instance of bean 'transactionInterceptor'
2019-05-06 11:12:39,222 DEBUG (org.springframework.beans.factory.support.DefaultListableBeanFactory:529) - Eagerly caching bean 'org.springframework.transaction.config.internalTransactionAdvisor' to allow for resolving potential circular references
2019-05-06 11:12:39,222 DEBUG (org.springframework.beans.factory.support.DefaultListableBeanFactory:529) - Eagerly caching bean 'org.springframework.transaction.config.internalTransactionAdvisor' to allow for resolving potential circular references
2019-05-06 11:12:39,223 DEBUG (org.springframework.beans.factory.support.DefaultListableBeanFactory:484) - Finished creating instance of bean 'org.springframework.transaction.config.internalTransactionAdvisor'
2019-05-06 11:12:39,223 DEBUG (org.springframework.beans.factory.support.DefaultListableBeanFactory:484) - Finished creating instance of bean 'org.springframework.transaction.config.internalTransactionAdvisor'
2019-05-06 11:12:39,223 DEBUG (org.springframework.beans.factory.support.DefaultListableBeanFactory:250) - Returning cached instance of singleton bean 'org.springframework.cache.config.internalCacheAdvisor'
2019-05-06 11:12:39,223 DEBUG (org.springframework.beans.factory.support.DefaultListableBeanFactory:250) - Returning cached instance of singleton bean 'org.springframework.cache.config.internalCacheAdvisor'
2019-05-06 11:12:39,224 DEBUG (org.springframework.beans.factory.support.DefaultListableBeanFactory:484) - Finished creating instance of bean 'org.springframework.context.event.internalEventListenerProcessor'
2019-05-06 11:12:39,224 DEBUG (org.springframework.beans.factory.support.DefaultListableBeanFactory:484) - Finished creating instance of bean 'org.springframework.context.event.internalEventListenerProcessor'
2019-05-06 11:12:39,224 DEBUG (org.springframework.beans.factory.support.DefaultListableBeanFactory:221) - Creating shared instance of singleton bean 'org.springframework.context.event.internalEventListenerFactory'
2019-05-06 11:12:39,224 DEBUG (org.springframework.beans.factory.support.DefaultListableBeanFactory:221) - Creating shared instance of singleton bean 'org.springframework.context.event.internalEventListenerFactory'
2019-05-06 11:12:39,224 DEBUG (org.springframework.beans.factory.support.DefaultListableBeanFactory:448) - Creating instance of bean 'org.springframework.context.event.internalEventListenerFactory'
2019-05-06 11:12:39,224 DEBUG (org.springframework.beans.factory.support.DefaultListableBeanFactory:448) - Creating instance of bean 'org.springframework.context.event.internalEventListenerFactory'
2019-05-06 11:12:39,225 DEBUG (org.springframework.beans.factory.support.DefaultListableBeanFactory:529) - Eagerly caching bean 'org.springframework.context.event.internalEventListenerFactory' to allow for resolving potential circular references
2019-05-06 11:12:39,225 DEBUG (org.springframework.beans.factory.support.DefaultListableBeanFactory:529) - Eagerly caching bean 'org.springframework.context.event.internalEventListenerFactory' to allow for resolving potential circular references
2019-05-06 11:12:39,225 DEBUG (org.springframework.beans.factory.support.DefaultListableBeanFactory:250) - Returning cached instance of singleton bean 'org.springframework.transaction.config.internalTransactionAdvisor'
2019-05-06 11:12:39,225 DEBUG (org.springframework.beans.factory.support.DefaultListableBeanFactory:250) - Returning cached instance of singleton bean 'org.springframework.transaction.config.internalTransactionAdvisor'
2019-05-06 11:12:39,225 DEBUG (org.springframework.beans.factory.support.DefaultListableBeanFactory:250) - Returning cached instance of singleton bean 'org.springframework.cache.config.internalCacheAdvisor'
2019-05-06 11:12:39,225 DEBUG (org.springframework.beans.factory.support.DefaultListableBeanFactory:250) - Returning cached instance of singleton bean 'org.springframework.cache.config.internalCacheAdvisor'
2019-05-06 11:12:39,225 DEBUG (org.springframework.beans.factory.support.DefaultListableBeanFactory:484) - Finished creating instance of bean 'org.springframework.context.event.internalEventListenerFactory'
2019-05-06 11:12:39,225 DEBUG (org.springframework.beans.factory.support.DefaultListableBeanFactory:484) - Finished creating instance of bean 'org.springframework.context.event.internalEventListenerFactory'
2019-05-06 11:12:39,226 DEBUG (org.springframework.beans.factory.support.DefaultListableBeanFactory:221) - Creating shared instance of singleton bean 'daoConfig'
2019-05-06 11:12:39,226 DEBUG (org.springframework.beans.factory.support.DefaultListableBeanFactory:221) - Creating shared instance of singleton bean 'daoConfig'
2019-05-06 11:12:39,226 DEBUG (org.springframework.beans.factory.support.DefaultListableBeanFactory:448) - Creating instance of bean 'daoConfig'
2019-05-06 11:12:39,226 DEBUG (org.springframework.beans.factory.support.DefaultListableBeanFactory:448) - Creating instance of bean 'daoConfig'
2019-05-06 11:12:39,226 DEBUG (org.springframework.beans.factory.annotation.InjectionMetadata:72) - Registered injected element on class [com.smart.config.DaoConfig$$EnhancerBySpringCGLIB$$b4546b24]: AutowiredFieldElement for private org.springframework.core.env.Environment com.smart.config.DaoConfig.environment
2019-05-06 11:12:39,226 DEBUG (org.springframework.beans.factory.annotation.InjectionMetadata:72) - Registered injected element on class [com.smart.config.DaoConfig$$EnhancerBySpringCGLIB$$b4546b24]: AutowiredFieldElement for private org.springframework.core.env.Environment com.smart.config.DaoConfig.environment
2019-05-06 11:12:39,226 DEBUG (org.springframework.beans.factory.support.DefaultListableBeanFactory:529) - Eagerly caching bean 'daoConfig' to allow for resolving potential circular references
2019-05-06 11:12:39,226 DEBUG (org.springframework.beans.factory.support.DefaultListableBeanFactory:529) - Eagerly caching bean 'daoConfig' to allow for resolving potential circular references
2019-05-06 11:12:39,227 DEBUG (org.springframework.beans.factory.annotation.InjectionMetadata:86) - Processing injected element of bean 'daoConfig': AutowiredFieldElement for private org.springframework.core.env.Environment com.smart.config.DaoConfig.environment
2019-05-06 11:12:39,227 DEBUG (org.springframework.beans.factory.annotation.InjectionMetadata:86) - Processing injected element of bean 'daoConfig': AutowiredFieldElement for private org.springframework.core.env.Environment com.smart.config.DaoConfig.environment
2019-05-06 11:12:39,227 DEBUG (org.springframework.beans.factory.support.DefaultListableBeanFactory:250) - Returning cached instance of singleton bean 'environment'
2019-05-06 11:12:39,227 DEBUG (org.springframework.beans.factory.support.DefaultListableBeanFactory:250) - Returning cached instance of singleton bean 'environment'
2019-05-06 11:12:39,227 DEBUG (org.springframework.beans.factory.annotation.AutowiredAnnotationBeanPostProcessor:490) - Autowiring by type from bean name 'daoConfig' to bean named 'environment'
2019-05-06 11:12:39,227 DEBUG (org.springframework.beans.factory.annotation.AutowiredAnnotationBeanPostProcessor:490) - Autowiring by type from bean name 'daoConfig' to bean named 'environment'
2019-05-06 11:12:39,228 DEBUG (org.springframework.beans.factory.support.DefaultListableBeanFactory:250) - Returning cached instance of singleton bean 'org.springframework.transaction.config.internalTransactionAdvisor'
2019-05-06 11:12:39,228 DEBUG (org.springframework.beans.factory.support.DefaultListableBeanFactory:250) - Returning cached instance of singleton bean 'org.springframework.transaction.config.internalTransactionAdvisor'
2019-05-06 11:12:39,228 DEBUG (org.springframework.beans.factory.support.DefaultListableBeanFactory:250) - Returning cached instance of singleton bean 'org.springframework.cache.config.internalCacheAdvisor'
2019-05-06 11:12:39,228 DEBUG (org.springframework.beans.factory.support.DefaultListableBeanFactory:250) - Returning cached instance of singleton bean 'org.springframework.cache.config.internalCacheAdvisor'
2019-05-06 11:12:39,229 DEBUG (org.springframework.beans.factory.support.DefaultListableBeanFactory:484) - Finished creating instance of bean 'daoConfig'
2019-05-06 11:12:39,229 DEBUG (org.springframework.beans.factory.support.DefaultListableBeanFactory:484) - Finished creating instance of bean 'daoConfig'
2019-05-06 11:12:39,229 DEBUG (org.springframework.beans.factory.support.DefaultListableBeanFactory:221) - Creating shared instance of singleton bean 'serviceConfig'
2019-05-06 11:12:39,229 DEBUG (org.springframework.beans.factory.support.DefaultListableBeanFactory:221) - Creating shared instance of singleton bean 'serviceConfig'
2019-05-06 11:12:39,229 DEBUG (org.springframework.beans.factory.support.DefaultListableBeanFactory:448) - Creating instance of bean 'serviceConfig'
2019-05-06 11:12:39,229 DEBUG (org.springframework.beans.factory.support.DefaultListableBeanFactory:448) - Creating instance of bean 'serviceConfig'
2019-05-06 11:12:39,230 DEBUG (org.springframework.beans.factory.annotation.InjectionMetadata:72) - Registered injected element on class [com.smart.config.ServiceConfig$$EnhancerBySpringCGLIB$$748ce07]: AutowiredFieldElement for private com.smart.config.DaoConfig com.smart.config.ServiceConfig.daoConfig
2019-05-06 11:12:39,230 DEBUG (org.springframework.beans.factory.annotation.InjectionMetadata:72) - Registered injected element on class [com.smart.config.ServiceConfig$$EnhancerBySpringCGLIB$$748ce07]: AutowiredFieldElement for private com.smart.config.DaoConfig com.smart.config.ServiceConfig.daoConfig
2019-05-06 11:12:39,230 DEBUG (org.springframework.beans.factory.support.DefaultListableBeanFactory:529) - Eagerly caching bean 'serviceConfig' to allow for resolving potential circular references
2019-05-06 11:12:39,230 DEBUG (org.springframework.beans.factory.support.DefaultListableBeanFactory:529) - Eagerly caching bean 'serviceConfig' to allow for resolving potential circular references
2019-05-06 11:12:39,232 DEBUG (org.springframework.beans.factory.annotation.InjectionMetadata:86) - Processing injected element of bean 'serviceConfig': AutowiredFieldElement for private com.smart.config.DaoConfig com.smart.config.ServiceConfig.daoConfig
2019-05-06 11:12:39,232 DEBUG (org.springframework.beans.factory.annotation.InjectionMetadata:86) - Processing injected element of bean 'serviceConfig': AutowiredFieldElement for private com.smart.config.DaoConfig com.smart.config.ServiceConfig.daoConfig
2019-05-06 11:12:39,233 DEBUG (org.springframework.beans.factory.support.DefaultListableBeanFactory:250) - Returning cached instance of singleton bean 'daoConfig'
2019-05-06 11:12:39,233 DEBUG (org.springframework.beans.factory.support.DefaultListableBeanFactory:250) - Returning cached instance of singleton bean 'daoConfig'
2019-05-06 11:12:39,233 DEBUG (org.springframework.beans.factory.annotation.AutowiredAnnotationBeanPostProcessor:490) - Autowiring by type from bean name 'serviceConfig' to bean named 'daoConfig'
2019-05-06 11:12:39,233 DEBUG (org.springframework.beans.factory.annotation.AutowiredAnnotationBeanPostProcessor:490) - Autowiring by type from bean name 'serviceConfig' to bean named 'daoConfig'
2019-05-06 11:12:39,233 DEBUG (org.springframework.beans.factory.support.DefaultListableBeanFactory:250) - Returning cached instance of singleton bean 'org.springframework.transaction.config.internalTransactionAdvisor'
2019-05-06 11:12:39,233 DEBUG (org.springframework.beans.factory.support.DefaultListableBeanFactory:250) - Returning cached instance of singleton bean 'org.springframework.transaction.config.internalTransactionAdvisor'
2019-05-06 11:12:39,233 DEBUG (org.springframework.beans.factory.support.DefaultListableBeanFactory:250) - Returning cached instance of singleton bean 'org.springframework.cache.config.internalCacheAdvisor'
2019-05-06 11:12:39,233 DEBUG (org.springframework.beans.factory.support.DefaultListableBeanFactory:250) - Returning cached instance of singleton bean 'org.springframework.cache.config.internalCacheAdvisor'
2019-05-06 11:12:39,234 DEBUG (org.springframework.beans.factory.support.DefaultListableBeanFactory:484) - Finished creating instance of bean 'serviceConfig'
2019-05-06 11:12:39,234 DEBUG (org.springframework.beans.factory.support.DefaultListableBeanFactory:484) - Finished creating instance of bean 'serviceConfig'
2019-05-06 11:12:39,234 DEBUG (org.springframework.beans.factory.support.DefaultListableBeanFactory:250) - Returning cached instance of singleton bean 'org.springframework.context.annotation.ConfigurationClassPostProcessor.importAwareProcessor'
2019-05-06 11:12:39,234 DEBUG (org.springframework.beans.factory.support.DefaultListableBeanFactory:250) - Returning cached instance of singleton bean 'org.springframework.context.annotation.ConfigurationClassPostProcessor.importAwareProcessor'
2019-05-06 11:12:39,235 DEBUG (org.springframework.beans.factory.support.DefaultListableBeanFactory:250) - Returning cached instance of singleton bean 'org.springframework.context.annotation.ConfigurationClassPostProcessor.enhancedConfigurationProcessor'
2019-05-06 11:12:39,235 DEBUG (org.springframework.beans.factory.support.DefaultListableBeanFactory:250) - Returning cached instance of singleton bean 'org.springframework.context.annotation.ConfigurationClassPostProcessor.enhancedConfigurationProcessor'
2019-05-06 11:12:39,235 DEBUG (org.springframework.beans.factory.support.DefaultListableBeanFactory:221) - Creating shared instance of singleton bean 'boardDao'
2019-05-06 11:12:39,235 DEBUG (org.springframework.beans.factory.support.DefaultListableBeanFactory:221) - Creating shared instance of singleton bean 'boardDao'
2019-05-06 11:12:39,235 DEBUG (org.springframework.beans.factory.support.DefaultListableBeanFactory:448) - Creating instance of bean 'boardDao'
2019-05-06 11:12:39,235 DEBUG (org.springframework.beans.factory.support.DefaultListableBeanFactory:448) - Creating instance of bean 'boardDao'
2019-05-06 11:12:39,236 DEBUG (org.springframework.beans.factory.annotation.InjectionMetadata:72) - Registered injected element on class [com.smart.dao.BoardDao]: AutowiredMethodElement for public void com.smart.dao.BaseDao.setHibernateTemplate(org.springframework.orm.hibernate4.HibernateTemplate)
2019-05-06 11:12:39,236 DEBUG (org.springframework.beans.factory.annotation.InjectionMetadata:72) - Registered injected element on class [com.smart.dao.BoardDao]: AutowiredMethodElement for public void com.smart.dao.BaseDao.setHibernateTemplate(org.springframework.orm.hibernate4.HibernateTemplate)
2019-05-06 11:12:39,236 DEBUG (org.springframework.beans.factory.annotation.InjectionMetadata:72) - Registered injected element on class [com.smart.dao.BoardDao]: AutowiredMethodElement for public void com.smart.dao.BaseDao.setSessionFactory(org.hibernate.SessionFactory)
2019-05-06 11:12:39,236 DEBUG (org.springframework.beans.factory.annotation.InjectionMetadata:72) - Registered injected element on class [com.smart.dao.BoardDao]: AutowiredMethodElement for public void com.smart.dao.BaseDao.setSessionFactory(org.hibernate.SessionFactory)
2019-05-06 11:12:39,236 DEBUG (org.springframework.beans.factory.support.DefaultListableBeanFactory:529) - Eagerly caching bean 'boardDao' to allow for resolving potential circular references
2019-05-06 11:12:39,236 DEBUG (org.springframework.beans.factory.support.DefaultListableBeanFactory:529) - Eagerly caching bean 'boardDao' to allow for resolving potential circular references
2019-05-06 11:12:39,236 DEBUG (org.springframework.beans.factory.annotation.InjectionMetadata:86) - Processing injected element of bean 'boardDao': AutowiredMethodElement for public void com.smart.dao.BaseDao.setHibernateTemplate(org.springframework.orm.hibernate4.HibernateTemplate)
2019-05-06 11:12:39,236 DEBUG (org.springframework.beans.factory.annotation.InjectionMetadata:86) - Processing injected element of bean 'boardDao': AutowiredMethodElement for public void com.smart.dao.BaseDao.setHibernateTemplate(org.springframework.orm.hibernate4.HibernateTemplate)
2019-05-06 11:12:39,237 DEBUG (org.springframework.beans.factory.support.DefaultListableBeanFactory:221) - Creating shared instance of singleton bean 'hibernateTemplate'
2019-05-06 11:12:39,237 DEBUG (org.springframework.beans.factory.support.DefaultListableBeanFactory:221) - Creating shared instance of singleton bean 'hibernateTemplate'
2019-05-06 11:12:39,237 DEBUG (org.springframework.beans.factory.support.DefaultListableBeanFactory:448) - Creating instance of bean 'hibernateTemplate'
2019-05-06 11:12:39,237 DEBUG (org.springframework.beans.factory.support.DefaultListableBeanFactory:448) - Creating instance of bean 'hibernateTemplate'
2019-05-06 11:12:39,237 DEBUG (org.springframework.beans.factory.support.DefaultListableBeanFactory:250) - Returning cached instance of singleton bean 'daoConfig'
2019-05-06 11:12:39,237 DEBUG (org.springframework.beans.factory.support.DefaultListableBeanFactory:250) - Returning cached instance of singleton bean 'daoConfig'
2019-05-06 11:12:39,237 DEBUG (org.springframework.beans.factory.support.DefaultListableBeanFactory:221) - Creating shared instance of singleton bean 'sessionFactory'
2019-05-06 11:12:39,237 DEBUG (org.springframework.beans.factory.support.DefaultListableBeanFactory:221) - Creating shared instance of singleton bean 'sessionFactory'
2019-05-06 11:12:39,238 DEBUG (org.springframework.beans.factory.support.DefaultListableBeanFactory:448) - Creating instance of bean 'sessionFactory'
2019-05-06 11:12:39,238 DEBUG (org.springframework.beans.factory.support.DefaultListableBeanFactory:448) - Creating instance of bean 'sessionFactory'
2019-05-06 11:12:39,238 DEBUG (org.springframework.beans.factory.support.DefaultListableBeanFactory:250) - Returning cached instance of singleton bean 'daoConfig'
2019-05-06 11:12:39,238 DEBUG (org.springframework.beans.factory.support.DefaultListableBeanFactory:250) - Returning cached instance of singleton bean 'daoConfig'
2019-05-06 11:12:39,239 DEBUG (org.springframework.beans.factory.support.DefaultListableBeanFactory:221) - Creating shared instance of singleton bean 'localSessionFactoryBean'
2019-05-06 11:12:39,239 DEBUG (org.springframework.beans.factory.support.DefaultListableBeanFactory:221) - Creating shared instance of singleton bean 'localSessionFactoryBean'
2019-05-06 11:12:39,239 DEBUG (org.springframework.beans.factory.support.DefaultListableBeanFactory:448) - Creating instance of bean 'localSessionFactoryBean'
2019-05-06 11:12:39,239 DEBUG (org.springframework.beans.factory.support.DefaultListableBeanFactory:448) - Creating instance of bean 'localSessionFactoryBean'
2019-05-06 11:12:39,240 DEBUG (org.springframework.beans.factory.support.DefaultListableBeanFactory:250) - Returning cached instance of singleton bean 'daoConfig'
2019-05-06 11:12:39,240 DEBUG (org.springframework.beans.factory.support.DefaultListableBeanFactory:250) - Returning cached instance of singleton bean 'daoConfig'
2019-05-06 11:12:39,241 DEBUG (org.springframework.beans.factory.support.DefaultListableBeanFactory:221) - Creating shared instance of singleton bean 'dataSource'
2019-05-06 11:12:39,241 DEBUG (org.springframework.beans.factory.support.DefaultListableBeanFactory:221) - Creating shared instance of singleton bean 'dataSource'
2019-05-06 11:12:39,241 DEBUG (org.springframework.beans.factory.support.DefaultListableBeanFactory:448) - Creating instance of bean 'dataSource'
2019-05-06 11:12:39,241 DEBUG (org.springframework.beans.factory.support.DefaultListableBeanFactory:448) - Creating instance of bean 'dataSource'
2019-05-06 11:12:39,242 DEBUG (org.springframework.beans.factory.support.DefaultListableBeanFactory:250) - Returning cached instance of singleton bean 'daoConfig'
2019-05-06 11:12:39,242 DEBUG (org.springframework.beans.factory.support.DefaultListableBeanFactory:250) - Returning cached instance of singleton bean 'daoConfig'
2019-05-06 11:12:39,242 DEBUG (org.springframework.core.env.PropertySourcesPropertyResolver:81) - Searching for key 'jdbc.driverClassName' in [systemProperties]
2019-05-06 11:12:39,242 DEBUG (org.springframework.core.env.PropertySourcesPropertyResolver:81) - Searching for key 'jdbc.driverClassName' in [systemProperties]
2019-05-06 11:12:39,243 DEBUG (org.springframework.core.env.PropertySourcesPropertyResolver:81) - Searching for key 'jdbc.driverClassName' in [systemEnvironment]
2019-05-06 11:12:39,243 DEBUG (org.springframework.core.env.PropertySourcesPropertyResolver:81) - Searching for key 'jdbc.driverClassName' in [systemEnvironment]
2019-05-06 11:12:39,243 DEBUG (org.springframework.core.env.PropertySourcesPropertyResolver:81) - Searching for key 'jdbc.driverClassName' in [class path resource [jdbc.properties]]
2019-05-06 11:12:39,243 DEBUG (org.springframework.core.env.PropertySourcesPropertyResolver:81) - Searching for key 'jdbc.driverClassName' in [class path resource [jdbc.properties]]
2019-05-06 11:12:39,243 DEBUG (org.springframework.core.env.PropertySourcesPropertyResolver:90) - Found key 'jdbc.driverClassName' in [class path resource [jdbc.properties]] with type [String] and value 'org.postgresql.Driver'
2019-05-06 11:12:39,243 DEBUG (org.springframework.core.env.PropertySourcesPropertyResolver:90) - Found key 'jdbc.driverClassName' in [class path resource [jdbc.properties]] with type [String] and value 'org.postgresql.Driver'
2019-05-06 11:12:39,243 DEBUG (org.springframework.core.env.PropertySourcesPropertyResolver:81) - Searching for key 'jdbc.url' in [systemProperties]
2019-05-06 11:12:39,243 DEBUG (org.springframework.core.env.PropertySourcesPropertyResolver:81) - Searching for key 'jdbc.url' in [systemProperties]
2019-05-06 11:12:39,245 DEBUG (org.springframework.core.env.PropertySourcesPropertyResolver:81) - Searching for key 'jdbc.url' in [systemEnvironment]
2019-05-06 11:12:39,245 DEBUG (org.springframework.core.env.PropertySourcesPropertyResolver:81) - Searching for key 'jdbc.url' in [systemEnvironment]
2019-05-06 11:12:39,245 DEBUG (org.springframework.core.env.PropertySourcesPropertyResolver:81) - Searching for key 'jdbc.url' in [class path resource [jdbc.properties]]
2019-05-06 11:12:39,245 DEBUG (org.springframework.core.env.PropertySourcesPropertyResolver:81) - Searching for key 'jdbc.url' in [class path resource [jdbc.properties]]
2019-05-06 11:12:39,246 DEBUG (org.springframework.core.env.PropertySourcesPropertyResolver:90) - Found key 'jdbc.url' in [class path resource [jdbc.properties]] with type [String] and value 'æ]]>&#x95;<![CDATA[°æ]]>&#x8d;<![CDATA[®åº]]>&#x93;<![CDATA[è¿]]>&#x9e;<![CDATA[æ]]>&#x8e;<![CDATA[¥'
2019-05-06 11:12:39,246 DEBUG (org.springframework.core.env.PropertySourcesPropertyResolver:90) - Found key 'jdbc.url' in [class path resource [jdbc.properties]] with type [String] and value 'æ]]>&#x95;<![CDATA[°æ]]>&#x8d;<![CDATA[®åº]]>&#x93;<![CDATA[è¿]]>&#x9e;<![CDATA[æ]]>&#x8e;<![CDATA[¥'
2019-05-06 11:12:39,246 DEBUG (org.springframework.core.env.PropertySourcesPropertyResolver:81) - Searching for key 'jdbc.username' in [systemProperties]
2019-05-06 11:12:39,246 DEBUG (org.springframework.core.env.PropertySourcesPropertyResolver:81) - Searching for key 'jdbc.username' in [systemProperties]
2019-05-06 11:12:39,247 DEBUG (org.springframework.core.env.PropertySourcesPropertyResolver:81) - Searching for key 'jdbc.username' in [systemEnvironment]
2019-05-06 11:12:39,247 DEBUG (org.springframework.core.env.PropertySourcesPropertyResolver:81) - Searching for key 'jdbc.username' in [systemEnvironment]
2019-05-06 11:12:39,247 DEBUG (org.springframework.core.env.PropertySourcesPropertyResolver:81) - Searching for key 'jdbc.username' in [class path resource [jdbc.properties]]
2019-05-06 11:12:39,247 DEBUG (org.springframework.core.env.PropertySourcesPropertyResolver:81) - Searching for key 'jdbc.username' in [class path resource [jdbc.properties]]
2019-05-06 11:12:39,248 DEBUG (org.springframework.core.env.PropertySourcesPropertyResolver:90) - Found key 'jdbc.username' in [class path resource [jdbc.properties]] with type [String] and value 'ç]]>&#x94;<![CDATA[¨æ]]>&#x88;<![CDATA[·å]]>&#x90;<![CDATA[]]>&#x8d;<![CDATA['
2019-05-06 11:12:39,248 DEBUG (org.springframework.core.env.PropertySourcesPropertyResolver:90) - Found key 'jdbc.username' in [class path resource [jdbc.properties]] with type [String] and value 'ç]]>&#x94;<![CDATA[¨æ]]>&#x88;<![CDATA[·å]]>&#x90;<![CDATA[]]>&#x8d;<![CDATA['
2019-05-06 11:12:39,248 DEBUG (org.springframework.core.env.PropertySourcesPropertyResolver:81) - Searching for key 'jdbc.password' in [systemProperties]
2019-05-06 11:12:39,248 DEBUG (org.springframework.core.env.PropertySourcesPropertyResolver:81) - Searching for key 'jdbc.password' in [systemProperties]
2019-05-06 11:12:39,248 DEBUG (org.springframework.core.env.PropertySourcesPropertyResolver:81) - Searching for key 'jdbc.password' in [systemEnvironment]
2019-05-06 11:12:39,248 DEBUG (org.springframework.core.env.PropertySourcesPropertyResolver:81) - Searching for key 'jdbc.password' in [systemEnvironment]
2019-05-06 11:12:39,249 DEBUG (org.springframework.core.env.PropertySourcesPropertyResolver:81) - Searching for key 'jdbc.password' in [class path resource [jdbc.properties]]
2019-05-06 11:12:39,249 DEBUG (org.springframework.core.env.PropertySourcesPropertyResolver:81) - Searching for key 'jdbc.password' in [class path resource [jdbc.properties]]
2019-05-06 11:12:39,249 DEBUG (org.springframework.core.env.PropertySourcesPropertyResolver:90) - Found key 'jdbc.password' in [class path resource [jdbc.properties]] with type [String] and value 'å¯]]>&#x86;<![CDATA[ç ]]>&#x81;<![CDATA['
2019-05-06 11:12:39,249 DEBUG (org.springframework.core.env.PropertySourcesPropertyResolver:90) - Found key 'jdbc.password' in [class path resource [jdbc.properties]] with type [String] and value 'å¯]]>&#x86;<![CDATA[ç ]]>&#x81;<![CDATA['
2019-05-06 11:12:39,250 DEBUG (org.springframework.beans.factory.support.DefaultListableBeanFactory:529) - Eagerly caching bean 'dataSource' to allow for resolving potential circular references
2019-05-06 11:12:39,250 DEBUG (org.springframework.beans.factory.support.DefaultListableBeanFactory:529) - Eagerly caching bean 'dataSource' to allow for resolving potential circular references
2019-05-06 11:12:39,251 DEBUG (org.springframework.beans.factory.support.DefaultListableBeanFactory:250) - Returning cached instance of singleton bean 'org.springframework.transaction.config.internalTransactionAdvisor'
2019-05-06 11:12:39,251 DEBUG (org.springframework.beans.factory.support.DefaultListableBeanFactory:250) - Returning cached instance of singleton bean 'org.springframework.transaction.config.internalTransactionAdvisor'
2019-05-06 11:12:39,251 DEBUG (org.springframework.beans.factory.support.DefaultListableBeanFactory:250) - Returning cached instance of singleton bean 'org.springframework.cache.config.internalCacheAdvisor'
2019-05-06 11:12:39,251 DEBUG (org.springframework.beans.factory.support.DefaultListableBeanFactory:250) - Returning cached instance of singleton bean 'org.springframework.cache.config.internalCacheAdvisor'
2019-05-06 11:12:39,253 DEBUG (org.springframework.beans.factory.support.DefaultListableBeanFactory:484) - Finished creating instance of bean 'dataSource'
2019-05-06 11:12:39,253 DEBUG (org.springframework.beans.factory.support.DefaultListableBeanFactory:484) - Finished creating instance of bean 'dataSource'
2019-05-06 11:12:39,254 DEBUG (org.springframework.core.env.PropertySourcesPropertyResolver:81) - Searching for key 'hibernate.dialect' in [systemProperties]
2019-05-06 11:12:39,254 DEBUG (org.springframework.core.env.PropertySourcesPropertyResolver:81) - Searching for key 'hibernate.dialect' in [systemProperties]
2019-05-06 11:12:39,254 DEBUG (org.springframework.core.env.PropertySourcesPropertyResolver:81) - Searching for key 'hibernate.dialect' in [systemEnvironment]
2019-05-06 11:12:39,254 DEBUG (org.springframework.core.env.PropertySourcesPropertyResolver:81) - Searching for key 'hibernate.dialect' in [systemEnvironment]
2019-05-06 11:12:39,255 DEBUG (org.springframework.core.env.PropertySourcesPropertyResolver:81) - Searching for key 'hibernate.dialect' in [class path resource [jdbc.properties]]
2019-05-06 11:12:39,255 DEBUG (org.springframework.core.env.PropertySourcesPropertyResolver:81) - Searching for key 'hibernate.dialect' in [class path resource [jdbc.properties]]
2019-05-06 11:12:39,255 DEBUG (org.springframework.core.env.PropertySourcesPropertyResolver:90) - Found key 'hibernate.dialect' in [class path resource [jdbc.properties]] with type [String] and value 'org.hibernate.dialect.PostgreSQL82Dialect'
2019-05-06 11:12:39,255 DEBUG (org.springframework.core.env.PropertySourcesPropertyResolver:90) - Found key 'hibernate.dialect' in [class path resource [jdbc.properties]] with type [String] and value 'org.hibernate.dialect.PostgreSQL82Dialect'
2019-05-06 11:12:39,256 DEBUG (org.springframework.core.env.PropertySourcesPropertyResolver:81) - Searching for key 'hibernate.show_sql' in [systemProperties]
2019-05-06 11:12:39,256 DEBUG (org.springframework.core.env.PropertySourcesPropertyResolver:81) - Searching for key 'hibernate.show_sql' in [systemProperties]
2019-05-06 11:12:39,256 DEBUG (org.springframework.core.env.PropertySourcesPropertyResolver:81) - Searching for key 'hibernate.show_sql' in [systemEnvironment]
2019-05-06 11:12:39,256 DEBUG (org.springframework.core.env.PropertySourcesPropertyResolver:81) - Searching for key 'hibernate.show_sql' in [systemEnvironment]
2019-05-06 11:12:39,256 DEBUG (org.springframework.core.env.PropertySourcesPropertyResolver:81) - Searching for key 'hibernate.show_sql' in [class path resource [jdbc.properties]]
2019-05-06 11:12:39,256 DEBUG (org.springframework.core.env.PropertySourcesPropertyResolver:81) - Searching for key 'hibernate.show_sql' in [class path resource [jdbc.properties]]
2019-05-06 11:12:39,257 DEBUG (org.springframework.core.env.PropertySourcesPropertyResolver:90) - Found key 'hibernate.show_sql' in [class path resource [jdbc.properties]] with type [String] and value 'true'
2019-05-06 11:12:39,257 DEBUG (org.springframework.core.env.PropertySourcesPropertyResolver:90) - Found key 'hibernate.show_sql' in [class path resource [jdbc.properties]] with type [String] and value 'true'
2019-05-06 11:12:39,257 DEBUG (org.springframework.core.env.PropertySourcesPropertyResolver:81) - Searching for key 'hibernate.cache.use_second_level_cache' in [systemProperties]
2019-05-06 11:12:39,257 DEBUG (org.springframework.core.env.PropertySourcesPropertyResolver:81) - Searching for key 'hibernate.cache.use_second_level_cache' in [systemProperties]
2019-05-06 11:12:39,257 DEBUG (org.springframework.core.env.PropertySourcesPropertyResolver:81) - Searching for key 'hibernate.cache.use_second_level_cache' in [systemEnvironment]
2019-05-06 11:12:39,257 DEBUG (org.springframework.core.env.PropertySourcesPropertyResolver:81) - Searching for key 'hibernate.cache.use_second_level_cache' in [systemEnvironment]
2019-05-06 11:12:39,258 DEBUG (org.springframework.core.env.PropertySourcesPropertyResolver:81) - Searching for key 'hibernate.cache.use_second_level_cache' in [class path resource [jdbc.properties]]
2019-05-06 11:12:39,258 DEBUG (org.springframework.core.env.PropertySourcesPropertyResolver:81) - Searching for key 'hibernate.cache.use_second_level_cache' in [class path resource [jdbc.properties]]
2019-05-06 11:12:39,258 DEBUG (org.springframework.core.env.PropertySourcesPropertyResolver:90) - Found key 'hibernate.cache.use_second_level_cache' in [class path resource [jdbc.properties]] with type [String] and value 'true'
2019-05-06 11:12:39,258 DEBUG (org.springframework.core.env.PropertySourcesPropertyResolver:90) - Found key 'hibernate.cache.use_second_level_cache' in [class path resource [jdbc.properties]] with type [String] and value 'true'
2019-05-06 11:12:39,258 DEBUG (org.springframework.core.env.PropertySourcesPropertyResolver:81) - Searching for key 'hibernate.cache.region.factory_class' in [systemProperties]
2019-05-06 11:12:39,258 DEBUG (org.springframework.core.env.PropertySourcesPropertyResolver:81) - Searching for key 'hibernate.cache.region.factory_class' in [systemProperties]
2019-05-06 11:12:39,259 DEBUG (org.springframework.core.env.PropertySourcesPropertyResolver:81) - Searching for key 'hibernate.cache.region.factory_class' in [systemEnvironment]
2019-05-06 11:12:39,259 DEBUG (org.springframework.core.env.PropertySourcesPropertyResolver:81) - Searching for key 'hibernate.cache.region.factory_class' in [systemEnvironment]
2019-05-06 11:12:39,259 DEBUG (org.springframework.core.env.PropertySourcesPropertyResolver:81) - Searching for key 'hibernate.cache.region.factory_class' in [class path resource [jdbc.properties]]
2019-05-06 11:12:39,259 DEBUG (org.springframework.core.env.PropertySourcesPropertyResolver:81) - Searching for key 'hibernate.cache.region.factory_class' in [class path resource [jdbc.properties]]
2019-05-06 11:12:39,260 DEBUG (org.springframework.core.env.PropertySourcesPropertyResolver:90) - Found key 'hibernate.cache.region.factory_class' in [class path resource [jdbc.properties]] with type [String] and value 'org.hibernate.cache.ehcache.EhCacheRegionFactory'
2019-05-06 11:12:39,260 DEBUG (org.springframework.core.env.PropertySourcesPropertyResolver:90) - Found key 'hibernate.cache.region.factory_class' in [class path resource [jdbc.properties]] with type [String] and value 'org.hibernate.cache.ehcache.EhCacheRegionFactory'
2019-05-06 11:12:39,260 DEBUG (org.springframework.core.env.PropertySourcesPropertyResolver:81) - Searching for key 'hibernate.cache.use_query_cache' in [systemProperties]
2019-05-06 11:12:39,260 DEBUG (org.springframework.core.env.PropertySourcesPropertyResolver:81) - Searching for key 'hibernate.cache.use_query_cache' in [systemProperties]
2019-05-06 11:12:39,261 DEBUG (org.springframework.core.env.PropertySourcesPropertyResolver:81) - Searching for key 'hibernate.cache.use_query_cache' in [systemEnvironment]
2019-05-06 11:12:39,261 DEBUG (org.springframework.core.env.PropertySourcesPropertyResolver:81) - Searching for key 'hibernate.cache.use_query_cache' in [systemEnvironment]
2019-05-06 11:12:39,261 DEBUG (org.springframework.core.env.PropertySourcesPropertyResolver:81) - Searching for key 'hibernate.cache.use_query_cache' in [class path resource [jdbc.properties]]
2019-05-06 11:12:39,261 DEBUG (org.springframework.core.env.PropertySourcesPropertyResolver:81) - Searching for key 'hibernate.cache.use_query_cache' in [class path resource [jdbc.properties]]
2019-05-06 11:12:39,262 DEBUG (org.springframework.core.env.PropertySourcesPropertyResolver:90) - Found key 'hibernate.cache.use_query_cache' in [class path resource [jdbc.properties]] with type [String] and value 'false'
2019-05-06 11:12:39,262 DEBUG (org.springframework.core.env.PropertySourcesPropertyResolver:90) - Found key 'hibernate.cache.use_query_cache' in [class path resource [jdbc.properties]] with type [String] and value 'false'
2019-05-06 11:12:39,262 DEBUG (org.springframework.beans.factory.support.DefaultListableBeanFactory:529) - Eagerly caching bean 'localSessionFactoryBean' to allow for resolving potential circular references
2019-05-06 11:12:39,262 DEBUG (org.springframework.beans.factory.support.DefaultListableBeanFactory:529) - Eagerly caching bean 'localSessionFactoryBean' to allow for resolving potential circular references
2019-05-06 11:12:39,263 DEBUG (org.springframework.beans.factory.support.DefaultListableBeanFactory:1620) - Invoking afterPropertiesSet() on bean with name 'localSessionFactoryBean'
2019-05-06 11:12:39,263 DEBUG (org.springframework.beans.factory.support.DefaultListableBeanFactory:1620) - Invoking afterPropertiesSet() on bean with name 'localSessionFactoryBean'
2019-05-06 11:12:39,264 DEBUG (org.hibernate.type.BasicTypeRegistry:148) - Adding type registration boolean -> org.hibernate.type.BooleanType@4eafebd0
2019-05-06 11:12:39,264 DEBUG (org.hibernate.type.BasicTypeRegistry:148) - Adding type registration boolean -> org.hibernate.type.BooleanType@4eafebd0
2019-05-06 11:12:39,264 DEBUG (org.hibernate.type.BasicTypeRegistry:148) - Adding type registration java.lang.Boolean -> org.hibernate.type.BooleanType@4eafebd0
2019-05-06 11:12:39,265 DEBUG (org.hibernate.type.BasicTypeRegistry:148) - Adding type registration numeric_boolean -> org.hibernate.type.NumericBooleanType@45c9a290
2019-05-06 11:12:39,265 DEBUG (org.hibernate.type.BasicTypeRegistry:148) - Adding type registration true_false -> org.hibernate.type.TrueFalseType@782bfa
2019-05-06 11:12:39,265 DEBUG (org.hibernate.type.BasicTypeRegistry:148) - Adding type registration yes_no -> org.hibernate.type.YesNoType@29e2969a
2019-05-06 11:12:39,265 DEBUG (org.hibernate.type.BasicTypeRegistry:148) - Adding type registration byte -> org.hibernate.type.ByteType@4420db7e
2019-05-06 11:12:39,266 DEBUG (org.hibernate.type.BasicTypeRegistry:148) - Adding type registration byte -> org.hibernate.type.ByteType@4420db7e
2019-05-06 11:12:39,266 DEBUG (org.hibernate.type.BasicTypeRegistry:148) - Adding type registration java.lang.Byte -> org.hibernate.type.ByteType@4420db7e
2019-05-06 11:12:39,267 DEBUG (org.hibernate.type.BasicTypeRegistry:148) - Adding type registration character -> org.hibernate.type.CharacterType@747cc650
2019-05-06 11:12:39,267 DEBUG (org.hibernate.type.BasicTypeRegistry:148) - Adding type registration char -> org.hibernate.type.CharacterType@747cc650
2019-05-06 11:12:39,267 DEBUG (org.hibernate.type.BasicTypeRegistry:148) - Adding type registration java.lang.Character -> org.hibernate.type.CharacterType@747cc650
2019-05-06 11:12:39,268 DEBUG (org.hibernate.type.BasicTypeRegistry:148) - Adding type registration short -> org.hibernate.type.ShortType@1be04de
2019-05-06 11:12:39,268 DEBUG (org.hibernate.type.BasicTypeRegistry:148) - Adding type registration short -> org.hibernate.type.ShortType@1be04de
2019-05-06 11:12:39,268 DEBUG (org.hibernate.type.BasicTypeRegistry:148) - Adding type registration java.lang.Short -> org.hibernate.type.ShortType@1be04de
2019-05-06 11:12:39,269 DEBUG (org.hibernate.type.BasicTypeRegistry:148) - Adding type registration integer -> org.hibernate.type.IntegerType@1a7cae
2019-05-06 11:12:39,269 DEBUG (org.hibernate.type.BasicTypeRegistry:148) - Adding type registration int -> org.hibernate.type.IntegerType@1a7cae
2019-05-06 11:12:39,269 DEBUG (org.hibernate.type.BasicTypeRegistry:148) - Adding type registration java.lang.Integer -> org.hibernate.type.IntegerType@1a7cae
2019-05-06 11:12:39,270 DEBUG (org.hibernate.type.BasicTypeRegistry:148) - Adding type registration long -> org.hibernate.type.LongType@569509f6
2019-05-06 11:12:39,270 DEBUG (org.hibernate.type.BasicTypeRegistry:148) - Adding type registration long -> org.hibernate.type.LongType@569509f6
2019-05-06 11:12:39,270 DEBUG (org.hibernate.type.BasicTypeRegistry:148) - Adding type registration java.lang.Long -> org.hibernate.type.LongType@569509f6
2019-05-06 11:12:39,271 DEBUG (org.hibernate.type.BasicTypeRegistry:148) - Adding type registration float -> org.hibernate.type.FloatType@2b832755
2019-05-06 11:12:39,271 DEBUG (org.hibernate.type.BasicTypeRegistry:148) - Adding type registration float -> org.hibernate.type.FloatType@2b832755
2019-05-06 11:12:39,271 DEBUG (org.hibernate.type.BasicTypeRegistry:148) - Adding type registration java.lang.Float -> org.hibernate.type.FloatType@2b832755
2019-05-06 11:12:39,272 DEBUG (org.hibernate.type.BasicTypeRegistry:148) - Adding type registration double -> org.hibernate.type.DoubleType@37b53118
2019-05-06 11:12:39,272 DEBUG (org.hibernate.type.BasicTypeRegistry:148) - Adding type registration double -> org.hibernate.type.DoubleType@37b53118
2019-05-06 11:12:39,272 DEBUG (org.hibernate.type.BasicTypeRegistry:148) - Adding type registration java.lang.Double -> org.hibernate.type.DoubleType@37b53118
2019-05-06 11:12:39,272 DEBUG (org.hibernate.type.BasicTypeRegistry:148) - Adding type registration big_decimal -> org.hibernate.type.BigDecimalType@e8622
2019-05-06 11:12:39,273 DEBUG (org.hibernate.type.BasicTypeRegistry:148) - Adding type registration java.math.BigDecimal -> org.hibernate.type.BigDecimalType@e8622
2019-05-06 11:12:39,273 DEBUG (org.hibernate.type.BasicTypeRegistry:148) - Adding type registration big_integer -> org.hibernate.type.BigIntegerType@2c4985c0
2019-05-06 11:12:39,273 DEBUG (org.hibernate.type.BasicTypeRegistry:148) - Adding type registration java.math.BigInteger -> org.hibernate.type.BigIntegerType@2c4985c0
2019-05-06 11:12:39,273 DEBUG (org.hibernate.type.BasicTypeRegistry:148) - Adding type registration string -> org.hibernate.type.StringType@c47ec5a
2019-05-06 11:12:39,274 DEBUG (org.hibernate.type.BasicTypeRegistry:148) - Adding type registration java.lang.String -> org.hibernate.type.StringType@c47ec5a
2019-05-06 11:12:39,274 DEBUG (org.hibernate.type.BasicTypeRegistry:148) - Adding type registration nstring -> org.hibernate.type.StringNVarcharType@3bbad395
2019-05-06 11:12:39,274 DEBUG (org.hibernate.type.BasicTypeRegistry:148) - Adding type registration ncharacter -> org.hibernate.type.CharacterNCharType@17e7f7b2
2019-05-06 11:12:39,274 DEBUG (org.hibernate.type.BasicTypeRegistry:148) - Adding type registration url -> org.hibernate.type.UrlType@12ec7204
2019-05-06 11:12:39,275 DEBUG (org.hibernate.type.BasicTypeRegistry:148) - Adding type registration java.net.URL -> org.hibernate.type.UrlType@12ec7204
2019-05-06 11:12:39,275 DEBUG (org.hibernate.type.BasicTypeRegistry:148) - Adding type registration date -> org.hibernate.type.DateType@5f0195f2
2019-05-06 11:12:39,275 DEBUG (org.hibernate.type.BasicTypeRegistry:148) - Adding type registration java.sql.Date -> org.hibernate.type.DateType@5f0195f2
2019-05-06 11:12:39,276 DEBUG (org.hibernate.type.BasicTypeRegistry:148) - Adding type registration time -> org.hibernate.type.TimeType@44213ded
2019-05-06 11:12:39,276 DEBUG (org.hibernate.type.BasicTypeRegistry:148) - Adding type registration java.sql.Time -> org.hibernate.type.TimeType@44213ded
2019-05-06 11:12:39,276 DEBUG (org.hibernate.type.BasicTypeRegistry:148) - Adding type registration timestamp -> org.hibernate.type.TimestampType@2778e296
2019-05-06 11:12:39,277 DEBUG (org.hibernate.type.BasicTypeRegistry:148) - Adding type registration java.sql.Timestamp -> org.hibernate.type.TimestampType@2778e296
2019-05-06 11:12:39,277 DEBUG (org.hibernate.type.BasicTypeRegistry:148) - Adding type registration java.util.Date -> org.hibernate.type.TimestampType@2778e296
2019-05-06 11:12:39,278 DEBUG (org.hibernate.type.BasicTypeRegistry:148) - Adding type registration dbtimestamp -> org.hibernate.type.DbTimestampType@1571f335
2019-05-06 11:12:39,278 DEBUG (org.hibernate.type.BasicTypeRegistry:148) - Adding type registration calendar -> org.hibernate.type.CalendarType@56f170ea
2019-05-06 11:12:39,279 DEBUG (org.hibernate.type.BasicTypeRegistry:148) - Adding type registration java.util.Calendar -> org.hibernate.type.CalendarType@56f170ea
2019-05-06 11:12:39,279 DEBUG (org.hibernate.type.BasicTypeRegistry:148) - Adding type registration java.util.GregorianCalendar -> org.hibernate.type.CalendarType@56f170ea
2019-05-06 11:12:39,280 DEBUG (org.hibernate.type.BasicTypeRegistry:148) - Adding type registration calendar_date -> org.hibernate.type.CalendarDateType@1344bf12
2019-05-06 11:12:39,280 DEBUG (org.hibernate.type.BasicTypeRegistry:148) - Adding type registration locale -> org.hibernate.type.LocaleType@5685548f
2019-05-06 11:12:39,281 DEBUG (org.hibernate.type.BasicTypeRegistry:148) - Adding type registration java.util.Locale -> org.hibernate.type.LocaleType@5685548f
2019-05-06 11:12:39,281 DEBUG (org.hibernate.type.BasicTypeRegistry:148) - Adding type registration currency -> org.hibernate.type.CurrencyType@6634267b
2019-05-06 11:12:39,281 DEBUG (org.hibernate.type.BasicTypeRegistry:148) - Adding type registration java.util.Currency -> org.hibernate.type.CurrencyType@6634267b
2019-05-06 11:12:39,281 DEBUG (org.hibernate.type.BasicTypeRegistry:148) - Adding type registration timezone -> org.hibernate.type.TimeZoneType@c910670
2019-05-06 11:12:39,282 DEBUG (org.hibernate.type.BasicTypeRegistry:148) - Adding type registration java.util.TimeZone -> org.hibernate.type.TimeZoneType@c910670
2019-05-06 11:12:39,282 DEBUG (org.hibernate.type.BasicTypeRegistry:148) - Adding type registration class -> org.hibernate.type.ClassType@3cdffbdd
2019-05-06 11:12:39,282 DEBUG (org.hibernate.type.BasicTypeRegistry:148) - Adding type registration java.lang.Class -> org.hibernate.type.ClassType@3cdffbdd
2019-05-06 11:12:39,283 DEBUG (org.hibernate.type.BasicTypeRegistry:148) - Adding type registration uuid-binary -> org.hibernate.type.UUIDBinaryType@1c28db83
2019-05-06 11:12:39,283 DEBUG (org.hibernate.type.BasicTypeRegistry:148) - Adding type registration java.util.UUID -> org.hibernate.type.UUIDBinaryType@1c28db83
2019-05-06 11:12:39,283 DEBUG (org.hibernate.type.BasicTypeRegistry:148) - Adding type registration uuid-char -> org.hibernate.type.UUIDCharType@2e620d64
2019-05-06 11:12:39,283 DEBUG (org.hibernate.type.BasicTypeRegistry:148) - Adding type registration pg-uuid -> org.hibernate.type.PostgresUUIDType@2561ab06
2019-05-06 11:12:39,284 DEBUG (org.hibernate.type.BasicTypeRegistry:148) - Adding type registration binary -> org.hibernate.type.BinaryType@3e30603e
2019-05-06 11:12:39,284 DEBUG (org.hibernate.type.BasicTypeRegistry:148) - Adding type registration byte[] -> org.hibernate.type.BinaryType@3e30603e
2019-05-06 11:12:39,284 DEBUG (org.hibernate.type.BasicTypeRegistry:148) - Adding type registration [B -> org.hibernate.type.BinaryType@3e30603e
2019-05-06 11:12:39,284 DEBUG (org.hibernate.type.BasicTypeRegistry:148) - Adding type registration wrapper-binary -> org.hibernate.type.WrapperBinaryType@1fa3140
2019-05-06 11:12:39,285 DEBUG (org.hibernate.type.BasicTypeRegistry:148) - Adding type registration Byte[] -> org.hibernate.type.WrapperBinaryType@1fa3140
2019-05-06 11:12:39,285 DEBUG (org.hibernate.type.BasicTypeRegistry:148) - Adding type registration [Ljava.lang.Byte; -> org.hibernate.type.WrapperBinaryType@1fa3140
2019-05-06 11:12:39,285 DEBUG (org.hibernate.type.BasicTypeRegistry:148) - Adding type registration image -> org.hibernate.type.ImageType@7b67c59
2019-05-06 11:12:39,286 DEBUG (org.hibernate.type.BasicTypeRegistry:148) - Adding type registration characters -> org.hibernate.type.CharArrayType@311b1f88
2019-05-06 11:12:39,286 DEBUG (org.hibernate.type.BasicTypeRegistry:148) - Adding type registration char[] -> org.hibernate.type.CharArrayType@311b1f88
2019-05-06 11:12:39,286 DEBUG (org.hibernate.type.BasicTypeRegistry:148) - Adding type registration [C -> org.hibernate.type.CharArrayType@311b1f88
2019-05-06 11:12:39,287 DEBUG (org.hibernate.type.BasicTypeRegistry:148) - Adding type registration wrapper-characters -> org.hibernate.type.CharacterArrayType@3ba8458b
2019-05-06 11:12:39,287 DEBUG (org.hibernate.type.BasicTypeRegistry:148) - Adding type registration [Ljava.lang.Character; -> org.hibernate.type.CharacterArrayType@3ba8458b
2019-05-06 11:12:39,287 DEBUG (org.hibernate.type.BasicTypeRegistry:148) - Adding type registration Character[] -> org.hibernate.type.CharacterArrayType@3ba8458b
2019-05-06 11:12:39,287 DEBUG (org.hibernate.type.BasicTypeRegistry:148) - Adding type registration text -> org.hibernate.type.TextType@6e5427ff
2019-05-06 11:12:39,288 DEBUG (org.hibernate.type.BasicTypeRegistry:148) - Adding type registration ntext -> org.hibernate.type.NTextType@b0bfc1
2019-05-06 11:12:39,288 DEBUG (org.hibernate.type.BasicTypeRegistry:148) - Adding type registration blob -> org.hibernate.type.BlobType@2b1d252b
2019-05-06 11:12:39,288 DEBUG (org.hibernate.type.BasicTypeRegistry:148) - Adding type registration java.sql.Blob -> org.hibernate.type.BlobType@2b1d252b
2019-05-06 11:12:39,288 DEBUG (org.hibernate.type.BasicTypeRegistry:148) - Adding type registration materialized_blob -> org.hibernate.type.MaterializedBlobType@56b5826a
2019-05-06 11:12:39,288 DEBUG (org.hibernate.type.BasicTypeRegistry:148) - Adding type registration clob -> org.hibernate.type.ClobType@68a64e37
2019-05-06 11:12:39,289 DEBUG (org.hibernate.type.BasicTypeRegistry:148) - Adding type registration java.sql.Clob -> org.hibernate.type.ClobType@68a64e37
2019-05-06 11:12:39,289 DEBUG (org.hibernate.type.BasicTypeRegistry:148) - Adding type registration nclob -> org.hibernate.type.NClobType@3784e446
2019-05-06 11:12:39,289 DEBUG (org.hibernate.type.BasicTypeRegistry:148) - Adding type registration java.sql.NClob -> org.hibernate.type.NClobType@3784e446
2019-05-06 11:12:39,289 DEBUG (org.hibernate.type.BasicTypeRegistry:148) - Adding type registration materialized_clob -> org.hibernate.type.MaterializedClobType@5b88d4ce
2019-05-06 11:12:39,290 DEBUG (org.hibernate.type.BasicTypeRegistry:148) - Adding type registration materialized_nclob -> org.hibernate.type.MaterializedNClobType@4aa82ff3
2019-05-06 11:12:39,290 DEBUG (org.hibernate.type.BasicTypeRegistry:148) - Adding type registration serializable -> org.hibernate.type.SerializableType@751714e7
2019-05-06 11:12:39,290 DEBUG (org.hibernate.type.BasicTypeRegistry:148) - Adding type registration object -> org.hibernate.type.ObjectType@7f8beff5
2019-05-06 11:12:39,290 DEBUG (org.hibernate.type.BasicTypeRegistry:148) - Adding type registration java.lang.Object -> org.hibernate.type.ObjectType@7f8beff5
2019-05-06 11:12:39,291 DEBUG (org.hibernate.type.BasicTypeRegistry:148) - Adding type registration imm_date -> org.hibernate.type.AdaptedImmutableType@29e000da
2019-05-06 11:12:39,291 DEBUG (org.hibernate.type.BasicTypeRegistry:148) - Adding type registration imm_time -> org.hibernate.type.AdaptedImmutableType@1034c618
2019-05-06 11:12:39,291 DEBUG (org.hibernate.type.BasicTypeRegistry:148) - Adding type registration imm_timestamp -> org.hibernate.type.AdaptedImmutableType@256d7546
2019-05-06 11:12:39,291 DEBUG (org.hibernate.type.BasicTypeRegistry:148) - Adding type registration imm_dbtimestamp -> org.hibernate.type.AdaptedImmutableType@e0d53d1
2019-05-06 11:12:39,292 DEBUG (org.hibernate.type.BasicTypeRegistry:148) - Adding type registration imm_calendar -> org.hibernate.type.AdaptedImmutableType@27c2641a
2019-05-06 11:12:39,292 DEBUG (org.hibernate.type.BasicTypeRegistry:148) - Adding type registration imm_calendar_date -> org.hibernate.type.AdaptedImmutableType@117062fc
2019-05-06 11:12:39,292 DEBUG (org.hibernate.type.BasicTypeRegistry:148) - Adding type registration imm_binary -> org.hibernate.type.AdaptedImmutableType@5f79f2d1
2019-05-06 11:12:39,293 DEBUG (org.hibernate.type.BasicTypeRegistry:148) - Adding type registration imm_serializable -> org.hibernate.type.AdaptedImmutableType@3b8eb134
2019-05-06 11:12:39,293 DEBUG (org.hibernate.id.factory.internal.DefaultIdentifierGeneratorFactory:93) - Registering IdentifierGenerator strategy [uuid2] -> [org.hibernate.id.UUIDGenerator]
2019-05-06 11:12:39,293 DEBUG (org.hibernate.id.factory.internal.DefaultIdentifierGeneratorFactory:93) - Registering IdentifierGenerator strategy [guid] -> [org.hibernate.id.GUIDGenerator]
2019-05-06 11:12:39,293 DEBUG (org.hibernate.id.factory.internal.DefaultIdentifierGeneratorFactory:93) - Registering IdentifierGenerator strategy [uuid] -> [org.hibernate.id.UUIDHexGenerator]
2019-05-06 11:12:39,294 DEBUG (org.hibernate.id.factory.internal.DefaultIdentifierGeneratorFactory:93) - Registering IdentifierGenerator strategy [uuid.hex] -> [org.hibernate.id.UUIDHexGenerator]
2019-05-06 11:12:39,294 DEBUG (org.hibernate.id.factory.internal.DefaultIdentifierGeneratorFactory:93) - Registering IdentifierGenerator strategy [hilo] -> [org.hibernate.id.TableHiLoGenerator]
2019-05-06 11:12:39,294 DEBUG (org.hibernate.id.factory.internal.DefaultIdentifierGeneratorFactory:93) - Registering IdentifierGenerator strategy [assigned] -> [org.hibernate.id.Assigned]
2019-05-06 11:12:39,294 DEBUG (org.hibernate.id.factory.internal.DefaultIdentifierGeneratorFactory:93) - Registering IdentifierGenerator strategy [identity] -> [org.hibernate.id.IdentityGenerator]
2019-05-06 11:12:39,295 DEBUG (org.hibernate.id.factory.internal.DefaultIdentifierGeneratorFactory:93) - Registering IdentifierGenerator strategy [select] -> [org.hibernate.id.SelectGenerator]
2019-05-06 11:12:39,295 DEBUG (org.hibernate.id.factory.internal.DefaultIdentifierGeneratorFactory:93) - Registering IdentifierGenerator strategy [sequence] -> [org.hibernate.id.SequenceGenerator]
2019-05-06 11:12:39,295 DEBUG (org.hibernate.id.factory.internal.DefaultIdentifierGeneratorFactory:93) - Registering IdentifierGenerator strategy [seqhilo] -> [org.hibernate.id.SequenceHiLoGenerator]
2019-05-06 11:12:39,295 DEBUG (org.hibernate.id.factory.internal.DefaultIdentifierGeneratorFactory:93) - Registering IdentifierGenerator strategy [increment] -> [org.hibernate.id.IncrementGenerator]
2019-05-06 11:12:39,296 DEBUG (org.hibernate.id.factory.internal.DefaultIdentifierGeneratorFactory:93) - Registering IdentifierGenerator strategy [foreign] -> [org.hibernate.id.ForeignGenerator]
2019-05-06 11:12:39,296 DEBUG (org.hibernate.id.factory.internal.DefaultIdentifierGeneratorFactory:93) - Registering IdentifierGenerator strategy [sequence-identity] -> [org.hibernate.id.SequenceIdentityGenerator]
2019-05-06 11:12:39,296 DEBUG (org.hibernate.id.factory.internal.DefaultIdentifierGeneratorFactory:93) - Registering IdentifierGenerator strategy [enhanced-sequence] -> [org.hibernate.id.enhanced.SequenceStyleGenerator]
2019-05-06 11:12:39,296 DEBUG (org.hibernate.id.factory.internal.DefaultIdentifierGeneratorFactory:93) - Registering IdentifierGenerator strategy [enhanced-table] -> [org.hibernate.id.enhanced.TableGenerator]
2019-05-06 11:12:39,297 DEBUG (org.springframework.core.io.support.PathMatchingResourcePatternResolver:631) - Looking for matching resources in directory tree [/Users/eugeneyoung/Downloads/ubuntu/GitHub/zero-xml-forum/forum/forum1/build/classes/java/main/com/smart/domain]
2019-05-06 11:12:39,297 DEBUG (org.springframework.core.io.support.PathMatchingResourcePatternResolver:631) - Looking for matching resources in directory tree [/Users/eugeneyoung/Downloads/ubuntu/GitHub/zero-xml-forum/forum/forum1/build/classes/java/main/com/smart/domain]
2019-05-06 11:12:39,297 DEBUG (org.springframework.core.io.support.PathMatchingResourcePatternResolver:693) - Searching directory [/Users/eugeneyoung/Downloads/ubuntu/GitHub/zero-xml-forum/forum/forum1/build/classes/java/main/com/smart/domain] for files matching pattern [/Users/eugeneyoung/Downloads/ubuntu/GitHub/zero-xml-forum/forum/forum1/build/classes/java/main/com/smart/domain/**/*.class]
2019-05-06 11:12:39,297 DEBUG (org.springframework.core.io.support.PathMatchingResourcePatternResolver:693) - Searching directory [/Users/eugeneyoung/Downloads/ubuntu/GitHub/zero-xml-forum/forum/forum1/build/classes/java/main/com/smart/domain] for files matching pattern [/Users/eugeneyoung/Downloads/ubuntu/GitHub/zero-xml-forum/forum/forum1/build/classes/java/main/com/smart/domain/**/*.class]
2019-05-06 11:12:39,298 DEBUG (org.springframework.core.io.support.PathMatchingResourcePatternResolver:424) - Resolved location pattern [classpath*:com/smart/domain/**/*.class] to resources [file [/Users/eugeneyoung/Downloads/ubuntu/GitHub/zero-xml-forum/forum/forum1/build/classes/java/main/com/smart/domain/BaseDomain.class], file [/Users/eugeneyoung/Downloads/ubuntu/GitHub/zero-xml-forum/forum/forum1/build/classes/java/main/com/smart/domain/Board.class], file [/Users/eugeneyoung/Downloads/ubuntu/GitHub/zero-xml-forum/forum/forum1/build/classes/java/main/com/smart/domain/LoginLog.class], file [/Users/eugeneyoung/Downloads/ubuntu/GitHub/zero-xml-forum/forum/forum1/build/classes/java/main/com/smart/domain/MainPost.class], file [/Users/eugeneyoung/Downloads/ubuntu/GitHub/zero-xml-forum/forum/forum1/build/classes/java/main/com/smart/domain/Post.class], file [/Users/eugeneyoung/Downloads/ubuntu/GitHub/zero-xml-forum/forum/forum1/build/classes/java/main/com/smart/domain/Topic.class], file [/Users/eugeneyoung/Downloads/ubuntu/GitHub/zero-xml-forum/forum/forum1/build/classes/java/main/com/smart/domain/User.class]]
2019-05-06 11:12:39,298 DEBUG (org.springframework.core.io.support.PathMatchingResourcePatternResolver:424) - Resolved location pattern [classpath*:com/smart/domain/**/*.class] to resources [file [/Users/eugeneyoung/Downloads/ubuntu/GitHub/zero-xml-forum/forum/forum1/build/classes/java/main/com/smart/domain/BaseDomain.class], file [/Users/eugeneyoung/Downloads/ubuntu/GitHub/zero-xml-forum/forum/forum1/build/classes/java/main/com/smart/domain/Board.class], file [/Users/eugeneyoung/Downloads/ubuntu/GitHub/zero-xml-forum/forum/forum1/build/classes/java/main/com/smart/domain/LoginLog.class], file [/Users/eugeneyoung/Downloads/ubuntu/GitHub/zero-xml-forum/forum/forum1/build/classes/java/main/com/smart/domain/MainPost.class], file [/Users/eugeneyoung/Downloads/ubuntu/GitHub/zero-xml-forum/forum/forum1/build/classes/java/main/com/smart/domain/Post.class], file [/Users/eugeneyoung/Downloads/ubuntu/GitHub/zero-xml-forum/forum/forum1/build/classes/java/main/com/smart/domain/Topic.class], file [/Users/eugeneyoung/Downloads/ubuntu/GitHub/zero-xml-forum/forum/forum1/build/classes/java/main/com/smart/domain/User.class]]
2019-05-06 11:12:39,300 DEBUG (org.hibernate.integrator.internal.IntegratorServiceImpl:59) - Adding Integrator [org.hibernate.cfg.beanvalidation.BeanValidationIntegrator].
2019-05-06 11:12:39,300 DEBUG (org.hibernate.cfg.Configuration:1735) - Preparing to build session factory with filters : {}
2019-05-06 11:12:39,301 DEBUG (org.hibernate.cfg.Configuration:3416) - Processing hbm.xml files
2019-05-06 11:12:39,301 DEBUG (org.hibernate.cfg.Configuration:3446) - Process annotated classes
2019-05-06 11:12:39,301 DEBUG (org.hibernate.cfg.AnnotationBinder:531) - Binding entity from annotated class: com.smart.domain.Board
2019-05-06 11:12:39,302 DEBUG (org.hibernate.cfg.Ejb3Column:196) - Binding column: Ejb3DiscriminatorColumn{logicalColumnName'DTYPE', discriminatorTypeName='string'}
2019-05-06 11:12:39,302 DEBUG (org.hibernate.cfg.annotations.EntityBinder:394) - Import with entity name Board
2019-05-06 11:12:39,302 DEBUG (org.hibernate.cfg.annotations.EntityBinder:564) - Bind entity com.smart.domain.Board on table t_board
2019-05-06 11:12:39,303 DEBUG (org.hibernate.cfg.Ejb3Column:196) - Binding column: Ejb3Column{table=org.hibernate.mapping.Table(t_board), mappingColumn=board_id, insertable=true, updatable=true, unique=false}
2019-05-06 11:12:39,304 DEBUG (org.hibernate.cfg.annotations.PropertyBinder:179) - MetadataSourceProcessor property boardId with lazy=false
2019-05-06 11:12:39,304 DEBUG (org.hibernate.cfg.annotations.SimpleValueBinder:331) - building SimpleValue for boardId
2019-05-06 11:12:39,304 DEBUG (org.hibernate.cfg.annotations.PropertyBinder:260) - Building property boardId
2019-05-06 11:12:39,304 DEBUG (org.hibernate.cfg.Ejb3Column:196) - Binding column: Ejb3Column{table=org.hibernate.mapping.Table(t_board), mappingColumn=board_desc, insertable=true, updatable=true, unique=false}
2019-05-06 11:12:39,305 DEBUG (org.hibernate.cfg.annotations.PropertyBinder:179) - MetadataSourceProcessor property boardDesc with lazy=false
2019-05-06 11:12:39,305 DEBUG (org.hibernate.cfg.annotations.SimpleValueBinder:331) - building SimpleValue for boardDesc
2019-05-06 11:12:39,305 DEBUG (org.hibernate.cfg.annotations.PropertyBinder:260) - Building property boardDesc
2019-05-06 11:12:39,306 DEBUG (org.hibernate.cfg.Ejb3Column:196) - Binding column: Ejb3Column{table=org.hibernate.mapping.Table(t_board), mappingColumn=board_name, insertable=true, updatable=true, unique=false}
2019-05-06 11:12:39,306 DEBUG (org.hibernate.cfg.annotations.PropertyBinder:179) - MetadataSourceProcessor property boardName with lazy=false
2019-05-06 11:12:39,306 DEBUG (org.hibernate.cfg.annotations.SimpleValueBinder:331) - building SimpleValue for boardName
2019-05-06 11:12:39,306 DEBUG (org.hibernate.cfg.annotations.PropertyBinder:260) - Building property boardName
2019-05-06 11:12:39,307 DEBUG (org.hibernate.cfg.Ejb3Column:196) - Binding column: Ejb3Column{table=org.hibernate.mapping.Table(t_board), mappingColumn=topic_num, insertable=true, updatable=true, unique=false}
2019-05-06 11:12:39,307 DEBUG (org.hibernate.cfg.annotations.PropertyBinder:179) - MetadataSourceProcessor property topicNum with lazy=false
2019-05-06 11:12:39,307 DEBUG (org.hibernate.cfg.annotations.SimpleValueBinder:331) - building SimpleValue for topicNum
2019-05-06 11:12:39,307 DEBUG (org.hibernate.cfg.annotations.PropertyBinder:260) - Building property topicNum
2019-05-06 11:12:39,308 DEBUG (org.hibernate.cfg.Ejb3Column:196) - Binding column: Ejb3Column{table=org.hibernate.mapping.Table(t_board), mappingColumn=null, insertable=true, updatable=true, unique=false}
2019-05-06 11:12:39,308 DEBUG (org.hibernate.cfg.Ejb3Column:196) - Binding column: Ejb3Column{table=org.hibernate.mapping.Table(t_board), mappingColumn=element, insertable=true, updatable=true, unique=false}
2019-05-06 11:12:39,308 DEBUG (org.hibernate.cfg.Ejb3Column:196) - Binding column: Ejb3Column{table=org.hibernate.mapping.Table(t_board), mappingColumn=users_KEY, insertable=true, updatable=true, unique=false}
2019-05-06 11:12:39,309 DEBUG (org.hibernate.cfg.Ejb3Column:196) - Binding column: Ejb3JoinColumn{logicalColumnName='users_KEY', referencedColumn='null', mappedBy='null'}
2019-05-06 11:12:39,309 DEBUG (org.hibernate.cfg.Ejb3Column:196) - Binding column: Ejb3JoinColumn{logicalColumnName='null', referencedColumn='null', mappedBy='manBoards'}
2019-05-06 11:12:39,309 DEBUG (org.hibernate.cfg.Ejb3Column:196) - Binding column: Ejb3JoinColumn{logicalColumnName='null', referencedColumn='null', mappedBy='manBoards'}
2019-05-06 11:12:39,310 DEBUG (org.hibernate.cfg.annotations.CollectionBinder:400) - Collection role: com.smart.domain.Board.users
2019-05-06 11:12:39,310 DEBUG (org.hibernate.cfg.annotations.PropertyBinder:260) - Building property users
2019-05-06 11:12:39,310 DEBUG (org.hibernate.cfg.AnnotationBinder:531) - Binding entity from annotated class: com.smart.domain.LoginLog
2019-05-06 11:12:39,311 DEBUG (org.hibernate.cfg.Ejb3Column:196) - Binding column: Ejb3DiscriminatorColumn{logicalColumnName'DTYPE', discriminatorTypeName='string'}
2019-05-06 11:12:39,311 DEBUG (org.hibernate.cfg.annotations.EntityBinder:394) - Import with entity name LoginLog
2019-05-06 11:12:39,312 DEBUG (org.hibernate.cfg.annotations.EntityBinder:564) - Bind entity com.smart.domain.LoginLog on table t_login_log
2019-05-06 11:12:39,313 DEBUG (org.hibernate.cfg.Ejb3Column:196) - Binding column: Ejb3Column{table=org.hibernate.mapping.Table(t_login_log), mappingColumn=login_log_id, insertable=true, updatable=true, unique=false}
2019-05-06 11:12:39,313 DEBUG (org.hibernate.cfg.annotations.PropertyBinder:179) - MetadataSourceProcessor property loginLogId with lazy=false
2019-05-06 11:12:39,314 DEBUG (org.hibernate.cfg.annotations.SimpleValueBinder:331) - building SimpleValue for loginLogId
2019-05-06 11:12:39,314 DEBUG (org.hibernate.cfg.annotations.PropertyBinder:260) - Building property loginLogId
2019-05-06 11:12:39,314 DEBUG (org.hibernate.cfg.Ejb3Column:196) - Binding column: Ejb3Column{table=org.hibernate.mapping.Table(t_login_log), mappingColumn=ip, insertable=true, updatable=true, unique=false}
2019-05-06 11:12:39,315 DEBUG (org.hibernate.cfg.annotations.PropertyBinder:179) - MetadataSourceProcessor property ip with lazy=false
2019-05-06 11:12:39,315 DEBUG (org.hibernate.cfg.annotations.SimpleValueBinder:331) - building SimpleValue for ip
2019-05-06 11:12:39,315 DEBUG (org.hibernate.cfg.annotations.PropertyBinder:260) - Building property ip
2019-05-06 11:12:39,315 DEBUG (org.hibernate.cfg.Ejb3Column:196) - Binding column: Ejb3Column{table=org.hibernate.mapping.Table(t_login_log), mappingColumn=login_datetime, insertable=true, updatable=true, unique=false}
2019-05-06 11:12:39,316 DEBUG (org.hibernate.cfg.annotations.PropertyBinder:179) - MetadataSourceProcessor property loginDate with lazy=false
2019-05-06 11:12:39,316 DEBUG (org.hibernate.cfg.annotations.SimpleValueBinder:331) - building SimpleValue for loginDate
2019-05-06 11:12:39,316 DEBUG (org.hibernate.cfg.annotations.PropertyBinder:260) - Building property loginDate
2019-05-06 11:12:39,316 DEBUG (org.hibernate.cfg.Ejb3Column:196) - Binding column: Ejb3JoinColumn{logicalColumnName='user_id', referencedColumn='', mappedBy=''}
2019-05-06 11:12:39,317 DEBUG (org.hibernate.cfg.Ejb3Column:196) - Binding column: Ejb3Column{table=org.hibernate.mapping.Table(t_login_log), mappingColumn=user, insertable=true, updatable=true, unique=false}
2019-05-06 11:12:39,317 DEBUG (org.hibernate.cfg.annotations.PropertyBinder:260) - Building property user
2019-05-06 11:12:39,317 DEBUG (org.hibernate.cfg.AnnotationBinder:531) - Binding entity from annotated class: com.smart.domain.Post
2019-05-06 11:12:39,317 DEBUG (org.hibernate.cfg.Ejb3Column:196) - Binding column: Ejb3DiscriminatorColumn{logicalColumnName'post_type', discriminatorTypeName='string'}
2019-05-06 11:12:39,318 DEBUG (org.hibernate.cfg.annotations.EntityBinder:394) - Import with entity name Post
2019-05-06 11:12:39,318 DEBUG (org.hibernate.cfg.annotations.EntityBinder:564) - Bind entity com.smart.domain.Post on table t_post
2019-05-06 11:12:39,319 DEBUG (org.hibernate.cfg.Ejb3Column:196) - Binding column: Ejb3Column{table=org.hibernate.mapping.Table(t_post), mappingColumn=post_id, insertable=true, updatable=true, unique=false}
2019-05-06 11:12:39,319 DEBUG (org.hibernate.cfg.annotations.PropertyBinder:179) - MetadataSourceProcessor property postId with lazy=false
2019-05-06 11:12:39,319 DEBUG (org.hibernate.cfg.annotations.SimpleValueBinder:331) - building SimpleValue for postId
2019-05-06 11:12:39,319 DEBUG (org.hibernate.cfg.annotations.PropertyBinder:260) - Building property postId
2019-05-06 11:12:39,320 DEBUG (org.hibernate.cfg.Ejb3Column:196) - Binding column: Ejb3Column{table=org.hibernate.mapping.Table(t_post), mappingColumn=board_id, insertable=true, updatable=true, unique=false}
2019-05-06 11:12:39,320 DEBUG (org.hibernate.cfg.annotations.PropertyBinder:179) - MetadataSourceProcessor property boardId with lazy=false
2019-05-06 11:12:39,320 DEBUG (org.hibernate.cfg.annotations.SimpleValueBinder:331) - building SimpleValue for boardId
2019-05-06 11:12:39,320 DEBUG (org.hibernate.cfg.annotations.PropertyBinder:260) - Building property boardId
2019-05-06 11:12:39,321 DEBUG (org.hibernate.cfg.Ejb3Column:196) - Binding column: Ejb3Column{table=org.hibernate.mapping.Table(t_post), mappingColumn=create_time, insertable=true, updatable=true, unique=false}
2019-05-06 11:12:39,321 DEBUG (org.hibernate.cfg.annotations.PropertyBinder:179) - MetadataSourceProcessor property createTime with lazy=false
2019-05-06 11:12:39,321 DEBUG (org.hibernate.cfg.annotations.SimpleValueBinder:331) - building SimpleValue for createTime
2019-05-06 11:12:39,321 DEBUG (org.hibernate.cfg.annotations.PropertyBinder:260) - Building property createTime
2019-05-06 11:12:39,322 DEBUG (org.hibernate.cfg.Ejb3Column:196) - Binding column: Ejb3Column{table=org.hibernate.mapping.Table(t_post), mappingColumn=post_text, insertable=true, updatable=true, unique=false}
2019-05-06 11:12:39,322 DEBUG (org.hibernate.cfg.annotations.PropertyBinder:179) - MetadataSourceProcessor property postText with lazy=false
2019-05-06 11:12:39,322 DEBUG (org.hibernate.cfg.annotations.SimpleValueBinder:331) - building SimpleValue for postText
2019-05-06 11:12:39,322 DEBUG (org.hibernate.cfg.annotations.PropertyBinder:260) - Building property postText
2019-05-06 11:12:39,323 DEBUG (org.hibernate.cfg.Ejb3Column:196) - Binding column: Ejb3Column{table=org.hibernate.mapping.Table(t_post), mappingColumn=post_title, insertable=true, updatable=true, unique=false}
2019-05-06 11:12:39,323 DEBUG (org.hibernate.cfg.annotations.PropertyBinder:179) - MetadataSourceProcessor property postTitle with lazy=false
2019-05-06 11:12:39,323 DEBUG (org.hibernate.cfg.annotations.SimpleValueBinder:331) - building SimpleValue for postTitle
2019-05-06 11:12:39,323 DEBUG (org.hibernate.cfg.annotations.PropertyBinder:260) - Building property postTitle
2019-05-06 11:12:39,324 DEBUG (org.hibernate.cfg.Ejb3Column:196) - Binding column: Ejb3JoinColumn{logicalColumnName='topic_id', referencedColumn='', mappedBy=''}
2019-05-06 11:12:39,324 DEBUG (org.hibernate.cfg.Ejb3Column:196) - Binding column: Ejb3Column{table=org.hibernate.mapping.Table(t_post), mappingColumn=topic, insertable=true, updatable=true, unique=false}
2019-05-06 11:12:39,324 DEBUG (org.hibernate.cfg.annotations.PropertyBinder:260) - Building property topic
2019-05-06 11:12:39,324 DEBUG (org.hibernate.cfg.Ejb3Column:196) - Binding column: Ejb3JoinColumn{logicalColumnName='user_id', referencedColumn='', mappedBy=''}
2019-05-06 11:12:39,325 DEBUG (org.hibernate.cfg.Ejb3Column:196) - Binding column: Ejb3Column{table=org.hibernate.mapping.Table(t_post), mappingColumn=user, insertable=true, updatable=true, unique=false}
2019-05-06 11:12:39,325 DEBUG (org.hibernate.cfg.annotations.PropertyBinder:260) - Building property user
2019-05-06 11:12:39,325 DEBUG (org.hibernate.cfg.AnnotationBinder:531) - Binding entity from annotated class: com.smart.domain.MainPost
2019-05-06 11:12:39,326  WARN (org.hibernate.cfg.AnnotationBinder:735) - HHH000133: Discriminator column has to be defined in the root entity, it will be ignored in subclass: com.smart.domain.MainPost
2019-05-06 11:12:39,326 DEBUG (org.hibernate.cfg.annotations.EntityBinder:394) - Import with entity name MainPost
2019-05-06 11:12:39,326 DEBUG (org.hibernate.cfg.AnnotationBinder:531) - Binding entity from annotated class: com.smart.domain.Topic
2019-05-06 11:12:39,326 DEBUG (org.hibernate.cfg.Ejb3Column:196) - Binding column: Ejb3DiscriminatorColumn{logicalColumnName'DTYPE', discriminatorTypeName='string'}
2019-05-06 11:12:39,327 DEBUG (org.hibernate.cfg.annotations.EntityBinder:394) - Import with entity name Topic
2019-05-06 11:12:39,327 DEBUG (org.hibernate.cfg.annotations.EntityBinder:564) - Bind entity com.smart.domain.Topic on table t_topic
2019-05-06 11:12:39,328 DEBUG (org.hibernate.cfg.Ejb3Column:196) - Binding column: Ejb3Column{table=org.hibernate.mapping.Table(t_topic), mappingColumn=topic_id, insertable=true, updatable=true, unique=false}
2019-05-06 11:12:39,328 DEBUG (org.hibernate.cfg.annotations.PropertyBinder:179) - MetadataSourceProcessor property topicId with lazy=false
2019-05-06 11:12:39,328 DEBUG (org.hibernate.cfg.annotations.SimpleValueBinder:331) - building SimpleValue for topicId
2019-05-06 11:12:39,328 DEBUG (org.hibernate.cfg.annotations.PropertyBinder:260) - Building property topicId
2019-05-06 11:12:39,329 DEBUG (org.hibernate.cfg.Ejb3Column:196) - Binding column: Ejb3Column{table=org.hibernate.mapping.Table(t_topic), mappingColumn=board_id, insertable=true, updatable=true, unique=false}
2019-05-06 11:12:39,329 DEBUG (org.hibernate.cfg.annotations.PropertyBinder:179) - MetadataSourceProcessor property boardId with lazy=false
2019-05-06 11:12:39,329 DEBUG (org.hibernate.cfg.annotations.SimpleValueBinder:331) - building SimpleValue for boardId
2019-05-06 11:12:39,329 DEBUG (org.hibernate.cfg.annotations.PropertyBinder:260) - Building property boardId
2019-05-06 11:12:39,330 DEBUG (org.hibernate.cfg.Ejb3Column:196) - Binding column: Ejb3Column{table=org.hibernate.mapping.Table(t_topic), mappingColumn=create_time, insertable=true, updatable=true, unique=false}
2019-05-06 11:12:39,330 DEBUG (org.hibernate.cfg.annotations.PropertyBinder:179) - MetadataSourceProcessor property createTime with lazy=false
2019-05-06 11:12:39,330 DEBUG (org.hibernate.cfg.annotations.SimpleValueBinder:331) - building SimpleValue for createTime
2019-05-06 11:12:39,330 DEBUG (org.hibernate.cfg.annotations.PropertyBinder:260) - Building property createTime
2019-05-06 11:12:39,331 DEBUG (org.hibernate.cfg.Ejb3Column:196) - Binding column: Ejb3Column{table=org.hibernate.mapping.Table(t_topic), mappingColumn=digest, insertable=true, updatable=true, unique=false}
2019-05-06 11:12:39,331 DEBUG (org.hibernate.cfg.annotations.PropertyBinder:179) - MetadataSourceProcessor property digest with lazy=false
2019-05-06 11:12:39,331 DEBUG (org.hibernate.cfg.annotations.SimpleValueBinder:331) - building SimpleValue for digest
2019-05-06 11:12:39,331 DEBUG (org.hibernate.cfg.annotations.PropertyBinder:260) - Building property digest
2019-05-06 11:12:39,332 DEBUG (org.hibernate.cfg.Ejb3Column:196) - Binding column: Ejb3Column{table=org.hibernate.mapping.Table(t_topic), mappingColumn=last_post, insertable=true, updatable=true, unique=false}
2019-05-06 11:12:39,332 DEBUG (org.hibernate.cfg.annotations.PropertyBinder:179) - MetadataSourceProcessor property lastPost with lazy=false
2019-05-06 11:12:39,332 DEBUG (org.hibernate.cfg.annotations.SimpleValueBinder:331) - building SimpleValue for lastPost
2019-05-06 11:12:39,332 DEBUG (org.hibernate.cfg.annotations.PropertyBinder:260) - Building property lastPost
2019-05-06 11:12:39,333 DEBUG (org.hibernate.cfg.Ejb3Column:196) - Binding column: Ejb3Column{table=org.hibernate.mapping.Table(t_topic), mappingColumn=topic_replies, insertable=true, updatable=true, unique=false}
2019-05-06 11:12:39,333 DEBUG (org.hibernate.cfg.annotations.PropertyBinder:179) - MetadataSourceProcessor property replies with lazy=false
2019-05-06 11:12:39,333 DEBUG (org.hibernate.cfg.annotations.SimpleValueBinder:331) - building SimpleValue for replies
2019-05-06 11:12:39,333 DEBUG (org.hibernate.cfg.annotations.PropertyBinder:260) - Building property replies
2019-05-06 11:12:39,334 DEBUG (org.hibernate.cfg.Ejb3Column:196) - Binding column: Ejb3Column{table=org.hibernate.mapping.Table(t_topic), mappingColumn=topic_title, insertable=true, updatable=true, unique=false}
2019-05-06 11:12:39,334 DEBUG (org.hibernate.cfg.annotations.PropertyBinder:179) - MetadataSourceProcessor property topicTitle with lazy=false
2019-05-06 11:12:39,334 DEBUG (org.hibernate.cfg.annotations.SimpleValueBinder:331) - building SimpleValue for topicTitle
2019-05-06 11:12:39,335 DEBUG (org.hibernate.cfg.annotations.PropertyBinder:260) - Building property topicTitle
2019-05-06 11:12:39,335 DEBUG (org.hibernate.cfg.Ejb3Column:196) - Binding column: Ejb3JoinColumn{logicalColumnName='user_id', referencedColumn='', mappedBy=''}
2019-05-06 11:12:39,335 DEBUG (org.hibernate.cfg.Ejb3Column:196) - Binding column: Ejb3Column{table=org.hibernate.mapping.Table(t_topic), mappingColumn=user, insertable=true, updatable=true, unique=false}
2019-05-06 11:12:39,335 DEBUG (org.hibernate.cfg.annotations.PropertyBinder:260) - Building property user
2019-05-06 11:12:39,336 DEBUG (org.hibernate.cfg.Ejb3Column:196) - Binding column: Ejb3Column{table=org.hibernate.mapping.Table(t_topic), mappingColumn=topic_views, insertable=true, updatable=true, unique=false}
2019-05-06 11:12:39,336 DEBUG (org.hibernate.cfg.annotations.PropertyBinder:179) - MetadataSourceProcessor property views with lazy=false
2019-05-06 11:12:39,336 DEBUG (org.hibernate.cfg.annotations.SimpleValueBinder:331) - building SimpleValue for views
2019-05-06 11:12:39,336 DEBUG (org.hibernate.cfg.annotations.PropertyBinder:260) - Building property views
2019-05-06 11:12:39,337 DEBUG (org.hibernate.cfg.AnnotationBinder:531) - Binding entity from annotated class: com.smart.domain.User
2019-05-06 11:12:39,337 DEBUG (org.hibernate.cfg.Ejb3Column:196) - Binding column: Ejb3DiscriminatorColumn{logicalColumnName'DTYPE', discriminatorTypeName='string'}
2019-05-06 11:12:39,337 DEBUG (org.hibernate.cfg.annotations.EntityBinder:394) - Import with entity name User
2019-05-06 11:12:39,337 DEBUG (org.hibernate.cfg.annotations.EntityBinder:564) - Bind entity com.smart.domain.User on table t_user
2019-05-06 11:12:39,338 DEBUG (org.hibernate.cfg.Ejb3Column:196) - Binding column: Ejb3Column{table=org.hibernate.mapping.Table(t_user), mappingColumn=user_id, insertable=true, updatable=true, unique=false}
2019-05-06 11:12:39,339 DEBUG (org.hibernate.cfg.annotations.PropertyBinder:179) - MetadataSourceProcessor property userId with lazy=false
2019-05-06 11:12:39,339 DEBUG (org.hibernate.cfg.annotations.SimpleValueBinder:331) - building SimpleValue for userId
2019-05-06 11:12:39,340 DEBUG (org.hibernate.cfg.annotations.PropertyBinder:260) - Building property userId
2019-05-06 11:12:39,340 DEBUG (org.hibernate.cfg.Ejb3Column:196) - Binding column: Ejb3Column{table=org.hibernate.mapping.Table(t_user), mappingColumn=credit, insertable=true, updatable=true, unique=false}
2019-05-06 11:12:39,340 DEBUG (org.hibernate.cfg.annotations.PropertyBinder:179) - MetadataSourceProcessor property credit with lazy=false
2019-05-06 11:12:39,341 DEBUG (org.hibernate.cfg.annotations.SimpleValueBinder:331) - building SimpleValue for credit
2019-05-06 11:12:39,341 DEBUG (org.hibernate.cfg.annotations.PropertyBinder:260) - Building property credit
2019-05-06 11:12:39,342 DEBUG (org.hibernate.cfg.Ejb3Column:196) - Binding column: Ejb3Column{table=org.hibernate.mapping.Table(t_user), mappingColumn=last_ip, insertable=true, updatable=true, unique=false}
2019-05-06 11:12:39,342 DEBUG (org.hibernate.cfg.annotations.PropertyBinder:179) - MetadataSourceProcessor property lastIp with lazy=false
2019-05-06 11:12:39,342 DEBUG (org.hibernate.cfg.annotations.SimpleValueBinder:331) - building SimpleValue for lastIp
2019-05-06 11:12:39,343 DEBUG (org.hibernate.cfg.annotations.PropertyBinder:260) - Building property lastIp
2019-05-06 11:12:39,343 DEBUG (org.hibernate.cfg.Ejb3Column:196) - Binding column: Ejb3Column{table=org.hibernate.mapping.Table(t_user), mappingColumn=last_visit, insertable=true, updatable=true, unique=false}
2019-05-06 11:12:39,343 DEBUG (org.hibernate.cfg.annotations.PropertyBinder:179) - MetadataSourceProcessor property lastVisit with lazy=false
2019-05-06 11:12:39,344 DEBUG (org.hibernate.cfg.annotations.SimpleValueBinder:331) - building SimpleValue for lastVisit
2019-05-06 11:12:39,344 DEBUG (org.hibernate.cfg.annotations.PropertyBinder:260) - Building property lastVisit
2019-05-06 11:12:39,344 DEBUG (org.hibernate.cfg.Ejb3Column:196) - Binding column: Ejb3Column{table=org.hibernate.mapping.Table(t_user), mappingColumn=locked, insertable=true, updatable=true, unique=false}
2019-05-06 11:12:39,345 DEBUG (org.hibernate.cfg.annotations.PropertyBinder:179) - MetadataSourceProcessor property locked with lazy=false
2019-05-06 11:12:39,345 DEBUG (org.hibernate.cfg.annotations.SimpleValueBinder:331) - building SimpleValue for locked
2019-05-06 11:12:39,346 DEBUG (org.hibernate.cfg.annotations.PropertyBinder:260) - Building property locked
2019-05-06 11:12:39,346 DEBUG (org.hibernate.cfg.Ejb3Column:196) - Binding column: Ejb3Column{table=org.hibernate.mapping.Table(t_user), mappingColumn=null, insertable=true, updatable=true, unique=false}
2019-05-06 11:12:39,347 DEBUG (org.hibernate.cfg.Ejb3Column:196) - Binding column: Ejb3Column{table=org.hibernate.mapping.Table(t_user), mappingColumn=element, insertable=true, updatable=true, unique=false}
2019-05-06 11:12:39,347 DEBUG (org.hibernate.cfg.Ejb3Column:196) - Binding column: Ejb3Column{table=org.hibernate.mapping.Table(t_user), mappingColumn=manBoards_KEY, insertable=true, updatable=true, unique=false}
2019-05-06 11:12:39,347 DEBUG (org.hibernate.cfg.Ejb3Column:196) - Binding column: Ejb3JoinColumn{logicalColumnName='manBoards_KEY', referencedColumn='null', mappedBy='null'}
2019-05-06 11:12:39,348 DEBUG (org.hibernate.cfg.Ejb3Column:196) - Binding column: Ejb3JoinColumn{logicalColumnName='user_id', referencedColumn='', mappedBy=''}
2019-05-06 11:12:39,348 DEBUG (org.hibernate.cfg.Ejb3Column:196) - Binding column: Ejb3JoinColumn{logicalColumnName='board_id', referencedColumn='', mappedBy=''}
2019-05-06 11:12:39,348 DEBUG (org.hibernate.cfg.annotations.CollectionBinder:400) - Collection role: com.smart.domain.User.manBoards
2019-05-06 11:12:39,349 DEBUG (org.hibernate.cfg.annotations.PropertyBinder:260) - Building property manBoards
2019-05-06 11:12:39,349 DEBUG (org.hibernate.cfg.Ejb3Column:196) - Binding column: Ejb3Column{table=org.hibernate.mapping.Table(t_user), mappingColumn=password, insertable=true, updatable=true, unique=false}
2019-05-06 11:12:39,349 DEBUG (org.hibernate.cfg.annotations.PropertyBinder:179) - MetadataSourceProcessor property password with lazy=false
2019-05-06 11:12:39,349 DEBUG (org.hibernate.cfg.annotations.SimpleValueBinder:331) - building SimpleValue for password
2019-05-06 11:12:39,350 DEBUG (org.hibernate.cfg.annotations.PropertyBinder:260) - Building property password
2019-05-06 11:12:39,350 DEBUG (org.hibernate.cfg.Ejb3Column:196) - Binding column: Ejb3Column{table=org.hibernate.mapping.Table(t_user), mappingColumn=user_name, insertable=true, updatable=true, unique=false}
2019-05-06 11:12:39,350 DEBUG (org.hibernate.cfg.annotations.PropertyBinder:179) - MetadataSourceProcessor property userName with lazy=false
2019-05-06 11:12:39,350 DEBUG (org.hibernate.cfg.annotations.SimpleValueBinder:331) - building SimpleValue for userName
2019-05-06 11:12:39,351 DEBUG (org.hibernate.cfg.annotations.PropertyBinder:260) - Building property userName
2019-05-06 11:12:39,351 DEBUG (org.hibernate.cfg.Ejb3Column:196) - Binding column: Ejb3Column{table=org.hibernate.mapping.Table(t_user), mappingColumn=user_type, insertable=true, updatable=true, unique=false}
2019-05-06 11:12:39,351 DEBUG (org.hibernate.cfg.annotations.PropertyBinder:179) - MetadataSourceProcessor property userType with lazy=false
2019-05-06 11:12:39,351 DEBUG (org.hibernate.cfg.annotations.SimpleValueBinder:331) - building SimpleValue for userType
2019-05-06 11:12:39,352 DEBUG (org.hibernate.cfg.annotations.PropertyBinder:260) - Building property userType
2019-05-06 11:12:39,352 DEBUG (org.hibernate.cfg.annotations.SimpleValueBinder:369) - Setting SimpleValue typeName for boardId
2019-05-06 11:12:39,352 DEBUG (org.hibernate.cfg.annotations.SimpleValueBinder:369) - Setting SimpleValue typeName for boardDesc
2019-05-06 11:12:39,352 DEBUG (org.hibernate.cfg.annotations.SimpleValueBinder:369) - Setting SimpleValue typeName for boardName
2019-05-06 11:12:39,352 DEBUG (org.hibernate.cfg.annotations.SimpleValueBinder:369) - Setting SimpleValue typeName for topicNum
2019-05-06 11:12:39,353 DEBUG (org.hibernate.cfg.annotations.SimpleValueBinder:369) - Setting SimpleValue typeName for loginLogId
2019-05-06 11:12:39,353 DEBUG (org.hibernate.cfg.annotations.SimpleValueBinder:369) - Setting SimpleValue typeName for ip
2019-05-06 11:12:39,353 DEBUG (org.hibernate.cfg.annotations.SimpleValueBinder:369) - Setting SimpleValue typeName for loginDate
2019-05-06 11:12:39,353 DEBUG (org.hibernate.cfg.annotations.SimpleValueBinder:369) - Setting SimpleValue typeName for postId
2019-05-06 11:12:39,353 DEBUG (org.hibernate.cfg.annotations.SimpleValueBinder:369) - Setting SimpleValue typeName for boardId
2019-05-06 11:12:39,354 DEBUG (org.hibernate.cfg.annotations.SimpleValueBinder:369) - Setting SimpleValue typeName for createTime
2019-05-06 11:12:39,354 DEBUG (org.hibernate.cfg.annotations.SimpleValueBinder:369) - Setting SimpleValue typeName for postText
2019-05-06 11:12:39,354 DEBUG (org.hibernate.cfg.annotations.SimpleValueBinder:369) - Setting SimpleValue typeName for postTitle
2019-05-06 11:12:39,354 DEBUG (org.hibernate.cfg.annotations.SimpleValueBinder:369) - Setting SimpleValue typeName for topicId
2019-05-06 11:12:39,354 DEBUG (org.hibernate.cfg.annotations.SimpleValueBinder:369) - Setting SimpleValue typeName for boardId
2019-05-06 11:12:39,355 DEBUG (org.hibernate.cfg.annotations.SimpleValueBinder:369) - Setting SimpleValue typeName for createTime
2019-05-06 11:12:39,355 DEBUG (org.hibernate.cfg.annotations.SimpleValueBinder:369) - Setting SimpleValue typeName for digest
2019-05-06 11:12:39,355 DEBUG (org.hibernate.cfg.annotations.SimpleValueBinder:369) - Setting SimpleValue typeName for lastPost
2019-05-06 11:12:39,355 DEBUG (org.hibernate.cfg.annotations.SimpleValueBinder:369) - Setting SimpleValue typeName for replies
2019-05-06 11:12:39,356 DEBUG (org.hibernate.cfg.annotations.SimpleValueBinder:369) - Setting SimpleValue typeName for topicTitle
2019-05-06 11:12:39,356 DEBUG (org.hibernate.cfg.annotations.SimpleValueBinder:369) - Setting SimpleValue typeName for views
2019-05-06 11:12:39,356 DEBUG (org.hibernate.cfg.annotations.SimpleValueBinder:369) - Setting SimpleValue typeName for userId
2019-05-06 11:12:39,356 DEBUG (org.hibernate.cfg.annotations.SimpleValueBinder:369) - Setting SimpleValue typeName for credit
2019-05-06 11:12:39,356 DEBUG (org.hibernate.cfg.annotations.SimpleValueBinder:369) - Setting SimpleValue typeName for lastIp
2019-05-06 11:12:39,357 DEBUG (org.hibernate.cfg.annotations.SimpleValueBinder:369) - Setting SimpleValue typeName for lastVisit
2019-05-06 11:12:39,357 DEBUG (org.hibernate.cfg.annotations.SimpleValueBinder:369) - Setting SimpleValue typeName for locked
2019-05-06 11:12:39,357 DEBUG (org.hibernate.cfg.annotations.SimpleValueBinder:369) - Setting SimpleValue typeName for password
2019-05-06 11:12:39,357 DEBUG (org.hibernate.cfg.annotations.SimpleValueBinder:369) - Setting SimpleValue typeName for userName
2019-05-06 11:12:39,357 DEBUG (org.hibernate.cfg.annotations.SimpleValueBinder:369) - Setting SimpleValue typeName for userType
2019-05-06 11:12:39,358 DEBUG (org.hibernate.cfg.Configuration:1406) - Processing fk mappings (*ToOne and JoinedSubclass)
2019-05-06 11:12:39,358 DEBUG (org.hibernate.cfg.Configuration:1585) - Processing extends queue
2019-05-06 11:12:39,358 DEBUG (org.hibernate.cfg.Configuration:1643) - Processing extends queue
2019-05-06 11:12:39,358 DEBUG (org.hibernate.cfg.Configuration:1588) - Processing collection mappings
2019-05-06 11:12:39,359 DEBUG (org.hibernate.cfg.CollectionSecondPass:64) - Second pass for collection: com.smart.domain.User.manBoards
2019-05-06 11:12:39,359 DEBUG (org.hibernate.cfg.annotations.CollectionBinder:1049) - Binding as ManyToMany: com.smart.domain.User.manBoards
2019-05-06 11:12:39,359 DEBUG (org.hibernate.cfg.CollectionSecondPass:80) - Mapped collection key: user_id, element: board_id
2019-05-06 11:12:39,359 DEBUG (org.hibernate.cfg.CollectionSecondPass:64) - Second pass for collection: com.smart.domain.Board.users
2019-05-06 11:12:39,360 DEBUG (org.hibernate.cfg.annotations.CollectionBinder:1049) - Binding as ManyToMany: com.smart.domain.Board.users
2019-05-06 11:12:39,360 DEBUG (org.hibernate.cfg.annotations.TableBinder:332) - Retrieving property com.smart.domain.User.manBoards
2019-05-06 11:12:39,360 DEBUG (org.hibernate.cfg.CollectionSecondPass:80) - Mapped collection key: board_id, element: user_id
2019-05-06 11:12:39,361 DEBUG (org.hibernate.cfg.Configuration:1598) - Processing native query and ResultSetMapping mappings
2019-05-06 11:12:39,361 DEBUG (org.hibernate.cfg.Configuration:1606) - Processing association property references
2019-05-06 11:12:39,361 DEBUG (org.hibernate.cfg.Configuration:1628) - Creating tables' unique integer identifiers
2019-05-06 11:12:39,361 DEBUG (org.hibernate.cfg.Configuration:1629) - Processing foreign key constraints
2019-05-06 11:12:39,361 DEBUG (org.hibernate.cfg.Configuration:1700) - Resolving reference to class: com.smart.domain.Board
2019-05-06 11:12:39,362 DEBUG (org.hibernate.cfg.Configuration:1700) - Resolving reference to class: com.smart.domain.User
2019-05-06 11:12:39,362 DEBUG (org.hibernate.cfg.Configuration:1700) - Resolving reference to class: com.smart.domain.User
2019-05-06 11:12:39,362 DEBUG (org.hibernate.cfg.Configuration:1700) - Resolving reference to class: com.smart.domain.Topic
2019-05-06 11:12:39,362 DEBUG (org.hibernate.cfg.Configuration:1700) - Resolving reference to class: com.smart.domain.User
2019-05-06 11:12:39,362 DEBUG (org.hibernate.cfg.Configuration:1700) - Resolving reference to class: com.smart.domain.User
Cannot create JDBC driver of class 'org.postgresql.Driver' for connect URL 'æ]]>&#x95;<![CDATA[°æ]]>&#x8d;<![CDATA[®åº]]>&#x93;<![CDATA[è¿]]>&#x9e;<![CDATA[æ]]>&#x8e;<![CDATA[¥'
java.sql.SQLException: No suitable driver
	at java.sql.DriverManager.getDriver(DriverManager.java:315)
	at org.apache.commons.dbcp.BasicDataSource.createConnectionFactory(BasicDataSource.java:1437)
	at org.apache.commons.dbcp.BasicDataSource.createDataSource(BasicDataSource.java:1371)
	at org.apache.commons.dbcp.BasicDataSource.getConnection(BasicDataSource.java:1044)
	at org.hibernate.service.jdbc.connections.internal.DatasourceConnectionProviderImpl.getConnection(DatasourceConnectionProviderImpl.java:141)
	at org.hibernate.engine.jdbc.internal.JdbcServicesImpl$ConnectionProviderJdbcConnectionAccess.obtainConnection(JdbcServicesImpl.java:242)
	at org.hibernate.engine.jdbc.internal.JdbcServicesImpl.configure(JdbcServicesImpl.java:117)
	at org.hibernate.service.internal.StandardServiceRegistryImpl.configureService(StandardServiceRegistryImpl.java:75)
	at org.hibernate.service.internal.AbstractServiceRegistryImpl.initializeService(AbstractServiceRegistryImpl.java:159)
	at org.hibernate.service.internal.AbstractServiceRegistryImpl.getService(AbstractServiceRegistryImpl.java:131)
	at org.hibernate.cfg.SettingsFactory.buildSettings(SettingsFactory.java:78)
	at org.hibernate.cfg.Configuration.buildSettingsInternal(Configuration.java:2283)
	at org.hibernate.cfg.Configuration.buildSettings(Configuration.java:2279)
	at org.springframework.orm.hibernate4.LocalSessionFactoryBuilder.buildSettings(LocalSessionFactoryBuilder.java:343)
	at org.hibernate.cfg.Configuration.buildSessionFactory(Configuration.java:1748)
	at org.hibernate.cfg.Configuration.buildSessionFactory(Configuration.java:1788)
	at org.springframework.orm.hibernate4.LocalSessionFactoryBuilder.buildSessionFactory(LocalSessionFactoryBuilder.java:372)
	at org.springframework.orm.hibernate4.LocalSessionFactoryBean.buildSessionFactory(LocalSessionFactoryBean.java:454)
	at org.springframework.orm.hibernate4.LocalSessionFactoryBean.afterPropertiesSet(LocalSessionFactoryBean.java:439)
	at org.springframework.beans.factory.support.AbstractAutowireCapableBeanFactory.invokeInitMethods(AbstractAutowireCapableBeanFactory.java:1637)
	at org.springframework.beans.factory.support.AbstractAutowireCapableBeanFactory.initializeBean(AbstractAutowireCapableBeanFactory.java:1574)
	at org.springframework.beans.factory.support.AbstractAutowireCapableBeanFactory.doCreateBean(AbstractAutowireCapableBeanFactory.java:545)
	at org.springframework.beans.factory.support.AbstractAutowireCapableBeanFactory.createBean(AbstractAutowireCapableBeanFactory.java:482)
	at org.springframework.beans.factory.support.AbstractBeanFactory$1.getObject(AbstractBeanFactory.java:305)
	at org.springframework.beans.factory.support.DefaultSingletonBeanRegistry.getSingleton(DefaultSingletonBeanRegistry.java:230)
	at org.springframework.beans.factory.support.AbstractBeanFactory.doGetBean(AbstractBeanFactory.java:301)
	at org.springframework.beans.factory.support.AbstractBeanFactory.getBean(AbstractBeanFactory.java:196)
	at org.springframework.context.annotation.ConfigurationClassEnhancer$BeanMethodInterceptor.intercept(ConfigurationClassEnhancer.java:294)
	at com.smart.config.DaoConfig$$EnhancerBySpringCGLIB$$b4546b24.localSessionFactoryBean(<generated>)
	at com.smart.config.DaoConfig.sessionFactory(DaoConfig.java:60)
	at com.smart.config.DaoConfig$$EnhancerBySpringCGLIB$$b4546b24.CGLIB$sessionFactory$2(<generated>)
	at com.smart.config.DaoConfig$$EnhancerBySpringCGLIB$$b4546b24$$FastClassBySpringCGLIB$$ff37ed1e.invoke(<generated>)
	at org.springframework.cglib.proxy.MethodProxy.invokeSuper(MethodProxy.java:228)
	at org.springframework.context.annotation.ConfigurationClassEnhancer$BeanMethodInterceptor.intercept(ConfigurationClassEnhancer.java:318)
	at com.smart.config.DaoConfig$$EnhancerBySpringCGLIB$$b4546b24.sessionFactory(<generated>)
	at sun.reflect.NativeMethodAccessorImpl.invoke0(Native Method)
	at sun.reflect.NativeMethodAccessorImpl.invoke(NativeMethodAccessorImpl.java:62)
	at sun.reflect.DelegatingMethodAccessorImpl.invoke(DelegatingMethodAccessorImpl.java:43)
	at java.lang.reflect.Method.invoke(Method.java:498)
	at org.springframework.beans.factory.support.SimpleInstantiationStrategy.instantiate(SimpleInstantiationStrategy.java:162)
	at org.springframework.beans.factory.support.ConstructorResolver.instantiateUsingFactoryMethod(ConstructorResolver.java:588)
	at org.springframework.beans.factory.support.AbstractAutowireCapableBeanFactory.instantiateUsingFactoryMethod(AbstractAutowireCapableBeanFactory.java:1123)
	at org.springframework.beans.factory.support.AbstractAutowireCapableBeanFactory.createBeanInstance(AbstractAutowireCapableBeanFactory.java:1018)
	at org.springframework.beans.factory.support.AbstractAutowireCapableBeanFactory.doCreateBean(AbstractAutowireCapableBeanFactory.java:510)
	at org.springframework.beans.factory.support.AbstractAutowireCapableBeanFactory.createBean(AbstractAutowireCapableBeanFactory.java:482)
	at org.springframework.beans.factory.support.AbstractBeanFactory$1.getObject(AbstractBeanFactory.java:305)
	at org.springframework.beans.factory.support.DefaultSingletonBeanRegistry.getSingleton(DefaultSingletonBeanRegistry.java:230)
	at org.springframework.beans.factory.support.AbstractBeanFactory.doGetBean(AbstractBeanFactory.java:301)
	at org.springframework.beans.factory.support.AbstractBeanFactory.getBean(AbstractBeanFactory.java:196)
	at org.springframework.context.annotation.ConfigurationClassEnhancer$BeanMethodInterceptor.intercept(ConfigurationClassEnhancer.java:331)
	at com.smart.config.DaoConfig$$EnhancerBySpringCGLIB$$b4546b24.sessionFactory(<generated>)
	at com.smart.config.DaoConfig.hibernateTemplate(DaoConfig.java:66)
	at com.smart.config.DaoConfig$$EnhancerBySpringCGLIB$$b4546b24.CGLIB$hibernateTemplate$3(<generated>)
	at com.smart.config.DaoConfig$$EnhancerBySpringCGLIB$$b4546b24$$FastClassBySpringCGLIB$$ff37ed1e.invoke(<generated>)
	at org.springframework.cglib.proxy.MethodProxy.invokeSuper(MethodProxy.java:228)
	at org.springframework.context.annotation.ConfigurationClassEnhancer$BeanMethodInterceptor.intercept(ConfigurationClassEnhancer.java:318)
	at com.smart.config.DaoConfig$$EnhancerBySpringCGLIB$$b4546b24.hibernateTemplate(<generated>)
	at sun.reflect.NativeMethodAccessorImpl.invoke0(Native Method)
	at sun.reflect.NativeMethodAccessorImpl.invoke(NativeMethodAccessorImpl.java:62)
	at sun.reflect.DelegatingMethodAccessorImpl.invoke(DelegatingMethodAccessorImpl.java:43)
	at java.lang.reflect.Method.invoke(Method.java:498)
	at org.springframework.beans.factory.support.SimpleInstantiationStrategy.instantiate(SimpleInstantiationStrategy.java:162)
	at org.springframework.beans.factory.support.ConstructorResolver.instantiateUsingFactoryMethod(ConstructorResolver.java:588)
	at org.springframework.beans.factory.support.AbstractAutowireCapableBeanFactory.instantiateUsingFactoryMethod(AbstractAutowireCapableBeanFactory.java:1123)
	at org.springframework.beans.factory.support.AbstractAutowireCapableBeanFactory.createBeanInstance(AbstractAutowireCapableBeanFactory.java:1018)
	at org.springframework.beans.factory.support.AbstractAutowireCapableBeanFactory.doCreateBean(AbstractAutowireCapableBeanFactory.java:510)
	at org.springframework.beans.factory.support.AbstractAutowireCapableBeanFactory.createBean(AbstractAutowireCapableBeanFactory.java:482)
	at org.springframework.beans.factory.support.AbstractBeanFactory$1.getObject(AbstractBeanFactory.java:305)
	at org.springframework.beans.factory.support.DefaultSingletonBeanRegistry.getSingleton(DefaultSingletonBeanRegistry.java:230)
	at org.springframework.beans.factory.support.AbstractBeanFactory.doGetBean(AbstractBeanFactory.java:301)
	at org.springframework.beans.factory.support.AbstractBeanFactory.getBean(AbstractBeanFactory.java:196)
	at org.springframework.beans.factory.support.DefaultListableBeanFactory.findAutowireCandidates(DefaultListableBeanFactory.java:1192)
	at org.springframework.beans.factory.support.DefaultListableBeanFactory.doResolveDependency(DefaultListableBeanFactory.java:1116)
	at org.springframework.beans.factory.support.Defa2019-05-06 11:12:39,364  WARN (org.hibernate.engine.jdbc.internal.JdbcServicesImpl:169) - HHH000342: Could not obtain connection to query metadata : Cannot create JDBC driver of class 'org.postgresql.Driver' for connect URL 'æ]]>&#x95;<![CDATA[°æ]]>&#x8d;<![CDATA[®åº]]>&#x93;<![CDATA[è¿]]>&#x9e;<![CDATA[æ]]>&#x8e;<![CDATA[¥'
2019-05-06 11:12:39,364  INFO (org.hibernate.dialect.Dialect:128) - HHH000400: Using dialect: org.hibernate.dialect.PostgreSQL82Dialect
2019-05-06 11:12:39,365  INFO (org.hibernate.engine.jdbc.internal.LobCreatorBuilder:85) - HHH000422: Disabling contextual LOB creation as connection was null
2019-05-06 11:12:39,365 DEBUG (org.hibernate.cfg.SettingsFactory:114) - Automatic flush during beforeCompletion(): disabled
2019-05-06 11:12:39,365 DEBUG (org.hibernate.cfg.SettingsFactory:120) - Automatic session close at end of transaction: disabled
2019-05-06 11:12:39,365 DEBUG (org.hibernate.cfg.SettingsFactory:147) - Scrollable result sets: disabled
2019-05-06 11:12:39,365 DEBUG (org.hibernate.cfg.SettingsFactory:153) - Wrap result sets: disabled
2019-05-06 11:12:39,366 DEBUG (org.hibernate.cfg.SettingsFactory:159) - JDBC3 getGeneratedKeys(): disabled
2019-05-06 11:12:39,366 DEBUG (org.hibernate.cfg.SettingsFactory:171) - multi-tenancy strategy : NONE
2019-05-06 11:12:39,366 DEBUG (org.hibernate.cfg.SettingsFactory:177) - Connection release mode: auto
2019-05-06 11:12:39,366  INFO (org.hibernate.engine.transaction.internal.TransactionFactoryInitiator:68) - HHH000399: Using default transaction strategy (direct JDBC transactions)
2019-05-06 11:12:39,367 DEBUG (org.hibernate.cfg.SettingsFactory:199) - Using BatchFetchStyle : LEGACY
2019-05-06 11:12:39,367 DEBUG (org.hibernate.cfg.SettingsFactory:224) - Default batch fetch size: 1
2019-05-06 11:12:39,367 DEBUG (org.hibernate.cfg.SettingsFactory:230) - Generate SQL with comments: disabled
2019-05-06 11:12:39,367 DEBUG (org.hibernate.cfg.SettingsFactory:236) - Order SQL updates by primary key: disabled
2019-05-06 11:12:39,367 DEBUG (org.hibernate.cfg.SettingsFactory:242) - Order SQL inserts for batching: disabled
2019-05-06 11:12:39,367 DEBUG (org.hibernate.cfg.SettingsFactory:250) - Default null ordering: none
2019-05-06 11:12:39,368 DEBUG (org.hibernate.cfg.SettingsFactory:541) - Query translator: org.hibernate.hql.internal.ast.ASTQueryTranslatorFactory
2019-05-06 11:12:39,368  INFO (org.hibernate.hql.internal.ast.ASTQueryTranslatorFactory:48) - HHH000397: Using ASTQueryTranslatorFactory
2019-05-06 11:12:39,368 DEBUG (org.hibernate.cfg.SettingsFactory:260) - Query language substitutions: {}
2019-05-06 11:12:39,368 DEBUG (org.hibernate.cfg.SettingsFactory:266) - JPA-QL strict compliance: disabled
2019-05-06 11:12:39,369 DEBUG (org.hibernate.cfg.SettingsFactory:274) - Second-level cache: enabled
2019-05-06 11:12:39,369 DEBUG (org.hibernate.cfg.SettingsFactory:280) - Query cache: disabled
2019-05-06 11:12:39,369 DEBUG (org.hibernate.cfg.SettingsFactory:481) - Cache region factory : org.hibernate.cache.ehcache.EhCacheRegionFactory
2019-05-06 11:12:39,369 DEBUG (org.hibernate.cfg.SettingsFactory:295) - Optimize cache for minimal puts: enabled
2019-05-06 11:12:39,369 DEBUG (org.hibernate.cfg.SettingsFactory:310) - Structured second-level cache entries: disabled
2019-05-06 11:12:39,370 DEBUG (org.hibernate.cfg.SettingsFactory:320) - Second-level cache direct-reference entries: disabled
2019-05-06 11:12:39,370 DEBUG (org.hibernate.cfg.SettingsFactory:328) - Statistics: enabled
2019-05-06 11:12:39,370 DEBUG (org.hibernate.cfg.SettingsFactory:334) - Deleted entity synthetic identifier rollback: disabled
2019-05-06 11:12:39,370 DEBUG (org.hibernate.cfg.SettingsFactory:358) - Default entity-mode: pojo
2019-05-06 11:12:39,370 DEBUG (org.hibernate.cfg.SettingsFactory:364) - Named query checking : enabled
2019-05-06 11:12:39,371 DEBUG (org.hibernate.cfg.SettingsFactory:370) - Check Nullability in Core (should be disabled when Bean Validation is on): enabled
2019-05-06 11:12:39,371 DEBUG (org.hibernate.cfg.SettingsFactory:388) - Allow initialization of lazy state outside session : : disabled
2019-05-06 11:12:39,371 DEBUG (org.hibernate.cfg.SettingsFactory:398) - JTA Track by Thread: enabled
2019-05-06 11:12:39,371 DEBUG (org.hibernate.internal.SessionFactoryImpl:225) - Building session factory
2019-05-06 11:12:39,376  WARN (org.springframework.context.support.GenericApplicationContext:544) - Exception encountered during context initialization - cancelling refresh attempt
org.springframework.beans.factory.BeanCreationException: Error creating bean with name 'boardDao': Injection of autowired dependencies failed; nested exception is org.springframework.beans.factory.BeanCreationException: Could not autowire method: public void com.smart.dao.BaseDao.setHibernateTemplate(org.springframework.orm.hibernate4.HibernateTemplate); nested exception is org.springframework.beans.factory.BeanCreationException: Error creating bean with name 'hibernateTemplate' defined in com.smart.config.DaoConfig: Bean instantiation via factory method failed; nested exception is org.springframework.beans.BeanInstantiationException: Failed to instantiate [org.springframework.orm.hibernate4.HibernateTemplate]: Factory method 'hibernateTemplate' threw exception; nested exception is org.springframework.beans.factory.BeanCreationException: Error creating bean with name 'sessionFactory' defined in com.smart.config.DaoConfig: Bean instantiation via factory method failed; nested exception is org.springframework.beans.BeanInstantiationException: Failed to instantiate [org.hibernate.SessionFactory]: Factory method 'sessionFactory' threw exception; nested exception is org.springframework.beans.factory.BeanCreationException: Error creating bean with name 'localSessionFactoryBean' defined in com.smart.config.DaoConfig: Invocation of init method failed; nested exception is org.hibernate.service.spi.ServiceException: Unable to create requested service [org.hibernate.engine.spi.CacheImplementor]
	at org.springframework.beans.factory.annotation.AutowiredAnnotationBeanPostProcessor.postProcessPropertyValues(AutowiredAnnotationBeanPostProcessor.java:334)
	at org.springframework.beans.factory.support.AbstractAutowireCapableBeanFactory.populateBean(AbstractAutowireCapableBeanFactory.java:1214)
	at org.springframework.beans.factory.support.AbstractAutowireCapableBeanFactory.doCreateBean(AbstractAutowireCapableBeanFactory.java:543)
	at org.springframework.beans.factory.support.AbstractAutowireCapableBeanFactory.createBean(AbstractAutowireCapableBeanFactory.java:482)
	at org.springframework.beans.factory.support.AbstractBeanFactory$1.getObject(AbstractBeanFactory.java:305)
	at org.springframework.beans.factory.support.DefaultSingletonBeanRegistry.getSingleton(DefaultSingletonBeanRegistry.java:230)
	at org.springframework.beans.factory.support.AbstractBeanFactory.doGetBean(AbstractBeanFactory.java:301)
	at org.springframework.beans.factory.support.AbstractBeanFactory.getBean(AbstractBeanFactory.java:196)
	at org.springframework.beans.factory.support.DefaultListableBeanFactory.preInstantiateSingletons(DefaultListableBeanFactory.java:772)
	at org.springframework.context.support.AbstractApplicationContext.finishBeanFactoryInitialization(AbstractApplicationContext.java:835)
	at org.springframework.context.support.AbstractApplicationContext.refresh(AbstractApplicationContext.java:537)
	at org.springframework.test.context.support.AbstractGenericContextLoader.loadContext(AbstractGenericContextLoader.java:125)
	at org.springframework.test.context.support.AbstractGenericContextLoader.loadContext(AbstractGenericContextLoader.java:60)
	at org.springframework.test.context.support.AbstractDelegatingSmartContextLoader.delegateLoading(AbstractDelegatingSmartContextLoader.java:109)
	at org.springframework.test.context.support.AbstractDelegatingSmartContextLoader.loadContext(AbstractDelegatingSmartContextLoader.java:261)
	at org.springframework.test.context.cache.DefaultCacheAwareContextLoaderDelegate.loadContextInternal(DefaultCacheAwareContextLoaderDelegate.java:98)
	at org.springframework.test.context.cache.DefaultCacheAwareContextLoaderDelegate.loadContext(DefaultCacheAwareContextLoaderDelegate.java:116)
	at org.springframework.test.context.support.DefaultTestContext.getApplicationContext(DefaultTestContext.java:83)
	at org.springframework.test.context.support.DependencyInjectionTestExecutionListener.injectDependencies(DependencyInjectionTestExecutionListener.java:117)
	at org.springframework.test.context.support.DependencyInjectionTestExecutionListener.prepareTestInstance(DependencyInjectionTestExecutionListener.java:83)
	at org.springframework.test.context.TestContextManager.prepareTestInstance(TestContextManager.java:228)
	at org.springframework.test.context.junit4.SpringJUnit4ClassRunner.createTest(SpringJUnit4ClassRunner.java:230)
	at org.springframework.test.context.junit4.SpringJUnit4ClassRunner$1.runReflectiveCall(SpringJUnit4ClassRunner.java:289)
	at org.junit.internal.runners.model.ReflectiveCallable.run(ReflectiveCallable.java:12)
	at org.springframework.test.context.junit4.SpringJUnit4ClassRunner.methodBlock(SpringJUnit4ClassRunner.java:291)
	at org.springframework.test.context.junit4.SpringJUnit4ClassRunner.runChild(SpringJUnit4ClassRunner.java:249)
	at org.springframework.test.context.junit4.SpringJUnit4ClassRunner.runChild(SpringJUnit4ClassRunner.java:89)
	at org.junit.runners.ParentRunner$3.run(ParentRunner.java:290)
	at org.junit.runners.ParentRunner$1.schedule(ParentRunner.java:71)
	at org.junit.runners.ParentRunner.runChildren(ParentRunner.java:288)
	at org.junit.runners.ParentRunner.access$000(ParentRunner.java:58)
	at org.junit.runners.ParentRunner$2.evaluate(ParentRunner.java:268)
	at org.springframework.test.context.junit4.statements.RunBeforeTestClassCallbacks.evaluate(RunBeforeTestClassCallbacks.java:61)
	at org.springframework.test.context.junit4.statements.RunAfterTestClassCallbacks.evaluate(RunAfterTestClassCallbacks.java:70)
	at org.junit.runners.ParentRunner.run(ParentRunner.java:363)
	at org.springframework.test.context.junit4.SpringJUnit4ClassRunner.run(SpringJUnit4ClassRunner.java:193)
	at org.gradle.api.internal.tasks.testing.junit.JUnitTestClassExecutor.runTestClass(JUnitTestClassExecutor.java:106)
	at org.gradle.api.internal.tasks.testing.junit.JUnitTestClassExecutor.execute(JUnitTestClassExecutor.java:58)
	at org.gradle.api.internal.tasks.testing.junit.JUnitTestClassExecutor.execute(JUnitTestClassExecutor.java:38)
	at org.gradle.api.internal.tasks.testing.junit.AbstractJUnitTestClassProcessor.processTestClass(AbstractJUnitTestClassProcessor.java:66)
	at org.gradle.api.internal.tasks.testing.SuiteTestClassProcessor.processTestClass(SuiteTestClassProcessor.java:51)
	at sun.reflect.NativeMethodAccessorImpl.invoke0(Native Method)
	at sun.reflect.NativeMethodAccessorImpl.invoke(NativeMethodAccessorImpl.java:62)
	at sun.reflect.DelegatingMethodAccessorImpl.invoke(DelegatingMethodAccessorImpl.java:43)
	at java.lang.reflect.Method.invoke(Method.java:498)
	at org.gradle.internal.dispatch.ReflectionDispatch.dispatch(ReflectionDispatch.java:35)
	at org.gradle.internal.dispatch.ReflectionDispatch.dispatch(ReflectionDispatch.java:24)
	at org.gradle.internal.dispatch.ContextClassLoaderDispatch.dispatch(ContextClassLoaderDispatch.java:32)
	at org.gradle.internal.dispatch.ProxyDispatchAdapter$DispatchingInvocationHandler.invoke(ProxyDispatchAdapter.java:93)
	at com.sun.proxy.$Proxy2.processTestClass(Unknown Source)
	at org.gradle.api.internal.tasks.testing.worker.TestWorker.processTestClass(TestWorker.java:117)
	at sun.reflect.NativeMethodAccessorImpl.invoke0(Native Method)
	at sun.reflect.NativeMethodAccessorImpl.invoke(NativeMethodAccessorImpl.java:62)
	at sun.reflect.DelegatingMethodAccessorImpl.invoke(DelegatingMethodAccessorImpl.java:43)
	at java.lang.reflect.Method.invoke(Method.java:498)
	at org.gradle.internal.dispatch.ReflectionDispatch.dispatch(ReflectionDispatch.java:35)
	at org.gradle.internal.dispatch.ReflectionDispatch.dispatch(ReflectionDispatch.java:24)
	at org.gradle.internal.remote.internal.hub.MessageHubBackedObjectConnection$DispatchWrapper.dispatch(MessageHubBackedObjectConnection.java:155)
	at org.gradle.internal.remote.internal.hub.MessageHubBackedObjectConnection$DispatchWrapper.dispatch(MessageHubBackedObjectConnection.java:137)
	at org.gradle.internal.remote.internal.hub.MessageHub$Handler.run(MessageHub.java:404)
	at org.gradle.internal.concurrent.ExecutorPolicy$CatchAndRecordFailures.onExecute(ExecutorPolicy.java:63)
	at org.gradle.internal.concurrent.ManagedExecutorImpl$1.run(ManagedExecutorImpl.java:46)
	at java.util.concurrent.ThreadPoolExecutor.runWorker(ThreadPoolExecutor.java:1149)
	at java.util.concurrent.ThreadPoolExecutor$Worker.run(ThreadPoolExecutor.java:624)
	at org.gradle.internal.concurrent.ThreadFactoryImpl$ManagedThreadRunnable.run(ThreadFactoryImpl.java:55)
	at java.lang.Thread.run(Thread.java:748)
Caused by: org.springframework.beans.factory.BeanCreationException: Could not autowire method: public void com.smart.dao.BaseDao.setHibernateTemplate(org.springframework.orm.hibernate4.HibernateTemplate); nested exception is org.springframework.beans.factory.BeanCreationException: Error creating bean with name 'hibernateTemplate' defined in com.smart.config.DaoConfig: Bean instantiation via factory method failed; nested exception is org.springframework.beans.BeanInstantiationException: Failed to instantiate [org.springframework.orm.hibernate4.HibernateTemplate]: Factory method 'hibernateTemplate' threw exception; nested exception is org.springframework.beans.factory.BeanCreationException: Error creating bean with name 'sessionFactory' defined in com.smart.config.DaoConfig: Bean instantiation via factory method failed; nested exception is org.springframework.beans.BeanInstantiationException: Failed to instantiate [org.hibernate.SessionFactory]: Factory method 'sessionFactory' threw exception; nested exception is org.springframework.beans.factory.BeanCreationException: Error creating bean with name 'localSessionFactoryBean' defined in com.smart.config.DaoConfig: Invocation of init method failed; nested exception is org.hibernate.service.spi.ServiceException: Unable to create requested service [org.hibernate.engine.spi.CacheImplementor]
	at org.springframework.beans.factory.annotation.AutowiredAnnotationBeanPostProcessor$AutowiredMethodElement.inject(AutowiredAnnotationBeanPostProcessor.java:659)
	at org.springframework.beans.factory.annotation.InjectionMetadata.inject(InjectionMetadata.java:88)
	at org.springframework.beans.factory.annotation.AutowiredAnnotationBeanPostProcessor.postProcessPropertyValues(AutowiredAnnotationBeanPostProcessor.java:331)
	... 65 more
Caused by: org.springframework.beans.factory.BeanCreationException: Error creating bean with name 'hibernateTemplate' defined in com.smart.config.DaoConfig: Bean instantiation via factory method failed; nested exception is org.springframework.beans.BeanInstantiationException: Failed to instantiate [org.springframework.orm.hibernate4.HibernateTemplate]: Factory method 'hibernateTemplate' threw exception; nested exception is org.springframework.beans.factory.BeanCreationException: Error creating bean with name 'sessionFactory' defined in com.smart.config.DaoConfig: Bean instantiation via factory method failed; nested exception is org.springframework.beans.BeanInstantiationException: Failed to instantiate [org.hibernate.SessionFactory]: Factory method 'sessionFactory' threw exception; nested exception is org.springframework.beans.factory.BeanCreationException: Error creating bean with name 'localSessionFactoryBean' defined in com.smart.config.DaoConfig: Invocation of init method failed; nested exception is org.hibernate.service.spi.ServiceException: Unable to create requested service [org.hibernate.engine.spi.CacheImplementor]
	at org.springframework.beans.factory.support.ConstructorResolver.instantiateUsingFactoryMethod(ConstructorResolver.java:599)
	at org.springframework.beans.factory.support.AbstractAutowireCapableBeanFactory.instantiateUsingFactoryMethod(AbstractAutowireCapableBeanFactory.java:1123)
	at org.springframework.beans.factory.support.AbstractAutowireCapableBeanFactory.createBeanInstance(AbstractAutowireCapableBeanFactory.java:1018)
	at org.springframework.beans.factory.support.AbstractAutowireCapableBeanFactory.doCreateBean(AbstractAutowireCapableBeanFactory.java:510)
	at org.springframework.beans.factory.support.AbstractAutowireCapableBeanFactory.createBean(AbstractAutowireCapableBeanFactory.java:482)
	at org.springframework.beans.factory.support.AbstractBeanFactory$1.getObject(AbstractBeanFactory.java:305)
	at org.springframework.beans.factory.support.DefaultSingletonBeanRegistry.getSingleton(DefaultSingletonBeanRegistry.java:230)
	at org.springframework.beans.factory.support.AbstractBeanFactory.doGetBean(AbstractBeanFactory.java:301)
	at org.springframework.beans.factory.support.AbstractBeanFactory.getBean(AbstractBeanFactory.java:196)
	at org.springframework.beans.factory.support.DefaultListableBeanFactory.findAutowireCandidates(DefaultListableBeanFactory.java:1192)
	at org.springframework.beans.factory.support.DefaultListableBeanFactory.doResolveDependency(DefaultListableBeanFactory.java:1116)
	at org.springframework.beans.factory.support.DefaultListableBeanFactory.resolveDependency(DefaultListableBeanFactory.java:1014)
	at org.springframework.beans.factory.annotation.AutowiredAnnotationBeanPostProcessor$AutowiredMethodElement.inject(AutowiredAnnotationBeanPostProcessor.java:616)
	... 67 more
Caused by: org.springframework.beans.BeanInstantiationException: Failed to instantiate [org.springframework.orm.hibernate4.HibernateTemplate]: Factory method 'hibernateTemplate' threw exception; nested exception is org.springframework.beans.factory.BeanCreationException: Error creating bean with name 'sessionFactory' defined in com.smart.config.DaoConfig: Bean instantiation via factory method failed; nested exception is org.springframework.beans.BeanInstantiationException: Failed to instantiate [org.hibernate.SessionFactory]: Factory method 'sessionFactory' threw exception; nested exception is org.springframework.beans.factory.BeanCreationException: Error creating bean with name 'localSessionFactoryBean' defined in com.smart.config.DaoConfig: Invocation of init method failed; nested exception is org.hibernate.service.spi.ServiceException: Unable to create requested service [org.hibernate.engine.spi.CacheImplementor]
	at org.springframework.beans.factory.support.SimpleInstantiationStrategy.instantiate(SimpleInstantiationStrategy.java:189)
	at org.springframework.beans.factory.support.ConstructorResolver.instantiateUsingFactoryMethod(ConstructorResolver.java:588)
	... 79 more
Caused by: org.springframework.beans.factory.BeanCreationException: Error creating bean with name 'sessionFactory' defined in com.smart.config.DaoConfig: Bean instantiation via factory method failed; nested exception is org.springframework.beans.BeanInstantiationException: Failed to instantiate [org.hibernate.SessionFactory]: Factory method 'sessionFactory' threw exception; nested exception is org.springframework.beans.factory.BeanCreationException: Error creating bean with name 'localSessionFactoryBean' defined in com.smart.config.DaoConfig: Invocation of init method failed; nested exception is org.hibernate.service.spi.ServiceException: Unable to create requested service [org.hibernate.engine.spi.CacheImplementor]
	at org.springframework.beans.factory.support.ConstructorResolver.instantiateUsingFactoryMethod(ConstructorResolver.java:599)
	at org.springframework.beans.factory.support.AbstractAutowireCapableBeanFactory.instantiateUsingFactoryMethod(AbstractAutowireCapableBeanFactory.java:1123)
	at org.springframework.beans.factory.support.AbstractAutowireCapableBeanFactory.createBeanInstance(AbstractAutowireCapableBeanFactory.java:1018)
	at org.springframework.beans.factory.support.AbstractAutowireCapableBeanFactory.doCreateBean(AbstractAutowireCapableBeanFactory.java:510)
	at org.springframework.beans.factory.support.AbstractAutowireCapableBeanFactory.createBean(AbstractAutowireCapableBeanFactory.java:482)
	at org.springframework.beans.factory.support.AbstractBeanFactory$1.getObject(AbstractBeanFactory.java:305)
	at org.springframework.beans.factory.support.DefaultSingletonBeanRegistry.getSingleton(DefaultSingletonBeanRegistry.java:230)
	at org.springframework.beans.factory.support.AbstractBeanFactory.doGetBean(AbstractBeanFactory.java:301)
	at org.springframework.beans.factory.support.AbstractBeanFactory.getBean(AbstractBeanFactory.java:196)
	at org.springframework.context.annotation.ConfigurationClassEnhancer$BeanMethodInterceptor.intercept(ConfigurationClassEnhancer.java:331)
	at com.smart.config.DaoConfig$$EnhancerBySpringCGLIB$$b4546b24.sessionFactory(<generated>)
	at com.smart.config.DaoConfig.hibernateTemplate(DaoConfig.java:66)
	at com.smart.config.DaoConfig$$EnhancerBySpringCGLIB$$b4546b24.CGLIB$hibernateTemplate$3(<generated>)
	at com.smart.config.DaoConfig$$EnhancerBySpringCGLIB$$b4546b24$$FastClassBySpringCGLIB$$ff37ed1e.invoke(<generated>)
	at org.springframework.cglib.proxy.MethodProxy.invokeSuper(MethodProxy.java:228)
	at org.springframework.context.annotation.ConfigurationClassEnhancer$BeanMethodInterceptor.intercept(ConfigurationClassEnhancer.java:318)
	at com.smart.config.DaoConfig$$EnhancerBySpringCGLIB$$b4546b24.hibernateTemplate(<generated>)
	at sun.reflect.NativeMethodAccessorImpl.invoke0(Native Method)
	at sun.reflect.NativeMethodAccessorImpl.invoke(NativeMethodAccessorImpl.java:62)
	at sun.reflect.DelegatingMethodAccessorImpl.invoke(DelegatingMethodAccessorImpl.java:43)
	at java.lang.reflect.Method.invoke(Method.java:498)
	at org.springframework.beans.factory.support.SimpleInstantiationStrategy.instantiate(SimpleInstantiationStrategy.java:162)
	... 80 more
Caused by: org.springframework.beans.BeanInstantiationException: Failed to instantiate [org.hibernate.SessionFactory]: Factory method 'sessionFactory' threw exception; nested exception is org.springframework.beans.factory.BeanCreationException: Error creating bean with name 'localSessionFactoryBean' defined in com.smart.config.DaoConfig: Invocation of init method failed; nested exception is org.hibernate.service.spi.ServiceException: Unable to create requested service [org.hibernate.engine.spi.CacheImplementor]
	at org.springframework.beans.factory.support.SimpleInstantiationStrategy.instantiate(SimpleInstantiationStrategy.java:189)
	at org.springframework.beans.factory.support.ConstructorResolver.instantiateUsingFactoryMethod(ConstructorResolver.java:588)
	... 101 more
Caused by: org.springframework.beans.factory.BeanCreationException: Error creating bean with name 'localSessionFactoryBean' defined in com.smart.config.DaoConfig: Invocation of init method failed; nested exception is org.hibernate.service.spi.ServiceException: Unable to create requested service [org.hibernate.engine.spi.CacheImplementor]
	at org.springframework.beans.factory.support.AbstractAutowireCapableBeanFactory.initializeBean(AbstractAutowireCapableBeanFactory.java:1578)
	at org.springframework.beans.factory.support.AbstractAutowireCapableBeanFactory.doCreateBean(AbstractAutowireCapableBeanFactory.java:545)
	at org.springframework.beans.factory.support.AbstractAutowireCapableBeanFactory.createBean(AbstractAutowireCapableBeanFactory.java:482)
	at org.springframework.beans.factory.support.AbstractBeanFactory$1.getObject(AbstractBeanFactory.java:305)
	at org.springframework.beans.factory.support.DefaultSingletonBeanRegistry.getSingleton(DefaultSingletonBeanRegistry.java:230)
	at org.springframework.beans.factory.support.AbstractBeanFactory.doGetBean(AbstractBeanFactory.java:301)
	at org.springframework.beans.factory.support.AbstractBeanFactory.getBean(AbstractBeanFactory.java:196)
	at org.springframework.context.annotation.ConfigurationClassEnhancer$BeanMethodInterceptor.intercept(ConfigurationClassEnhancer.java:294)
	at com.smart.config.DaoConfig$$EnhancerBySpringCGLIB$$b4546b24.localSessionFactoryBean(<generated>)
	at com.smart.config.DaoConfig.sessionFactory(DaoConfig.java:60)
	at com.smart.config.DaoConfig$$EnhancerBySpringCGLIB$$b4546b24.CGLIB$sessionFactory$2(<generated>)
	at com.smart.config.DaoConfig$$EnhancerBySpringCGLIB$$b4546b24$$FastClassBySpringCGLIB$$ff37ed1e.invoke(<generated>)
	at org.springframework.cglib.proxy.MethodProxy.invokeSuper(MethodProxy.java:228)
	at org.springframework.context.annotation.ConfigurationClassEnhancer$BeanMethodInterceptor.intercept(ConfigurationClassEnhancer.java:318)
	at com.smart.config.DaoConfig$$EnhancerBySpringCGLIB$$b4546b24.sessionFactory(<generated>)
	at sun.reflect.NativeMethodAccessorImpl.invoke0(Native Method)
	at sun.reflect.NativeMethodAccessorImpl.invoke(NativeMethodAccessorImpl.java:62)
	at sun.reflect.DelegatingMethodAccessorImpl.invoke(DelegatingMethodAccessorImpl.java:43)
	at java.lang.reflect.Method.invoke(Method.java:498)
	at org.springframework.beans.factory.support.SimpleInstantiationStrategy.instantiate(SimpleInstantiationStrategy.java:162)
	... 102 more
Caused by: org.hibernate.service.spi.ServiceException: Unable to create requested service [org.hibernate.engine.spi.CacheImplementor]
	at org.hibernate.service.internal.AbstractServiceRegistryImpl.createService(AbstractServiceRegistryImpl.java:186)
	at org.hibernate.service.internal.AbstractServiceRegistryImpl.initializeService(AbstractServiceRegistryImpl.java:150)
	at org.hibernate.service.internal.AbstractServiceRegistryImpl.getService(AbstractServiceRegistryImpl.java:131)
	at org.hibernate.internal.SessionFactoryImpl.<init>(SessionFactoryImpl.java:264)
	at org.hibernate.cfg.Configuration.buildSessionFactory(Configuration.java:1750)
	at org.hibernate.cfg.Configuration.buildSessionFactory(Configuration.java:1788)
	at org.springframework.orm.hibernate4.LocalSessionFactoryBuilder.buildSessionFactory(LocalSessionFactoryBuilder.java:372)
	at org.springframework.orm.hibernate4.LocalSessionFactoryBean.buildSessionFactory(LocalSessionFactoryBean.java:454)
	at org.springframework.orm.hibernate4.LocalSessionFactoryBean.afterPropertiesSet(LocalSessionFactoryBean.java:439)
	at org.springframework.beans.factory.support.AbstractAutowireCapableBeanFactory.invokeInitMethods(AbstractAutowireCapableBeanFactory.java:1637)
	at org.springframework.beans.factory.support.AbstractAutowireCapableBeanFactory.initializeBean(AbstractAutowireCapableBeanFactory.java:1574)
	... 121 more
Caused by: org.hibernate.cache.CacheException: net.sf.ehcache.CacheException: Another unnamed CacheManager already exists in the same VM. Please provide unique names for each CacheManager in the config or do one of following:
1. Use one of the CacheManager.create() static factory methods to reuse same CacheManager with same name or create one if necessary
2. Shutdown the earlier cacheManager before creating new one with same name.
The source of the existing CacheManager is: DefaultConfigurationSource [ ehcache.xml or ehcache-failsafe.xml ]
	at org.hibernate.cache.ehcache.EhCacheRegionFactory.start(EhCacheRegionFactory.java:110)
	at org.hibernate.internal.CacheImpl.<init>(CacheImpl.java:70)
	at org.hibernate.engine.spi.CacheInitiator.initiateService(CacheInitiator.java:40)
	at org.hibernate.engine.spi.CacheInitiator.initiateService(CacheInitiator.java:35)
	at org.hibernate.service.internal.SessionFactoryServiceRegistryImpl.initiateService(SessionFactoryServiceRegistryImpl.java:91)
	at org.hibernate.service.internal.AbstractServiceRegistryImpl.createService(AbstractServiceRegistryImpl.java:176)
	... 131 more
Caused by: net.sf.ehcache.CacheException: Another unnamed CacheManager already exists in the same VM. Please provide unique names for each CacheManager in the config or do one of following:
1. Use one of the CacheManager.create() static factory methods to reuse same CacheManager with same name or create one if necessary
2. Shutdown the earlier cacheManager before creating new one with same name.
The source of the existing CacheManager is: DefaultConfigurationSource [ ehcache.xml or ehcache-failsafe.xml ]
	at net.sf.ehcache.CacheManager.assertNoCacheManagerExistsWithSameName(CacheManager.java:628)
	at net.sf.ehcache.CacheManager.init(CacheManager.java:392)
	at net.sf.ehcache.CacheManager.<init>(CacheManager.java:270)
	at org.hibernate.cache.ehcache.EhCacheRegionFactory.start(EhCacheRegionFactory.java:83)
	... 136 more
2019-05-06 11:12:39,376  WARN (org.springframework.context.support.GenericApplicationContext:544) - Exception encountered during context initialization - cancelling refresh attempt
org.springframework.beans.factory.BeanCreationException: Error creating bean with name 'boardDao': Injection of autowired dependencies failed; nested exception is org.springframework.beans.factory.BeanCreationException: Could not autowire method: public void com.smart.dao.BaseDao.setHibernateTemplate(org.springframework.orm.hibernate4.HibernateTemplate); nested exception is org.springframework.beans.factory.BeanCreationException: Error creating bean with name 'hibernateTemplate' defined in com.smart.config.DaoConfig: Bean instantiation via factory method failed; nested exception is org.springframework.beans.BeanInstantiationException: Failed to instantiate [org.springframework.orm.hibernate4.HibernateTemplate]: Factory method 'hibernateTemplate' threw exception; nested exception is org.springframework.beans.factory.BeanCreationException: Error creating bean with name 'sessionFactory' defined in com.smart.config.DaoConfig: Bean instantiation via factory method failed; nested exception is org.springframework.beans.BeanInstantiationException: Failed to instantiate [org.hibernate.SessionFactory]: Factory method 'sessionFactory' threw exception; nested exception is org.springframework.beans.factory.BeanCreationException: Error creating bean with name 'localSessionFactoryBean' defined in com.smart.config.DaoConfig: Invocation of init method failed; nested exception is org.hibernate.service.spi.ServiceException: Unable to create requested service [org.hibernate.engine.spi.CacheImplementor]
	at org.springframework.beans.factory.annotation.AutowiredAnnotationBeanPostProcessor.postProcessPropertyValues(AutowiredAnnotationBeanPostProcessor.java:334)
	at org.springframework.beans.factory.support.AbstractAutowireCapableBeanFactory.populateBean(AbstractAutowireCapableBeanFactory.java:1214)
	at org.springframework.beans.factory.support.AbstractAutowireCapableBeanFactory.doCreateBean(AbstractAutowireCapableBeanFactory.java:543)
	at org.springframework.beans.factory.support.AbstractAutowireCapableBeanFactory.createBean(AbstractAutowireCapableBeanFactory.java:482)
	at org.springframework.beans.factory.support.AbstractBeanFactory$1.getObject(AbstractBeanFactory.java:305)
	at org.springframework.beans.factory.support.DefaultSingletonBeanRegistry.getSingleton(DefaultSingletonBeanRegistry.java:230)
	at org.springframework.beans.factory.support.AbstractBeanFactory.doGetBean(AbstractBeanFactory.java:301)
	at org.springframework.beans.factory.support.AbstractBeanFactory.getBean(AbstractBeanFactory.java:196)
	at org.springframework.beans.factory.support.DefaultListableBeanFactory.preInstantiateSingletons(DefaultListableBeanFactory.java:772)
	at org.springframework.context.support.AbstractApplicationContext.finishBeanFactoryInitialization(AbstractApplicationContext.java:835)
	at org.springframework.context.support.AbstractApplicationContext.refresh(AbstractApplicationContext.java:537)
	at org.springframework.test.context.support.AbstractGenericContextLoader.loadContext(AbstractGenericContextLoader.java:125)
	at org.springframework.test.context.support.AbstractGenericContextLoader.loadContext(AbstractGenericContextLoader.java:60)
	at org.springframework.test.context.support.AbstractDelegatingSmartContextLoader.delegateLoading(AbstractDelegatingSmartContextLoader.java:109)
	at org.springframework.test.context.support.AbstractDelegatingSmartContextLoader.loadContext(AbstractDelegatingSmartContextLoader.java:261)
	at org.springframework.test.context.cache.DefaultCacheAwareContextLoaderDelegate.loadContextInternal(DefaultCacheAwareContextLoaderDelegate.java:98)
	at org.springframework.test.context.cache.DefaultCacheAwareContextLoaderDelegate.loadContext(DefaultCacheAwareContextLoaderDelegate.java:116)
	at org.springframework.test.context.support.DefaultTestContext.getApplicationContext(DefaultTestContext.java:83)
	at org.springframework.test.context.support.DependencyInjectionTestExecutionListener.injectDependencies(DependencyInjectionTestExecutionListener.java:117)
	at org.springframework.test.context.support.DependencyInjectionTestExecutionListener.prepareTestInstance(DependencyInjectionTestExecutionListener.java:83)
	at org.springframework.test.context.TestContextManager.prepareTestInstance(TestContextManager.java:228)
	at org.springframework.test.context.junit4.SpringJUnit4ClassRunner.createTest(SpringJUnit4ClassRunner.java:230)
	at org.springframework.test.context.junit4.SpringJUnit4ClassRunner$1.runReflectiveCall(SpringJUnit4ClassRunner.java:289)
	at org.junit.internal.runners.model.ReflectiveCallable.run(ReflectiveCallable.java:12)
	at org.springframework.test.context.junit4.SpringJUnit4ClassRunner.methodBlock(SpringJUnit4ClassRunner.java:291)
	at org.springframework.test.context.junit4.SpringJUnit4ClassRunner.runChild(SpringJUnit4ClassRunner.java:249)
	at org.springframework.test.context.junit4.SpringJUnit4ClassRunner.runChild(SpringJUnit4ClassRunner.java:89)
	at org.junit.runners.ParentRunner$3.run(ParentRunner.java:290)
	at org.junit.runners.ParentRunner$1.schedule(ParentRunner.java:71)
	at org.junit.runners.ParentRunner.runChildren(ParentRunner.java:288)
	at org.junit.runners.ParentRunner.access$000(ParentRunner.java:58)
	at org.junit.runners.ParentRunner$2.evaluate(ParentRunner.java:268)
	at org.springframework.test.context.junit4.statements.RunBeforeTestClassCallbacks.evaluate(RunBeforeTestClassCallbacks.java:61)
	at org.springframework.test.context.junit4.statements.RunAfterTestClassCallbacks.evaluate(RunAfterTestClassCallbacks.java:70)
	at org.junit.runners.ParentRunner.run(ParentRunner.java:363)
	at org.springframework.test.context.junit4.SpringJUnit4ClassRunner.run(SpringJUnit4ClassRunner.java:193)
	at org.gradle.api.internal.tasks.testing.junit.JUnitTestClassExecutor.runTestClass(JUnitTestClassExecutor.java:106)
	at org.gradle.api.internal.tasks.testing.junit.JUnitTestClassExecutor.execute(JUnitTestClassExecutor.java:58)
	at org.gradle.api.internal.tasks.testing.junit.JUnitTestClassExecutor.execute(JUnitTestClassExecutor.java:38)
	at org.gradle.api.internal.tasks.testing.junit.AbstractJUnitTestClassProcessor.processTestClass(AbstractJUnitTestClassProcessor.java:66)
	at org.gradle.api.internal.tasks.testing.SuiteTestClassProcessor.processTestClass(SuiteTestClassProcessor.java:51)
	at sun.reflect.NativeMethodAccessorImpl.invoke0(Native Method)
	at sun.reflect.NativeMethodAccessorImpl.invoke(NativeMethodAccessorImpl.java:62)
	at sun.reflect.DelegatingMethodAccessorImpl.invoke(DelegatingMethodAccessorImpl.java:43)
	at java.lang.reflect.Method.invoke(Method.java:498)
	at org.gradle.internal.dispatch.ReflectionDispatch.dispatch(ReflectionDispatch.java:35)
	at org.gradle.internal.dispatch.ReflectionDispatch.dispatch(ReflectionDispatch.java:24)
	at org.gradle.internal.dispatch.ContextClassLoaderDispatch.dispatch(ContextClassLoaderDispatch.java:32)
	at org.gradle.internal.dispatch.ProxyDispatchAdapter$DispatchingInvocationHandler.invoke(ProxyDispatchAdapter.java:93)
	at com.sun.proxy.$Proxy2.processTestClass(Unknown Source)
	at org.gradle.api.internal.tasks.testing.worker.TestWorker.processTestClass(TestWorker.java:117)
	at sun.reflect.NativeMethodAccessorImpl.invoke0(Native Method)
	at sun.reflect.NativeMethodAccessorImpl.invoke(NativeMethodAccessorImpl.java:62)
	at sun.reflect.DelegatingMethodAccessorImpl.invoke(DelegatingMethodAccessorImpl.java:43)
	at java.lang.reflect.Method.invoke(Method.java:498)
	at org.gradle.internal.dispatch.ReflectionDispatch.dispatch(ReflectionDispatch.java:35)
	at org.gradle.internal.dispatch.ReflectionDispatch.dispatch(ReflectionDispatch.java:24)
	at org.gradle.internal.remote.internal.hub.MessageHubBackedObjectConnection$DispatchWrapper.dispatch(MessageHubBackedObjectConnection.java:155)
	at org.gradle.internal.remote.internal.hub.MessageHubBackedObjectConnection$DispatchWrapper.dispatch(MessageHubBackedObjectConnection.java:137)
	at org.gradle.internal.remote.internal.hub.MessageHub$Handler.run(MessageHub.java:404)
	at org.gradle.internal.concurrent.ExecutorPolicy$CatchAndRecordFailures.onExecute(ExecutorPolicy.java:63)
	at org.gradle.internal.concurrent.ManagedExecutorImpl$1.run(ManagedExecutorImpl.java:46)
	at java.util.concurrent.ThreadPoolExecutor.runWorker(ThreadPoolExecutor.java:1149)
	at java.util.concurrent.ThreadPoolExecutor$Worker.run(ThreadPoolExecutor.java:624)
	at org.gradle.internal.concurrent.ThreadFactoryImpl$ManagedThreadRunnable.run(ThreadFactoryImpl.java:55)
	at java.lang.Thread.run(Thread.java:748)
Caused by: org.springframework.beans.factory.BeanCreationException: Could not autowire method: public void com.smart.dao.BaseDao.setHibernateTemplate(org.springframework.orm.hibernate4.HibernateTemplate); nested exception is org.springframework.beans.factory.BeanCreationException: Error creating bean with name 'hibernateTemplate' defined in com.smart.config.DaoConfig: Bean instantiation via factory method failed; nested exception is org.springframework.beans.BeanInstantiationException: Failed to instantiate [org.springframework.orm.hibernate4.HibernateTemplate]: Factory method 'hibernateTemplate' threw exception; nested exception is org.springframework.beans.factory.BeanCreationException: Error creating bean with name 'sessionFactory' defined in com.smart.config.DaoConfig: Bean instantiation via factory method failed; nested exception is org.springframework.beans.BeanInstantiationException: Failed to instantiate [org.hibernate.SessionFactory]: Factory method 'sessionFactory' threw exception; nested exception is org.springframework.beans.factory.BeanCreationException: Error creating bean with name 'localSessionFactoryBean' defined in com.smart.config.DaoConfig: Invocation of init method failed; nested exception is org.hibernate.service.spi.ServiceException: Unable to create requested service [org.hibernate.engine.spi.CacheImplementor]
	at org.springframework.beans.factory.annotation.AutowiredAnnotationBeanPostProcessor$AutowiredMethodElement.inject(AutowiredAnnotationBeanPostProcessor.java:659)
	at org.springframework.beans.factory.annotation.InjectionMetadata.inject(InjectionMetadata.java:88)
	at org.springframework.beans.factory.annotation.AutowiredAnnotationBeanPostProcessor.postProcessPropertyValues(AutowiredAnnotationBeanPostProcessor.java:331)
	... 65 more
Caused by: org.springframework.beans.factory.BeanCreationException: Error creating bean with name 'hibernateTemplate' defined in com.smart.config.DaoConfig: Bean instantiation via factory method failed; nested exception is org.springframework.beans.BeanInstantiationException: Failed to instantiate [org.springframework.orm.hibernate4.HibernateTemplate]: Factory method 'hibernateTemplate' threw exception; nested exception is org.springframework.beans.factory.BeanCreationException: Error creating bean with name 'sessionFactory' defined in com.smart.config.DaoConfig: Bean instantiation via factory method failed; nested exception is org.springframework.beans.BeanInstantiationException: Failed to instantiate [org.hibernate.SessionFactory]: Factory method 'sessionFactory' threw exception; nested exception is org.springframework.beans.factory.BeanCreationException: Error creating bean with name 'localSessionFactoryBean' defined in com.smart.config.DaoConfig: Invocation of init method failed; nested exception is org.hibernate.service.spi.ServiceException: Unable to create requested service [org.hibernate.engine.spi.CacheImplementor]
	at org.springframework.beans.factory.support.ConstructorResolver.instantiateUsingFactoryMethod(ConstructorResolver.java:599)
	at org.springframework.beans.factory.support.AbstractAutowireCapableBeanFactory.instantiateUsingFactoryMethod(AbstractAutowireCapableBeanFactory.java:1123)
	at org.springframework.beans.factory.support.AbstractAutowireCapableBeanFactory.createBeanInstance(AbstractAutowireCapableBeanFactory.java:1018)
	at org.springframework.beans.factory.support.AbstractAutowireCapableBeanFactory.doCreateBean(AbstractAutowireCapableBeanFactory.java:510)
	at org.springframework.beans.factory.support.AbstractAutowireCapableBeanFactory.createBean(AbstractAutowireCapableBeanFactory.java:482)
	at org.springframework.beans.factory.support.AbstractBeanFactory$1.getObject(AbstractBeanFactory.java:305)
	at org.springframework.beans.factory.support.DefaultSingletonBeanRegistry.getSingleton(DefaultSingletonBeanRegistry.java:230)
	at org.springframework.beans.factory.support.AbstractBeanFactory.doGetBean(AbstractBeanFactory.java:301)
	at org.springframework.beans.factory.support.AbstractBeanFactory.getBean(AbstractBeanFactory.java:196)
	at org.springframework.beans.factory.support.DefaultListableBeanFactory.findAutowireCandidates(DefaultListableBeanFactory.java:1192)
	at org.springframework.beans.factory.support.DefaultListableBeanFactory.doResolveDependency(DefaultListableBeanFactory.java:1116)
	at org.springframework.beans.factory.support.DefaultListableBeanFactory.resolveDependency(DefaultListableBeanFactory.java:1014)
	at org.springframework.beans.factory.annotation.AutowiredAnnotationBeanPostProcessor$AutowiredMethodElement.inject(AutowiredAnnotationBeanPostProcessor.java:616)
	... 67 more
Caused by: org.springframework.beans.BeanInstantiationException: Failed to instantiate [org.springframework.orm.hibernate4.HibernateTemplate]: Factory method 'hibernateTemplate' threw exception; nested exception is org.springframework.beans.factory.BeanCreationException: Error creating bean with name 'sessionFactory' defined in com.smart.config.DaoConfig: Bean instantiation via factory method failed; nested exception is org.springframework.beans.BeanInstantiationException: Failed to instantiate [org.hibernate.SessionFactory]: Factory method 'sessionFactory' threw exception; nested exception is org.springframework.beans.factory.BeanCreationException: Error creating bean with name 'localSessionFactoryBean' defined in com.smart.config.DaoConfig: Invocation of init method failed; nested exception is org.hibernate.service.spi.ServiceException: Unable to create requested service [org.hibernate.engine.spi.CacheImplementor]
	at org.springframework.beans.factory.support.SimpleInstantiationStrategy.instantiate(SimpleInstantiationStrategy.java:189)
	at org.springframework.beans.factory.support.ConstructorResolver.instantiateUsingFactoryMethod(ConstructorResolver.java:588)
	... 79 more
Caused by: org.springframework.beans.factory.BeanCreationException: Error creating bean with name 'sessionFactory' defined in com.smart.config.DaoConfig: Bean instantiation via factory method failed; nested exception is org.springframework.beans.BeanInstantiationException: Failed to instantiate [org.hibernate.SessionFactory]: Factory method 'sessionFactory' threw exception; nested exception is org.springframework.beans.factory.BeanCreationException: Error creating bean with name 'localSessionFactoryBean' defined in com.smart.config.DaoConfig: Invocation of init method failed; nested exception is org.hibernate.service.spi.ServiceException: Unable to create requested service [org.hibernate.engine.spi.CacheImplementor]
	at org.springframework.beans.factory.support.ConstructorResolver.instantiateUsingFactoryMethod(ConstructorResolver.java:599)
	at org.springframework.beans.factory.support.AbstractAutowireCapableBeanFactory.instantiateUsingFactoryMethod(AbstractAutowireCapableBeanFactory.java:1123)
	at org.springframework.beans.factory.support.AbstractAutowireCapableBeanFactory.createBeanInstance(AbstractAutowireCapableBeanFactory.java:1018)
	at org.springframework.beans.factory.support.AbstractAutowireCapableBeanFactory.doCreateBean(AbstractAutowireCapableBeanFactory.java:510)
	at org.springframework.beans.factory.support.AbstractAutowireCapableBeanFactory.createBean(AbstractAutowireCapableBeanFactory.java:482)
	at org.springframework.beans.factory.support.AbstractBeanFactory$1.getObject(AbstractBeanFactory.java:305)
	at org.springframework.beans.factory.support.DefaultSingletonBeanRegistry.getSingleton(DefaultSingletonBeanRegistry.java:230)
	at org.springframework.beans.factory.support.AbstractBeanFactory.doGetBean(AbstractBeanFactory.java:301)
	at org.springframework.beans.factory.support.AbstractBeanFactory.getBean(AbstractBeanFactory.java:196)
	at org.springframework.context.annotation.ConfigurationClassEnhancer$BeanMethodInterceptor.intercept(ConfigurationClassEnhancer.java:331)
	at com.smart.config.DaoConfig$$EnhancerBySpringCGLIB$$b4546b24.sessionFactory(<generated>)
	at com.smart.config.DaoConfig.hibernateTemplate(DaoConfig.java:66)
	at com.smart.config.DaoConfig$$EnhancerBySpringCGLIB$$b4546b24.CGLIB$hibernateTemplate$3(<generated>)
	at com.smart.config.DaoConfig$$EnhancerBySpringCGLIB$$b4546b24$$FastClassBySpringCGLIB$$ff37ed1e.invoke(<generated>)
	at org.springframework.cglib.proxy.MethodProxy.invokeSuper(MethodProxy.java:228)
	at org.springframework.context.annotation.ConfigurationClassEnhancer$BeanMethodInterceptor.intercept(ConfigurationClassEnhancer.java:318)
	at com.smart.config.DaoConfig$$EnhancerBySpringCGLIB$$b4546b24.hibernateTemplate(<generated>)
	at sun.reflect.NativeMethodAccessorImpl.invoke0(Native Method)
	at sun.reflect.NativeMethodAccessorImpl.invoke(NativeMethodAccessorImpl.java:62)
	at sun.reflect.DelegatingMethodAccessorImpl.invoke(DelegatingMethodAccessorImpl.java:43)
	at java.lang.reflect.Method.invoke(Method.java:498)
	at org.springframework.beans.factory.support.SimpleInstantiationStrategy.instantiate(SimpleInstantiationStrategy.java:162)
	... 80 more
Caused by: org.springframework.beans.BeanInstantiationException: Failed to instantiate [org.hibernate.SessionFactory]: Factory method 'sessionFactory' threw exception; nested exception is org.springframework.beans.factory.BeanCreationException: Error creating bean with name 'localSessionFactoryBean' defined in com.smart.config.DaoConfig: Invocation of init method failed; nested exception is org.hibernate.service.spi.ServiceException: Unable to create requested service [org.hibernate.engine.spi.CacheImplementor]
	at org.springframework.beans.factory.support.SimpleInstantiationStrategy.instantiate(SimpleInstantiationStrategy.java:189)
	at org.springframework.beans.factory.support.ConstructorResolver.instantiateUsingFactoryMethod(ConstructorResolver.java:588)
	... 101 more
Caused by: org.springframework.beans.factory.BeanCreationException: Error creating bean with name 'localSessionFactoryBean' defined in com.smart.config.DaoConfig: Invocation of init method failed; nested exception is org.hibernate.service.spi.ServiceException: Unable to create requested service [org.hibernate.engine.spi.CacheImplementor]
	at org.springframework.beans.factory.support.AbstractAutowireCapableBeanFactory.initializeBean(AbstractAutowireCapableBeanFactory.java:1578)
	at org.springframework.beans.factory.support.AbstractAutowireCapableBeanFactory.doCreateBean(AbstractAutowireCapableBeanFactory.java:545)
	at org.springframework.beans.factory.support.AbstractAutowireCapableBeanFactory.createBean(AbstractAutowireCapableBeanFactory.java:482)
	at org.springframework.beans.factory.support.AbstractBeanFactory$1.getObject(AbstractBeanFactory.java:305)
	at org.springframework.beans.factory.support.DefaultSingletonBeanRegistry.getSingleton(DefaultSingletonBeanRegistry.java:230)
	at org.springframework.beans.factory.support.AbstractBeanFactory.doGetBean(AbstractBeanFactory.java:301)
	at org.springframework.beans.factory.support.AbstractBeanFactory.getBean(AbstractBeanFactory.java:196)
	at org.springframework.context.annotation.ConfigurationClassEnhancer$BeanMethodInterceptor.intercept(ConfigurationClassEnhancer.java:294)
	at com.smart.config.DaoConfig$$EnhancerBySpringCGLIB$$b4546b24.localSessionFactoryBean(<generated>)
	at com.smart.config.DaoConfig.sessionFactory(DaoConfig.java:60)
	at com.smart.config.DaoConfig$$EnhancerBySpringCGLIB$$b4546b24.CGLIB$sessionFactory$2(<generated>)
	at com.smart.config.DaoConfig$$EnhancerBySpringCGLIB$$b4546b24$$FastClassBySpringCGLIB$$ff37ed1e.invoke(<generated>)
	at org.springframework.cglib.proxy.MethodProxy.invokeSuper(MethodProxy.java:228)
	at org.springframework.context.annotation.ConfigurationClassEnhancer$BeanMethodInterceptor.intercept(ConfigurationClassEnhancer.java:318)
	at com.smart.config.DaoConfig$$EnhancerBySpringCGLIB$$b4546b24.sessionFactory(<generated>)
	at sun.reflect.NativeMethodAccessorImpl.invoke0(Native Method)
	at sun.reflect.NativeMethodAccessorImpl.invoke(NativeMethodAccessorImpl.java:62)
	at sun.reflect.DelegatingMethodAccessorImpl.invoke(DelegatingMethodAccessorImpl.java:43)
	at java.lang.reflect.Method.invoke(Method.java:498)
	at org.springframework.beans.factory.support.SimpleInstantiationStrategy.instantiate(SimpleInstantiationStrategy.java:162)
	... 102 more
Caused by: org.hibernate.service.spi.ServiceException: Unable to create requested service [org.hibernate.engine.spi.CacheImplementor]
	at org.hibernate.service.internal.AbstractServiceRegistryImpl.createService(AbstractServiceRegistryImpl.java:186)
	at org.hibernate.service.internal.AbstractServiceRegistryImpl.initializeService(AbstractServiceRegistryImpl.java:150)
	at org.hibernate.service.internal.AbstractServiceRegistryImpl.getService(AbstractServiceRegistryImpl.java:131)
	at org.hibernate.internal.SessionFactoryImpl.<init>(SessionFactoryImpl.java:264)
	at org.hibernate.cfg.Configuration.buildSessionFactory(Configuration.java:1750)
	at org.hibernate.cfg.Configuration.buildSessionFactory(Configuration.java:1788)
	at org.springframework.orm.hibernate4.LocalSessionFactoryBuilder.buildSessionFactory(LocalSessionFactoryBuilder.java:372)
	at org.springframework.orm.hibernate4.LocalSessionFactoryBean.buildSessionFactory(LocalSessionFactoryBean.java:454)
	at org.springframework.orm.hibernate4.LocalSessionFactoryBean.afterPropertiesSet(LocalSessionFactoryBean.java:439)
	at org.springframework.beans.factory.support.AbstractAutowireCapableBeanFactory.invokeInitMethods(AbstractAutowireCapableBeanFactory.java:1637)
	at org.springframework.beans.factory.support.AbstractAutowireCapableBeanFactory.initializeBean(AbstractAutowireCapableBeanFactory.java:1574)
	... 121 more
Caused by: org.hibernate.cache.CacheException: net.sf.ehcache.CacheException: Another unnamed CacheManager already exists in the same VM. Please provide unique names for each CacheManager in the config or do one of following:
1. Use one of the CacheManager.create() static factory methods to reuse same CacheManager with same name or create one if necessary
2. Shutdown the earlier cacheManager before creating new one with same name.
The source of the existing CacheManager is: DefaultConfigurationSource [ ehcache.xml or ehcache-failsafe.xml ]
	at org.hibernate.cache.ehcache.EhCacheRegionFactory.start(EhCacheRegionFactory.java:110)
	at org.hibernate.internal.CacheImpl.<init>(CacheImpl.java:70)
	at org.hibernate.engine.spi.CacheInitiator.initiateService(CacheInitiator.java:40)
	at org.hibernate.engine.spi.CacheInitiator.initiateService(CacheInitiator.java:35)
	at org.hibernate.service.internal.SessionFactoryServiceRegistryImpl.initiateService(SessionFactoryServiceRegistryImpl.java:91)
	at org.hibernate.service.internal.AbstractServiceRegistryImpl.createService(AbstractServiceRegistryImpl.java:176)
	... 131 more
Caused by: net.sf.ehcache.CacheException: Another unnamed CacheManager already exists in the same VM. Please provide unique names for each CacheManager in the config or do one of following:
1. Use one of the CacheManager.create() static factory methods to reuse same CacheManager with same name or create one if necessary
2. Shutdown the earlier cacheManager before creating new one with same name.
The source of the existing CacheManager is: DefaultConfigurationSource [ ehcache.xml or ehcache-failsafe.xml ]
	at net.sf.ehcache.CacheManager.assertNoCacheManagerExistsWithSameName(CacheManager.java:628)
	at net.sf.ehcache.CacheManager.init(CacheManager.java:392)
	at net.sf.ehcache.CacheManager.<init>(CacheManager.java:270)
	at org.hibernate.cache.ehcache.EhCacheRegionFactory.start(EhCacheRegionFactory.java:83)
	... 136 more
2019-05-06 11:12:39,379 DEBUG (org.springframework.beans.factory.support.DefaultListableBeanFactory:512) - Destroying singletons in org.springframework.beans.factory.support.DefaultListableBeanFactory@69a3a9a5: defining beans [org.springframework.context.annotation.internalConfigurationAnnotationProcessor,org.springframework.context.annotation.internalAutowiredAnnotationProcessor,org.springframework.context.annotation.internalRequiredAnnotationProcessor,org.springframework.context.annotation.internalCommonAnnotationProcessor,org.springframework.context.annotation.internalPersistenceAnnotationProcessor,org.springframework.context.event.internalEventListenerProcessor,org.springframework.context.event.internalEventListenerFactory,daoConfig,serviceConfig,org.springframework.context.annotation.ConfigurationClassPostProcessor.importAwareProcessor,org.springframework.context.annotation.ConfigurationClassPostProcessor.enhancedConfigurationProcessor,boardDao,loginLogDao,postDao,topicDao,userDao,forumService,userService,org.springframework.transaction.annotation.ProxyTransactionManagementConfiguration,org.springframework.transaction.config.internalTransactionAdvisor,transactionAttributeSource,transactionInterceptor,org.springframework.transaction.config.internalTransactionalEventListenerFactory,dataSource,localSessionFactoryBean,sessionFactory,hibernateTemplate,hibernateTransactionManager,org.springframework.aop.config.internalAutoProxyCreator,org.springframework.cache.annotation.ProxyCachingConfiguration,org.springframework.cache.config.internalCacheAdvisor,cacheOperationSource,cacheInterceptor,cacheManager,requestMappingHandlerAdapter,ehCacheManagerFactoryBean]; root of factory hierarchy
2019-05-06 11:12:39,379 DEBUG (org.springframework.beans.factory.support.DefaultListableBeanFactory:512) - Destroying singletons in org.springframework.beans.factory.support.DefaultListableBeanFactory@69a3a9a5: defining beans [org.springframework.context.annotation.internalConfigurationAnnotationProcessor,org.springframework.context.annotation.internalAutowiredAnnotationProcessor,org.springframework.context.annotation.internalRequiredAnnotationProcessor,org.springframework.context.annotation.internalCommonAnnotationProcessor,org.springframework.context.annotation.internalPersistenceAnnotationProcessor,org.springframework.context.event.internalEventListenerProcessor,org.springframework.context.event.internalEventListenerFactory,daoConfig,serviceConfig,org.springframework.context.annotation.ConfigurationClassPostProcessor.importAwareProcessor,org.springframework.context.annotation.ConfigurationClassPostProcessor.enhancedConfigurationProcessor,boardDao,loginLogDao,postDao,topicDao,userDao,forumService,userService,org.springframework.transaction.annotation.ProxyTransactionManagementConfiguration,org.springframework.transaction.config.internalTransactionAdvisor,transactionAttributeSource,transactionInterceptor,org.springframework.transaction.config.internalTransactionalEventListenerFactory,dataSource,localSessionFactoryBean,sessionFactory,hibernateTemplate,hibernateTransactionManager,org.springframework.aop.config.internalAutoProxyCreator,org.springframework.cache.annotation.ProxyCachingConfiguration,org.springframework.cache.config.internalCacheAdvisor,cacheOperationSource,cacheInterceptor,cacheManager,requestMappingHandlerAdapter,ehCacheManagerFactoryBean]; root of factory hierarchy
2019-05-06 11:12:39,383 DEBUG (org.springframework.beans.factory.support.DisposableBeanAdapter:326) - Invoking destroy method 'close' on bean with name 'dataSource'
2019-05-06 11:12:39,383 DEBUG (org.springframework.beans.factory.support.DisposableBeanAdapter:326) - Invoking destroy method 'close' on bean with name 'dataSource'
2019-05-06 11:12:39,384 ERROR (org.springframework.test.context.TestContextManager:231) - Caught exception while allowing TestExecutionListener [org.springframework.test.context.support.DependencyInjectionTestExecutionListener@28433052] to prepare test instance [com.smart.service.UserServiceTest@73bd565]
java.lang.IllegalStateException: Failed to load ApplicationContext
	at org.springframework.test.context.cache.DefaultCacheAwareContextLoaderDelegate.loadContext(DefaultCacheAwareContextLoaderDelegate.java:124)
	at org.springframework.test.context.support.DefaultTestContext.getApplicationContext(DefaultTestContext.java:83)
	at org.springframework.test.context.support.DependencyInjectionTestExecutionListener.injectDependencies(DependencyInjectionTestExecutionListener.java:117)
	at org.springframework.test.context.support.DependencyInjectionTestExecutionListener.prepareTestInstance(DependencyInjectionTestExecutionListener.java:83)
	at org.springframework.test.context.TestContextManager.prepareTestInstance(TestContextManager.java:228)
	at org.springframework.test.context.junit4.SpringJUnit4ClassRunner.createTest(SpringJUnit4ClassRunner.java:230)
	at org.springframework.test.context.junit4.SpringJUnit4ClassRunner$1.runReflectiveCall(SpringJUnit4ClassRunner.java:289)
	at org.junit.internal.runners.model.ReflectiveCallable.run(ReflectiveCallable.java:12)
	at org.springframework.test.context.junit4.SpringJUnit4ClassRunner.methodBlock(SpringJUnit4ClassRunner.java:291)
	at org.springframework.test.context.junit4.SpringJUnit4ClassRunner.runChild(SpringJUnit4ClassRunner.java:249)
	at org.springframework.test.context.junit4.SpringJUnit4ClassRunner.runChild(SpringJUnit4ClassRunner.java:89)
	at org.junit.runners.ParentRunner$3.run(ParentRunner.java:290)
	at org.junit.runners.ParentRunner$1.schedule(ParentRunner.java:71)
	at org.junit.runners.ParentRunner.runChildren(ParentRunner.java:288)
	at org.junit.runners.ParentRunner.access$000(ParentRunner.java:58)
	at org.junit.runners.ParentRunner$2.evaluate(ParentRunner.java:268)
	at org.springframework.test.context.junit4.statements.RunBeforeTestClassCallbacks.evaluate(RunBeforeTestClassCallbacks.java:61)
	at org.springframework.test.context.junit4.statements.RunAfterTestClassCallbacks.evaluate(RunAfterTestClassCallbacks.java:70)
	at org.junit.runners.ParentRunner.run(ParentRunner.java:363)
	at org.springframework.test.context.junit4.SpringJUnit4ClassRunner.run(SpringJUnit4ClassRunner.java:193)
	at org.gradle.api.internal.tasks.testing.junit.JUnitTestClassExecutor.runTestClass(JUnitTestClassExecutor.java:106)
	at org.gradle.api.internal.tasks.testing.junit.JUnitTestClassExecutor.execute(JUnitTestClassExecutor.java:58)
	at org.gradle.api.internal.tasks.testing.junit.JUnitTestClassExecutor.execute(JUnitTestClassExecutor.java:38)
	at org.gradle.api.internal.tasks.testing.junit.AbstractJUnitTestClassProcessor.processTestClass(AbstractJUnitTestClassProcessor.java:66)
	at org.gradle.api.internal.tasks.testing.SuiteTestClassProcessor.processTestClass(SuiteTestClassProcessor.java:51)
	at sun.reflect.NativeMethodAccessorImpl.invoke0(Native Method)
	at sun.reflect.NativeMethodAccessorImpl.invoke(NativeMethodAccessorImpl.java:62)
	at sun.reflect.DelegatingMethodAccessorImpl.invoke(DelegatingMethodAccessorImpl.java:43)
	at java.lang.reflect.Method.invoke(Method.java:498)
	at org.gradle.internal.dispatch.ReflectionDispatch.dispatch(ReflectionDispatch.java:35)
	at org.gradle.internal.dispatch.ReflectionDispatch.dispatch(ReflectionDispatch.java:24)
	at org.gradle.internal.dispatch.ContextClassLoaderDispatch.dispatch(ContextClassLoaderDispatch.java:32)
	at org.gradle.internal.dispatch.ProxyDispatchAdapter$DispatchingInvocationHandler.invoke(ProxyDispatchAdapter.java:93)
	at com.sun.proxy.$Proxy2.processTestClass(Unknown Source)
	at org.gradle.api.internal.tasks.testing.worker.TestWorker.processTestClass(TestWorker.java:117)
	at sun.reflect.NativeMethodAccessorImpl.invoke0(Native Method)
	at sun.reflect.NativeMethodAccessorImpl.invoke(NativeMethodAccessorImpl.java:62)
	at sun.reflect.DelegatingMethodAccessorImpl.invoke(DelegatingMethodAccessorImpl.java:43)
	at java.lang.reflect.Method.invoke(Method.java:498)
	at org.gradle.internal.dispatch.ReflectionDispatch.dispatch(ReflectionDispatch.java:35)
	at org.gradle.internal.dispatch.ReflectionDispatch.dispatch(ReflectionDispatch.java:24)
	at org.gradle.internal.remote.internal.hub.MessageHubBackedObjectConnection$DispatchWrapper.dispatch(MessageHubBackedObjectConnection.java:155)
	at org.gradle.internal.remote.internal.hub.MessageHubBackedObjectConnection$DispatchWrapper.dispatch(MessageHubBackedObjectConnection.java:137)
	at org.gradle.internal.remote.internal.hub.MessageHub$Handler.run(MessageHub.java:404)
	at org.gradle.internal.concurrent.ExecutorPolicy$CatchAndRecordFailures.onExecute(ExecutorPolicy.java:63)
	at org.gradle.internal.concurrent.ManagedExecutorImpl$1.run(ManagedExecutorImpl.java:46)
	at java.util.concurrent.ThreadPoolExecutor.runWorker(ThreadPoolExecutor.java:1149)
	at java.util.concurrent.ThreadPoolExecutor$Worker.run(ThreadPoolExecutor.java:624)
	at org.gradle.internal.concurrent.ThreadFactoryImpl$ManagedThreadRunnable.run(ThreadFactoryImpl.java:55)
	at java.lang.Thread.run(Thread.java:748)
Caused by: org.springframework.beans.factory.BeanCreationException: Error creating bean with name 'boardDao': Injection of autowired dependencies failed; nested exception is org.springframework.beans.factory.BeanCreationException: Could not autowire method: public void com.smart.dao.BaseDao.setHibernateTemplate(org.springframework.orm.hibernate4.HibernateTemplate); nested exception is org.springframework.beans.factory.BeanCreationException: Error creating bean with name 'hibernateTemplate' defined in com.smart.config.DaoConfig: Bean instantiation via factory method failed; nested exception is org.springframework.beans.BeanInstantiationException: Failed to instantiate [org.springframework.orm.hibernate4.HibernateTemplate]: Factory method 'hibernateTemplate' threw exception; nested exception is org.springframework.beans.factory.BeanCreationException: Error creating bean with name 'sessionFactory' defined in com.smart.config.DaoConfig: Bean instantiation via factory method failed; nested exception is org.springframework.beans.BeanInstantiationException: Failed to instantiate [org.hibernate.SessionFactory]: Factory method 'sessionFactory' threw exception; nested exception is org.springframework.beans.factory.BeanCreationException: Error creating bean with name 'localSessionFactoryBean' defined in com.smart.config.DaoConfig: Invocation of init method failed; nested exception is org.hibernate.service.spi.ServiceException: Unable to create requested service [org.hibernate.engine.spi.CacheImplementor]
	at org.springframework.beans.factory.annotation.AutowiredAnnotationBeanPostProcessor.postProcessPropertyValues(AutowiredAnnotationBeanPostProcessor.java:334)
	at org.springframework.beans.factory.support.AbstractAutowireCapableBeanFactory.populateBean(AbstractAutowireCapableBeanFactory.java:1214)
	at org.springframework.beans.factory.support.AbstractAutowireCapableBeanFactory.doCreateBean(AbstractAutowireCapableBeanFactory.java:543)
	at org.springframework.beans.factory.support.AbstractAutowireCapableBeanFactory.createBean(AbstractAutowireCapableBeanFactory.java:482)
	at org.springframework.beans.factory.support.AbstractBeanFactory$1.getObject(AbstractBeanFactory.java:305)
	at org.springframework.beans.factory.support.DefaultSingletonBeanRegistry.getSingleton(DefaultSingletonBeanRegistry.java:230)
	at org.springframework.beans.factory.support.AbstractBeanFactory.doGetBean(AbstractBeanFactory.java:301)
	at org.springframework.beans.factory.support.AbstractBeanFactory.getBean(AbstractBeanFactory.java:196)
	at org.springframework.beans.factory.support.DefaultListableBeanFactory.preInstantiateSingletons(DefaultListableBeanFactory.java:772)
	at org.springframework.context.support.AbstractApplicationContext.finishBeanFactoryInitialization(AbstractApplicationContext.java:835)
	at org.springframework.context.support.AbstractApplicationContext.refresh(AbstractApplicationContext.java:537)
	at org.springframework.test.context.support.AbstractGenericContextLoader.loadContext(AbstractGenericContextLoader.java:125)
	at org.springframework.test.context.support.AbstractGenericContextLoader.loadContext(AbstractGenericContextLoader.java:60)
	at org.springframework.test.context.support.AbstractDelegatingSmartContextLoader.delegateLoading(AbstractDelegatingSmartContextLoader.java:109)
	at org.springframework.test.context.support.AbstractDelegatingSmartContextLoader.loadContext(AbstractDelegatingSmartContextLoader.java:261)
	at org.springframework.test.context.cache.DefaultCacheAwareContextLoaderDelegate.loadContextInternal(DefaultCacheAwareContextLoaderDelegate.java:98)
	at org.springframework.test.context.cache.DefaultCacheAwareContextLoaderDelegate.loadContext(DefaultCacheAwareContextLoaderDelegate.java:116)
	... 49 more
Caused by: org.springframework.beans.factory.BeanCreationException: Could not autowire method: public void com.smart.dao.BaseDao.setHibernateTemplate(org.springframework.orm.hibernate4.HibernateTemplate); nested exception is org.springframework.beans.factory.BeanCreationException: Error creating bean with name 'hibernateTemplate' defined in com.smart.config.DaoConfig: Bean instantiation via factory method failed; nested exception is org.springframework.beans.BeanInstantiationException: Failed to instantiate [org.springframework.orm.hibernate4.HibernateTemplate]: Factory method 'hibernateTemplate' threw exception; nested exception is org.springframework.beans.factory.BeanCreationException: Error creating bean with name 'sessionFactory' defined in com.smart.config.DaoConfig: Bean instantiation via factory method failed; nested exception is org.springframework.beans.BeanInstantiationException: Failed to instantiate [org.hibernate.SessionFactory]: Factory method 'sessionFactory' threw exception; nested exception is org.springframework.beans.factory.BeanCreationException: Error creating bean with name 'localSessionFactoryBean' defined in com.smart.config.DaoConfig: Invocation of init method failed; nested exception is org.hibernate.service.spi.ServiceException: Unable to create requested service [org.hibernate.engine.spi.CacheImplementor]
	at org.springframework.beans.factory.annotation.AutowiredAnnotationBeanPostProcessor$AutowiredMethodElement.inject(AutowiredAnnotationBeanPostProcessor.java:659)
	at org.springframework.beans.factory.annotation.InjectionMetadata.inject(InjectionMetadata.java:88)
	at org.springframework.beans.factory.annotation.AutowiredAnnotationBeanPostProcessor.postProcessPropertyValues(AutowiredAnnotationBeanPostProcessor.java:331)
	... 65 more
Caused by: org.springframework.beans.factory.BeanCreationException: Error creating bean with name 'hibernateTemplate' defined in com.smart.config.DaoConfig: Bean instantiation via factory method failed; nested exception is org.springframework.beans.BeanInstantiationException: Failed to instantiate [org.springframework.orm.hibernate4.HibernateTemplate]: Factory method 'hibernateTemplate' threw exception; nested exception is org.springframework.beans.factory.BeanCreationException: Error creating bean with name 'sessionFactory' defined in com.smart.config.DaoConfig: Bean instantiation via factory method failed; nested exception is org.springframework.beans.BeanInstantiationException: Failed to instantiate [org.hibernate.SessionFactory]: Factory method 'sessionFactory' threw exception; nested exception is org.springframework.beans.factory.BeanCreationException: Error creating bean with name 'localSessionFactoryBean' defined in com.smart.config.DaoConfig: Invocation of init method failed; nested exception is org.hibernate.service.spi.ServiceException: Unable to create requested service [org.hibernate.engine.spi.CacheImplementor]
	at org.springframework.beans.factory.support.ConstructorResolver.instantiateUsingFactoryMethod(ConstructorResolver.java:599)
	at org.springframework.beans.factory.support.AbstractAutowireCapableBeanFactory.instantiateUsingFactoryMethod(AbstractAutowireCapableBeanFactory.java:1123)
	at org.springframework.beans.factory.support.AbstractAutowireCapableBeanFactory.createBeanInstance(AbstractAutowireCapableBeanFactory.java:1018)
	at org.springframework.beans.factory.support.AbstractAutowireCapableBeanFactory.doCreateBean(AbstractAutowireCapableBeanFactory.java:510)
	at org.springframework.beans.factory.support.AbstractAutowireCapableBeanFactory.createBean(AbstractAutowireCapableBeanFactory.java:482)
	at org.springframework.beans.factory.support.AbstractBeanFactory$1.getObject(AbstractBeanFactory.java:305)
	at org.springframework.beans.factory.support.DefaultSingletonBeanRegistry.getSingleton(DefaultSingletonBeanRegistry.java:230)
	at org.springframework.beans.factory.support.AbstractBeanFactory.doGetBean(AbstractBeanFactory.java:301)
	at org.springframework.beans.factory.support.AbstractBeanFactory.getBean(AbstractBeanFactory.java:196)
	at org.springframework.beans.factory.support.DefaultListableBeanFactory.findAutowireCandidates(DefaultListableBeanFactory.java:1192)
	at org.springframework.beans.factory.support.DefaultListableBeanFactory.doResolveDependency(DefaultListableBeanFactory.java:1116)
	at org.springframework.beans.factory.support.DefaultListableBeanFactory.resolveDependency(DefaultListableBeanFactory.java:1014)
	at org.springframework.beans.factory.annotation.AutowiredAnnotationBeanPostProcessor$AutowiredMethodElement.inject(AutowiredAnnotationBeanPostProcessor.java:616)
	... 67 more
Caused by: org.springframework.beans.BeanInstantiationException: Failed to instantiate [org.springframework.orm.hibernate4.HibernateTemplate]: Factory method 'hibernateTemplate' threw exception; nested exception is org.springframework.beans.factory.BeanCreationException: Error creating bean with name 'sessionFactory' defined in com.smart.config.DaoConfig: Bean instantiation via factory method failed; nested exception is org.springframework.beans.BeanInstantiationException: Failed to instantiate [org.hibernate.SessionFactory]: Factory method 'sessionFactory' threw exception; nested exception is org.springframework.beans.factory.BeanCreationException: Error creating bean with name 'localSessionFactoryBean' defined in com.smart.config.DaoConfig: Invocation of init method failed; nested exception is org.hibernate.service.spi.ServiceException: Unable to create requested service [org.hibernate.engine.spi.CacheImplementor]
	at org.springframework.beans.factory.support.SimpleInstantiationStrategy.instantiate(SimpleInstantiationStrategy.java:189)
	at org.springframework.beans.factory.support.ConstructorResolver.instantiateUsingFactoryMethod(ConstructorResolver.java:588)
	... 79 more
Caused by: org.springframework.beans.factory.BeanCreationException: Error creating bean with name 'sessionFactory' defined in com.smart.config.DaoConfig: Bean instantiation via factory method failed; nested exception is org.springframework.beans.BeanInstantiationException: Failed to instantiate [org.hibernate.SessionFactory]: Factory method 'sessionFactory' threw exception; nested exception is org.springframework.beans.factory.BeanCreationException: Error creating bean with name 'localSessionFactoryBean' defined in com.smart.config.DaoConfig: Invocation of init method failed; nested exception is org.hibernate.service.spi.ServiceException: Unable to create requested service [org.hibernate.engine.spi.CacheImplementor]
	at org.springframework.beans.factory.support.ConstructorResolver.instantiateUsingFactoryMethod(ConstructorResolver.java:599)
	at org.springframework.beans.factory.support.AbstractAutowireCapableBeanFactory.instantiateUsingFactoryMethod(AbstractAutowireCapableBeanFactory.java:1123)
	at org.springframework.beans.factory.support.AbstractAutowireCapableBeanFactory.createBeanInstance(AbstractAutowireCapableBeanFactory.java:1018)
	at org.springframework.beans.factory.support.AbstractAutowireCapableBeanFactory.doCreateBean(AbstractAutowireCapableBeanFactory.java:510)
	at org.springframework.beans.factory.support.AbstractAutowireCapableBeanFactory.createBean(AbstractAutowireCapableBeanFactory.java:482)
	at org.springframework.beans.factory.support.AbstractBeanFactory$1.getObject(AbstractBeanFactory.java:305)
	at org.springframework.beans.factory.support.DefaultSingletonBeanRegistry.getSingleton(DefaultSingletonBeanRegistry.java:230)
	at org.springframework.beans.factory.support.AbstractBeanFactory.doGetBean(AbstractBeanFactory.java:301)
	at org.springframework.beans.factory.support.AbstractBeanFactory.getBean(AbstractBeanFactory.java:196)
	at org.springframework.context.annotation.ConfigurationClassEnhancer$BeanMethodInterceptor.intercept(ConfigurationClassEnhancer.java:331)
	at com.smart.config.DaoConfig$$EnhancerBySpringCGLIB$$b4546b24.sessionFactory(<generated>)
	at com.smart.config.DaoConfig.hibernateTemplate(DaoConfig.java:66)
	at com.smart.config.DaoConfig$$EnhancerBySpringCGLIB$$b4546b24.CGLIB$hibernateTemplate$3(<generated>)
	at com.smart.config.DaoConfig$$EnhancerBySpringCGLIB$$b4546b24$$FastClassBySpringCGLIB$$ff37ed1e.invoke(<generated>)
	at org.springframework.cglib.proxy.MethodProxy.invokeSuper(MethodProxy.java:228)
	at org.springframework.context.annotation.ConfigurationClassEnhancer$BeanMethodInterceptor.intercept(ConfigurationClassEnhancer.java:318)
	at com.smart.config.DaoConfig$$EnhancerBySpringCGLIB$$b4546b24.hibernateTemplate(<generated>)
	at sun.reflect.NativeMethodAccessorImpl.invoke0(Native Method)
	at sun.reflect.NativeMethodAccessorImpl.invoke(NativeMethodAccessorImpl.java:62)
	at sun.reflect.DelegatingMethodAccessorImpl.invoke(DelegatingMethodAccessorImpl.java:43)
	at java.lang.reflect.Method.invoke(Method.java:498)
	at org.springframework.beans.factory.support.SimpleInstantiationStrategy.instantiate(SimpleInstantiationStrategy.java:162)
	... 80 more
Caused by: org.springframework.beans.BeanInstantiationException: Failed to instantiate [org.hibernate.SessionFactory]: Factory method 'sessionFactory' threw exception; nested exception is org.springframework.beans.factory.BeanCreationException: Error creating bean with name 'localSessionFactoryBean' defined in com.smart.config.DaoConfig: Invocation of init method failed; nested exception is org.hibernate.service.spi.ServiceException: Unable to create requested service [org.hibernate.engine.spi.CacheImplementor]
	at org.springframework.beans.factory.support.SimpleInstantiationStrategy.instantiate(SimpleInstantiationStrategy.java:189)
	at org.springframework.beans.factory.support.ConstructorResolver.instantiateUsingFactoryMethod(ConstructorResolver.java:588)
	... 101 more
Caused by: org.springframework.beans.factory.BeanCreationException: Error creating bean with name 'localSessionFactoryBean' defined in com.smart.config.DaoConfig: Invocation of init method failed; nested exception is org.hibernate.service.spi.ServiceException: Unable to create requested service [org.hibernate.engine.spi.CacheImplementor]
	at org.springframework.beans.factory.support.AbstractAutowireCapableBeanFactory.initializeBean(AbstractAutowireCapableBeanFactory.java:1578)
	at org.springframework.beans.factory.support.AbstractAutowireCapableBeanFactory.doCreateBean(AbstractAutowireCapableBeanFactory.java:545)
	at org.springframework.beans.factory.support.AbstractAutowireCapableBeanFactory.createBean(AbstractAutowireCapableBeanFactory.java:482)
	at org.springframework.beans.factory.support.AbstractBeanFactory$1.getObject(AbstractBeanFactory.java:305)
	at org.springframework.beans.factory.support.DefaultSingletonBeanRegistry.getSingleton(DefaultSingletonBeanRegistry.java:230)
	at org.springframework.beans.factory.support.AbstractBeanFactory.doGetBean(AbstractBeanFactory.java:301)
	at org.springframework.beans.factory.support.AbstractBeanFactory.getBean(AbstractBeanFactory.java:196)
	at org.springframework.context.annotation.ConfigurationClassEnhancer$BeanMethodInterceptor.intercept(ConfigurationClassEnhancer.java:294)
	at com.smart.config.DaoConfig$$EnhancerBySpringCGLIB$$b4546b24.localSessionFactoryBean(<generated>)
	at com.smart.config.DaoConfig.sessionFactory(DaoConfig.java:60)
	at com.smart.config.DaoConfig$$EnhancerBySpringCGLIB$$b4546b24.CGLIB$sessionFactory$2(<generated>)
	at com.smart.config.DaoConfig$$EnhancerBySpringCGLIB$$b4546b24$$FastClassBySpringCGLIB$$ff37ed1e.invoke(<generated>)
	at org.springframework.cglib.proxy.MethodProxy.invokeSuper(MethodProxy.java:228)
	at org.springframework.context.annotation.ConfigurationClassEnhancer$BeanMethodInterceptor.intercept(ConfigurationClassEnhancer.java:318)
	at com.smart.config.DaoConfig$$EnhancerBySpringCGLIB$$b4546b24.sessionFactory(<generated>)
	at sun.reflect.NativeMethodAccessorImpl.invoke0(Native Method)
	at sun.reflect.NativeMethodAccessorImpl.invoke(NativeMethodAccessorImpl.java:62)
	at sun.reflect.DelegatingMethodAccessorImpl.invoke(DelegatingMethodAccessorImpl.java:43)
	at java.lang.reflect.Method.invoke(Method.java:498)
	at org.springframework.beans.factory.support.SimpleInstantiationStrategy.instantiate(SimpleInstantiationStrategy.java:162)
	... 102 more
Caused by: org.hibernate.service.spi.ServiceException: Unable to create requested service [org.hibernate.engine.spi.CacheImplementor]
	at org.hibernate.service.internal.AbstractServiceRegistryImpl.createService(AbstractServiceRegistryImpl.java:186)
	at org.hibernate.service.internal.AbstractServiceRegistryImpl.initializeService(AbstractServiceRegistryImpl.java:150)
	at org.hibernate.service.internal.AbstractServiceRegistryImpl.getService(AbstractServiceRegistryImpl.java:131)
	at org.hibernate.internal.SessionFactoryImpl.<init>(SessionFactoryImpl.java:264)
	at org.hibernate.cfg.Configuration.buildSessionFactory(Configuration.java:1750)
	at org.hibernate.cfg.Configuration.buildSessionFactory(Configuration.java:1788)
	at org.springframework.orm.hibernate4.LocalSessionFactoryBuilder.buildSessionFactory(LocalSessionFactoryBuilder.java:372)
	at org.springframework.orm.hibernate4.LocalSessionFactoryBean.buildSessionFactory(LocalSessionFactoryBean.java:454)
	at org.springframework.orm.hibernate4.LocalSessionFactoryBean.afterPropertiesSet(LocalSessionFactoryBean.java:439)
	at org.springframework.beans.factory.support.AbstractAutowireCapableBeanFactory.invokeInitMethods(AbstractAutowireCapableBeanFactory.java:1637)
	at org.springframework.beans.factory.support.AbstractAutowireCapableBeanFactory.initializeBean(AbstractAutowireCapableBeanFactory.java:1574)
	... 121 more
Caused by: org.hibernate.cache.CacheException: net.sf.ehcache.CacheException: Another unnamed CacheManager already exists in the same VM. Please provide unique names for each CacheManager in the config or do one of following:
1. Use one of the CacheManager.create() static factory methods to reuse same CacheManager with same name or create one if necessary
2. Shutdown the earlier cacheManager before creating new one with same name.
The source of the existing CacheManager is: DefaultConfigurationSource [ ehcache.xml or ehcache-failsafe.xml ]
	at org.hibernate.cache.ehcache.EhCacheRegionFactory.start(EhCacheRegionFactory.java:110)
	at org.hibernate.internal.CacheImpl.<init>(CacheImpl.java:70)
	at org.hibernate.engine.spi.CacheInitiator.initiateService(CacheInitiator.java:40)
	at org.hibernate.engine.spi.CacheInitiator.initiateService(CacheInitiator.java:35)
	at org.hibernate.service.internal.SessionFactoryServiceRegistryImpl.initiateService(SessionFactoryServiceRegistryImpl.java:91)
	at org.hibernate.service.internal.AbstractServiceRegistryImpl.createService(AbstractServiceRegistryImpl.java:176)
	... 131 more
Caused by: net.sf.ehcache.CacheException: Another unnamed CacheManager already exists in the same VM. Please provide unique names for each CacheManager in the config or do one of following:
1. Use one of the CacheManager.create() static factory methods to reuse same CacheManager with same name or create one if necessary
2. Shutdown the earlier cacheManager before creating new one with same name.
The source of the existing CacheManager is: DefaultConfigurationSource [ ehcache.xml or ehcache-failsafe.xml ]
	at net.sf.ehcache.CacheManager.assertNoCacheManagerExistsWithSameName(CacheManager.java:628)
	at net.sf.ehcache.CacheManager.init(CacheManager.java:392)
	at net.sf.ehcache.CacheManager.<init>(CacheManager.java:270)
	at org.hibernate.cache.ehcache.EhCacheRegionFactory.start(EhCacheRegionFactory.java:83)
	... 136 more
2019-05-06 11:12:39,384 ERROR (org.springframework.test.context.TestContextManager:231) - Caught exception while allowing TestExecutionListener [org.springframework.test.context.support.DependencyInjectionTestExecutionListener@28433052] to prepare test instance [com.smart.service.UserServiceTest@73bd565]
java.lang.IllegalStateException: Failed to load ApplicationContext
	at org.springframework.test.context.cache.DefaultCacheAwareContextLoaderDelegate.loadContext(DefaultCacheAwareContextLoaderDelegate.java:124)
	at org.springframework.test.context.support.DefaultTestContext.getApplicationContext(DefaultTestContext.java:83)
	at org.springframework.test.context.support.DependencyInjectionTestExecutionListener.injectDependencies(DependencyInjectionTestExecutionListener.java:117)
	at org.springframework.test.context.support.DependencyInjectionTestExecutionListener.prepareTestInstance(DependencyInjectionTestExecutionListener.java:83)
	at org.springframework.test.context.TestContextManager.prepareTestInstance(TestContextManager.java:228)
	at org.springframework.test.context.junit4.SpringJUnit4ClassRunner.createTest(SpringJUnit4ClassRunner.java:230)
	at org.springframework.test.context.junit4.SpringJUnit4ClassRunner$1.runReflectiveCall(SpringJUnit4ClassRunner.java:289)
	at org.junit.internal.runners.model.ReflectiveCallable.run(ReflectiveCallable.java:12)
	at org.springframework.test.context.junit4.SpringJUnit4ClassRunner.methodBlock(SpringJUnit4ClassRunner.java:291)
	at org.springframework.test.context.junit4.SpringJUnit4ClassRunner.runChild(SpringJUnit4ClassRunner.java:249)
	at org.springframework.test.context.junit4.SpringJUnit4ClassRunner.runChild(SpringJUnit4ClassRunner.java:89)
	at org.junit.runners.ParentRunner$3.run(ParentRunner.java:290)
	at org.junit.runners.ParentRunner$1.schedule(ParentRunner.java:71)
	at org.junit.runners.ParentRunner.runChildren(ParentRunner.java:288)
	at org.junit.runners.ParentRunner.access$000(ParentRunner.java:58)
	at org.junit.runners.ParentRunner$2.evaluate(ParentRunner.java:268)
	at org.springframework.test.context.junit4.statements.RunBeforeTestClassCallbacks.evaluate(RunBeforeTestClassCallbacks.java:61)
	at org.springframework.test.context.junit4.statements.RunAfterTestClassCallbacks.evaluate(RunAfterTestClassCallbacks.java:70)
	at org.junit.runners.ParentRunner.run(ParentRunner.java:363)
	at org.springframework.test.context.junit4.SpringJUnit4ClassRunner.run(SpringJUnit4ClassRunner.java:193)
	at org.gradle.api.internal.tasks.testing.junit.JUnitTestClassExecutor.runTestClass(JUnitTestClassExecutor.java:106)
	at org.gradle.api.internal.tasks.testing.junit.JUnitTestClassExecutor.execute(JUnitTestClassExecutor.java:58)
	at org.gradle.api.internal.tasks.testing.junit.JUnitTestClassExecutor.execute(JUnitTestClassExecutor.java:38)
	at org.gradle.api.internal.tasks.testing.junit.AbstractJUnitTestClassProcessor.processTestClass(AbstractJUnitTestClassProcessor.java:66)
	at org.gradle.api.internal.tasks.testing.SuiteTestClassProcessor.processTestClass(SuiteTestClassProcessor.java:51)
	at sun.reflect.NativeMethodAccessorImpl.invoke0(Native Method)
	at sun.reflect.NativeMethodAccessorImpl.invoke(NativeMethodAccessorImpl.java:62)
	at sun.reflect.DelegatingMethodAccessorImpl.invoke(DelegatingMethodAccessorImpl.java:43)
	at java.lang.reflect.Method.invoke(Method.java:498)
	at org.gradle.internal.dispatch.ReflectionDispatch.dispatch(ReflectionDispatch.java:35)
	at org.gradle.internal.dispatch.ReflectionDispatch.dispatch(ReflectionDispatch.java:24)
	at org.gradle.internal.dispatch.ContextClassLoaderDispatch.dispatch(ContextClassLoaderDispatch.java:32)
	at org.gradle.internal.dispatch.ProxyDispatchAdapter$DispatchingInvocationHandler.invoke(ProxyDispatchAdapter.java:93)
	at com.sun.proxy.$Proxy2.processTestClass(Unknown Source)
	at org.gradle.api.internal.tasks.testing.worker.TestWorker.processTestClass(TestWorker.java:117)
	at sun.reflect.NativeMethodAccessorImpl.invoke0(Native Method)
	at sun.reflect.NativeMethodAccessorImpl.invoke(NativeMethodAccessorImpl.java:62)
	at sun.reflect.DelegatingMethodAccessorImpl.invoke(DelegatingMethodAccessorImpl.java:43)
	at java.lang.reflect.Method.invoke(Method.java:498)
	at org.gradle.internal.dispatch.ReflectionDispatch.dispatch(ReflectionDispatch.java:35)
	at org.gradle.internal.dispatch.ReflectionDispatch.dispatch(ReflectionDispatch.java:24)
	at org.gradle.internal.remote.internal.hub.MessageHubBackedObjectConnection$DispatchWrapper.dispatch(MessageHubBackedObjectConnection.java:155)
	at org.gradle.internal.remote.internal.hub.MessageHubBackedObjectConnection$DispatchWrapper.dispatch(MessageHubBackedObjectConnection.java:137)
	at org.gradle.internal.remote.internal.hub.MessageHub$Handler.run(MessageHub.java:404)
	at org.gradle.internal.concurrent.ExecutorPolicy$CatchAndRecordFailures.onExecute(ExecutorPolicy.java:63)
	at org.gradle.internal.concurrent.ManagedExecutorImpl$1.run(ManagedExecutorImpl.java:46)
	at java.util.concurrent.ThreadPoolExecutor.runWorker(ThreadPoolExecutor.java:1149)
	at java.util.concurrent.ThreadPoolExecutor$Worker.run(ThreadPoolExecutor.java:624)
	at org.gradle.internal.concurrent.ThreadFactoryImpl$ManagedThreadRunnable.run(ThreadFactoryImpl.java:55)
	at java.lang.Thread.run(Thread.java:748)
Caused by: org.springframework.beans.factory.BeanCreationException: Error creating bean with name 'boardDao': Injection of autowired dependencies failed; nested exception is org.springframework.beans.factory.BeanCreationException: Could not autowire method: public void com.smart.dao.BaseDao.setHibernateTemplate(org.springframework.orm.hibernate4.HibernateTemplate); nested exception is org.springframework.beans.factory.BeanCreationException: Error creating bean with name 'hibernateTemplate' defined in com.smart.config.DaoConfig: Bean instantiation via factory method failed; nested exception is org.springframework.beans.BeanInstantiationException: Failed to instantiate [org.springframework.orm.hibernate4.HibernateTemplate]: Factory method 'hibernateTemplate' threw exception; nested exception is org.springframework.beans.factory.BeanCreationException: Error creating bean with name 'sessionFactory' defined in com.smart.config.DaoConfig: Bean instantiation via factory method failed; nested exception is org.springframework.beans.BeanInstantiationException: Failed to instantiate [org.hibernate.SessionFactory]: Factory method 'sessionFactory' threw exception; nested exception is org.springframework.beans.factory.BeanCreationException: Error creating bean with name 'localSessionFactoryBean' defined in com.smart.config.DaoConfig: Invocation of init method failed; nested exception is org.hibernate.service.spi.ServiceException: Unable to create requested service [org.hibernate.engine.spi.CacheImplementor]
	at org.springframework.beans.factory.annotation.AutowiredAnnotationBeanPostProcessor.postProcessPropertyValues(AutowiredAnnotationBeanPostProcessor.java:334)
	at org.springframework.beans.factory.support.AbstractAutowireCapableBeanFactory.populateBean(AbstractAutowireCapableBeanFactory.java:1214)
	at org.springframework.beans.factory.support.AbstractAutowireCapableBeanFactory.doCreateBean(AbstractAutowireCapableBeanFactory.java:543)
	at org.springframework.beans.factory.support.AbstractAutowireCapableBeanFactory.createBean(AbstractAutowireCapableBeanFactory.java:482)
	at org.springframework.beans.factory.support.AbstractBeanFactory$1.getObject(AbstractBeanFactory.java:305)
	at org.springframework.beans.factory.support.DefaultSingletonBeanRegistry.getSingleton(DefaultSingletonBeanRegistry.java:230)
	at org.springframework.beans.factory.support.AbstractBeanFactory.doGetBean(AbstractBeanFactory.java:301)
	at org.springframework.beans.factory.support.AbstractBeanFactory.getBean(AbstractBeanFactory.java:196)
	at org.springframework.beans.factory.support.DefaultListableBeanFactory.preInstantiateSingletons(DefaultListableBeanFactory.java:772)
	at org.springframework.context.support.AbstractApplicationContext.finishBeanFactoryInitialization(AbstractApplicationContext.java:835)
	at org.springframework.context.support.AbstractApplicationContext.refresh(AbstractApplicationContext.java:537)
	at org.springframework.test.context.support.AbstractGenericContextLoader.loadContext(AbstractGenericContextLoader.java:125)
	at org.springframework.test.context.support.AbstractGenericContextLoader.loadContext(AbstractGenericContextLoader.java:60)
	at org.springframework.test.context.support.AbstractDelegatingSmartContextLoader.delegateLoading(AbstractDelegatingSmartContextLoader.java:109)
	at org.springframework.test.context.support.AbstractDelegatingSmartContextLoader.loadContext(AbstractDelegatingSmartContextLoader.java:261)
	at org.springframework.test.context.cache.DefaultCacheAwareContextLoaderDelegate.loadContextInternal(DefaultCacheAwareContextLoaderDelegate.java:98)
	at org.springframework.test.context.cache.DefaultCacheAwareContextLoaderDelegate.loadContext(DefaultCacheAwareContextLoaderDelegate.java:116)
	... 49 more
Caused by: org.springframework.beans.factory.BeanCreationException: Could not autowire method: public void com.smart.dao.BaseDao.setHibernateTemplate(org.springframework.orm.hibernate4.HibernateTemplate); nested exception is org.springframework.beans.factory.BeanCreationException: Error creating bean with name 'hibernateTemplate' defined in com.smart.config.DaoConfig: Bean instantiation via factory method failed; nested exception is org.springframework.beans.BeanInstantiationException: Failed to instantiate [org.springframework.orm.hibernate4.HibernateTemplate]: Factory method 'hibernateTemplate' threw exception; nested exception is org.springframework.beans.factory.BeanCreationException: Error creating bean with name 'sessionFactory' defined in com.smart.config.DaoConfig: Bean instantiation via factory method failed; nested exception is org.springframework.beans.BeanInstantiationException: Failed to instantiate [org.hibernate.SessionFactory]: Factory method 'sessionFactory' threw exception; nested exception is org.springframework.beans.factory.BeanCreationException: Error creating bean with name 'localSessionFactoryBean' defined in com.smart.config.DaoConfig: Invocation of init method failed; nested exception is org.hibernate.service.spi.ServiceException: Unable to create requested service [org.hibernate.engine.spi.CacheImplementor]
	at org.springframework.beans.factory.annotation.AutowiredAnnotationBeanPostProcessor$AutowiredMethodElement.inject(AutowiredAnnotationBeanPostProcessor.java:659)
	at org.springframework.beans.factory.annotation.InjectionMetadata.inject(InjectionMetadata.java:88)
	at org.springframework.beans.factory.annotation.AutowiredAnnotationBeanPostProcessor.postProcessPropertyValues(AutowiredAnnotationBeanPostProcessor.java:331)
	... 65 more
Caused by: org.springframework.beans.factory.BeanCreationException: Error creating bean with name 'hibernateTemplate' defined in com.smart.config.DaoConfig: Bean instantiation via factory method failed; nested exception is org.springframework.beans.BeanInstantiationException: Failed to instantiate [org.springframework.orm.hibernate4.HibernateTemplate]: Factory method 'hibernateTemplate' threw exception; nested exception is org.springframework.beans.factory.BeanCreationException: Error creating bean with name 'sessionFactory' defined in com.smart.config.DaoConfig: Bean instantiation via factory method failed; nested exception is org.springframework.beans.BeanInstantiationException: Failed to instantiate [org.hibernate.SessionFactory]: Factory method 'sessionFactory' threw exception; nested exception is org.springframework.beans.factory.BeanCreationException: Error creating bean with name 'localSessionFactoryBean' defined in com.smart.config.DaoConfig: Invocation of init method failed; nested exception is org.hibernate.service.spi.ServiceException: Unable to create requested service [org.hibernate.engine.spi.CacheImplementor]
	at org.springframework.beans.factory.support.ConstructorResolver.instantiateUsingFactoryMethod(ConstructorResolver.java:599)
	at org.springframework.beans.factory.support.AbstractAutowireCapableBeanFactory.instantiateUsingFactoryMethod(AbstractAutowireCapableBeanFactory.java:1123)
	at org.springframework.beans.factory.support.AbstractAutowireCapableBeanFactory.createBeanInstance(AbstractAutowireCapableBeanFactory.java:1018)
	at org.springframework.beans.factory.support.AbstractAutowireCapableBeanFactory.doCreateBean(AbstractAutowireCapableBeanFactory.java:510)
	at org.springframework.beans.factory.support.AbstractAutowireCapableBeanFactory.createBean(AbstractAutowireCapableBeanFactory.java:482)
	at org.springframework.beans.factory.support.AbstractBeanFactory$1.getObject(AbstractBeanFactory.java:305)
	at org.springframework.beans.factory.support.DefaultSingletonBeanRegistry.getSingleton(DefaultSingletonBeanRegistry.java:230)
	at org.springframework.beans.factory.support.AbstractBeanFactory.doGetBean(AbstractBeanFactory.java:301)
	at org.springframework.beans.factory.support.AbstractBeanFactory.getBean(AbstractBeanFactory.java:196)
	at org.springframework.beans.factory.support.DefaultListableBeanFactory.findAutowireCandidates(DefaultListableBeanFactory.java:1192)
	at org.springframework.beans.factory.support.DefaultListableBeanFactory.doResolveDependency(DefaultListableBeanFactory.java:1116)
	at org.springframework.beans.factory.support.DefaultListableBeanFactory.resolveDependency(DefaultListableBeanFactory.java:1014)
	at org.springframework.beans.factory.annotation.AutowiredAnnotationBeanPostProcessor$AutowiredMethodElement.inject(AutowiredAnnotationBeanPostProcessor.java:616)
	... 67 more
Caused by: org.springframework.beans.BeanInstantiationException: Failed to instantiate [org.springframework.orm.hibernate4.HibernateTemplate]: Factory method 'hibernateTemplate' threw exception; nested exception is org.springframework.beans.factory.BeanCreationException: Error creating bean with name 'sessionFactory' defined in com.smart.config.DaoConfig: Bean instantiation via factory method failed; nested exception is org.springframework.beans.BeanInstantiationException: Failed to instantiate [org.hibernate.SessionFactory]: Factory method 'sessionFactory' threw exception; nested exception is org.springframework.beans.factory.BeanCreationException: Error creating bean with name 'localSessionFactoryBean' defined in com.smart.config.DaoConfig: Invocation of init method failed; nested exception is org.hibernate.service.spi.ServiceException: Unable to create requested service [org.hibernate.engine.spi.CacheImplementor]
	at org.springframework.beans.factory.support.SimpleInstantiationStrategy.instantiate(SimpleInstantiationStrategy.java:189)
	at org.springframework.beans.factory.support.ConstructorResolver.instantiateUsingFactoryMethod(ConstructorResolver.java:588)
	... 79 more
Caused by: org.springframework.beans.factory.BeanCreationException: Error creating bean with name 'sessionFactory' defined in com.smart.config.DaoConfig: Bean instantiation via factory method failed; nested exception is org.springframework.beans.BeanInstantiationException: Failed to instantiate [org.hibernate.SessionFactory]: Factory method 'sessionFactory' threw exception; nested exception is org.springframework.beans.factory.BeanCreationException: Error creating bean with name 'localSessionFactoryBean' defined in com.smart.config.DaoConfig: Invocation of init method failed; nested exception is org.hibernate.service.spi.ServiceException: Unable to create requested service [org.hibernate.engine.spi.CacheImplementor]
	at org.springframework.beans.factory.support.ConstructorResolver.instantiateUsingFactoryMethod(ConstructorResolver.java:599)
	at org.springframework.beans.factory.support.AbstractAutowireCapableBeanFactory.instantiateUsingFactoryMethod(AbstractAutowireCapableBeanFactory.java:1123)
	at org.springframework.beans.factory.support.AbstractAutowireCapableBeanFactory.createBeanInstance(AbstractAutowireCapableBeanFactory.java:1018)
	at org.springframework.beans.factory.support.AbstractAutowireCapableBeanFactory.doCreateBean(AbstractAutowireCapableBeanFactory.java:510)
	at org.springframework.beans.factory.support.AbstractAutowireCapableBeanFactory.createBean(AbstractAutowireCapableBeanFactory.java:482)
	at org.springframework.beans.factory.support.AbstractBeanFactory$1.getObject(AbstractBeanFactory.java:305)
	at org.springframework.beans.factory.support.DefaultSingletonBeanRegistry.getSingleton(DefaultSingletonBeanRegistry.java:230)
	at org.springframework.beans.factory.support.AbstractBeanFactory.doGetBean(AbstractBeanFactory.java:301)
	at org.springframework.beans.factory.support.AbstractBeanFactory.getBean(AbstractBeanFactory.java:196)
	at org.springframework.context.annotation.ConfigurationClassEnhancer$BeanMethodInterceptor.intercept(ConfigurationClassEnhancer.java:331)
	at com.smart.config.DaoConfig$$EnhancerBySpringCGLIB$$b4546b24.sessionFactory(<generated>)
	at com.smart.config.DaoConfig.hibernateTemplate(DaoConfig.java:66)
	at com.smart.config.DaoConfig$$EnhancerBySpringCGLIB$$b4546b24.CGLIB$hibernateTemplate$3(<generated>)
	at com.smart.config.DaoConfig$$EnhancerBySpringCGLIB$$b4546b24$$FastClassBySpringCGLIB$$ff37ed1e.invoke(<generated>)
	at org.springframework.cglib.proxy.MethodProxy.invokeSuper(MethodProxy.java:228)
	at org.springframework.context.annotation.ConfigurationClassEnhancer$BeanMethodInterceptor.intercept(ConfigurationClassEnhancer.java:318)
	at com.smart.config.DaoConfig$$EnhancerBySpringCGLIB$$b4546b24.hibernateTemplate(<generated>)
	at sun.reflect.NativeMethodAccessorImpl.invoke0(Native Method)
	at sun.reflect.NativeMethodAccessorImpl.invoke(NativeMethodAccessorImpl.java:62)
	at sun.reflect.DelegatingMethodAccessorImpl.invoke(DelegatingMethodAccessorImpl.java:43)
	at java.lang.reflect.Method.invoke(Method.java:498)
	at org.springframework.beans.factory.support.SimpleInstantiationStrategy.instantiate(SimpleInstantiationStrategy.java:162)
	... 80 more
Caused by: org.springframework.beans.BeanInstantiationException: Failed to instantiate [org.hibernate.SessionFactory]: Factory method 'sessionFactory' threw exception; nested exception is org.springframework.beans.factory.BeanCreationException: Error creating bean with name 'localSessionFactoryBean' defined in com.smart.config.DaoConfig: Invocation of init method failed; nested exception is org.hibernate.service.spi.ServiceException: Unable to create requested service [org.hibernate.engine.spi.CacheImplementor]
	at org.springframework.beans.factory.support.SimpleInstantiationStrategy.instantiate(SimpleInstantiationStrategy.java:189)
	at org.springframework.beans.factory.support.ConstructorResolver.instantiateUsingFactoryMethod(ConstructorResolver.java:588)
	... 101 more
Caused by: org.springframework.beans.factory.BeanCreationException: Error creating bean with name 'localSessionFactoryBean' defined in com.smart.config.DaoConfig: Invocation of init method failed; nested exception is org.hibernate.service.spi.ServiceException: Unable to create requested service [org.hibernate.engine.spi.CacheImplementor]
	at org.springframework.beans.factory.support.AbstractAutowireCapableBeanFactory.initializeBean(AbstractAutowireCapableBeanFactory.java:1578)
	at org.springframework.beans.factory.support.AbstractAutowireCapableBeanFactory.doCreateBean(AbstractAutowireCapableBeanFactory.java:545)
	at org.springframework.beans.factory.support.AbstractAutowireCapableBeanFactory.createBean(AbstractAutowireCapableBeanFactory.java:482)
	at org.springframework.beans.factory.support.AbstractBeanFactory$1.getObject(AbstractBeanFactory.java:305)
	at org.springframework.beans.factory.support.DefaultSingletonBeanRegistry.getSingleton(DefaultSingletonBeanRegistry.java:230)
	at org.springframework.beans.factory.support.AbstractBeanFactory.doGetBean(AbstractBeanFactory.java:301)
	at org.springframework.beans.factory.support.AbstractBeanFactory.getBean(AbstractBeanFactory.java:196)
	at org.springframework.context.annotation.ConfigurationClassEnhancer$BeanMethodInterceptor.intercept(ConfigurationClassEnhancer.java:294)
	at com.smart.config.DaoConfig$$EnhancerBySpringCGLIB$$b4546b24.localSessionFactoryBean(<generated>)
	at com.smart.config.DaoConfig.sessionFactory(DaoConfig.java:60)
	at com.smart.config.DaoConfig$$EnhancerBySpringCGLIB$$b4546b24.CGLIB$sessionFactory$2(<generated>)
	at com.smart.config.DaoConfig$$EnhancerBySpringCGLIB$$b4546b24$$FastClassBySpringCGLIB$$ff37ed1e.invoke(<generated>)
	at org.springframework.cglib.proxy.MethodProxy.invokeSuper(MethodProxy.java:228)
	at org.springframework.context.annotation.ConfigurationClassEnhancer$BeanMethodInterceptor.intercept(ConfigurationClassEnhancer.java:318)
	at com.smart.config.DaoConfig$$EnhancerBySpringCGLIB$$b4546b24.sessionFactory(<generated>)
	at sun.reflect.NativeMethodAccessorImpl.invoke0(Native Method)
	at sun.reflect.NativeMethodAccessorImpl.invoke(NativeMethodAccessorImpl.java:62)
	at sun.reflect.DelegatingMethodAccessorImpl.invoke(DelegatingMethodAccessorImpl.java:43)
	at java.lang.reflect.Method.invoke(Method.java:498)
	at org.springframework.beans.factory.support.SimpleInstantiationStrategy.instantiate(SimpleInstantiationStrategy.java:162)
	... 102 more
Caused by: org.hibernate.service.spi.ServiceException: Unable to create requested service [org.hibernate.engine.spi.CacheImplementor]
	at org.hibernate.service.internal.AbstractServiceRegistryImpl.createService(AbstractServiceRegistryImpl.java:186)
	at org.hibernate.service.internal.AbstractServiceRegistryImpl.initializeService(AbstractServiceRegistryImpl.java:150)
	at org.hibernate.service.internal.AbstractServiceRegistryImpl.getService(AbstractServiceRegistryImpl.java:131)
	at org.hibernate.internal.SessionFactoryImpl.<init>(SessionFactoryImpl.java:264)
	at org.hibernate.cfg.Configuration.buildSessionFactory(Configuration.java:1750)
	at org.hibernate.cfg.Configuration.buildSessionFactory(Configuration.java:1788)
	at org.springframework.orm.hibernate4.LocalSessionFactoryBuilder.buildSessionFactory(LocalSessionFactoryBuilder.java:372)
	at org.springframework.orm.hibernate4.LocalSessionFactoryBean.buildSessionFactory(LocalSessionFactoryBean.java:454)
	at org.springframework.orm.hibernate4.LocalSessionFactoryBean.afterPropertiesSet(LocalSessionFactoryBean.java:439)
	at org.springframework.beans.factory.support.AbstractAutowireCapableBeanFactory.invokeInitMethods(AbstractAutowireCapableBeanFactory.java:1637)
	at org.springframework.beans.factory.support.AbstractAutowireCapableBeanFactory.initializeBean(AbstractAutowireCapableBeanFactory.java:1574)
	... 121 more
Caused by: org.hibernate.cache.CacheException: net.sf.ehcache.CacheException: Another unnamed CacheManager already exists in the same VM. Please provide unique names for each CacheManager in the config or do one of following:
1. Use one of the CacheManager.create() static factory methods to reuse same CacheManager with same name or create one if necessary
2. Shutdown the earlier cacheManager before creating new one with same name.
The source of the existing CacheManager is: DefaultConfigurationSource [ ehcache.xml or ehcache-failsafe.xml ]
	at org.hibernate.cache.ehcache.EhCacheRegionFactory.start(EhCacheRegionFactory.java:110)
	at org.hibernate.internal.CacheImpl.<init>(CacheImpl.java:70)
	at org.hibernate.engine.spi.CacheInitiator.initiateService(CacheInitiator.java:40)
	at org.hibernate.engine.spi.CacheInitiator.initiateService(CacheInitiator.java:35)
	at org.hibernate.service.internal.SessionFactoryServiceRegistryImpl.initiateService(SessionFactoryServiceRegistryImpl.java:91)
	at org.hibernate.service.internal.AbstractServiceRegistryImpl.createService(AbstractServiceRegistryImpl.java:176)
	... 131 more
Caused by: net.sf.ehcache.CacheException: Another unnamed CacheManager already exists in the same VM. Please provide unique names for each CacheManager in the config or do one of following:
1. Use one of the CacheManager.create() static factory methods to reuse same CacheManager with same name or create one if necessary
2. Shutdown the earlier cacheManager before creating new one with same name.
The source of the existing CacheManager is: DefaultConfigurationSource [ ehcache.xml or ehcache-failsafe.xml ]
	at net.sf.ehcache.CacheManager.assertNoCacheManagerExistsWithSameName(CacheManager.java:628)
	at net.sf.ehcache.CacheManager.init(CacheManager.java:392)
	at net.sf.ehcache.CacheManager.<init>(CacheManager.java:270)
	at org.hibernate.cache.ehcache.EhCacheRegionFactory.start(EhCacheRegionFactory.java:83)
	... 136 more
2019-05-06 11:12:39,385 DEBUG (org.springframework.test.context.support.AbstractDirtiesContextTestExecutionListener:141) - After test class: context [DefaultTestContext@36016463 testClass = UserServiceTest, testInstance = [null], testMethod = [null], testException = [null], mergedContextConfiguration = [MergedContextConfiguration@363cc0b8 testClass = UserServiceTest, locations = '{}', classes = '{class com.smart.config.DaoConfig, class com.smart.config.ServiceConfig}', contextInitializerClasses = '[]', activeProfiles = '{}', propertySourceLocations = '{}', propertySourceProperties = '{}', contextLoader = 'org.springframework.test.context.support.DelegatingSmartContextLoader', parent = [null]]], class annotated with @DirtiesContext [false] with mode [null].
2019-05-06 11:12:39,385 DEBUG (org.springframework.test.context.support.AbstractDirtiesContextTestExecutionListener:141) - After test class: context [DefaultTestContext@36016463 testClass = UserServiceTest, testInstance = [null], testMethod = [null], testException = [null], mergedContextConfiguration = [MergedContextConfiguration@363cc0b8 testClass = UserServiceTest, locations = '{}', classes = '{class com.smart.config.DaoConfig, class com.smart.config.ServiceConfig}', contextInitializerClasses = '[]', activeProfiles = '{}', propertySourceLocations = '{}', propertySourceProperties = '{}', contextLoader = 'org.springframework.test.context.support.DelegatingSmartContextLoader', parent = [null]]], class annotated with @DirtiesContext [false] with mode [null].
]]></system-out>
  <system-err><![CDATA[]]></system-err>
</testsuite>
